[0.021s] Invoking command in '/media/nerglite/New Volume/coolyeah/URO/Tucil-ROS2-VLG/build/turtlesim': /usr/bin/cmake /media/nerglite/New Volume/coolyeah/URO/Tucil-ROS2-VLG/src/turtlesim -DCMAKE_INSTALL_PREFIX=/media/nerglite/New Volume/coolyeah/URO/Tucil-ROS2-VLG/install/turtlesim
[0.038s] -- Found ament_cmake: 1.3.5 (/opt/ros/humble/share/ament_cmake/cmake)
[0.261s] -- Found ament_index_cpp: 1.4.0 (/opt/ros/humble/share/ament_index_cpp/cmake)
[0.262s] -- Found geometry_msgs: 4.2.3 (/opt/ros/humble/share/geometry_msgs/cmake)
[0.304s] -- Found rosidl_generator_c: 3.1.5 (/opt/ros/humble/share/rosidl_generator_c/cmake)
[0.308s] -- Found rosidl_adapter: 3.1.5 (/opt/ros/humble/share/rosidl_adapter/cmake)
[0.318s] -- Found rosidl_generator_cpp: 3.1.5 (/opt/ros/humble/share/rosidl_generator_cpp/cmake)
[0.336s] -- Using all available rosidl_typesupport_c: rosidl_typesupport_fastrtps_c;rosidl_typesupport_introspection_c
[0.362s] -- Using all available rosidl_typesupport_cpp: rosidl_typesupport_fastrtps_cpp;rosidl_typesupport_introspection_cpp
[0.565s] -- Found rclcpp: 16.0.5 (/opt/ros/humble/share/rclcpp/cmake)
[0.644s] -- Found rmw_implementation_cmake: 6.1.1 (/opt/ros/humble/share/rmw_implementation_cmake/cmake)
[0.646s] -- Found rmw_fastrtps_cpp: 6.2.3 (/opt/ros/humble/share/rmw_fastrtps_cpp/cmake)
[0.834s] -- Using RMW implementation 'rmw_fastrtps_cpp' as default
[1.049s] -- Found rclcpp_action: 16.0.5 (/opt/ros/humble/share/rclcpp_action/cmake)
[1.200s] -- Found rosidl_default_generators: 1.2.0 (/opt/ros/humble/share/rosidl_default_generators/cmake)
[1.211s] -- Found std_srvs: 4.2.3 (/opt/ros/humble/share/std_srvs/cmake)
[1.592s] Error parsing '/media/nerglite/New Volume/coolyeah/URO/Tucil-ROS2-VLG/src/turtlesim/package.xml':
[1.659s] Traceback (most recent call last):
[1.659s]   File "/opt/ros/humble/share/ament_cmake_core/cmake/core/package_xml_2_cmake.py", line 150, in <module>
[1.659s]     main()
[1.660s]   File "/opt/ros/humble/share/ament_cmake_core/cmake/core/package_xml_2_cmake.py", line 53, in main
[1.660s]     raise e
[1.660s]   File "/opt/ros/humble/share/ament_cmake_core/cmake/core/package_xml_2_cmake.py", line 49, in main
[1.660s]     package = parse_package_string(
[1.660s]   File "/usr/lib/python3/dist-packages/catkin_pkg/package.py", line 786, in parse_package_string
[1.660s]     raise InvalidPackage('Error(s):%s' % (''.join(['\n- %s' % e for e in errors])), filename)
[1.660s] catkin_pkg.package.InvalidPackage: Error(s) in package '/media/nerglite/New Volume/coolyeah/URO/Tucil-ROS2-VLG/src/turtlesim/package.xml':
[1.660s] Error(s):
[1.661s] - The generic dependency on 'geometry_msgs' is redundant with: build_depend, exec_depend
[1.661s] - The generic dependency on 'rclcpp' is redundant with: build_depend, exec_depend
[1.661s] - The generic dependency on 'rclcpp_action' is redundant with: build_depend, exec_depend
[1.661s] - The generic dependency on 'std_msgs' is redundant with: build_depend, exec_depend
[1.683s] [31mCMake Error at /opt/ros/humble/share/ament_cmake_core/cmake/core/ament_package_xml.cmake:95 (message):
[1.683s]   execute_process(/usr/bin/python3.10
[1.684s]   /opt/ros/humble/share/ament_cmake_core/cmake/core/package_xml_2_cmake.py
[1.684s]   /media/nerglite/New
[1.684s]   Volume/coolyeah/URO/Tucil-ROS2-VLG/src/turtlesim/package.xml
[1.684s]   /media/nerglite/New
[1.684s]   Volume/coolyeah/URO/Tucil-ROS2-VLG/build/turtlesim/ament_cmake_core/package.cmake)
[1.685s]   returned error code 1
[1.685s] Call Stack (most recent call first):
[1.685s]   /opt/ros/humble/share/ament_cmake_core/cmake/core/ament_package_xml.cmake:49 (_ament_package_xml)
[1.685s]   /opt/ros/humble/share/rosidl_cmake/cmake/rosidl_generate_interfaces.cmake:226 (ament_package_xml)
[1.685s]   CMakeLists.txt:24 (rosidl_generate_interfaces)
[1.685s] 
[1.686s] [0m
[1.686s] -- Configuring incomplete, errors occurred!
[1.686s] See also "/media/nerglite/New Volume/coolyeah/URO/Tucil-ROS2-VLG/build/turtlesim/CMakeFiles/CMakeOutput.log".
[1.696s] Invoked command in '/media/nerglite/New Volume/coolyeah/URO/Tucil-ROS2-VLG/build/turtlesim' returned '1': /usr/bin/cmake /media/nerglite/New Volume/coolyeah/URO/Tucil-ROS2-VLG/src/turtlesim -DCMAKE_INSTALL_PREFIX=/media/nerglite/New Volume/coolyeah/URO/Tucil-ROS2-VLG/install/turtlesim
