[0.016s] Invoking command in '/media/nerglite/New Volume/coolyeah/URO/Tucil-ROS2-VLG/build/turtlesim': CMAKE_PREFIX_PATH=/opt/ros/humble /usr/bin/cmake /media/nerglite/New Volume/coolyeah/URO/Tucil-ROS2-VLG/src/turtlesim -DCMAKE_INSTALL_PREFIX=/media/nerglite/New Volume/coolyeah/URO/Tucil-ROS2-VLG/install/turtlesim
[0.099s] -- The C compiler identification is GNU 11.4.0
[0.191s] -- The CXX compiler identification is GNU 11.4.0
[0.202s] -- Detecting C compiler ABI info
[0.304s] -- Detecting C compiler ABI info - done
[0.317s] -- Check for working C compiler: /usr/bin/cc - skipped
[0.318s] -- Detecting C compile features
[0.318s] -- Detecting C compile features - done
[0.331s] -- Detecting CXX compiler ABI info
[0.451s] -- Detecting CXX compiler ABI info - done
[0.463s] -- Check for working CXX compiler: /usr/bin/c++ - skipped
[0.463s] -- Detecting CXX compile features
[0.464s] -- Detecting CXX compile features - done
[0.467s] -- Found ament_cmake: 1.3.5 (/opt/ros/humble/share/ament_cmake/cmake)
[0.723s] -- Found Python3: /usr/bin/python3.10 (found version "3.10.12") found components: Interpreter 
[0.849s] -- Found ament_index_cpp: 1.4.0 (/opt/ros/humble/share/ament_index_cpp/cmake)
[0.852s] -- Found geometry_msgs: 4.2.3 (/opt/ros/humble/share/geometry_msgs/cmake)
[0.907s] -- Found rosidl_generator_c: 3.1.5 (/opt/ros/humble/share/rosidl_generator_c/cmake)
[0.914s] -- Found rosidl_adapter: 3.1.5 (/opt/ros/humble/share/rosidl_adapter/cmake)
[0.927s] -- Found rosidl_generator_cpp: 3.1.5 (/opt/ros/humble/share/rosidl_generator_cpp/cmake)
[0.947s] -- Using all available rosidl_typesupport_c: rosidl_typesupport_fastrtps_c;rosidl_typesupport_introspection_c
[0.977s] -- Using all available rosidl_typesupport_cpp: rosidl_typesupport_fastrtps_cpp;rosidl_typesupport_introspection_cpp
[1.191s] -- Found rclcpp: 16.0.5 (/opt/ros/humble/share/rclcpp/cmake)
[1.281s] -- Found rmw_implementation_cmake: 6.1.1 (/opt/ros/humble/share/rmw_implementation_cmake/cmake)
[1.285s] -- Found rmw_fastrtps_cpp: 6.2.3 (/opt/ros/humble/share/rmw_fastrtps_cpp/cmake)
[1.437s] -- Found OpenSSL: /usr/lib/x86_64-linux-gnu/libcrypto.so (found version "3.0.2")  
[1.480s] -- Found FastRTPS: /opt/ros/humble/include  
[1.555s] -- Using RMW implementation 'rmw_fastrtps_cpp' as default
[1.569s] -- Looking for pthread.h
[1.678s] -- Looking for pthread.h - found
[1.678s] -- Performing Test CMAKE_HAVE_LIBC_PTHREAD
[1.788s] -- Performing Test CMAKE_HAVE_LIBC_PTHREAD - Success
[1.789s] -- Found Threads: TRUE  
[2.008s] -- Found rclcpp_action: 16.0.5 (/opt/ros/humble/share/rclcpp_action/cmake)
[2.163s] -- Found rosidl_default_generators: 1.2.0 (/opt/ros/humble/share/rosidl_default_generators/cmake)
[2.177s] -- Found std_srvs: 4.2.3 (/opt/ros/humble/share/std_srvs/cmake)
[2.672s] -- Found ament_cmake_ros: 0.10.0 (/opt/ros/humble/share/ament_cmake_ros/cmake)
[3.152s] -- Using all available rosidl_typesupport_c: rosidl_typesupport_fastrtps_c;rosidl_typesupport_introspection_c
[3.340s] -- Using all available rosidl_typesupport_cpp: rosidl_typesupport_fastrtps_cpp;rosidl_typesupport_introspection_cpp
[3.375s] -- Found PythonInterp: /usr/bin/python3 (found suitable version "3.10.12", minimum required is "3.6") 
[3.377s] -- Found python_cmake_module: 0.10.0 (/opt/ros/humble/share/python_cmake_module/cmake)
[3.416s] -- Found PythonLibs: /usr/lib/x86_64-linux-gnu/libpython3.10.so (found suitable version "3.10.12", minimum required is "3.5") 
[3.416s] -- Using PYTHON_EXECUTABLE: /usr/bin/python3
[3.416s] -- Using PYTHON_INCLUDE_DIRS: /usr/include/python3.10
[3.416s] -- Using PYTHON_LIBRARIES: /usr/lib/x86_64-linux-gnu/libpython3.10.so
[3.449s] -- Found PythonExtra: .so  
[3.542s] -- Configuring done
[3.676s] -- Generating done
[3.682s] -- Build files have been written to: /media/nerglite/New Volume/coolyeah/URO/Tucil-ROS2-VLG/build/turtlesim
[3.701s] Invoked command in '/media/nerglite/New Volume/coolyeah/URO/Tucil-ROS2-VLG/build/turtlesim' returned '0': CMAKE_PREFIX_PATH=/opt/ros/humble /usr/bin/cmake /media/nerglite/New Volume/coolyeah/URO/Tucil-ROS2-VLG/src/turtlesim -DCMAKE_INSTALL_PREFIX=/media/nerglite/New Volume/coolyeah/URO/Tucil-ROS2-VLG/install/turtlesim
[3.704s] Invoking command in '/media/nerglite/New Volume/coolyeah/URO/Tucil-ROS2-VLG/build/turtlesim': CMAKE_PREFIX_PATH=/opt/ros/humble /usr/bin/cmake --build /media/nerglite/New Volume/coolyeah/URO/Tucil-ROS2-VLG/build/turtlesim -- -j4 -l4
[3.776s] [  1%] [34m[1mGenerating C code for ROS interfaces[0m
[3.795s] [  2%] [34m[1mGenerating C++ code for ROS interfaces[0m
[3.808s] [  2%] Built target ament_cmake_python_copy_turtlesim
[4.485s] running egg_info
[4.486s] creating turtlesim.egg-info
[4.488s] writing turtlesim.egg-info/PKG-INFO
[4.488s] writing dependency_links to turtlesim.egg-info/dependency_links.txt
[4.489s] writing top-level names to turtlesim.egg-info/top_level.txt
[4.490s] writing manifest file 'turtlesim.egg-info/SOURCES.txt'
[4.495s] reading manifest file 'turtlesim.egg-info/SOURCES.txt'
[4.497s] writing manifest file 'turtlesim.egg-info/SOURCES.txt'
[4.553s] [  2%] Built target ament_cmake_python_build_turtlesim_egg
[5.470s] [  4%] [32mBuilding C object CMakeFiles/turtlesim__rosidl_generator_c.dir/rosidl_generator_c/turtlesim/action/detail/rotate_absolute__functions.c.o[0m
[5.471s] [  4%] [32mBuilding C object CMakeFiles/turtlesim__rosidl_generator_c.dir/rosidl_generator_c/turtlesim/msg/detail/color__functions.c.o[0m
[5.471s] [  5%] [32mBuilding C object CMakeFiles/turtlesim__rosidl_generator_c.dir/rosidl_generator_c/turtlesim/msg/detail/pose__functions.c.o[0m
[5.585s] [  6%] [32mBuilding C object CMakeFiles/turtlesim__rosidl_generator_c.dir/rosidl_generator_c/turtlesim/srv/detail/kill__functions.c.o[0m
[5.590s] [  7%] [32mBuilding C object CMakeFiles/turtlesim__rosidl_generator_c.dir/rosidl_generator_c/turtlesim/srv/detail/set_pen__functions.c.o[0m
[5.725s] [  8%] [32mBuilding C object CMakeFiles/turtlesim__rosidl_generator_c.dir/rosidl_generator_c/turtlesim/srv/detail/spawn__functions.c.o[0m
[5.726s] [  8%] [32mBuilding C object CMakeFiles/turtlesim__rosidl_generator_c.dir/rosidl_generator_c/turtlesim/srv/detail/teleport_absolute__functions.c.o[0m
[5.803s] [  9%] [32mBuilding C object CMakeFiles/turtlesim__rosidl_generator_c.dir/rosidl_generator_c/turtlesim/srv/detail/teleport_relative__functions.c.o[0m
[5.950s] [ 10%] [32m[1mLinking C shared library libturtlesim__rosidl_generator_c.so[0m
[6.022s] [ 10%] Built target turtlesim__cpp
[6.026s] [ 10%] Built target turtlesim__rosidl_generator_c
[6.044s] [ 11%] [34m[1mGenerating C++ type support dispatch for ROS interfaces[0m
[6.046s] [ 14%] [34m[1mGenerating C++ type support for eProsima Fast-RTPS[0m
[6.047s] [ 14%] [34m[1mGenerating C++ introspection for ROS interfaces[0m
[6.047s] [ 14%] [34m[1mGenerating C type support for eProsima Fast-RTPS[0m
[7.595s] [ 15%] [32mBuilding CXX object CMakeFiles/turtlesim__rosidl_typesupport_cpp.dir/rosidl_typesupport_cpp/turtlesim/action/rotate_absolute__type_support.cpp.o[0m
[8.140s] [ 16%] [32mBuilding CXX object CMakeFiles/turtlesim__rosidl_typesupport_introspection_cpp.dir/rosidl_typesupport_introspection_cpp/turtlesim/action/detail/rotate_absolute__type_support.cpp.o[0m
[8.519s] [ 17%] [32mBuilding CXX object CMakeFiles/turtlesim__rosidl_typesupport_fastrtps_c.dir/rosidl_typesupport_fastrtps_c/turtlesim/action/detail/rotate_absolute__type_support_c.cpp.o[0m
[8.658s] [ 18%] [32mBuilding CXX object CMakeFiles/turtlesim__rosidl_typesupport_fastrtps_cpp.dir/rosidl_typesupport_fastrtps_cpp/turtlesim/action/detail/dds_fastrtps/rotate_absolute__type_support.cpp.o[0m
[8.738s] [ 19%] [32mBuilding CXX object CMakeFiles/turtlesim__rosidl_typesupport_cpp.dir/rosidl_typesupport_cpp/turtlesim/msg/color__type_support.cpp.o[0m
[9.433s] [ 20%] [32mBuilding CXX object CMakeFiles/turtlesim__rosidl_typesupport_cpp.dir/rosidl_typesupport_cpp/turtlesim/msg/pose__type_support.cpp.o[0m
[9.482s] [ 21%] [32mBuilding CXX object CMakeFiles/turtlesim__rosidl_typesupport_fastrtps_c.dir/rosidl_typesupport_fastrtps_c/turtlesim/msg/detail/color__type_support_c.cpp.o[0m
[9.652s] [ 22%] [32mBuilding CXX object CMakeFiles/turtlesim__rosidl_typesupport_introspection_cpp.dir/rosidl_typesupport_introspection_cpp/turtlesim/msg/detail/color__type_support.cpp.o[0m
[10.097s] [ 23%] [32mBuilding CXX object CMakeFiles/turtlesim__rosidl_typesupport_fastrtps_cpp.dir/rosidl_typesupport_fastrtps_cpp/turtlesim/msg/detail/dds_fastrtps/color__type_support.cpp.o[0m
[10.102s] [ 24%] [32mBuilding CXX object CMakeFiles/turtlesim__rosidl_typesupport_cpp.dir/rosidl_typesupport_cpp/turtlesim/srv/kill__type_support.cpp.o[0m
[10.319s] [ 25%] [32mBuilding CXX object CMakeFiles/turtlesim__rosidl_typesupport_fastrtps_c.dir/rosidl_typesupport_fastrtps_c/turtlesim/msg/detail/pose__type_support_c.cpp.o[0m
[10.603s] [ 26%] [32mBuilding CXX object CMakeFiles/turtlesim__rosidl_typesupport_introspection_cpp.dir/rosidl_typesupport_introspection_cpp/turtlesim/msg/detail/pose__type_support.cpp.o[0m
[10.806s] [ 27%] [32mBuilding CXX object CMakeFiles/turtlesim__rosidl_typesupport_cpp.dir/rosidl_typesupport_cpp/turtlesim/srv/set_pen__type_support.cpp.o[0m
[11.113s] [ 28%] [32mBuilding CXX object CMakeFiles/turtlesim__rosidl_typesupport_fastrtps_cpp.dir/rosidl_typesupport_fastrtps_cpp/turtlesim/msg/detail/dds_fastrtps/pose__type_support.cpp.o[0m
[11.158s] [ 29%] [32mBuilding CXX object CMakeFiles/turtlesim__rosidl_typesupport_fastrtps_c.dir/rosidl_typesupport_fastrtps_c/turtlesim/srv/detail/kill__type_support_c.cpp.o[0m
[11.506s] [ 30%] [32mBuilding CXX object CMakeFiles/turtlesim__rosidl_typesupport_cpp.dir/rosidl_typesupport_cpp/turtlesim/srv/spawn__type_support.cpp.o[0m
[11.559s] [ 31%] [32mBuilding CXX object CMakeFiles/turtlesim__rosidl_typesupport_introspection_cpp.dir/rosidl_typesupport_introspection_cpp/turtlesim/srv/detail/kill__type_support.cpp.o[0m
[12.046s] [ 32%] [32mBuilding CXX object CMakeFiles/turtlesim__rosidl_typesupport_fastrtps_c.dir/rosidl_typesupport_fastrtps_c/turtlesim/srv/detail/set_pen__type_support_c.cpp.o[0m
[12.121s] [ 33%] [32mBuilding CXX object CMakeFiles/turtlesim__rosidl_typesupport_fastrtps_cpp.dir/rosidl_typesupport_fastrtps_cpp/turtlesim/srv/detail/dds_fastrtps/kill__type_support.cpp.o[0m
[12.194s] [ 34%] [32mBuilding CXX object CMakeFiles/turtlesim__rosidl_typesupport_cpp.dir/rosidl_typesupport_cpp/turtlesim/srv/teleport_absolute__type_support.cpp.o[0m
[12.523s] [ 35%] [32mBuilding CXX object CMakeFiles/turtlesim__rosidl_typesupport_introspection_cpp.dir/rosidl_typesupport_introspection_cpp/turtlesim/srv/detail/set_pen__type_support.cpp.o[0m
[12.885s] [ 36%] [32mBuilding CXX object CMakeFiles/turtlesim__rosidl_typesupport_cpp.dir/rosidl_typesupport_cpp/turtlesim/srv/teleport_relative__type_support.cpp.o[0m
[12.917s] [ 37%] [32mBuilding CXX object CMakeFiles/turtlesim__rosidl_typesupport_fastrtps_c.dir/rosidl_typesupport_fastrtps_c/turtlesim/srv/detail/spawn__type_support_c.cpp.o[0m
[13.184s] [ 38%] [32mBuilding CXX object CMakeFiles/turtlesim__rosidl_typesupport_fastrtps_cpp.dir/rosidl_typesupport_fastrtps_cpp/turtlesim/srv/detail/dds_fastrtps/set_pen__type_support.cpp.o[0m
[13.484s] [ 39%] [32mBuilding CXX object CMakeFiles/turtlesim__rosidl_typesupport_introspection_cpp.dir/rosidl_typesupport_introspection_cpp/turtlesim/srv/detail/spawn__type_support.cpp.o[0m
[13.575s] [ 40%] [32m[1mLinking CXX shared library libturtlesim__rosidl_typesupport_cpp.so[0m
[13.674s] [ 40%] Built target turtlesim__rosidl_typesupport_cpp
[13.697s] [ 41%] [34m[1mGenerating C introspection for ROS interfaces[0m
[13.821s] [ 42%] [32mBuilding CXX object CMakeFiles/turtlesim__rosidl_typesupport_fastrtps_c.dir/rosidl_typesupport_fastrtps_c/turtlesim/srv/detail/teleport_absolute__type_support_c.cpp.o[0m
[14.218s] [ 43%] [32mBuilding CXX object CMakeFiles/turtlesim__rosidl_typesupport_fastrtps_cpp.dir/rosidl_typesupport_fastrtps_cpp/turtlesim/srv/detail/dds_fastrtps/spawn__type_support.cpp.o[0m
[14.456s] [ 44%] [32mBuilding CXX object CMakeFiles/turtlesim__rosidl_typesupport_introspection_cpp.dir/rosidl_typesupport_introspection_cpp/turtlesim/srv/detail/teleport_absolute__type_support.cpp.o[0m
[14.702s] [ 44%] [32mBuilding CXX object CMakeFiles/turtlesim__rosidl_typesupport_fastrtps_c.dir/rosidl_typesupport_fastrtps_c/turtlesim/srv/detail/teleport_relative__type_support_c.cpp.o[0m
[15.214s] [ 45%] [32mBuilding CXX object CMakeFiles/turtlesim__rosidl_typesupport_fastrtps_cpp.dir/rosidl_typesupport_fastrtps_cpp/turtlesim/srv/detail/dds_fastrtps/teleport_absolute__type_support.cpp.o[0m
[15.415s] [ 46%] [32mBuilding CXX object CMakeFiles/turtlesim__rosidl_typesupport_introspection_cpp.dir/rosidl_typesupport_introspection_cpp/turtlesim/srv/detail/teleport_relative__type_support.cpp.o[0m
[15.582s] [ 47%] [32m[1mLinking CXX shared library libturtlesim__rosidl_typesupport_fastrtps_c.so[0m
[15.767s] [ 47%] Built target turtlesim__rosidl_typesupport_fastrtps_c
[15.789s] [ 48%] [34m[1mGenerating C type support dispatch for ROS interfaces[0m
[16.179s] [ 49%] [32mBuilding C object CMakeFiles/turtlesim__rosidl_typesupport_introspection_c.dir/rosidl_typesupport_introspection_c/turtlesim/action/detail/rotate_absolute__type_support.c.o[0m
[16.252s] [ 50%] [32mBuilding CXX object CMakeFiles/turtlesim__rosidl_typesupport_fastrtps_cpp.dir/rosidl_typesupport_fastrtps_cpp/turtlesim/srv/detail/dds_fastrtps/teleport_relative__type_support.cpp.o[0m
[16.296s] [ 51%] [32mBuilding C object CMakeFiles/turtlesim__rosidl_typesupport_introspection_c.dir/rosidl_typesupport_introspection_c/turtlesim/msg/detail/color__type_support.c.o[0m
[16.381s] [ 52%] [32mBuilding C object CMakeFiles/turtlesim__rosidl_typesupport_introspection_c.dir/rosidl_typesupport_introspection_c/turtlesim/msg/detail/pose__type_support.c.o[0m
[16.385s] [ 53%] [32m[1mLinking CXX shared library libturtlesim__rosidl_typesupport_introspection_cpp.so[0m
[16.466s] [ 54%] [32mBuilding C object CMakeFiles/turtlesim__rosidl_typesupport_introspection_c.dir/rosidl_typesupport_introspection_c/turtlesim/srv/detail/kill__type_support.c.o[0m
[16.556s] [ 55%] [32mBuilding C object CMakeFiles/turtlesim__rosidl_typesupport_introspection_c.dir/rosidl_typesupport_introspection_c/turtlesim/srv/detail/set_pen__type_support.c.o[0m
[16.574s] [ 55%] Built target turtlesim__rosidl_typesupport_introspection_cpp
[16.627s] [ 56%] [34m[1mGenerating include/turtlesim/moc_turtle_frame.cpp[0m
[16.653s] [ 57%] [32mBuilding C object CMakeFiles/turtlesim__rosidl_typesupport_introspection_c.dir/rosidl_typesupport_introspection_c/turtlesim/srv/detail/spawn__type_support.c.o[0m
[16.746s] [ 57%] [32mBuilding C object CMakeFiles/turtlesim__rosidl_typesupport_introspection_c.dir/rosidl_typesupport_introspection_c/turtlesim/srv/detail/teleport_absolute__type_support.c.o[0m
[16.805s] [ 58%] [32mBuilding CXX object CMakeFiles/turtlesim_node.dir/src/turtlesim.cpp.o[0m
[16.840s] [ 59%] [32mBuilding C object CMakeFiles/turtlesim__rosidl_typesupport_introspection_c.dir/rosidl_typesupport_introspection_c/turtlesim/srv/detail/teleport_relative__type_support.c.o[0m
[16.939s] [ 60%] [32m[1mLinking C shared library libturtlesim__rosidl_typesupport_introspection_c.so[0m
[17.019s] [ 60%] Built target turtlesim__rosidl_typesupport_introspection_c
[17.067s] [ 61%] [32mBuilding CXX object CMakeFiles/turtle_go_here.dir/src/turtle_go_here.cpp.o[0m
[17.244s] [ 62%] [32m[1mLinking CXX shared library libturtlesim__rosidl_typesupport_fastrtps_cpp.so[0m
[17.436s] [ 62%] Built target turtlesim__rosidl_typesupport_fastrtps_cpp
[17.450s] [ 63%] [32mBuilding CXX object CMakeFiles/turtlesim__rosidl_typesupport_c.dir/rosidl_typesupport_c/turtlesim/action/rotate_absolute__type_support.cpp.o[0m
[17.455s] [ 64%] [32mBuilding CXX object CMakeFiles/turtlesim_node.dir/src/turtle.cpp.o[0m
[17.587s] [ 65%] [32mBuilding CXX object CMakeFiles/turtlesim__rosidl_typesupport_c.dir/rosidl_typesupport_c/turtlesim/msg/color__type_support.cpp.o[0m
[17.667s] [ 66%] [32mBuilding CXX object CMakeFiles/turtlesim__rosidl_typesupport_c.dir/rosidl_typesupport_c/turtlesim/msg/pose__type_support.cpp.o[0m
[17.745s] [ 67%] [32mBuilding CXX object CMakeFiles/turtlesim__rosidl_typesupport_c.dir/rosidl_typesupport_c/turtlesim/srv/kill__type_support.cpp.o[0m
[17.828s] [ 68%] [32mBuilding CXX object CMakeFiles/turtlesim__rosidl_typesupport_c.dir/rosidl_typesupport_c/turtlesim/srv/set_pen__type_support.cpp.o[0m
[17.911s] [ 69%] [32mBuilding CXX object CMakeFiles/turtlesim__rosidl_typesupport_c.dir/rosidl_typesupport_c/turtlesim/srv/spawn__type_support.cpp.o[0m
[17.997s] [ 70%] [32mBuilding CXX object CMakeFiles/turtlesim__rosidl_typesupport_c.dir/rosidl_typesupport_c/turtlesim/srv/teleport_absolute__type_support.cpp.o[0m
[18.093s] [ 71%] [32mBuilding CXX object CMakeFiles/turtlesim__rosidl_typesupport_c.dir/rosidl_typesupport_c/turtlesim/srv/teleport_relative__type_support.cpp.o[0m
[18.174s] [ 71%] [32m[1mLinking CXX shared library libturtlesim__rosidl_typesupport_c.so[0m
[18.288s] [ 71%] Built target turtlesim__rosidl_typesupport_c
[18.336s] [ 72%] [32mBuilding CXX object CMakeFiles/turtle_angle.dir/src/turtle_angle.cpp.o[0m
[27.337s] [ 73%] [32mBuilding CXX object CMakeFiles/turtlesim_node.dir/src/turtle_frame.cpp.o[0m
[37.540s] [ 74%] [32m[1mLinking CXX executable turtle_go_here[0m
[37.945s] [ 75%] [32m[1mLinking CXX executable turtle_angle[0m
[38.646s] [ 75%] Built target turtle_go_here
[38.692s] [ 76%] [32mBuilding CXX object CMakeFiles/turtle_move.dir/src/turtle_move.cpp.o[0m
[38.974s] [ 76%] Built target turtle_angle
[39.019s] [ 77%] [32mBuilding CXX object CMakeFiles/turtle_teleop_key.dir/tutorials/teleop_turtle_key.cpp.o[0m
[47.925s] [ 78%] [32mBuilding CXX object CMakeFiles/turtlesim_node.dir/include/turtlesim/moc_turtle_frame.cpp.o[0m
[49.018s] [ 79%] [32m[1mLinking CXX executable turtle_move[0m
[49.528s] [ 79%] Built target turtle_move
[49.573s] [ 79%] [32mBuilding CXX object CMakeFiles/draw_square.dir/tutorials/draw_square.cpp.o[0m
[53.490s] [ 80%] [32m[1mLinking CXX executable turtle_teleop_key[0m
[54.146s] [ 80%] Built target turtle_teleop_key
[54.190s] [ 81%] [32mBuilding CXX object CMakeFiles/mimic.dir/tutorials/mimic.cpp.o[0m
[57.598s] [ 82%] [32m[1mLinking CXX executable turtlesim_node[0m
[61.107s] [ 82%] Built target turtlesim_node
[61.150s] [ 82%] Built target turtlesim
[61.194s] [ 83%] [34m[1mGenerating Python code for ROS interfaces[0m
[66.252s] [ 83%] Built target turtlesim__py
[66.297s] [ 85%] [32mBuilding C object CMakeFiles/turtlesim__rosidl_generator_py.dir/rosidl_generator_py/turtlesim/msg/_color_s.c.o[0m
[66.298s] [ 85%] [32mBuilding C object CMakeFiles/turtlesim__rosidl_generator_py.dir/rosidl_generator_py/turtlesim/action/_rotate_absolute_s.c.o[0m
[66.565s] [ 86%] [32mBuilding C object CMakeFiles/turtlesim__rosidl_generator_py.dir/rosidl_generator_py/turtlesim/msg/_pose_s.c.o[0m
[66.676s] [ 87%] [32mBuilding C object CMakeFiles/turtlesim__rosidl_generator_py.dir/rosidl_generator_py/turtlesim/srv/_kill_s.c.o[0m
[66.839s] [ 88%] [32mBuilding C object CMakeFiles/turtlesim__rosidl_generator_py.dir/rosidl_generator_py/turtlesim/srv/_set_pen_s.c.o[0m
[66.954s] [ 89%] [32mBuilding C object CMakeFiles/turtlesim__rosidl_generator_py.dir/rosidl_generator_py/turtlesim/srv/_spawn_s.c.o[0m
[67.119s] [ 90%] [32mBuilding C object CMakeFiles/turtlesim__rosidl_generator_py.dir/rosidl_generator_py/turtlesim/srv/_teleport_absolute_s.c.o[0m
[67.242s] [ 91%] [32mBuilding C object CMakeFiles/turtlesim__rosidl_generator_py.dir/rosidl_generator_py/turtlesim/srv/_teleport_relative_s.c.o[0m
[67.523s] [ 92%] [32m[1mLinking C shared library rosidl_generator_py/turtlesim/libturtlesim__rosidl_generator_py.so[0m
[67.626s] [ 92%] Built target turtlesim__rosidl_generator_py
[67.670s] [ 94%] [32mBuilding C object CMakeFiles/turtlesim__rosidl_typesupport_fastrtps_c__pyext.dir/rosidl_generator_py/turtlesim/_turtlesim_s.ep.rosidl_typesupport_fastrtps_c.c.o[0m
[67.670s] [ 94%] [32mBuilding C object CMakeFiles/turtlesim__rosidl_typesupport_introspection_c__pyext.dir/rosidl_generator_py/turtlesim/_turtlesim_s.ep.rosidl_typesupport_introspection_c.c.o[0m
[68.117s] [ 95%] [32m[1mLinking C shared library rosidl_generator_py/turtlesim/turtlesim_s__rosidl_typesupport_fastrtps_c.cpython-310-x86_64-linux-gnu.so[0m
[68.127s] [ 96%] [32m[1mLinking C shared library rosidl_generator_py/turtlesim/turtlesim_s__rosidl_typesupport_introspection_c.cpython-310-x86_64-linux-gnu.so[0m
[68.216s] [ 96%] Built target turtlesim__rosidl_typesupport_fastrtps_c__pyext
[68.226s] [ 96%] Built target turtlesim__rosidl_typesupport_introspection_c__pyext
[68.260s] [ 97%] [32mBuilding C object CMakeFiles/turtlesim__rosidl_typesupport_c__pyext.dir/rosidl_generator_py/turtlesim/_turtlesim_s.ep.rosidl_typesupport_c.c.o[0m
[68.551s] [ 98%] [32m[1mLinking C shared library rosidl_generator_py/turtlesim/turtlesim_s__rosidl_typesupport_c.cpython-310-x86_64-linux-gnu.so[0m
[68.619s] [ 98%] Built target turtlesim__rosidl_typesupport_c__pyext
[69.822s] [ 99%] [32m[1mLinking CXX executable draw_square[0m
[70.581s] [ 99%] Built target draw_square
[70.658s] [100%] [32m[1mLinking CXX executable mimic[0m
[71.303s] [100%] Built target mimic
[71.321s] Invoked command in '/media/nerglite/New Volume/coolyeah/URO/Tucil-ROS2-VLG/build/turtlesim' returned '0': CMAKE_PREFIX_PATH=/opt/ros/humble /usr/bin/cmake --build /media/nerglite/New Volume/coolyeah/URO/Tucil-ROS2-VLG/build/turtlesim -- -j4 -l4
[71.662s] Invoking command in '/media/nerglite/New Volume/coolyeah/URO/Tucil-ROS2-VLG/build/turtlesim': CMAKE_PREFIX_PATH=/opt/ros/humble /usr/bin/cmake --install /media/nerglite/New Volume/coolyeah/URO/Tucil-ROS2-VLG/build/turtlesim
[71.676s] -- Install configuration: ""
[71.676s] -- Installing: /media/nerglite/New Volume/coolyeah/URO/Tucil-ROS2-VLG/install/turtlesim/share/ament_index/resource_index/rosidl_interfaces/turtlesim
[71.677s] -- Installing: /media/nerglite/New Volume/coolyeah/URO/Tucil-ROS2-VLG/install/turtlesim/include/turtlesim/turtlesim
[71.677s] -- Installing: /media/nerglite/New Volume/coolyeah/URO/Tucil-ROS2-VLG/install/turtlesim/include/turtlesim/turtlesim/action
[71.677s] -- Installing: /media/nerglite/New Volume/coolyeah/URO/Tucil-ROS2-VLG/install/turtlesim/include/turtlesim/turtlesim/action/detail
[71.678s] -- Installing: /media/nerglite/New Volume/coolyeah/URO/Tucil-ROS2-VLG/install/turtlesim/include/turtlesim/turtlesim/action/detail/rotate_absolute__functions.c
[71.678s] -- Installing: /media/nerglite/New Volume/coolyeah/URO/Tucil-ROS2-VLG/install/turtlesim/include/turtlesim/turtlesim/action/detail/rotate_absolute__functions.h
[71.678s] -- Installing: /media/nerglite/New Volume/coolyeah/URO/Tucil-ROS2-VLG/install/turtlesim/include/turtlesim/turtlesim/action/detail/rotate_absolute__struct.h
[71.678s] -- Installing: /media/nerglite/New Volume/coolyeah/URO/Tucil-ROS2-VLG/install/turtlesim/include/turtlesim/turtlesim/action/detail/rotate_absolute__type_support.h
[71.679s] -- Installing: /media/nerglite/New Volume/coolyeah/URO/Tucil-ROS2-VLG/install/turtlesim/include/turtlesim/turtlesim/action/rotate_absolute.h
[71.679s] -- Installing: /media/nerglite/New Volume/coolyeah/URO/Tucil-ROS2-VLG/install/turtlesim/include/turtlesim/turtlesim/msg
[71.679s] -- Installing: /media/nerglite/New Volume/coolyeah/URO/Tucil-ROS2-VLG/install/turtlesim/include/turtlesim/turtlesim/msg/color.h
[71.679s] -- Installing: /media/nerglite/New Volume/coolyeah/URO/Tucil-ROS2-VLG/install/turtlesim/include/turtlesim/turtlesim/msg/detail
[71.680s] -- Installing: /media/nerglite/New Volume/coolyeah/URO/Tucil-ROS2-VLG/install/turtlesim/include/turtlesim/turtlesim/msg/detail/color__functions.c
[71.680s] -- Installing: /media/nerglite/New Volume/coolyeah/URO/Tucil-ROS2-VLG/install/turtlesim/include/turtlesim/turtlesim/msg/detail/color__functions.h
[71.680s] -- Installing: /media/nerglite/New Volume/coolyeah/URO/Tucil-ROS2-VLG/install/turtlesim/include/turtlesim/turtlesim/msg/detail/color__struct.h
[71.680s] -- Installing: /media/nerglite/New Volume/coolyeah/URO/Tucil-ROS2-VLG/install/turtlesim/include/turtlesim/turtlesim/msg/detail/color__type_support.h
[71.681s] -- Installing: /media/nerglite/New Volume/coolyeah/URO/Tucil-ROS2-VLG/install/turtlesim/include/turtlesim/turtlesim/msg/detail/pose__functions.c
[71.681s] -- Installing: /media/nerglite/New Volume/coolyeah/URO/Tucil-ROS2-VLG/install/turtlesim/include/turtlesim/turtlesim/msg/detail/pose__functions.h
[71.681s] -- Installing: /media/nerglite/New Volume/coolyeah/URO/Tucil-ROS2-VLG/install/turtlesim/include/turtlesim/turtlesim/msg/detail/pose__struct.h
[71.681s] -- Installing: /media/nerglite/New Volume/coolyeah/URO/Tucil-ROS2-VLG/install/turtlesim/include/turtlesim/turtlesim/msg/detail/pose__type_support.h
[71.682s] -- Installing: /media/nerglite/New Volume/coolyeah/URO/Tucil-ROS2-VLG/install/turtlesim/include/turtlesim/turtlesim/msg/pose.h
[71.682s] -- Installing: /media/nerglite/New Volume/coolyeah/URO/Tucil-ROS2-VLG/install/turtlesim/include/turtlesim/turtlesim/msg/rosidl_generator_c__visibility_control.h
[71.682s] -- Installing: /media/nerglite/New Volume/coolyeah/URO/Tucil-ROS2-VLG/install/turtlesim/include/turtlesim/turtlesim/srv
[71.682s] -- Installing: /media/nerglite/New Volume/coolyeah/URO/Tucil-ROS2-VLG/install/turtlesim/include/turtlesim/turtlesim/srv/detail
[71.682s] -- Installing: /media/nerglite/New Volume/coolyeah/URO/Tucil-ROS2-VLG/install/turtlesim/include/turtlesim/turtlesim/srv/detail/kill__functions.c
[71.683s] -- Installing: /media/nerglite/New Volume/coolyeah/URO/Tucil-ROS2-VLG/install/turtlesim/include/turtlesim/turtlesim/srv/detail/kill__functions.h
[71.683s] -- Installing: /media/nerglite/New Volume/coolyeah/URO/Tucil-ROS2-VLG/install/turtlesim/include/turtlesim/turtlesim/srv/detail/kill__struct.h
[71.683s] -- Installing: /media/nerglite/New Volume/coolyeah/URO/Tucil-ROS2-VLG/install/turtlesim/include/turtlesim/turtlesim/srv/detail/kill__type_support.h
[71.683s] -- Installing: /media/nerglite/New Volume/coolyeah/URO/Tucil-ROS2-VLG/install/turtlesim/include/turtlesim/turtlesim/srv/detail/set_pen__functions.c
[71.684s] -- Installing: /media/nerglite/New Volume/coolyeah/URO/Tucil-ROS2-VLG/install/turtlesim/include/turtlesim/turtlesim/srv/detail/set_pen__functions.h
[71.684s] -- Installing: /media/nerglite/New Volume/coolyeah/URO/Tucil-ROS2-VLG/install/turtlesim/include/turtlesim/turtlesim/srv/detail/set_pen__struct.h
[71.684s] -- Installing: /media/nerglite/New Volume/coolyeah/URO/Tucil-ROS2-VLG/install/turtlesim/include/turtlesim/turtlesim/srv/detail/set_pen__type_support.h
[71.684s] -- Installing: /media/nerglite/New Volume/coolyeah/URO/Tucil-ROS2-VLG/install/turtlesim/include/turtlesim/turtlesim/srv/detail/spawn__functions.c
[71.685s] -- Installing: /media/nerglite/New Volume/coolyeah/URO/Tucil-ROS2-VLG/install/turtlesim/include/turtlesim/turtlesim/srv/detail/spawn__functions.h
[71.685s] -- Installing: /media/nerglite/New Volume/coolyeah/URO/Tucil-ROS2-VLG/install/turtlesim/include/turtlesim/turtlesim/srv/detail/spawn__struct.h
[71.685s] -- Installing: /media/nerglite/New Volume/coolyeah/URO/Tucil-ROS2-VLG/install/turtlesim/include/turtlesim/turtlesim/srv/detail/spawn__type_support.h
[71.685s] -- Installing: /media/nerglite/New Volume/coolyeah/URO/Tucil-ROS2-VLG/install/turtlesim/include/turtlesim/turtlesim/srv/detail/teleport_absolute__functions.c
[71.686s] -- Installing: /media/nerglite/New Volume/coolyeah/URO/Tucil-ROS2-VLG/install/turtlesim/include/turtlesim/turtlesim/srv/detail/teleport_absolute__functions.h
[71.686s] -- Installing: /media/nerglite/New Volume/coolyeah/URO/Tucil-ROS2-VLG/install/turtlesim/include/turtlesim/turtlesim/srv/detail/teleport_absolute__struct.h
[71.686s] -- Installing: /media/nerglite/New Volume/coolyeah/URO/Tucil-ROS2-VLG/install/turtlesim/include/turtlesim/turtlesim/srv/detail/teleport_absolute__type_support.h
[71.686s] -- Installing: /media/nerglite/New Volume/coolyeah/URO/Tucil-ROS2-VLG/install/turtlesim/include/turtlesim/turtlesim/srv/detail/teleport_relative__functions.c
[71.687s] -- Installing: /media/nerglite/New Volume/coolyeah/URO/Tucil-ROS2-VLG/install/turtlesim/include/turtlesim/turtlesim/srv/detail/teleport_relative__functions.h
[71.687s] -- Installing: /media/nerglite/New Volume/coolyeah/URO/Tucil-ROS2-VLG/install/turtlesim/include/turtlesim/turtlesim/srv/detail/teleport_relative__struct.h
[71.687s] -- Installing: /media/nerglite/New Volume/coolyeah/URO/Tucil-ROS2-VLG/install/turtlesim/include/turtlesim/turtlesim/srv/detail/teleport_relative__type_support.h
[71.687s] -- Installing: /media/nerglite/New Volume/coolyeah/URO/Tucil-ROS2-VLG/install/turtlesim/include/turtlesim/turtlesim/srv/kill.h
[71.687s] -- Installing: /media/nerglite/New Volume/coolyeah/URO/Tucil-ROS2-VLG/install/turtlesim/include/turtlesim/turtlesim/srv/set_pen.h
[71.688s] -- Installing: /media/nerglite/New Volume/coolyeah/URO/Tucil-ROS2-VLG/install/turtlesim/include/turtlesim/turtlesim/srv/spawn.h
[71.688s] -- Installing: /media/nerglite/New Volume/coolyeah/URO/Tucil-ROS2-VLG/install/turtlesim/include/turtlesim/turtlesim/srv/teleport_absolute.h
[71.688s] -- Installing: /media/nerglite/New Volume/coolyeah/URO/Tucil-ROS2-VLG/install/turtlesim/include/turtlesim/turtlesim/srv/teleport_relative.h
[71.689s] -- Installing: /media/nerglite/New Volume/coolyeah/URO/Tucil-ROS2-VLG/install/turtlesim/share/turtlesim/environment/library_path.sh
[71.689s] -- Installing: /media/nerglite/New Volume/coolyeah/URO/Tucil-ROS2-VLG/install/turtlesim/share/turtlesim/environment/library_path.dsv
[71.689s] -- Installing: /media/nerglite/New Volume/coolyeah/URO/Tucil-ROS2-VLG/install/turtlesim/lib/libturtlesim__rosidl_generator_c.so
[71.690s] -- Set runtime path of "/media/nerglite/New Volume/coolyeah/URO/Tucil-ROS2-VLG/install/turtlesim/lib/libturtlesim__rosidl_generator_c.so" to ""
[71.691s] -- Up-to-date: /media/nerglite/New Volume/coolyeah/URO/Tucil-ROS2-VLG/install/turtlesim/include/turtlesim/turtlesim
[71.691s] -- Up-to-date: /media/nerglite/New Volume/coolyeah/URO/Tucil-ROS2-VLG/install/turtlesim/include/turtlesim/turtlesim/action
[71.691s] -- Up-to-date: /media/nerglite/New Volume/coolyeah/URO/Tucil-ROS2-VLG/install/turtlesim/include/turtlesim/turtlesim/action/detail
[71.691s] -- Installing: /media/nerglite/New Volume/coolyeah/URO/Tucil-ROS2-VLG/install/turtlesim/include/turtlesim/turtlesim/action/detail/rotate_absolute__rosidl_typesupport_fastrtps_c.h
[71.691s] -- Up-to-date: /media/nerglite/New Volume/coolyeah/URO/Tucil-ROS2-VLG/install/turtlesim/include/turtlesim/turtlesim/msg
[71.691s] -- Up-to-date: /media/nerglite/New Volume/coolyeah/URO/Tucil-ROS2-VLG/install/turtlesim/include/turtlesim/turtlesim/msg/detail
[71.692s] -- Installing: /media/nerglite/New Volume/coolyeah/URO/Tucil-ROS2-VLG/install/turtlesim/include/turtlesim/turtlesim/msg/detail/color__rosidl_typesupport_fastrtps_c.h
[71.692s] -- Installing: /media/nerglite/New Volume/coolyeah/URO/Tucil-ROS2-VLG/install/turtlesim/include/turtlesim/turtlesim/msg/detail/pose__rosidl_typesupport_fastrtps_c.h
[71.692s] -- Installing: /media/nerglite/New Volume/coolyeah/URO/Tucil-ROS2-VLG/install/turtlesim/include/turtlesim/turtlesim/msg/rosidl_typesupport_fastrtps_c__visibility_control.h
[71.692s] -- Up-to-date: /media/nerglite/New Volume/coolyeah/URO/Tucil-ROS2-VLG/install/turtlesim/include/turtlesim/turtlesim/srv
[71.692s] -- Up-to-date: /media/nerglite/New Volume/coolyeah/URO/Tucil-ROS2-VLG/install/turtlesim/include/turtlesim/turtlesim/srv/detail
[71.693s] -- Installing: /media/nerglite/New Volume/coolyeah/URO/Tucil-ROS2-VLG/install/turtlesim/include/turtlesim/turtlesim/srv/detail/kill__rosidl_typesupport_fastrtps_c.h
[71.693s] -- Installing: /media/nerglite/New Volume/coolyeah/URO/Tucil-ROS2-VLG/install/turtlesim/include/turtlesim/turtlesim/srv/detail/set_pen__rosidl_typesupport_fastrtps_c.h
[71.693s] -- Installing: /media/nerglite/New Volume/coolyeah/URO/Tucil-ROS2-VLG/install/turtlesim/include/turtlesim/turtlesim/srv/detail/spawn__rosidl_typesupport_fastrtps_c.h
[71.693s] -- Installing: /media/nerglite/New Volume/coolyeah/URO/Tucil-ROS2-VLG/install/turtlesim/include/turtlesim/turtlesim/srv/detail/teleport_absolute__rosidl_typesupport_fastrtps_c.h
[71.694s] -- Installing: /media/nerglite/New Volume/coolyeah/URO/Tucil-ROS2-VLG/install/turtlesim/include/turtlesim/turtlesim/srv/detail/teleport_relative__rosidl_typesupport_fastrtps_c.h
[71.694s] -- Installing: /media/nerglite/New Volume/coolyeah/URO/Tucil-ROS2-VLG/install/turtlesim/lib/libturtlesim__rosidl_typesupport_fastrtps_c.so
[71.695s] -- Set runtime path of "/media/nerglite/New Volume/coolyeah/URO/Tucil-ROS2-VLG/install/turtlesim/lib/libturtlesim__rosidl_typesupport_fastrtps_c.so" to ""
[71.695s] -- Up-to-date: /media/nerglite/New Volume/coolyeah/URO/Tucil-ROS2-VLG/install/turtlesim/include/turtlesim/turtlesim
[71.695s] -- Up-to-date: /media/nerglite/New Volume/coolyeah/URO/Tucil-ROS2-VLG/install/turtlesim/include/turtlesim/turtlesim/action
[71.696s] -- Up-to-date: /media/nerglite/New Volume/coolyeah/URO/Tucil-ROS2-VLG/install/turtlesim/include/turtlesim/turtlesim/action/detail
[71.696s] -- Installing: /media/nerglite/New Volume/coolyeah/URO/Tucil-ROS2-VLG/install/turtlesim/include/turtlesim/turtlesim/action/detail/rotate_absolute__builder.hpp
[71.696s] -- Installing: /media/nerglite/New Volume/coolyeah/URO/Tucil-ROS2-VLG/install/turtlesim/include/turtlesim/turtlesim/action/detail/rotate_absolute__struct.hpp
[71.696s] -- Installing: /media/nerglite/New Volume/coolyeah/URO/Tucil-ROS2-VLG/install/turtlesim/include/turtlesim/turtlesim/action/detail/rotate_absolute__traits.hpp
[71.696s] -- Installing: /media/nerglite/New Volume/coolyeah/URO/Tucil-ROS2-VLG/install/turtlesim/include/turtlesim/turtlesim/action/rotate_absolute.hpp
[71.696s] -- Up-to-date: /media/nerglite/New Volume/coolyeah/URO/Tucil-ROS2-VLG/install/turtlesim/include/turtlesim/turtlesim/msg
[71.697s] -- Installing: /media/nerglite/New Volume/coolyeah/URO/Tucil-ROS2-VLG/install/turtlesim/include/turtlesim/turtlesim/msg/color.hpp
[71.697s] -- Up-to-date: /media/nerglite/New Volume/coolyeah/URO/Tucil-ROS2-VLG/install/turtlesim/include/turtlesim/turtlesim/msg/detail
[71.697s] -- Installing: /media/nerglite/New Volume/coolyeah/URO/Tucil-ROS2-VLG/install/turtlesim/include/turtlesim/turtlesim/msg/detail/color__builder.hpp
[71.697s] -- Installing: /media/nerglite/New Volume/coolyeah/URO/Tucil-ROS2-VLG/install/turtlesim/include/turtlesim/turtlesim/msg/detail/color__struct.hpp
[71.697s] -- Installing: /media/nerglite/New Volume/coolyeah/URO/Tucil-ROS2-VLG/install/turtlesim/include/turtlesim/turtlesim/msg/detail/color__traits.hpp
[71.698s] -- Installing: /media/nerglite/New Volume/coolyeah/URO/Tucil-ROS2-VLG/install/turtlesim/include/turtlesim/turtlesim/msg/detail/pose__builder.hpp
[71.698s] -- Installing: /media/nerglite/New Volume/coolyeah/URO/Tucil-ROS2-VLG/install/turtlesim/include/turtlesim/turtlesim/msg/detail/pose__struct.hpp
[71.698s] -- Installing: /media/nerglite/New Volume/coolyeah/URO/Tucil-ROS2-VLG/install/turtlesim/include/turtlesim/turtlesim/msg/detail/pose__traits.hpp
[71.698s] -- Installing: /media/nerglite/New Volume/coolyeah/URO/Tucil-ROS2-VLG/install/turtlesim/include/turtlesim/turtlesim/msg/pose.hpp
[71.698s] -- Up-to-date: /media/nerglite/New Volume/coolyeah/URO/Tucil-ROS2-VLG/install/turtlesim/include/turtlesim/turtlesim/srv
[71.699s] -- Up-to-date: /media/nerglite/New Volume/coolyeah/URO/Tucil-ROS2-VLG/install/turtlesim/include/turtlesim/turtlesim/srv/detail
[71.699s] -- Installing: /media/nerglite/New Volume/coolyeah/URO/Tucil-ROS2-VLG/install/turtlesim/include/turtlesim/turtlesim/srv/detail/kill__builder.hpp
[71.699s] -- Installing: /media/nerglite/New Volume/coolyeah/URO/Tucil-ROS2-VLG/install/turtlesim/include/turtlesim/turtlesim/srv/detail/kill__struct.hpp
[71.699s] -- Installing: /media/nerglite/New Volume/coolyeah/URO/Tucil-ROS2-VLG/install/turtlesim/include/turtlesim/turtlesim/srv/detail/kill__traits.hpp
[71.699s] -- Installing: /media/nerglite/New Volume/coolyeah/URO/Tucil-ROS2-VLG/install/turtlesim/include/turtlesim/turtlesim/srv/detail/set_pen__builder.hpp
[71.700s] -- Installing: /media/nerglite/New Volume/coolyeah/URO/Tucil-ROS2-VLG/install/turtlesim/include/turtlesim/turtlesim/srv/detail/set_pen__struct.hpp
[71.700s] -- Installing: /media/nerglite/New Volume/coolyeah/URO/Tucil-ROS2-VLG/install/turtlesim/include/turtlesim/turtlesim/srv/detail/set_pen__traits.hpp
[71.700s] -- Installing: /media/nerglite/New Volume/coolyeah/URO/Tucil-ROS2-VLG/install/turtlesim/include/turtlesim/turtlesim/srv/detail/spawn__builder.hpp
[71.700s] -- Installing: /media/nerglite/New Volume/coolyeah/URO/Tucil-ROS2-VLG/install/turtlesim/include/turtlesim/turtlesim/srv/detail/spawn__struct.hpp
[71.700s] -- Installing: /media/nerglite/New Volume/coolyeah/URO/Tucil-ROS2-VLG/install/turtlesim/include/turtlesim/turtlesim/srv/detail/spawn__traits.hpp
[71.701s] -- Installing: /media/nerglite/New Volume/coolyeah/URO/Tucil-ROS2-VLG/install/turtlesim/include/turtlesim/turtlesim/srv/detail/teleport_absolute__builder.hpp
[71.701s] -- Installing: /media/nerglite/New Volume/coolyeah/URO/Tucil-ROS2-VLG/install/turtlesim/include/turtlesim/turtlesim/srv/detail/teleport_absolute__struct.hpp
[71.701s] -- Installing: /media/nerglite/New Volume/coolyeah/URO/Tucil-ROS2-VLG/install/turtlesim/include/turtlesim/turtlesim/srv/detail/teleport_absolute__traits.hpp
[71.701s] -- Installing: /media/nerglite/New Volume/coolyeah/URO/Tucil-ROS2-VLG/install/turtlesim/include/turtlesim/turtlesim/srv/detail/teleport_relative__builder.hpp
[71.701s] -- Installing: /media/nerglite/New Volume/coolyeah/URO/Tucil-ROS2-VLG/install/turtlesim/include/turtlesim/turtlesim/srv/detail/teleport_relative__struct.hpp
[71.702s] -- Installing: /media/nerglite/New Volume/coolyeah/URO/Tucil-ROS2-VLG/install/turtlesim/include/turtlesim/turtlesim/srv/detail/teleport_relative__traits.hpp
[71.702s] -- Installing: /media/nerglite/New Volume/coolyeah/URO/Tucil-ROS2-VLG/install/turtlesim/include/turtlesim/turtlesim/srv/kill.hpp
[71.702s] -- Installing: /media/nerglite/New Volume/coolyeah/URO/Tucil-ROS2-VLG/install/turtlesim/include/turtlesim/turtlesim/srv/set_pen.hpp
[71.702s] -- Installing: /media/nerglite/New Volume/coolyeah/URO/Tucil-ROS2-VLG/install/turtlesim/include/turtlesim/turtlesim/srv/spawn.hpp
[71.703s] -- Installing: /media/nerglite/New Volume/coolyeah/URO/Tucil-ROS2-VLG/install/turtlesim/include/turtlesim/turtlesim/srv/teleport_absolute.hpp
[71.703s] -- Installing: /media/nerglite/New Volume/coolyeah/URO/Tucil-ROS2-VLG/install/turtlesim/include/turtlesim/turtlesim/srv/teleport_relative.hpp
[71.703s] -- Up-to-date: /media/nerglite/New Volume/coolyeah/URO/Tucil-ROS2-VLG/install/turtlesim/include/turtlesim/turtlesim
[71.703s] -- Up-to-date: /media/nerglite/New Volume/coolyeah/URO/Tucil-ROS2-VLG/install/turtlesim/include/turtlesim/turtlesim/action
[71.703s] -- Up-to-date: /media/nerglite/New Volume/coolyeah/URO/Tucil-ROS2-VLG/install/turtlesim/include/turtlesim/turtlesim/action/detail
[71.704s] -- Installing: /media/nerglite/New Volume/coolyeah/URO/Tucil-ROS2-VLG/install/turtlesim/include/turtlesim/turtlesim/action/detail/dds_fastrtps
[71.704s] -- Installing: /media/nerglite/New Volume/coolyeah/URO/Tucil-ROS2-VLG/install/turtlesim/include/turtlesim/turtlesim/action/detail/rotate_absolute__rosidl_typesupport_fastrtps_cpp.hpp
[71.704s] -- Up-to-date: /media/nerglite/New Volume/coolyeah/URO/Tucil-ROS2-VLG/install/turtlesim/include/turtlesim/turtlesim/msg
[71.704s] -- Up-to-date: /media/nerglite/New Volume/coolyeah/URO/Tucil-ROS2-VLG/install/turtlesim/include/turtlesim/turtlesim/msg/detail
[71.704s] -- Installing: /media/nerglite/New Volume/coolyeah/URO/Tucil-ROS2-VLG/install/turtlesim/include/turtlesim/turtlesim/msg/detail/color__rosidl_typesupport_fastrtps_cpp.hpp
[71.705s] -- Installing: /media/nerglite/New Volume/coolyeah/URO/Tucil-ROS2-VLG/install/turtlesim/include/turtlesim/turtlesim/msg/detail/dds_fastrtps
[71.705s] -- Installing: /media/nerglite/New Volume/coolyeah/URO/Tucil-ROS2-VLG/install/turtlesim/include/turtlesim/turtlesim/msg/detail/pose__rosidl_typesupport_fastrtps_cpp.hpp
[71.705s] -- Installing: /media/nerglite/New Volume/coolyeah/URO/Tucil-ROS2-VLG/install/turtlesim/include/turtlesim/turtlesim/msg/rosidl_typesupport_fastrtps_cpp__visibility_control.h
[71.705s] -- Up-to-date: /media/nerglite/New Volume/coolyeah/URO/Tucil-ROS2-VLG/install/turtlesim/include/turtlesim/turtlesim/srv
[71.705s] -- Up-to-date: /media/nerglite/New Volume/coolyeah/URO/Tucil-ROS2-VLG/install/turtlesim/include/turtlesim/turtlesim/srv/detail
[71.706s] -- Installing: /media/nerglite/New Volume/coolyeah/URO/Tucil-ROS2-VLG/install/turtlesim/include/turtlesim/turtlesim/srv/detail/dds_fastrtps
[71.706s] -- Installing: /media/nerglite/New Volume/coolyeah/URO/Tucil-ROS2-VLG/install/turtlesim/include/turtlesim/turtlesim/srv/detail/kill__rosidl_typesupport_fastrtps_cpp.hpp
[71.706s] -- Installing: /media/nerglite/New Volume/coolyeah/URO/Tucil-ROS2-VLG/install/turtlesim/include/turtlesim/turtlesim/srv/detail/set_pen__rosidl_typesupport_fastrtps_cpp.hpp
[71.706s] -- Installing: /media/nerglite/New Volume/coolyeah/URO/Tucil-ROS2-VLG/install/turtlesim/include/turtlesim/turtlesim/srv/detail/spawn__rosidl_typesupport_fastrtps_cpp.hpp
[71.706s] -- Installing: /media/nerglite/New Volume/coolyeah/URO/Tucil-ROS2-VLG/install/turtlesim/include/turtlesim/turtlesim/srv/detail/teleport_absolute__rosidl_typesupport_fastrtps_cpp.hpp
[71.706s] -- Installing: /media/nerglite/New Volume/coolyeah/URO/Tucil-ROS2-VLG/install/turtlesim/include/turtlesim/turtlesim/srv/detail/teleport_relative__rosidl_typesupport_fastrtps_cpp.hpp
[71.707s] -- Installing: /media/nerglite/New Volume/coolyeah/URO/Tucil-ROS2-VLG/install/turtlesim/lib/libturtlesim__rosidl_typesupport_fastrtps_cpp.so
[71.707s] -- Set runtime path of "/media/nerglite/New Volume/coolyeah/URO/Tucil-ROS2-VLG/install/turtlesim/lib/libturtlesim__rosidl_typesupport_fastrtps_cpp.so" to ""
[71.707s] -- Up-to-date: /media/nerglite/New Volume/coolyeah/URO/Tucil-ROS2-VLG/install/turtlesim/include/turtlesim/turtlesim
[71.707s] -- Up-to-date: /media/nerglite/New Volume/coolyeah/URO/Tucil-ROS2-VLG/install/turtlesim/include/turtlesim/turtlesim/action
[71.707s] -- Up-to-date: /media/nerglite/New Volume/coolyeah/URO/Tucil-ROS2-VLG/install/turtlesim/include/turtlesim/turtlesim/action/detail
[71.708s] -- Installing: /media/nerglite/New Volume/coolyeah/URO/Tucil-ROS2-VLG/install/turtlesim/include/turtlesim/turtlesim/action/detail/rotate_absolute__rosidl_typesupport_introspection_c.h
[71.708s] -- Installing: /media/nerglite/New Volume/coolyeah/URO/Tucil-ROS2-VLG/install/turtlesim/include/turtlesim/turtlesim/action/detail/rotate_absolute__type_support.c
[71.708s] -- Up-to-date: /media/nerglite/New Volume/coolyeah/URO/Tucil-ROS2-VLG/install/turtlesim/include/turtlesim/turtlesim/msg
[71.708s] -- Up-to-date: /media/nerglite/New Volume/coolyeah/URO/Tucil-ROS2-VLG/install/turtlesim/include/turtlesim/turtlesim/msg/detail
[71.709s] -- Installing: /media/nerglite/New Volume/coolyeah/URO/Tucil-ROS2-VLG/install/turtlesim/include/turtlesim/turtlesim/msg/detail/color__rosidl_typesupport_introspection_c.h
[71.709s] -- Installing: /media/nerglite/New Volume/coolyeah/URO/Tucil-ROS2-VLG/install/turtlesim/include/turtlesim/turtlesim/msg/detail/color__type_support.c
[71.709s] -- Installing: /media/nerglite/New Volume/coolyeah/URO/Tucil-ROS2-VLG/install/turtlesim/include/turtlesim/turtlesim/msg/detail/pose__rosidl_typesupport_introspection_c.h
[71.709s] -- Installing: /media/nerglite/New Volume/coolyeah/URO/Tucil-ROS2-VLG/install/turtlesim/include/turtlesim/turtlesim/msg/detail/pose__type_support.c
[71.709s] -- Installing: /media/nerglite/New Volume/coolyeah/URO/Tucil-ROS2-VLG/install/turtlesim/include/turtlesim/turtlesim/msg/rosidl_typesupport_introspection_c__visibility_control.h
[71.709s] -- Up-to-date: /media/nerglite/New Volume/coolyeah/URO/Tucil-ROS2-VLG/install/turtlesim/include/turtlesim/turtlesim/srv
[71.710s] -- Up-to-date: /media/nerglite/New Volume/coolyeah/URO/Tucil-ROS2-VLG/install/turtlesim/include/turtlesim/turtlesim/srv/detail
[71.710s] -- Installing: /media/nerglite/New Volume/coolyeah/URO/Tucil-ROS2-VLG/install/turtlesim/include/turtlesim/turtlesim/srv/detail/kill__rosidl_typesupport_introspection_c.h
[71.710s] -- Installing: /media/nerglite/New Volume/coolyeah/URO/Tucil-ROS2-VLG/install/turtlesim/include/turtlesim/turtlesim/srv/detail/kill__type_support.c
[71.710s] -- Installing: /media/nerglite/New Volume/coolyeah/URO/Tucil-ROS2-VLG/install/turtlesim/include/turtlesim/turtlesim/srv/detail/set_pen__rosidl_typesupport_introspection_c.h
[71.710s] -- Installing: /media/nerglite/New Volume/coolyeah/URO/Tucil-ROS2-VLG/install/turtlesim/include/turtlesim/turtlesim/srv/detail/set_pen__type_support.c
[71.711s] -- Installing: /media/nerglite/New Volume/coolyeah/URO/Tucil-ROS2-VLG/install/turtlesim/include/turtlesim/turtlesim/srv/detail/spawn__rosidl_typesupport_introspection_c.h
[71.711s] -- Installing: /media/nerglite/New Volume/coolyeah/URO/Tucil-ROS2-VLG/install/turtlesim/include/turtlesim/turtlesim/srv/detail/spawn__type_support.c
[71.711s] -- Installing: /media/nerglite/New Volume/coolyeah/URO/Tucil-ROS2-VLG/install/turtlesim/include/turtlesim/turtlesim/srv/detail/teleport_absolute__rosidl_typesupport_introspection_c.h
[71.711s] -- Installing: /media/nerglite/New Volume/coolyeah/URO/Tucil-ROS2-VLG/install/turtlesim/include/turtlesim/turtlesim/srv/detail/teleport_absolute__type_support.c
[71.711s] -- Installing: /media/nerglite/New Volume/coolyeah/URO/Tucil-ROS2-VLG/install/turtlesim/include/turtlesim/turtlesim/srv/detail/teleport_relative__rosidl_typesupport_introspection_c.h
[71.711s] -- Installing: /media/nerglite/New Volume/coolyeah/URO/Tucil-ROS2-VLG/install/turtlesim/include/turtlesim/turtlesim/srv/detail/teleport_relative__type_support.c
[71.712s] -- Installing: /media/nerglite/New Volume/coolyeah/URO/Tucil-ROS2-VLG/install/turtlesim/lib/libturtlesim__rosidl_typesupport_introspection_c.so
[71.712s] -- Set runtime path of "/media/nerglite/New Volume/coolyeah/URO/Tucil-ROS2-VLG/install/turtlesim/lib/libturtlesim__rosidl_typesupport_introspection_c.so" to ""
[71.712s] -- Installing: /media/nerglite/New Volume/coolyeah/URO/Tucil-ROS2-VLG/install/turtlesim/lib/libturtlesim__rosidl_typesupport_c.so
[71.713s] -- Set runtime path of "/media/nerglite/New Volume/coolyeah/URO/Tucil-ROS2-VLG/install/turtlesim/lib/libturtlesim__rosidl_typesupport_c.so" to ""
[71.713s] -- Up-to-date: /media/nerglite/New Volume/coolyeah/URO/Tucil-ROS2-VLG/install/turtlesim/include/turtlesim/turtlesim
[71.713s] -- Up-to-date: /media/nerglite/New Volume/coolyeah/URO/Tucil-ROS2-VLG/install/turtlesim/include/turtlesim/turtlesim/action
[71.714s] -- Up-to-date: /media/nerglite/New Volume/coolyeah/URO/Tucil-ROS2-VLG/install/turtlesim/include/turtlesim/turtlesim/action/detail
[71.714s] -- Installing: /media/nerglite/New Volume/coolyeah/URO/Tucil-ROS2-VLG/install/turtlesim/include/turtlesim/turtlesim/action/detail/rotate_absolute__rosidl_typesupport_introspection_cpp.hpp
[71.714s] -- Installing: /media/nerglite/New Volume/coolyeah/URO/Tucil-ROS2-VLG/install/turtlesim/include/turtlesim/turtlesim/action/detail/rotate_absolute__type_support.cpp
[71.714s] -- Up-to-date: /media/nerglite/New Volume/coolyeah/URO/Tucil-ROS2-VLG/install/turtlesim/include/turtlesim/turtlesim/msg
[71.714s] -- Up-to-date: /media/nerglite/New Volume/coolyeah/URO/Tucil-ROS2-VLG/install/turtlesim/include/turtlesim/turtlesim/msg/detail
[71.715s] -- Installing: /media/nerglite/New Volume/coolyeah/URO/Tucil-ROS2-VLG/install/turtlesim/include/turtlesim/turtlesim/msg/detail/color__rosidl_typesupport_introspection_cpp.hpp
[71.715s] -- Installing: /media/nerglite/New Volume/coolyeah/URO/Tucil-ROS2-VLG/install/turtlesim/include/turtlesim/turtlesim/msg/detail/color__type_support.cpp
[71.715s] -- Installing: /media/nerglite/New Volume/coolyeah/URO/Tucil-ROS2-VLG/install/turtlesim/include/turtlesim/turtlesim/msg/detail/pose__rosidl_typesupport_introspection_cpp.hpp
[71.715s] -- Installing: /media/nerglite/New Volume/coolyeah/URO/Tucil-ROS2-VLG/install/turtlesim/include/turtlesim/turtlesim/msg/detail/pose__type_support.cpp
[71.715s] -- Up-to-date: /media/nerglite/New Volume/coolyeah/URO/Tucil-ROS2-VLG/install/turtlesim/include/turtlesim/turtlesim/srv
[71.715s] -- Up-to-date: /media/nerglite/New Volume/coolyeah/URO/Tucil-ROS2-VLG/install/turtlesim/include/turtlesim/turtlesim/srv/detail
[71.716s] -- Installing: /media/nerglite/New Volume/coolyeah/URO/Tucil-ROS2-VLG/install/turtlesim/include/turtlesim/turtlesim/srv/detail/kill__rosidl_typesupport_introspection_cpp.hpp
[71.716s] -- Installing: /media/nerglite/New Volume/coolyeah/URO/Tucil-ROS2-VLG/install/turtlesim/include/turtlesim/turtlesim/srv/detail/kill__type_support.cpp
[71.716s] -- Installing: /media/nerglite/New Volume/coolyeah/URO/Tucil-ROS2-VLG/install/turtlesim/include/turtlesim/turtlesim/srv/detail/set_pen__rosidl_typesupport_introspection_cpp.hpp
[71.716s] -- Installing: /media/nerglite/New Volume/coolyeah/URO/Tucil-ROS2-VLG/install/turtlesim/include/turtlesim/turtlesim/srv/detail/set_pen__type_support.cpp
[71.716s] -- Installing: /media/nerglite/New Volume/coolyeah/URO/Tucil-ROS2-VLG/install/turtlesim/include/turtlesim/turtlesim/srv/detail/spawn__rosidl_typesupport_introspection_cpp.hpp
[71.717s] -- Installing: /media/nerglite/New Volume/coolyeah/URO/Tucil-ROS2-VLG/install/turtlesim/include/turtlesim/turtlesim/srv/detail/spawn__type_support.cpp
[71.717s] -- Installing: /media/nerglite/New Volume/coolyeah/URO/Tucil-ROS2-VLG/install/turtlesim/include/turtlesim/turtlesim/srv/detail/teleport_absolute__rosidl_typesupport_introspection_cpp.hpp
[71.717s] -- Installing: /media/nerglite/New Volume/coolyeah/URO/Tucil-ROS2-VLG/install/turtlesim/include/turtlesim/turtlesim/srv/detail/teleport_absolute__type_support.cpp
[71.717s] -- Installing: /media/nerglite/New Volume/coolyeah/URO/Tucil-ROS2-VLG/install/turtlesim/include/turtlesim/turtlesim/srv/detail/teleport_relative__rosidl_typesupport_introspection_cpp.hpp
[71.717s] -- Installing: /media/nerglite/New Volume/coolyeah/URO/Tucil-ROS2-VLG/install/turtlesim/include/turtlesim/turtlesim/srv/detail/teleport_relative__type_support.cpp
[71.718s] -- Installing: /media/nerglite/New Volume/coolyeah/URO/Tucil-ROS2-VLG/install/turtlesim/lib/libturtlesim__rosidl_typesupport_introspection_cpp.so
[71.718s] -- Set runtime path of "/media/nerglite/New Volume/coolyeah/URO/Tucil-ROS2-VLG/install/turtlesim/lib/libturtlesim__rosidl_typesupport_introspection_cpp.so" to ""
[71.718s] -- Installing: /media/nerglite/New Volume/coolyeah/URO/Tucil-ROS2-VLG/install/turtlesim/lib/libturtlesim__rosidl_typesupport_cpp.so
[71.719s] -- Set runtime path of "/media/nerglite/New Volume/coolyeah/URO/Tucil-ROS2-VLG/install/turtlesim/lib/libturtlesim__rosidl_typesupport_cpp.so" to ""
[71.719s] -- Installing: /media/nerglite/New Volume/coolyeah/URO/Tucil-ROS2-VLG/install/turtlesim/share/turtlesim/environment/pythonpath.sh
[71.720s] -- Installing: /media/nerglite/New Volume/coolyeah/URO/Tucil-ROS2-VLG/install/turtlesim/share/turtlesim/environment/pythonpath.dsv
[71.720s] -- Installing: /media/nerglite/New Volume/coolyeah/URO/Tucil-ROS2-VLG/install/turtlesim/local/lib/python3.10/dist-packages/turtlesim-1.4.2-py3.10.egg-info
[71.720s] -- Installing: /media/nerglite/New Volume/coolyeah/URO/Tucil-ROS2-VLG/install/turtlesim/local/lib/python3.10/dist-packages/turtlesim-1.4.2-py3.10.egg-info/dependency_links.txt
[71.720s] -- Installing: /media/nerglite/New Volume/coolyeah/URO/Tucil-ROS2-VLG/install/turtlesim/local/lib/python3.10/dist-packages/turtlesim-1.4.2-py3.10.egg-info/PKG-INFO
[71.720s] -- Installing: /media/nerglite/New Volume/coolyeah/URO/Tucil-ROS2-VLG/install/turtlesim/local/lib/python3.10/dist-packages/turtlesim-1.4.2-py3.10.egg-info/SOURCES.txt
[71.721s] -- Installing: /media/nerglite/New Volume/coolyeah/URO/Tucil-ROS2-VLG/install/turtlesim/local/lib/python3.10/dist-packages/turtlesim-1.4.2-py3.10.egg-info/top_level.txt
[71.721s] -- Installing: /media/nerglite/New Volume/coolyeah/URO/Tucil-ROS2-VLG/install/turtlesim/local/lib/python3.10/dist-packages/turtlesim
[71.721s] -- Installing: /media/nerglite/New Volume/coolyeah/URO/Tucil-ROS2-VLG/install/turtlesim/local/lib/python3.10/dist-packages/turtlesim/action
[71.721s] -- Installing: /media/nerglite/New Volume/coolyeah/URO/Tucil-ROS2-VLG/install/turtlesim/local/lib/python3.10/dist-packages/turtlesim/action/_rotate_absolute.py
[71.721s] -- Installing: /media/nerglite/New Volume/coolyeah/URO/Tucil-ROS2-VLG/install/turtlesim/local/lib/python3.10/dist-packages/turtlesim/action/_rotate_absolute_s.c
[71.722s] -- Installing: /media/nerglite/New Volume/coolyeah/URO/Tucil-ROS2-VLG/install/turtlesim/local/lib/python3.10/dist-packages/turtlesim/action/__init__.py
[71.722s] -- Installing: /media/nerglite/New Volume/coolyeah/URO/Tucil-ROS2-VLG/install/turtlesim/local/lib/python3.10/dist-packages/turtlesim/libturtlesim__rosidl_generator_py.so
[71.722s] -- Installing: /media/nerglite/New Volume/coolyeah/URO/Tucil-ROS2-VLG/install/turtlesim/local/lib/python3.10/dist-packages/turtlesim/msg
[71.722s] -- Installing: /media/nerglite/New Volume/coolyeah/URO/Tucil-ROS2-VLG/install/turtlesim/local/lib/python3.10/dist-packages/turtlesim/msg/_color.py
[71.723s] -- Installing: /media/nerglite/New Volume/coolyeah/URO/Tucil-ROS2-VLG/install/turtlesim/local/lib/python3.10/dist-packages/turtlesim/msg/_color_s.c
[71.723s] -- Installing: /media/nerglite/New Volume/coolyeah/URO/Tucil-ROS2-VLG/install/turtlesim/local/lib/python3.10/dist-packages/turtlesim/msg/_pose.py
[71.723s] -- Installing: /media/nerglite/New Volume/coolyeah/URO/Tucil-ROS2-VLG/install/turtlesim/local/lib/python3.10/dist-packages/turtlesim/msg/_pose_s.c
[71.724s] -- Installing: /media/nerglite/New Volume/coolyeah/URO/Tucil-ROS2-VLG/install/turtlesim/local/lib/python3.10/dist-packages/turtlesim/msg/__init__.py
[71.724s] -- Installing: /media/nerglite/New Volume/coolyeah/URO/Tucil-ROS2-VLG/install/turtlesim/local/lib/python3.10/dist-packages/turtlesim/srv
[71.724s] -- Installing: /media/nerglite/New Volume/coolyeah/URO/Tucil-ROS2-VLG/install/turtlesim/local/lib/python3.10/dist-packages/turtlesim/srv/_kill.py
[71.724s] -- Installing: /media/nerglite/New Volume/coolyeah/URO/Tucil-ROS2-VLG/install/turtlesim/local/lib/python3.10/dist-packages/turtlesim/srv/_kill_s.c
[71.724s] -- Installing: /media/nerglite/New Volume/coolyeah/URO/Tucil-ROS2-VLG/install/turtlesim/local/lib/python3.10/dist-packages/turtlesim/srv/_set_pen.py
[71.725s] -- Installing: /media/nerglite/New Volume/coolyeah/URO/Tucil-ROS2-VLG/install/turtlesim/local/lib/python3.10/dist-packages/turtlesim/srv/_set_pen_s.c
[71.725s] -- Installing: /media/nerglite/New Volume/coolyeah/URO/Tucil-ROS2-VLG/install/turtlesim/local/lib/python3.10/dist-packages/turtlesim/srv/_spawn.py
[71.725s] -- Installing: /media/nerglite/New Volume/coolyeah/URO/Tucil-ROS2-VLG/install/turtlesim/local/lib/python3.10/dist-packages/turtlesim/srv/_spawn_s.c
[71.725s] -- Installing: /media/nerglite/New Volume/coolyeah/URO/Tucil-ROS2-VLG/install/turtlesim/local/lib/python3.10/dist-packages/turtlesim/srv/_teleport_absolute.py
[71.725s] -- Installing: /media/nerglite/New Volume/coolyeah/URO/Tucil-ROS2-VLG/install/turtlesim/local/lib/python3.10/dist-packages/turtlesim/srv/_teleport_absolute_s.c
[71.725s] -- Installing: /media/nerglite/New Volume/coolyeah/URO/Tucil-ROS2-VLG/install/turtlesim/local/lib/python3.10/dist-packages/turtlesim/srv/_teleport_relative.py
[71.726s] -- Installing: /media/nerglite/New Volume/coolyeah/URO/Tucil-ROS2-VLG/install/turtlesim/local/lib/python3.10/dist-packages/turtlesim/srv/_teleport_relative_s.c
[71.726s] -- Installing: /media/nerglite/New Volume/coolyeah/URO/Tucil-ROS2-VLG/install/turtlesim/local/lib/python3.10/dist-packages/turtlesim/srv/__init__.py
[71.726s] -- Installing: /media/nerglite/New Volume/coolyeah/URO/Tucil-ROS2-VLG/install/turtlesim/local/lib/python3.10/dist-packages/turtlesim/turtlesim_s__rosidl_typesupport_c.cpython-310-x86_64-linux-gnu.so
[71.727s] -- Installing: /media/nerglite/New Volume/coolyeah/URO/Tucil-ROS2-VLG/install/turtlesim/local/lib/python3.10/dist-packages/turtlesim/turtlesim_s__rosidl_typesupport_fastrtps_c.cpython-310-x86_64-linux-gnu.so
[71.727s] -- Installing: /media/nerglite/New Volume/coolyeah/URO/Tucil-ROS2-VLG/install/turtlesim/local/lib/python3.10/dist-packages/turtlesim/turtlesim_s__rosidl_typesupport_introspection_c.cpython-310-x86_64-linux-gnu.so
[71.727s] -- Installing: /media/nerglite/New Volume/coolyeah/URO/Tucil-ROS2-VLG/install/turtlesim/local/lib/python3.10/dist-packages/turtlesim/_turtlesim_s.ep.rosidl_typesupport_c.c
[71.728s] -- Installing: /media/nerglite/New Volume/coolyeah/URO/Tucil-ROS2-VLG/install/turtlesim/local/lib/python3.10/dist-packages/turtlesim/_turtlesim_s.ep.rosidl_typesupport_fastrtps_c.c
[71.728s] -- Installing: /media/nerglite/New Volume/coolyeah/URO/Tucil-ROS2-VLG/install/turtlesim/local/lib/python3.10/dist-packages/turtlesim/_turtlesim_s.ep.rosidl_typesupport_introspection_c.c
[71.728s] -- Installing: /media/nerglite/New Volume/coolyeah/URO/Tucil-ROS2-VLG/install/turtlesim/local/lib/python3.10/dist-packages/turtlesim/__init__.py
[71.804s] Listing '/media/nerglite/New Volume/coolyeah/URO/Tucil-ROS2-VLG/install/turtlesim/local/lib/python3.10/dist-packages/turtlesim'...
[71.804s] Compiling '/media/nerglite/New Volume/coolyeah/URO/Tucil-ROS2-VLG/install/turtlesim/local/lib/python3.10/dist-packages/turtlesim/__init__.py'...
[71.804s] Listing '/media/nerglite/New Volume/coolyeah/URO/Tucil-ROS2-VLG/install/turtlesim/local/lib/python3.10/dist-packages/turtlesim/action'...
[71.804s] Compiling '/media/nerglite/New Volume/coolyeah/URO/Tucil-ROS2-VLG/install/turtlesim/local/lib/python3.10/dist-packages/turtlesim/action/__init__.py'...
[71.804s] Compiling '/media/nerglite/New Volume/coolyeah/URO/Tucil-ROS2-VLG/install/turtlesim/local/lib/python3.10/dist-packages/turtlesim/action/_rotate_absolute.py'...
[71.805s] Listing '/media/nerglite/New Volume/coolyeah/URO/Tucil-ROS2-VLG/install/turtlesim/local/lib/python3.10/dist-packages/turtlesim/msg'...
[71.805s] Compiling '/media/nerglite/New Volume/coolyeah/URO/Tucil-ROS2-VLG/install/turtlesim/local/lib/python3.10/dist-packages/turtlesim/msg/__init__.py'...
[71.805s] Compiling '/media/nerglite/New Volume/coolyeah/URO/Tucil-ROS2-VLG/install/turtlesim/local/lib/python3.10/dist-packages/turtlesim/msg/_color.py'...
[71.805s] Compiling '/media/nerglite/New Volume/coolyeah/URO/Tucil-ROS2-VLG/install/turtlesim/local/lib/python3.10/dist-packages/turtlesim/msg/_pose.py'...
[71.805s] Listing '/media/nerglite/New Volume/coolyeah/URO/Tucil-ROS2-VLG/install/turtlesim/local/lib/python3.10/dist-packages/turtlesim/srv'...
[71.805s] Compiling '/media/nerglite/New Volume/coolyeah/URO/Tucil-ROS2-VLG/install/turtlesim/local/lib/python3.10/dist-packages/turtlesim/srv/__init__.py'...
[71.805s] Compiling '/media/nerglite/New Volume/coolyeah/URO/Tucil-ROS2-VLG/install/turtlesim/local/lib/python3.10/dist-packages/turtlesim/srv/_kill.py'...
[71.805s] Compiling '/media/nerglite/New Volume/coolyeah/URO/Tucil-ROS2-VLG/install/turtlesim/local/lib/python3.10/dist-packages/turtlesim/srv/_set_pen.py'...
[71.805s] Compiling '/media/nerglite/New Volume/coolyeah/URO/Tucil-ROS2-VLG/install/turtlesim/local/lib/python3.10/dist-packages/turtlesim/srv/_spawn.py'...
[71.805s] Compiling '/media/nerglite/New Volume/coolyeah/URO/Tucil-ROS2-VLG/install/turtlesim/local/lib/python3.10/dist-packages/turtlesim/srv/_teleport_absolute.py'...
[71.805s] Compiling '/media/nerglite/New Volume/coolyeah/URO/Tucil-ROS2-VLG/install/turtlesim/local/lib/python3.10/dist-packages/turtlesim/srv/_teleport_relative.py'...
[71.812s] -- Installing: /media/nerglite/New Volume/coolyeah/URO/Tucil-ROS2-VLG/install/turtlesim/local/lib/python3.10/dist-packages/turtlesim/turtlesim_s__rosidl_typesupport_fastrtps_c.cpython-310-x86_64-linux-gnu.so
[71.812s] -- Set runtime path of "/media/nerglite/New Volume/coolyeah/URO/Tucil-ROS2-VLG/install/turtlesim/local/lib/python3.10/dist-packages/turtlesim/turtlesim_s__rosidl_typesupport_fastrtps_c.cpython-310-x86_64-linux-gnu.so" to ""
[71.813s] -- Installing: /media/nerglite/New Volume/coolyeah/URO/Tucil-ROS2-VLG/install/turtlesim/local/lib/python3.10/dist-packages/turtlesim/turtlesim_s__rosidl_typesupport_introspection_c.cpython-310-x86_64-linux-gnu.so
[71.814s] -- Set runtime path of "/media/nerglite/New Volume/coolyeah/URO/Tucil-ROS2-VLG/install/turtlesim/local/lib/python3.10/dist-packages/turtlesim/turtlesim_s__rosidl_typesupport_introspection_c.cpython-310-x86_64-linux-gnu.so" to ""
[71.814s] -- Installing: /media/nerglite/New Volume/coolyeah/URO/Tucil-ROS2-VLG/install/turtlesim/local/lib/python3.10/dist-packages/turtlesim/turtlesim_s__rosidl_typesupport_c.cpython-310-x86_64-linux-gnu.so
[71.815s] -- Set runtime path of "/media/nerglite/New Volume/coolyeah/URO/Tucil-ROS2-VLG/install/turtlesim/local/lib/python3.10/dist-packages/turtlesim/turtlesim_s__rosidl_typesupport_c.cpython-310-x86_64-linux-gnu.so" to ""
[71.815s] -- Installing: /media/nerglite/New Volume/coolyeah/URO/Tucil-ROS2-VLG/install/turtlesim/lib/libturtlesim__rosidl_generator_py.so
[71.816s] -- Set runtime path of "/media/nerglite/New Volume/coolyeah/URO/Tucil-ROS2-VLG/install/turtlesim/lib/libturtlesim__rosidl_generator_py.so" to ""
[71.816s] -- Installing: /media/nerglite/New Volume/coolyeah/URO/Tucil-ROS2-VLG/install/turtlesim/share/turtlesim/action/RotateAbsolute.idl
[71.817s] -- Installing: /media/nerglite/New Volume/coolyeah/URO/Tucil-ROS2-VLG/install/turtlesim/share/turtlesim/msg/Color.idl
[71.817s] -- Installing: /media/nerglite/New Volume/coolyeah/URO/Tucil-ROS2-VLG/install/turtlesim/share/turtlesim/msg/Pose.idl
[71.818s] -- Installing: /media/nerglite/New Volume/coolyeah/URO/Tucil-ROS2-VLG/install/turtlesim/share/turtlesim/srv/Kill.idl
[71.818s] -- Installing: /media/nerglite/New Volume/coolyeah/URO/Tucil-ROS2-VLG/install/turtlesim/share/turtlesim/srv/SetPen.idl
[71.818s] -- Installing: /media/nerglite/New Volume/coolyeah/URO/Tucil-ROS2-VLG/install/turtlesim/share/turtlesim/srv/Spawn.idl
[71.819s] -- Installing: /media/nerglite/New Volume/coolyeah/URO/Tucil-ROS2-VLG/install/turtlesim/share/turtlesim/srv/TeleportAbsolute.idl
[71.819s] -- Installing: /media/nerglite/New Volume/coolyeah/URO/Tucil-ROS2-VLG/install/turtlesim/share/turtlesim/srv/TeleportRelative.idl
[71.819s] -- Installing: /media/nerglite/New Volume/coolyeah/URO/Tucil-ROS2-VLG/install/turtlesim/share/turtlesim/action/RotateAbsolute.action
[71.820s] -- Installing: /media/nerglite/New Volume/coolyeah/URO/Tucil-ROS2-VLG/install/turtlesim/share/turtlesim/msg/Color.msg
[71.820s] -- Installing: /media/nerglite/New Volume/coolyeah/URO/Tucil-ROS2-VLG/install/turtlesim/share/turtlesim/msg/Pose.msg
[71.820s] -- Installing: /media/nerglite/New Volume/coolyeah/URO/Tucil-ROS2-VLG/install/turtlesim/share/turtlesim/srv/Kill.srv
[71.821s] -- Installing: /media/nerglite/New Volume/coolyeah/URO/Tucil-ROS2-VLG/install/turtlesim/share/turtlesim/srv/Kill_Request.msg
[71.821s] -- Installing: /media/nerglite/New Volume/coolyeah/URO/Tucil-ROS2-VLG/install/turtlesim/share/turtlesim/srv/Kill_Response.msg
[71.821s] -- Installing: /media/nerglite/New Volume/coolyeah/URO/Tucil-ROS2-VLG/install/turtlesim/share/turtlesim/srv/SetPen.srv
[71.821s] -- Installing: /media/nerglite/New Volume/coolyeah/URO/Tucil-ROS2-VLG/install/turtlesim/share/turtlesim/srv/SetPen_Request.msg
[71.822s] -- Installing: /media/nerglite/New Volume/coolyeah/URO/Tucil-ROS2-VLG/install/turtlesim/share/turtlesim/srv/SetPen_Response.msg
[71.822s] -- Installing: /media/nerglite/New Volume/coolyeah/URO/Tucil-ROS2-VLG/install/turtlesim/share/turtlesim/srv/Spawn.srv
[71.822s] -- Installing: /media/nerglite/New Volume/coolyeah/URO/Tucil-ROS2-VLG/install/turtlesim/share/turtlesim/srv/Spawn_Request.msg
[71.823s] -- Installing: /media/nerglite/New Volume/coolyeah/URO/Tucil-ROS2-VLG/install/turtlesim/share/turtlesim/srv/Spawn_Response.msg
[71.823s] -- Installing: /media/nerglite/New Volume/coolyeah/URO/Tucil-ROS2-VLG/install/turtlesim/share/turtlesim/srv/TeleportAbsolute.srv
[71.823s] -- Installing: /media/nerglite/New Volume/coolyeah/URO/Tucil-ROS2-VLG/install/turtlesim/share/turtlesim/srv/TeleportAbsolute_Request.msg
[71.824s] -- Installing: /media/nerglite/New Volume/coolyeah/URO/Tucil-ROS2-VLG/install/turtlesim/share/turtlesim/srv/TeleportAbsolute_Response.msg
[71.824s] -- Installing: /media/nerglite/New Volume/coolyeah/URO/Tucil-ROS2-VLG/install/turtlesim/share/turtlesim/srv/TeleportRelative.srv
[71.825s] -- Installing: /media/nerglite/New Volume/coolyeah/URO/Tucil-ROS2-VLG/install/turtlesim/share/turtlesim/srv/TeleportRelative_Request.msg
[71.825s] -- Installing: /media/nerglite/New Volume/coolyeah/URO/Tucil-ROS2-VLG/install/turtlesim/share/turtlesim/srv/TeleportRelative_Response.msg
[71.825s] -- Installing: /media/nerglite/New Volume/coolyeah/URO/Tucil-ROS2-VLG/install/turtlesim/lib/turtlesim/turtlesim_node
[71.838s] -- Set runtime path of "/media/nerglite/New Volume/coolyeah/URO/Tucil-ROS2-VLG/install/turtlesim/lib/turtlesim/turtlesim_node" to ""
[71.838s] -- Installing: /media/nerglite/New Volume/coolyeah/URO/Tucil-ROS2-VLG/install/turtlesim/lib/turtlesim/turtle_teleop_key
[71.841s] -- Set runtime path of "/media/nerglite/New Volume/coolyeah/URO/Tucil-ROS2-VLG/install/turtlesim/lib/turtlesim/turtle_teleop_key" to ""
[71.841s] -- Installing: /media/nerglite/New Volume/coolyeah/URO/Tucil-ROS2-VLG/install/turtlesim/lib/turtlesim/turtle_move
[71.843s] -- Set runtime path of "/media/nerglite/New Volume/coolyeah/URO/Tucil-ROS2-VLG/install/turtlesim/lib/turtlesim/turtle_move" to ""
[71.844s] -- Installing: /media/nerglite/New Volume/coolyeah/URO/Tucil-ROS2-VLG/install/turtlesim/lib/turtlesim/turtle_angle
[71.849s] -- Set runtime path of "/media/nerglite/New Volume/coolyeah/URO/Tucil-ROS2-VLG/install/turtlesim/lib/turtlesim/turtle_angle" to ""
[71.849s] -- Installing: /media/nerglite/New Volume/coolyeah/URO/Tucil-ROS2-VLG/install/turtlesim/lib/turtlesim/turtle_go_here
[71.855s] -- Set runtime path of "/media/nerglite/New Volume/coolyeah/URO/Tucil-ROS2-VLG/install/turtlesim/lib/turtlesim/turtle_go_here" to ""
[71.855s] -- Installing: /media/nerglite/New Volume/coolyeah/URO/Tucil-ROS2-VLG/install/turtlesim/lib/turtlesim/draw_square
[71.861s] -- Set runtime path of "/media/nerglite/New Volume/coolyeah/URO/Tucil-ROS2-VLG/install/turtlesim/lib/turtlesim/draw_square" to ""
[71.862s] -- Installing: /media/nerglite/New Volume/coolyeah/URO/Tucil-ROS2-VLG/install/turtlesim/lib/turtlesim/mimic
[71.867s] -- Set runtime path of "/media/nerglite/New Volume/coolyeah/URO/Tucil-ROS2-VLG/install/turtlesim/lib/turtlesim/mimic" to ""
[71.867s] -- Installing: /media/nerglite/New Volume/coolyeah/URO/Tucil-ROS2-VLG/install/turtlesim/share/turtlesim/images
[71.867s] -- Installing: /media/nerglite/New Volume/coolyeah/URO/Tucil-ROS2-VLG/install/turtlesim/share/turtlesim/images/ardent.png
[71.868s] -- Installing: /media/nerglite/New Volume/coolyeah/URO/Tucil-ROS2-VLG/install/turtlesim/share/turtlesim/images/bouncy.png
[71.868s] -- Installing: /media/nerglite/New Volume/coolyeah/URO/Tucil-ROS2-VLG/install/turtlesim/share/turtlesim/images/crystal.png
[71.868s] -- Installing: /media/nerglite/New Volume/coolyeah/URO/Tucil-ROS2-VLG/install/turtlesim/share/turtlesim/images/dashing.png
[71.869s] -- Installing: /media/nerglite/New Volume/coolyeah/URO/Tucil-ROS2-VLG/install/turtlesim/share/turtlesim/images/eloquent.png
[71.869s] -- Installing: /media/nerglite/New Volume/coolyeah/URO/Tucil-ROS2-VLG/install/turtlesim/share/turtlesim/images/foxy.png
[71.869s] -- Installing: /media/nerglite/New Volume/coolyeah/URO/Tucil-ROS2-VLG/install/turtlesim/share/turtlesim/images/galactic.png
[71.869s] -- Installing: /media/nerglite/New Volume/coolyeah/URO/Tucil-ROS2-VLG/install/turtlesim/share/turtlesim/images/humble.png
[71.869s] -- Installing: /media/nerglite/New Volume/coolyeah/URO/Tucil-ROS2-VLG/install/turtlesim/share/turtlesim/images/rolling.png
[71.870s] -- Installing: /media/nerglite/New Volume/coolyeah/URO/Tucil-ROS2-VLG/install/turtlesim/share/turtlesim/launch
[71.870s] -- Installing: /media/nerglite/New Volume/coolyeah/URO/Tucil-ROS2-VLG/install/turtlesim/share/turtlesim/launch/multisim.launch.py
[71.870s] -- Installing: /media/nerglite/New Volume/coolyeah/URO/Tucil-ROS2-VLG/install/turtlesim/share/ament_index/resource_index/package_run_dependencies/turtlesim
[71.871s] -- Installing: /media/nerglite/New Volume/coolyeah/URO/Tucil-ROS2-VLG/install/turtlesim/share/ament_index/resource_index/parent_prefix_path/turtlesim
[71.871s] -- Installing: /media/nerglite/New Volume/coolyeah/URO/Tucil-ROS2-VLG/install/turtlesim/share/turtlesim/environment/ament_prefix_path.sh
[71.872s] -- Installing: /media/nerglite/New Volume/coolyeah/URO/Tucil-ROS2-VLG/install/turtlesim/share/turtlesim/environment/ament_prefix_path.dsv
[71.872s] -- Installing: /media/nerglite/New Volume/coolyeah/URO/Tucil-ROS2-VLG/install/turtlesim/share/turtlesim/environment/path.sh
[71.872s] -- Installing: /media/nerglite/New Volume/coolyeah/URO/Tucil-ROS2-VLG/install/turtlesim/share/turtlesim/environment/path.dsv
[71.873s] -- Installing: /media/nerglite/New Volume/coolyeah/URO/Tucil-ROS2-VLG/install/turtlesim/share/turtlesim/local_setup.bash
[71.873s] -- Installing: /media/nerglite/New Volume/coolyeah/URO/Tucil-ROS2-VLG/install/turtlesim/share/turtlesim/local_setup.sh
[71.873s] -- Installing: /media/nerglite/New Volume/coolyeah/URO/Tucil-ROS2-VLG/install/turtlesim/share/turtlesim/local_setup.zsh
[71.873s] -- Installing: /media/nerglite/New Volume/coolyeah/URO/Tucil-ROS2-VLG/install/turtlesim/share/turtlesim/local_setup.dsv
[71.874s] -- Installing: /media/nerglite/New Volume/coolyeah/URO/Tucil-ROS2-VLG/install/turtlesim/share/turtlesim/package.dsv
[71.874s] -- Installing: /media/nerglite/New Volume/coolyeah/URO/Tucil-ROS2-VLG/install/turtlesim/share/ament_index/resource_index/packages/turtlesim
[71.875s] -- Installing: /media/nerglite/New Volume/coolyeah/URO/Tucil-ROS2-VLG/install/turtlesim/share/turtlesim/cmake/export_turtlesim__rosidl_generator_cExport.cmake
[71.875s] -- Installing: /media/nerglite/New Volume/coolyeah/URO/Tucil-ROS2-VLG/install/turtlesim/share/turtlesim/cmake/export_turtlesim__rosidl_generator_cExport-noconfig.cmake
[71.875s] -- Installing: /media/nerglite/New Volume/coolyeah/URO/Tucil-ROS2-VLG/install/turtlesim/share/turtlesim/cmake/export_turtlesim__rosidl_typesupport_fastrtps_cExport.cmake
[71.875s] -- Installing: /media/nerglite/New Volume/coolyeah/URO/Tucil-ROS2-VLG/install/turtlesim/share/turtlesim/cmake/export_turtlesim__rosidl_typesupport_fastrtps_cExport-noconfig.cmake
[71.876s] -- Installing: /media/nerglite/New Volume/coolyeah/URO/Tucil-ROS2-VLG/install/turtlesim/share/turtlesim/cmake/export_turtlesim__rosidl_generator_cppExport.cmake
[71.876s] -- Installing: /media/nerglite/New Volume/coolyeah/URO/Tucil-ROS2-VLG/install/turtlesim/share/turtlesim/cmake/export_turtlesim__rosidl_typesupport_fastrtps_cppExport.cmake
[71.876s] -- Installing: /media/nerglite/New Volume/coolyeah/URO/Tucil-ROS2-VLG/install/turtlesim/share/turtlesim/cmake/export_turtlesim__rosidl_typesupport_fastrtps_cppExport-noconfig.cmake
[71.877s] -- Installing: /media/nerglite/New Volume/coolyeah/URO/Tucil-ROS2-VLG/install/turtlesim/share/turtlesim/cmake/turtlesim__rosidl_typesupport_introspection_cExport.cmake
[71.877s] -- Installing: /media/nerglite/New Volume/coolyeah/URO/Tucil-ROS2-VLG/install/turtlesim/share/turtlesim/cmake/turtlesim__rosidl_typesupport_introspection_cExport-noconfig.cmake
[71.877s] -- Installing: /media/nerglite/New Volume/coolyeah/URO/Tucil-ROS2-VLG/install/turtlesim/share/turtlesim/cmake/turtlesim__rosidl_typesupport_cExport.cmake
[71.878s] -- Installing: /media/nerglite/New Volume/coolyeah/URO/Tucil-ROS2-VLG/install/turtlesim/share/turtlesim/cmake/turtlesim__rosidl_typesupport_cExport-noconfig.cmake
[71.878s] -- Installing: /media/nerglite/New Volume/coolyeah/URO/Tucil-ROS2-VLG/install/turtlesim/share/turtlesim/cmake/turtlesim__rosidl_typesupport_introspection_cppExport.cmake
[71.878s] -- Installing: /media/nerglite/New Volume/coolyeah/URO/Tucil-ROS2-VLG/install/turtlesim/share/turtlesim/cmake/turtlesim__rosidl_typesupport_introspection_cppExport-noconfig.cmake
[71.878s] -- Installing: /media/nerglite/New Volume/coolyeah/URO/Tucil-ROS2-VLG/install/turtlesim/share/turtlesim/cmake/turtlesim__rosidl_typesupport_cppExport.cmake
[71.879s] -- Installing: /media/nerglite/New Volume/coolyeah/URO/Tucil-ROS2-VLG/install/turtlesim/share/turtlesim/cmake/turtlesim__rosidl_typesupport_cppExport-noconfig.cmake
[71.879s] -- Installing: /media/nerglite/New Volume/coolyeah/URO/Tucil-ROS2-VLG/install/turtlesim/share/turtlesim/cmake/export_turtlesim__rosidl_generator_pyExport.cmake
[71.879s] -- Installing: /media/nerglite/New Volume/coolyeah/URO/Tucil-ROS2-VLG/install/turtlesim/share/turtlesim/cmake/export_turtlesim__rosidl_generator_pyExport-noconfig.cmake
[71.880s] -- Installing: /media/nerglite/New Volume/coolyeah/URO/Tucil-ROS2-VLG/install/turtlesim/share/turtlesim/cmake/rosidl_cmake-extras.cmake
[71.880s] -- Installing: /media/nerglite/New Volume/coolyeah/URO/Tucil-ROS2-VLG/install/turtlesim/share/turtlesim/cmake/ament_cmake_export_dependencies-extras.cmake
[71.880s] -- Installing: /media/nerglite/New Volume/coolyeah/URO/Tucil-ROS2-VLG/install/turtlesim/share/turtlesim/cmake/ament_cmake_export_include_directories-extras.cmake
[71.881s] -- Installing: /media/nerglite/New Volume/coolyeah/URO/Tucil-ROS2-VLG/install/turtlesim/share/turtlesim/cmake/ament_cmake_export_libraries-extras.cmake
[71.881s] -- Installing: /media/nerglite/New Volume/coolyeah/URO/Tucil-ROS2-VLG/install/turtlesim/share/turtlesim/cmake/ament_cmake_export_targets-extras.cmake
[71.881s] -- Installing: /media/nerglite/New Volume/coolyeah/URO/Tucil-ROS2-VLG/install/turtlesim/share/turtlesim/cmake/rosidl_cmake_export_typesupport_targets-extras.cmake
[71.882s] -- Installing: /media/nerglite/New Volume/coolyeah/URO/Tucil-ROS2-VLG/install/turtlesim/share/turtlesim/cmake/rosidl_cmake_export_typesupport_libraries-extras.cmake
[71.882s] -- Installing: /media/nerglite/New Volume/coolyeah/URO/Tucil-ROS2-VLG/install/turtlesim/share/turtlesim/cmake/turtlesimConfig.cmake
[71.882s] -- Installing: /media/nerglite/New Volume/coolyeah/URO/Tucil-ROS2-VLG/install/turtlesim/share/turtlesim/cmake/turtlesimConfig-version.cmake
[71.882s] -- Installing: /media/nerglite/New Volume/coolyeah/URO/Tucil-ROS2-VLG/install/turtlesim/share/turtlesim/package.xml
[71.886s] Invoked command in '/media/nerglite/New Volume/coolyeah/URO/Tucil-ROS2-VLG/build/turtlesim' returned '0': CMAKE_PREFIX_PATH=/opt/ros/humble /usr/bin/cmake --install /media/nerglite/New Volume/coolyeah/URO/Tucil-ROS2-VLG/build/turtlesim
