[0.020s] Invoking command in '/media/nerglite/New Volume/coolyeah/URO/TUGAS 1/build/turtlesim': CMAKE_PREFIX_PATH=/opt/ros/humble /usr/bin/cmake /media/nerglite/New Volume/coolyeah/URO/TUGAS 1/src/turtlesim -DCMAKE_INSTALL_PREFIX=/media/nerglite/New Volume/coolyeah/URO/TUGAS 1/install/turtlesim
[0.099s] -- The C compiler identification is GNU 11.4.0
[0.186s] -- The CXX compiler identification is GNU 11.4.0
[0.197s] -- Detecting C compiler ABI info
[0.297s] -- Detecting C compiler ABI info - done
[0.310s] -- Check for working C compiler: /usr/bin/cc - skipped
[0.310s] -- Detecting C compile features
[0.311s] -- Detecting C compile features - done
[0.316s] -- Detecting CXX compiler ABI info
[0.433s] -- Detecting CXX compiler ABI info - done
[0.445s] -- Check for working CXX compiler: /usr/bin/c++ - skipped
[0.445s] -- Detecting CXX compile features
[0.446s] -- Detecting CXX compile features - done
[0.514s] -- Found ament_cmake: 1.3.5 (/opt/ros/humble/share/ament_cmake/cmake)
[0.932s] -- Found Python3: /usr/bin/python3.10 (found version "3.10.12") found components: Interpreter 
[1.202s] -- Found ament_index_cpp: 1.4.0 (/opt/ros/humble/share/ament_index_cpp/cmake)
[1.217s] -- Found geometry_msgs: 4.2.3 (/opt/ros/humble/share/geometry_msgs/cmake)
[1.473s] -- Found rosidl_generator_c: 3.1.5 (/opt/ros/humble/share/rosidl_generator_c/cmake)
[1.508s] -- Found rosidl_adapter: 3.1.5 (/opt/ros/humble/share/rosidl_adapter/cmake)
[1.556s] -- Found rosidl_generator_cpp: 3.1.5 (/opt/ros/humble/share/rosidl_generator_cpp/cmake)
[1.624s] -- Using all available rosidl_typesupport_c: rosidl_typesupport_fastrtps_c;rosidl_typesupport_introspection_c
[1.669s] -- Using all available rosidl_typesupport_cpp: rosidl_typesupport_fastrtps_cpp;rosidl_typesupport_introspection_cpp
[2.160s] -- Found rclcpp: 16.0.5 (/opt/ros/humble/share/rclcpp/cmake)
[2.355s] -- Found rmw_implementation_cmake: 6.1.1 (/opt/ros/humble/share/rmw_implementation_cmake/cmake)
[2.366s] -- Found rmw_fastrtps_cpp: 6.2.3 (/opt/ros/humble/share/rmw_fastrtps_cpp/cmake)
[2.834s] -- Found OpenSSL: /usr/lib/x86_64-linux-gnu/libcrypto.so (found version "3.0.2")  
[2.890s] -- Found FastRTPS: /opt/ros/humble/include  
[2.966s] -- Using RMW implementation 'rmw_fastrtps_cpp' as default
[3.055s] -- Looking for pthread.h
[3.182s] -- Looking for pthread.h - found
[3.183s] -- Performing Test CMAKE_HAVE_LIBC_PTHREAD
[3.291s] -- Performing Test CMAKE_HAVE_LIBC_PTHREAD - Success
[3.293s] -- Found Threads: TRUE  
[3.642s] -- Found rclcpp_action: 16.0.5 (/opt/ros/humble/share/rclcpp_action/cmake)
[3.855s] -- Found rosidl_default_generators: 1.2.0 (/opt/ros/humble/share/rosidl_default_generators/cmake)
[3.931s] -- Found std_srvs: 4.2.3 (/opt/ros/humble/share/std_srvs/cmake)
[4.535s] -- Found ament_cmake_ros: 0.10.0 (/opt/ros/humble/share/ament_cmake_ros/cmake)
[5.116s] -- Using all available rosidl_typesupport_c: rosidl_typesupport_fastrtps_c;rosidl_typesupport_introspection_c
[5.305s] -- Using all available rosidl_typesupport_cpp: rosidl_typesupport_fastrtps_cpp;rosidl_typesupport_introspection_cpp
[5.342s] -- Found PythonInterp: /usr/bin/python3 (found suitable version "3.10.12", minimum required is "3.6") 
[5.344s] -- Found python_cmake_module: 0.10.0 (/opt/ros/humble/share/python_cmake_module/cmake)
[5.499s] -- Found PythonLibs: /usr/lib/x86_64-linux-gnu/libpython3.10.so (found suitable version "3.10.12", minimum required is "3.5") 
[5.499s] -- Using PYTHON_EXECUTABLE: /usr/bin/python3
[5.500s] -- Using PYTHON_INCLUDE_DIRS: /usr/include/python3.10
[5.500s] -- Using PYTHON_LIBRARIES: /usr/lib/x86_64-linux-gnu/libpython3.10.so
[5.553s] -- Found PythonExtra: .so  
[5.673s] -- Configuring done
[5.904s] -- Generating done
[5.910s] -- Build files have been written to: /media/nerglite/New Volume/coolyeah/URO/TUGAS 1/build/turtlesim
[5.929s] Invoked command in '/media/nerglite/New Volume/coolyeah/URO/TUGAS 1/build/turtlesim' returned '0': CMAKE_PREFIX_PATH=/opt/ros/humble /usr/bin/cmake /media/nerglite/New Volume/coolyeah/URO/TUGAS 1/src/turtlesim -DCMAKE_INSTALL_PREFIX=/media/nerglite/New Volume/coolyeah/URO/TUGAS 1/install/turtlesim
[5.932s] Invoking command in '/media/nerglite/New Volume/coolyeah/URO/TUGAS 1/build/turtlesim': CMAKE_PREFIX_PATH=/opt/ros/humble /usr/bin/cmake --build /media/nerglite/New Volume/coolyeah/URO/TUGAS 1/build/turtlesim -- -j4 -l4
[6.003s] [  1%] [34m[1mGenerating C code for ROS interfaces[0m
[6.020s] [  2%] [34m[1mGenerating C++ code for ROS interfaces[0m
[6.038s] [  2%] Built target ament_cmake_python_copy_turtlesim
[6.628s] running egg_info
[6.631s] creating turtlesim.egg-info
[6.631s] writing turtlesim.egg-info/PKG-INFO
[6.631s] writing dependency_links to turtlesim.egg-info/dependency_links.txt
[6.631s] writing top-level names to turtlesim.egg-info/top_level.txt
[6.631s] writing manifest file 'turtlesim.egg-info/SOURCES.txt'
[6.649s] reading manifest file 'turtlesim.egg-info/SOURCES.txt'
[6.650s] writing manifest file 'turtlesim.egg-info/SOURCES.txt'
[6.691s] [  2%] Built target ament_cmake_python_build_turtlesim_egg
[8.634s] [  2%] Built target turtlesim__cpp
[8.656s] [  3%] [34m[1mGenerating C++ type support dispatch for ROS interfaces[0m
[8.657s] [  5%] [34m[1mGenerating C++ introspection for ROS interfaces[0m
[8.657s] [  5%] [34m[1mGenerating C++ type support for eProsima Fast-RTPS[0m
[9.467s] [  6%] [32mBuilding C object CMakeFiles/turtlesim__rosidl_generator_c.dir/rosidl_generator_c/turtlesim/action/detail/rotate_absolute__functions.c.o[0m
[10.023s] [  7%] [32mBuilding C object CMakeFiles/turtlesim__rosidl_generator_c.dir/rosidl_generator_c/turtlesim/msg/detail/color__functions.c.o[0m
[10.135s] [  8%] [32mBuilding C object CMakeFiles/turtlesim__rosidl_generator_c.dir/rosidl_generator_c/turtlesim/msg/detail/pose__functions.c.o[0m
[10.249s] [  9%] [32mBuilding C object CMakeFiles/turtlesim__rosidl_generator_c.dir/rosidl_generator_c/turtlesim/srv/detail/kill__functions.c.o[0m
[10.259s] [ 10%] [32mBuilding CXX object CMakeFiles/turtlesim__rosidl_typesupport_cpp.dir/rosidl_typesupport_cpp/turtlesim/action/rotate_absolute__type_support.cpp.o[0m
[10.388s] [ 11%] [32mBuilding C object CMakeFiles/turtlesim__rosidl_generator_c.dir/rosidl_generator_c/turtlesim/srv/detail/set_pen__functions.c.o[0m
[10.525s] [ 12%] [32mBuilding C object CMakeFiles/turtlesim__rosidl_generator_c.dir/rosidl_generator_c/turtlesim/srv/detail/spawn__functions.c.o[0m
[10.633s] [ 13%] [32mBuilding C object CMakeFiles/turtlesim__rosidl_generator_c.dir/rosidl_generator_c/turtlesim/srv/detail/teleport_absolute__functions.c.o[0m
[10.751s] [ 14%] [32mBuilding C object CMakeFiles/turtlesim__rosidl_generator_c.dir/rosidl_generator_c/turtlesim/srv/detail/teleport_relative__functions.c.o[0m
[10.808s] [ 15%] [32mBuilding CXX object CMakeFiles/turtlesim__rosidl_typesupport_introspection_cpp.dir/rosidl_typesupport_introspection_cpp/turtlesim/action/detail/rotate_absolute__type_support.cpp.o[0m
[10.867s] [ 16%] [32m[1mLinking C shared library libturtlesim__rosidl_generator_c.so[0m
[11.036s] [ 16%] Built target turtlesim__rosidl_generator_c
[11.054s] [ 17%] [32mBuilding CXX object CMakeFiles/turtlesim__rosidl_typesupport_introspection_cpp.dir/rosidl_typesupport_introspection_cpp/turtlesim/msg/detail/color__type_support.cpp.o[0m
[11.122s] [ 18%] [32mBuilding CXX object CMakeFiles/turtlesim__rosidl_typesupport_fastrtps_cpp.dir/rosidl_typesupport_fastrtps_cpp/turtlesim/action/detail/dds_fastrtps/rotate_absolute__type_support.cpp.o[0m
[12.298s] [ 19%] [32mBuilding CXX object CMakeFiles/turtlesim__rosidl_typesupport_introspection_cpp.dir/rosidl_typesupport_introspection_cpp/turtlesim/msg/detail/pose__type_support.cpp.o[0m
[12.429s] [ 20%] [32mBuilding CXX object CMakeFiles/turtlesim__rosidl_typesupport_cpp.dir/rosidl_typesupport_cpp/turtlesim/msg/color__type_support.cpp.o[0m
[12.698s] [ 21%] [32mBuilding CXX object CMakeFiles/turtlesim__rosidl_typesupport_fastrtps_cpp.dir/rosidl_typesupport_fastrtps_cpp/turtlesim/msg/detail/dds_fastrtps/color__type_support.cpp.o[0m
[12.788s] [ 22%] [32mBuilding CXX object CMakeFiles/turtlesim__rosidl_typesupport_introspection_cpp.dir/rosidl_typesupport_introspection_cpp/turtlesim/srv/detail/kill__type_support.cpp.o[0m
[13.102s] [ 23%] [32mBuilding CXX object CMakeFiles/turtlesim__rosidl_typesupport_cpp.dir/rosidl_typesupport_cpp/turtlesim/msg/pose__type_support.cpp.o[0m
[13.273s] [ 24%] [32mBuilding CXX object CMakeFiles/turtlesim__rosidl_typesupport_introspection_cpp.dir/rosidl_typesupport_introspection_cpp/turtlesim/srv/detail/set_pen__type_support.cpp.o[0m
[13.731s] [ 25%] [32mBuilding CXX object CMakeFiles/turtlesim__rosidl_typesupport_fastrtps_cpp.dir/rosidl_typesupport_fastrtps_cpp/turtlesim/msg/detail/dds_fastrtps/pose__type_support.cpp.o[0m
[13.794s] [ 26%] [32mBuilding CXX object CMakeFiles/turtlesim__rosidl_typesupport_introspection_cpp.dir/rosidl_typesupport_introspection_cpp/turtlesim/srv/detail/spawn__type_support.cpp.o[0m
[13.869s] [ 27%] [32mBuilding CXX object CMakeFiles/turtlesim__rosidl_typesupport_cpp.dir/rosidl_typesupport_cpp/turtlesim/srv/kill__type_support.cpp.o[0m
[14.248s] [ 28%] [32mBuilding CXX object CMakeFiles/turtlesim__rosidl_typesupport_introspection_cpp.dir/rosidl_typesupport_introspection_cpp/turtlesim/srv/detail/teleport_absolute__type_support.cpp.o[0m
[14.555s] [ 29%] [32mBuilding CXX object CMakeFiles/turtlesim__rosidl_typesupport_cpp.dir/rosidl_typesupport_cpp/turtlesim/srv/set_pen__type_support.cpp.o[0m
[14.739s] [ 30%] [32mBuilding CXX object CMakeFiles/turtlesim__rosidl_typesupport_fastrtps_cpp.dir/rosidl_typesupport_fastrtps_cpp/turtlesim/srv/detail/dds_fastrtps/kill__type_support.cpp.o[0m
[14.776s] [ 31%] [32mBuilding CXX object CMakeFiles/turtlesim__rosidl_typesupport_fastrtps_cpp.dir/rosidl_typesupport_fastrtps_cpp/turtlesim/srv/detail/dds_fastrtps/set_pen__type_support.cpp.o[0m
[15.199s] [ 32%] [32mBuilding CXX object CMakeFiles/turtlesim__rosidl_typesupport_introspection_cpp.dir/rosidl_typesupport_introspection_cpp/turtlesim/srv/detail/teleport_relative__type_support.cpp.o[0m
[15.221s] [ 33%] [32mBuilding CXX object CMakeFiles/turtlesim__rosidl_typesupport_cpp.dir/rosidl_typesupport_cpp/turtlesim/srv/spawn__type_support.cpp.o[0m
[15.798s] [ 34%] [32mBuilding CXX object CMakeFiles/turtlesim__rosidl_typesupport_fastrtps_cpp.dir/rosidl_typesupport_fastrtps_cpp/turtlesim/srv/detail/dds_fastrtps/spawn__type_support.cpp.o[0m
[15.804s] [ 35%] [32mBuilding CXX object CMakeFiles/turtlesim__rosidl_typesupport_fastrtps_cpp.dir/rosidl_typesupport_fastrtps_cpp/turtlesim/srv/detail/dds_fastrtps/teleport_absolute__type_support.cpp.o[0m
[15.904s] [ 36%] [32mBuilding CXX object CMakeFiles/turtlesim__rosidl_typesupport_cpp.dir/rosidl_typesupport_cpp/turtlesim/srv/teleport_absolute__type_support.cpp.o[0m
[16.177s] [ 37%] [32m[1mLinking CXX shared library libturtlesim__rosidl_typesupport_introspection_cpp.so[0m
[16.410s] [ 37%] Built target turtlesim__rosidl_typesupport_introspection_cpp
[16.433s] [ 38%] [34m[1mGenerating C type support for eProsima Fast-RTPS[0m
[16.596s] [ 39%] [32mBuilding CXX object CMakeFiles/turtlesim__rosidl_typesupport_cpp.dir/rosidl_typesupport_cpp/turtlesim/srv/teleport_relative__type_support.cpp.o[0m
[16.949s] [ 40%] [32mBuilding CXX object CMakeFiles/turtlesim__rosidl_typesupport_fastrtps_cpp.dir/rosidl_typesupport_fastrtps_cpp/turtlesim/srv/detail/dds_fastrtps/teleport_relative__type_support.cpp.o[0m
[16.967s] [ 41%] [34m[1mGenerating C introspection for ROS interfaces[0m
[17.241s] [ 42%] [32m[1mLinking CXX shared library libturtlesim__rosidl_typesupport_cpp.so[0m
[17.344s] [ 42%] Built target turtlesim__rosidl_typesupport_cpp
[17.367s] [ 43%] [34m[1mGenerating C type support dispatch for ROS interfaces[0m
[17.947s] [ 44%] [32m[1mLinking CXX shared library libturtlesim__rosidl_typesupport_fastrtps_cpp.so[0m
[18.126s] [ 44%] Built target turtlesim__rosidl_typesupport_fastrtps_cpp
[18.147s] [ 45%] [34m[1mGenerating include/turtlesim/moc_turtle_frame.cpp[0m
[18.707s] [ 46%] [32mBuilding CXX object CMakeFiles/turtlesim_node.dir/src/turtlesim.cpp.o[0m
[18.715s] [ 47%] [32mBuilding CXX object CMakeFiles/turtlesim__rosidl_typesupport_fastrtps_c.dir/rosidl_typesupport_fastrtps_c/turtlesim/action/detail/rotate_absolute__type_support_c.cpp.o[0m
[18.836s] [ 48%] [32mBuilding CXX object CMakeFiles/turtlesim__rosidl_typesupport_c.dir/rosidl_typesupport_c/turtlesim/action/rotate_absolute__type_support.cpp.o[0m
[18.979s] [ 49%] [32mBuilding CXX object CMakeFiles/turtlesim__rosidl_typesupport_c.dir/rosidl_typesupport_c/turtlesim/msg/color__type_support.cpp.o[0m
[19.052s] [ 50%] [32mBuilding CXX object CMakeFiles/turtlesim__rosidl_typesupport_c.dir/rosidl_typesupport_c/turtlesim/msg/pose__type_support.cpp.o[0m
[19.126s] [ 51%] [32mBuilding CXX object CMakeFiles/turtlesim__rosidl_typesupport_c.dir/rosidl_typesupport_c/turtlesim/srv/kill__type_support.cpp.o[0m
[19.227s] [ 52%] [32mBuilding CXX object CMakeFiles/turtlesim__rosidl_typesupport_c.dir/rosidl_typesupport_c/turtlesim/srv/set_pen__type_support.cpp.o[0m
[19.300s] [ 53%] [32mBuilding CXX object CMakeFiles/turtlesim__rosidl_typesupport_c.dir/rosidl_typesupport_c/turtlesim/srv/spawn__type_support.cpp.o[0m
[19.319s] [ 54%] [32mBuilding C object CMakeFiles/turtlesim__rosidl_typesupport_introspection_c.dir/rosidl_typesupport_introspection_c/turtlesim/action/detail/rotate_absolute__type_support.c.o[0m
[19.372s] [ 55%] [32mBuilding CXX object CMakeFiles/turtlesim__rosidl_typesupport_c.dir/rosidl_typesupport_c/turtlesim/srv/teleport_absolute__type_support.cpp.o[0m
[19.443s] [ 56%] [32mBuilding CXX object CMakeFiles/turtlesim__rosidl_typesupport_c.dir/rosidl_typesupport_c/turtlesim/srv/teleport_relative__type_support.cpp.o[0m
[19.444s] [ 57%] [32mBuilding C object CMakeFiles/turtlesim__rosidl_typesupport_introspection_c.dir/rosidl_typesupport_introspection_c/turtlesim/msg/detail/color__type_support.c.o[0m
[19.498s] [ 58%] [32m[1mLinking CXX shared library libturtlesim__rosidl_typesupport_c.so[0m
[19.527s] [ 59%] [32mBuilding C object CMakeFiles/turtlesim__rosidl_typesupport_introspection_c.dir/rosidl_typesupport_introspection_c/turtlesim/msg/detail/pose__type_support.c.o[0m
[19.590s] [ 60%] [32mBuilding C object CMakeFiles/turtlesim__rosidl_typesupport_introspection_c.dir/rosidl_typesupport_introspection_c/turtlesim/srv/detail/kill__type_support.c.o[0m
[19.608s] [ 60%] Built target turtlesim__rosidl_typesupport_c
[19.625s] [ 61%] [32mBuilding CXX object CMakeFiles/turtlesim_node.dir/src/turtle.cpp.o[0m
[19.671s] [ 62%] [32mBuilding C object CMakeFiles/turtlesim__rosidl_typesupport_introspection_c.dir/rosidl_typesupport_introspection_c/turtlesim/srv/detail/set_pen__type_support.c.o[0m
[19.734s] [ 63%] [32mBuilding CXX object CMakeFiles/turtlesim__rosidl_typesupport_fastrtps_c.dir/rosidl_typesupport_fastrtps_c/turtlesim/msg/detail/color__type_support_c.cpp.o[0m
[19.750s] [ 64%] [32mBuilding C object CMakeFiles/turtlesim__rosidl_typesupport_introspection_c.dir/rosidl_typesupport_introspection_c/turtlesim/srv/detail/spawn__type_support.c.o[0m
[19.822s] [ 65%] [32mBuilding C object CMakeFiles/turtlesim__rosidl_typesupport_introspection_c.dir/rosidl_typesupport_introspection_c/turtlesim/srv/detail/teleport_absolute__type_support.c.o[0m
[19.903s] [ 66%] [32mBuilding C object CMakeFiles/turtlesim__rosidl_typesupport_introspection_c.dir/rosidl_typesupport_introspection_c/turtlesim/srv/detail/teleport_relative__type_support.c.o[0m
[20.019s] [ 67%] [32m[1mLinking C shared library libturtlesim__rosidl_typesupport_introspection_c.so[0m
[20.142s] [ 67%] Built target turtlesim__rosidl_typesupport_introspection_c
[20.192s] [ 68%] [32mBuilding CXX object CMakeFiles/turtle_teleop_key.dir/tutorials/teleop_turtle_key.cpp.o[0m
[20.527s] [ 69%] [32mBuilding CXX object CMakeFiles/turtlesim__rosidl_typesupport_fastrtps_c.dir/rosidl_typesupport_fastrtps_c/turtlesim/msg/detail/pose__type_support_c.cpp.o[0m
[21.249s] [ 70%] [32mBuilding CXX object CMakeFiles/turtlesim__rosidl_typesupport_fastrtps_c.dir/rosidl_typesupport_fastrtps_c/turtlesim/srv/detail/kill__type_support_c.cpp.o[0m
[22.161s] [ 71%] [32mBuilding CXX object CMakeFiles/turtlesim__rosidl_typesupport_fastrtps_c.dir/rosidl_typesupport_fastrtps_c/turtlesim/srv/detail/set_pen__type_support_c.cpp.o[0m
[23.080s] [ 72%] [32mBuilding CXX object CMakeFiles/turtlesim__rosidl_typesupport_fastrtps_c.dir/rosidl_typesupport_fastrtps_c/turtlesim/srv/detail/spawn__type_support_c.cpp.o[0m
[24.025s] [ 73%] [32mBuilding CXX object CMakeFiles/turtlesim__rosidl_typesupport_fastrtps_c.dir/rosidl_typesupport_fastrtps_c/turtlesim/srv/detail/teleport_absolute__type_support_c.cpp.o[0m
[25.018s] [ 74%] [32mBuilding CXX object CMakeFiles/turtlesim__rosidl_typesupport_fastrtps_c.dir/rosidl_typesupport_fastrtps_c/turtlesim/srv/detail/teleport_relative__type_support_c.cpp.o[0m
[26.012s] [ 75%] [32m[1mLinking CXX shared library libturtlesim__rosidl_typesupport_fastrtps_c.so[0m
[26.262s] [ 75%] Built target turtlesim__rosidl_typesupport_fastrtps_c
[26.307s] [ 76%] [32mBuilding CXX object CMakeFiles/draw_square.dir/tutorials/draw_square.cpp.o[0m
[30.818s] [ 77%] [32mBuilding CXX object CMakeFiles/turtlesim_node.dir/src/turtle_frame.cpp.o[0m
[34.761s] [ 78%] [32m[1mLinking CXX executable turtle_teleop_key[0m
[36.019s] [ 78%] Built target turtle_teleop_key
[36.064s] [ 79%] [32mBuilding CXX object CMakeFiles/mimic.dir/tutorials/mimic.cpp.o[0m
[48.039s] [ 80%] [32m[1mLinking CXX executable draw_square[0m
[49.242s] [ 80%] Built target draw_square
[49.284s] [ 80%] Built target turtlesim
[49.328s] [ 81%] [34m[1mGenerating Python code for ROS interfaces[0m
[49.766s] [ 82%] [32mBuilding CXX object CMakeFiles/turtlesim_node.dir/include/turtlesim/moc_turtle_frame.cpp.o[0m
[55.382s] [ 82%] Built target turtlesim__py
[55.427s] [ 83%] [32mBuilding C object CMakeFiles/turtlesim__rosidl_generator_py.dir/rosidl_generator_py/turtlesim/action/_rotate_absolute_s.c.o[0m
[56.014s] [ 84%] [32m[1mLinking CXX executable mimic[0m
[56.282s] [ 85%] [32mBuilding C object CMakeFiles/turtlesim__rosidl_generator_py.dir/rosidl_generator_py/turtlesim/msg/_color_s.c.o[0m
[56.554s] [ 86%] [32mBuilding C object CMakeFiles/turtlesim__rosidl_generator_py.dir/rosidl_generator_py/turtlesim/msg/_pose_s.c.o[0m
[56.808s] [ 87%] [32mBuilding C object CMakeFiles/turtlesim__rosidl_generator_py.dir/rosidl_generator_py/turtlesim/srv/_kill_s.c.o[0m
[57.083s] [ 88%] [32mBuilding C object CMakeFiles/turtlesim__rosidl_generator_py.dir/rosidl_generator_py/turtlesim/srv/_set_pen_s.c.o[0m
[57.128s] [ 88%] Built target mimic
[57.148s] [ 89%] [32mBuilding C object CMakeFiles/turtlesim__rosidl_generator_py.dir/rosidl_generator_py/turtlesim/srv/_spawn_s.c.o[0m
[57.388s] [ 90%] [32mBuilding C object CMakeFiles/turtlesim__rosidl_generator_py.dir/rosidl_generator_py/turtlesim/srv/_teleport_absolute_s.c.o[0m
[57.448s] [ 91%] [32mBuilding C object CMakeFiles/turtlesim__rosidl_generator_py.dir/rosidl_generator_py/turtlesim/srv/_teleport_relative_s.c.o[0m
[57.703s] [ 92%] [32m[1mLinking C shared library rosidl_generator_py/turtlesim/libturtlesim__rosidl_generator_py.so[0m
[57.787s] [ 92%] Built target turtlesim__rosidl_generator_py
[57.828s] [ 93%] [32mBuilding C object CMakeFiles/turtlesim__rosidl_typesupport_fastrtps_c__pyext.dir/rosidl_generator_py/turtlesim/_turtlesim_s.ep.rosidl_typesupport_fastrtps_c.c.o[0m
[57.830s] [ 94%] [32mBuilding C object CMakeFiles/turtlesim__rosidl_typesupport_introspection_c__pyext.dir/rosidl_generator_py/turtlesim/_turtlesim_s.ep.rosidl_typesupport_introspection_c.c.o[0m
[58.237s] [ 95%] [32m[1mLinking C shared library rosidl_generator_py/turtlesim/turtlesim_s__rosidl_typesupport_fastrtps_c.cpython-310-x86_64-linux-gnu.so[0m
[58.246s] [ 96%] [32m[1mLinking C shared library rosidl_generator_py/turtlesim/turtlesim_s__rosidl_typesupport_introspection_c.cpython-310-x86_64-linux-gnu.so[0m
[58.329s] [ 96%] Built target turtlesim__rosidl_typesupport_fastrtps_c__pyext
[58.343s] [ 96%] Built target turtlesim__rosidl_typesupport_introspection_c__pyext
[58.372s] [ 97%] [32mBuilding C object CMakeFiles/turtlesim__rosidl_typesupport_c__pyext.dir/rosidl_generator_py/turtlesim/_turtlesim_s.ep.rosidl_typesupport_c.c.o[0m
[58.725s] [ 98%] [32m[1mLinking C shared library rosidl_generator_py/turtlesim/turtlesim_s__rosidl_typesupport_c.cpython-310-x86_64-linux-gnu.so[0m
[58.790s] [ 98%] Built target turtlesim__rosidl_typesupport_c__pyext
[59.569s] [100%] [32m[1mLinking CXX executable turtlesim_node[0m
[62.796s] [100%] Built target turtlesim_node
[62.814s] Invoked command in '/media/nerglite/New Volume/coolyeah/URO/TUGAS 1/build/turtlesim' returned '0': CMAKE_PREFIX_PATH=/opt/ros/humble /usr/bin/cmake --build /media/nerglite/New Volume/coolyeah/URO/TUGAS 1/build/turtlesim -- -j4 -l4
[63.144s] Invoking command in '/media/nerglite/New Volume/coolyeah/URO/TUGAS 1/build/turtlesim': CMAKE_PREFIX_PATH=/opt/ros/humble /usr/bin/cmake --install /media/nerglite/New Volume/coolyeah/URO/TUGAS 1/build/turtlesim
[63.155s] -- Install configuration: ""
[63.156s] -- Installing: /media/nerglite/New Volume/coolyeah/URO/TUGAS 1/install/turtlesim/share/ament_index/resource_index/rosidl_interfaces/turtlesim
[63.156s] -- Installing: /media/nerglite/New Volume/coolyeah/URO/TUGAS 1/install/turtlesim/include/turtlesim/turtlesim
[63.157s] -- Installing: /media/nerglite/New Volume/coolyeah/URO/TUGAS 1/install/turtlesim/include/turtlesim/turtlesim/action
[63.157s] -- Installing: /media/nerglite/New Volume/coolyeah/URO/TUGAS 1/install/turtlesim/include/turtlesim/turtlesim/action/detail
[63.157s] -- Installing: /media/nerglite/New Volume/coolyeah/URO/TUGAS 1/install/turtlesim/include/turtlesim/turtlesim/action/detail/rotate_absolute__functions.c
[63.157s] -- Installing: /media/nerglite/New Volume/coolyeah/URO/TUGAS 1/install/turtlesim/include/turtlesim/turtlesim/action/detail/rotate_absolute__functions.h
[63.158s] -- Installing: /media/nerglite/New Volume/coolyeah/URO/TUGAS 1/install/turtlesim/include/turtlesim/turtlesim/action/detail/rotate_absolute__struct.h
[63.158s] -- Installing: /media/nerglite/New Volume/coolyeah/URO/TUGAS 1/install/turtlesim/include/turtlesim/turtlesim/action/detail/rotate_absolute__type_support.h
[63.158s] -- Installing: /media/nerglite/New Volume/coolyeah/URO/TUGAS 1/install/turtlesim/include/turtlesim/turtlesim/action/rotate_absolute.h
[63.158s] -- Installing: /media/nerglite/New Volume/coolyeah/URO/TUGAS 1/install/turtlesim/include/turtlesim/turtlesim/msg
[63.158s] -- Installing: /media/nerglite/New Volume/coolyeah/URO/TUGAS 1/install/turtlesim/include/turtlesim/turtlesim/msg/color.h
[63.159s] -- Installing: /media/nerglite/New Volume/coolyeah/URO/TUGAS 1/install/turtlesim/include/turtlesim/turtlesim/msg/detail
[63.159s] -- Installing: /media/nerglite/New Volume/coolyeah/URO/TUGAS 1/install/turtlesim/include/turtlesim/turtlesim/msg/detail/color__functions.c
[63.159s] -- Installing: /media/nerglite/New Volume/coolyeah/URO/TUGAS 1/install/turtlesim/include/turtlesim/turtlesim/msg/detail/color__functions.h
[63.159s] -- Installing: /media/nerglite/New Volume/coolyeah/URO/TUGAS 1/install/turtlesim/include/turtlesim/turtlesim/msg/detail/color__struct.h
[63.159s] -- Installing: /media/nerglite/New Volume/coolyeah/URO/TUGAS 1/install/turtlesim/include/turtlesim/turtlesim/msg/detail/color__type_support.h
[63.160s] -- Installing: /media/nerglite/New Volume/coolyeah/URO/TUGAS 1/install/turtlesim/include/turtlesim/turtlesim/msg/detail/pose__functions.c
[63.160s] -- Installing: /media/nerglite/New Volume/coolyeah/URO/TUGAS 1/install/turtlesim/include/turtlesim/turtlesim/msg/detail/pose__functions.h
[63.160s] -- Installing: /media/nerglite/New Volume/coolyeah/URO/TUGAS 1/install/turtlesim/include/turtlesim/turtlesim/msg/detail/pose__struct.h
[63.160s] -- Installing: /media/nerglite/New Volume/coolyeah/URO/TUGAS 1/install/turtlesim/include/turtlesim/turtlesim/msg/detail/pose__type_support.h
[63.161s] -- Installing: /media/nerglite/New Volume/coolyeah/URO/TUGAS 1/install/turtlesim/include/turtlesim/turtlesim/msg/pose.h
[63.161s] -- Installing: /media/nerglite/New Volume/coolyeah/URO/TUGAS 1/install/turtlesim/include/turtlesim/turtlesim/msg/rosidl_generator_c__visibility_control.h
[63.161s] -- Installing: /media/nerglite/New Volume/coolyeah/URO/TUGAS 1/install/turtlesim/include/turtlesim/turtlesim/srv
[63.161s] -- Installing: /media/nerglite/New Volume/coolyeah/URO/TUGAS 1/install/turtlesim/include/turtlesim/turtlesim/srv/detail
[63.161s] -- Installing: /media/nerglite/New Volume/coolyeah/URO/TUGAS 1/install/turtlesim/include/turtlesim/turtlesim/srv/detail/kill__functions.c
[63.162s] -- Installing: /media/nerglite/New Volume/coolyeah/URO/TUGAS 1/install/turtlesim/include/turtlesim/turtlesim/srv/detail/kill__functions.h
[63.162s] -- Installing: /media/nerglite/New Volume/coolyeah/URO/TUGAS 1/install/turtlesim/include/turtlesim/turtlesim/srv/detail/kill__struct.h
[63.162s] -- Installing: /media/nerglite/New Volume/coolyeah/URO/TUGAS 1/install/turtlesim/include/turtlesim/turtlesim/srv/detail/kill__type_support.h
[63.162s] -- Installing: /media/nerglite/New Volume/coolyeah/URO/TUGAS 1/install/turtlesim/include/turtlesim/turtlesim/srv/detail/set_pen__functions.c
[63.163s] -- Installing: /media/nerglite/New Volume/coolyeah/URO/TUGAS 1/install/turtlesim/include/turtlesim/turtlesim/srv/detail/set_pen__functions.h
[63.163s] -- Installing: /media/nerglite/New Volume/coolyeah/URO/TUGAS 1/install/turtlesim/include/turtlesim/turtlesim/srv/detail/set_pen__struct.h
[63.163s] -- Installing: /media/nerglite/New Volume/coolyeah/URO/TUGAS 1/install/turtlesim/include/turtlesim/turtlesim/srv/detail/set_pen__type_support.h
[63.163s] -- Installing: /media/nerglite/New Volume/coolyeah/URO/TUGAS 1/install/turtlesim/include/turtlesim/turtlesim/srv/detail/spawn__functions.c
[63.163s] -- Installing: /media/nerglite/New Volume/coolyeah/URO/TUGAS 1/install/turtlesim/include/turtlesim/turtlesim/srv/detail/spawn__functions.h
[63.164s] -- Installing: /media/nerglite/New Volume/coolyeah/URO/TUGAS 1/install/turtlesim/include/turtlesim/turtlesim/srv/detail/spawn__struct.h
[63.164s] -- Installing: /media/nerglite/New Volume/coolyeah/URO/TUGAS 1/install/turtlesim/include/turtlesim/turtlesim/srv/detail/spawn__type_support.h
[63.164s] -- Installing: /media/nerglite/New Volume/coolyeah/URO/TUGAS 1/install/turtlesim/include/turtlesim/turtlesim/srv/detail/teleport_absolute__functions.c
[63.164s] -- Installing: /media/nerglite/New Volume/coolyeah/URO/TUGAS 1/install/turtlesim/include/turtlesim/turtlesim/srv/detail/teleport_absolute__functions.h
[63.165s] -- Installing: /media/nerglite/New Volume/coolyeah/URO/TUGAS 1/install/turtlesim/include/turtlesim/turtlesim/srv/detail/teleport_absolute__struct.h
[63.165s] -- Installing: /media/nerglite/New Volume/coolyeah/URO/TUGAS 1/install/turtlesim/include/turtlesim/turtlesim/srv/detail/teleport_absolute__type_support.h
[63.165s] -- Installing: /media/nerglite/New Volume/coolyeah/URO/TUGAS 1/install/turtlesim/include/turtlesim/turtlesim/srv/detail/teleport_relative__functions.c
[63.166s] -- Installing: /media/nerglite/New Volume/coolyeah/URO/TUGAS 1/install/turtlesim/include/turtlesim/turtlesim/srv/detail/teleport_relative__functions.h
[63.166s] -- Installing: /media/nerglite/New Volume/coolyeah/URO/TUGAS 1/install/turtlesim/include/turtlesim/turtlesim/srv/detail/teleport_relative__struct.h
[63.167s] -- Installing: /media/nerglite/New Volume/coolyeah/URO/TUGAS 1/install/turtlesim/include/turtlesim/turtlesim/srv/detail/teleport_relative__type_support.h
[63.167s] -- Installing: /media/nerglite/New Volume/coolyeah/URO/TUGAS 1/install/turtlesim/include/turtlesim/turtlesim/srv/kill.h
[63.167s] -- Installing: /media/nerglite/New Volume/coolyeah/URO/TUGAS 1/install/turtlesim/include/turtlesim/turtlesim/srv/set_pen.h
[63.167s] -- Installing: /media/nerglite/New Volume/coolyeah/URO/TUGAS 1/install/turtlesim/include/turtlesim/turtlesim/srv/spawn.h
[63.168s] -- Installing: /media/nerglite/New Volume/coolyeah/URO/TUGAS 1/install/turtlesim/include/turtlesim/turtlesim/srv/teleport_absolute.h
[63.168s] -- Installing: /media/nerglite/New Volume/coolyeah/URO/TUGAS 1/install/turtlesim/include/turtlesim/turtlesim/srv/teleport_relative.h
[63.168s] -- Installing: /media/nerglite/New Volume/coolyeah/URO/TUGAS 1/install/turtlesim/share/turtlesim/environment/library_path.sh
[63.168s] -- Installing: /media/nerglite/New Volume/coolyeah/URO/TUGAS 1/install/turtlesim/share/turtlesim/environment/library_path.dsv
[63.169s] -- Installing: /media/nerglite/New Volume/coolyeah/URO/TUGAS 1/install/turtlesim/lib/libturtlesim__rosidl_generator_c.so
[63.170s] -- Set runtime path of "/media/nerglite/New Volume/coolyeah/URO/TUGAS 1/install/turtlesim/lib/libturtlesim__rosidl_generator_c.so" to ""
[63.170s] -- Up-to-date: /media/nerglite/New Volume/coolyeah/URO/TUGAS 1/install/turtlesim/include/turtlesim/turtlesim
[63.170s] -- Up-to-date: /media/nerglite/New Volume/coolyeah/URO/TUGAS 1/install/turtlesim/include/turtlesim/turtlesim/action
[63.171s] -- Up-to-date: /media/nerglite/New Volume/coolyeah/URO/TUGAS 1/install/turtlesim/include/turtlesim/turtlesim/action/detail
[63.171s] -- Installing: /media/nerglite/New Volume/coolyeah/URO/TUGAS 1/install/turtlesim/include/turtlesim/turtlesim/action/detail/rotate_absolute__rosidl_typesupport_fastrtps_c.h
[63.171s] -- Up-to-date: /media/nerglite/New Volume/coolyeah/URO/TUGAS 1/install/turtlesim/include/turtlesim/turtlesim/msg
[63.171s] -- Up-to-date: /media/nerglite/New Volume/coolyeah/URO/TUGAS 1/install/turtlesim/include/turtlesim/turtlesim/msg/detail
[63.171s] -- Installing: /media/nerglite/New Volume/coolyeah/URO/TUGAS 1/install/turtlesim/include/turtlesim/turtlesim/msg/detail/color__rosidl_typesupport_fastrtps_c.h
[63.172s] -- Installing: /media/nerglite/New Volume/coolyeah/URO/TUGAS 1/install/turtlesim/include/turtlesim/turtlesim/msg/detail/pose__rosidl_typesupport_fastrtps_c.h
[63.172s] -- Installing: /media/nerglite/New Volume/coolyeah/URO/TUGAS 1/install/turtlesim/include/turtlesim/turtlesim/msg/rosidl_typesupport_fastrtps_c__visibility_control.h
[63.172s] -- Up-to-date: /media/nerglite/New Volume/coolyeah/URO/TUGAS 1/install/turtlesim/include/turtlesim/turtlesim/srv
[63.172s] -- Up-to-date: /media/nerglite/New Volume/coolyeah/URO/TUGAS 1/install/turtlesim/include/turtlesim/turtlesim/srv/detail
[63.172s] -- Installing: /media/nerglite/New Volume/coolyeah/URO/TUGAS 1/install/turtlesim/include/turtlesim/turtlesim/srv/detail/kill__rosidl_typesupport_fastrtps_c.h
[63.173s] -- Installing: /media/nerglite/New Volume/coolyeah/URO/TUGAS 1/install/turtlesim/include/turtlesim/turtlesim/srv/detail/set_pen__rosidl_typesupport_fastrtps_c.h
[63.173s] -- Installing: /media/nerglite/New Volume/coolyeah/URO/TUGAS 1/install/turtlesim/include/turtlesim/turtlesim/srv/detail/spawn__rosidl_typesupport_fastrtps_c.h
[63.173s] -- Installing: /media/nerglite/New Volume/coolyeah/URO/TUGAS 1/install/turtlesim/include/turtlesim/turtlesim/srv/detail/teleport_absolute__rosidl_typesupport_fastrtps_c.h
[63.173s] -- Installing: /media/nerglite/New Volume/coolyeah/URO/TUGAS 1/install/turtlesim/include/turtlesim/turtlesim/srv/detail/teleport_relative__rosidl_typesupport_fastrtps_c.h
[63.173s] -- Installing: /media/nerglite/New Volume/coolyeah/URO/TUGAS 1/install/turtlesim/lib/libturtlesim__rosidl_typesupport_fastrtps_c.so
[63.174s] -- Set runtime path of "/media/nerglite/New Volume/coolyeah/URO/TUGAS 1/install/turtlesim/lib/libturtlesim__rosidl_typesupport_fastrtps_c.so" to ""
[63.174s] -- Up-to-date: /media/nerglite/New Volume/coolyeah/URO/TUGAS 1/install/turtlesim/include/turtlesim/turtlesim
[63.174s] -- Up-to-date: /media/nerglite/New Volume/coolyeah/URO/TUGAS 1/install/turtlesim/include/turtlesim/turtlesim/action
[63.175s] -- Up-to-date: /media/nerglite/New Volume/coolyeah/URO/TUGAS 1/install/turtlesim/include/turtlesim/turtlesim/action/detail
[63.175s] -- Installing: /media/nerglite/New Volume/coolyeah/URO/TUGAS 1/install/turtlesim/include/turtlesim/turtlesim/action/detail/rotate_absolute__builder.hpp
[63.175s] -- Installing: /media/nerglite/New Volume/coolyeah/URO/TUGAS 1/install/turtlesim/include/turtlesim/turtlesim/action/detail/rotate_absolute__struct.hpp
[63.175s] -- Installing: /media/nerglite/New Volume/coolyeah/URO/TUGAS 1/install/turtlesim/include/turtlesim/turtlesim/action/detail/rotate_absolute__traits.hpp
[63.175s] -- Installing: /media/nerglite/New Volume/coolyeah/URO/TUGAS 1/install/turtlesim/include/turtlesim/turtlesim/action/rotate_absolute.hpp
[63.176s] -- Up-to-date: /media/nerglite/New Volume/coolyeah/URO/TUGAS 1/install/turtlesim/include/turtlesim/turtlesim/msg
[63.176s] -- Installing: /media/nerglite/New Volume/coolyeah/URO/TUGAS 1/install/turtlesim/include/turtlesim/turtlesim/msg/color.hpp
[63.176s] -- Up-to-date: /media/nerglite/New Volume/coolyeah/URO/TUGAS 1/install/turtlesim/include/turtlesim/turtlesim/msg/detail
[63.176s] -- Installing: /media/nerglite/New Volume/coolyeah/URO/TUGAS 1/install/turtlesim/include/turtlesim/turtlesim/msg/detail/color__builder.hpp
[63.176s] -- Installing: /media/nerglite/New Volume/coolyeah/URO/TUGAS 1/install/turtlesim/include/turtlesim/turtlesim/msg/detail/color__struct.hpp
[63.177s] -- Installing: /media/nerglite/New Volume/coolyeah/URO/TUGAS 1/install/turtlesim/include/turtlesim/turtlesim/msg/detail/color__traits.hpp
[63.177s] -- Installing: /media/nerglite/New Volume/coolyeah/URO/TUGAS 1/install/turtlesim/include/turtlesim/turtlesim/msg/detail/pose__builder.hpp
[63.177s] -- Installing: /media/nerglite/New Volume/coolyeah/URO/TUGAS 1/install/turtlesim/include/turtlesim/turtlesim/msg/detail/pose__struct.hpp
[63.177s] -- Installing: /media/nerglite/New Volume/coolyeah/URO/TUGAS 1/install/turtlesim/include/turtlesim/turtlesim/msg/detail/pose__traits.hpp
[63.177s] -- Installing: /media/nerglite/New Volume/coolyeah/URO/TUGAS 1/install/turtlesim/include/turtlesim/turtlesim/msg/pose.hpp
[63.178s] -- Up-to-date: /media/nerglite/New Volume/coolyeah/URO/TUGAS 1/install/turtlesim/include/turtlesim/turtlesim/srv
[63.178s] -- Up-to-date: /media/nerglite/New Volume/coolyeah/URO/TUGAS 1/install/turtlesim/include/turtlesim/turtlesim/srv/detail
[63.178s] -- Installing: /media/nerglite/New Volume/coolyeah/URO/TUGAS 1/install/turtlesim/include/turtlesim/turtlesim/srv/detail/kill__builder.hpp
[63.178s] -- Installing: /media/nerglite/New Volume/coolyeah/URO/TUGAS 1/install/turtlesim/include/turtlesim/turtlesim/srv/detail/kill__struct.hpp
[63.178s] -- Installing: /media/nerglite/New Volume/coolyeah/URO/TUGAS 1/install/turtlesim/include/turtlesim/turtlesim/srv/detail/kill__traits.hpp
[63.179s] -- Installing: /media/nerglite/New Volume/coolyeah/URO/TUGAS 1/install/turtlesim/include/turtlesim/turtlesim/srv/detail/set_pen__builder.hpp
[63.179s] -- Installing: /media/nerglite/New Volume/coolyeah/URO/TUGAS 1/install/turtlesim/include/turtlesim/turtlesim/srv/detail/set_pen__struct.hpp
[63.179s] -- Installing: /media/nerglite/New Volume/coolyeah/URO/TUGAS 1/install/turtlesim/include/turtlesim/turtlesim/srv/detail/set_pen__traits.hpp
[63.179s] -- Installing: /media/nerglite/New Volume/coolyeah/URO/TUGAS 1/install/turtlesim/include/turtlesim/turtlesim/srv/detail/spawn__builder.hpp
[63.180s] -- Installing: /media/nerglite/New Volume/coolyeah/URO/TUGAS 1/install/turtlesim/include/turtlesim/turtlesim/srv/detail/spawn__struct.hpp
[63.180s] -- Installing: /media/nerglite/New Volume/coolyeah/URO/TUGAS 1/install/turtlesim/include/turtlesim/turtlesim/srv/detail/spawn__traits.hpp
[63.180s] -- Installing: /media/nerglite/New Volume/coolyeah/URO/TUGAS 1/install/turtlesim/include/turtlesim/turtlesim/srv/detail/teleport_absolute__builder.hpp
[63.180s] -- Installing: /media/nerglite/New Volume/coolyeah/URO/TUGAS 1/install/turtlesim/include/turtlesim/turtlesim/srv/detail/teleport_absolute__struct.hpp
[63.180s] -- Installing: /media/nerglite/New Volume/coolyeah/URO/TUGAS 1/install/turtlesim/include/turtlesim/turtlesim/srv/detail/teleport_absolute__traits.hpp
[63.181s] -- Installing: /media/nerglite/New Volume/coolyeah/URO/TUGAS 1/install/turtlesim/include/turtlesim/turtlesim/srv/detail/teleport_relative__builder.hpp
[63.181s] -- Installing: /media/nerglite/New Volume/coolyeah/URO/TUGAS 1/install/turtlesim/include/turtlesim/turtlesim/srv/detail/teleport_relative__struct.hpp
[63.181s] -- Installing: /media/nerglite/New Volume/coolyeah/URO/TUGAS 1/install/turtlesim/include/turtlesim/turtlesim/srv/detail/teleport_relative__traits.hpp
[63.181s] -- Installing: /media/nerglite/New Volume/coolyeah/URO/TUGAS 1/install/turtlesim/include/turtlesim/turtlesim/srv/kill.hpp
[63.181s] -- Installing: /media/nerglite/New Volume/coolyeah/URO/TUGAS 1/install/turtlesim/include/turtlesim/turtlesim/srv/set_pen.hpp
[63.182s] -- Installing: /media/nerglite/New Volume/coolyeah/URO/TUGAS 1/install/turtlesim/include/turtlesim/turtlesim/srv/spawn.hpp
[63.182s] -- Installing: /media/nerglite/New Volume/coolyeah/URO/TUGAS 1/install/turtlesim/include/turtlesim/turtlesim/srv/teleport_absolute.hpp
[63.182s] -- Installing: /media/nerglite/New Volume/coolyeah/URO/TUGAS 1/install/turtlesim/include/turtlesim/turtlesim/srv/teleport_relative.hpp
[63.182s] -- Up-to-date: /media/nerglite/New Volume/coolyeah/URO/TUGAS 1/install/turtlesim/include/turtlesim/turtlesim
[63.182s] -- Up-to-date: /media/nerglite/New Volume/coolyeah/URO/TUGAS 1/install/turtlesim/include/turtlesim/turtlesim/action
[63.183s] -- Up-to-date: /media/nerglite/New Volume/coolyeah/URO/TUGAS 1/install/turtlesim/include/turtlesim/turtlesim/action/detail
[63.183s] -- Installing: /media/nerglite/New Volume/coolyeah/URO/TUGAS 1/install/turtlesim/include/turtlesim/turtlesim/action/detail/dds_fastrtps
[63.183s] -- Installing: /media/nerglite/New Volume/coolyeah/URO/TUGAS 1/install/turtlesim/include/turtlesim/turtlesim/action/detail/rotate_absolute__rosidl_typesupport_fastrtps_cpp.hpp
[63.183s] -- Up-to-date: /media/nerglite/New Volume/coolyeah/URO/TUGAS 1/install/turtlesim/include/turtlesim/turtlesim/msg
[63.183s] -- Up-to-date: /media/nerglite/New Volume/coolyeah/URO/TUGAS 1/install/turtlesim/include/turtlesim/turtlesim/msg/detail
[63.183s] -- Installing: /media/nerglite/New Volume/coolyeah/URO/TUGAS 1/install/turtlesim/include/turtlesim/turtlesim/msg/detail/color__rosidl_typesupport_fastrtps_cpp.hpp
[63.184s] -- Installing: /media/nerglite/New Volume/coolyeah/URO/TUGAS 1/install/turtlesim/include/turtlesim/turtlesim/msg/detail/dds_fastrtps
[63.184s] -- Installing: /media/nerglite/New Volume/coolyeah/URO/TUGAS 1/install/turtlesim/include/turtlesim/turtlesim/msg/detail/pose__rosidl_typesupport_fastrtps_cpp.hpp
[63.184s] -- Installing: /media/nerglite/New Volume/coolyeah/URO/TUGAS 1/install/turtlesim/include/turtlesim/turtlesim/msg/rosidl_typesupport_fastrtps_cpp__visibility_control.h
[63.184s] -- Up-to-date: /media/nerglite/New Volume/coolyeah/URO/TUGAS 1/install/turtlesim/include/turtlesim/turtlesim/srv
[63.185s] -- Up-to-date: /media/nerglite/New Volume/coolyeah/URO/TUGAS 1/install/turtlesim/include/turtlesim/turtlesim/srv/detail
[63.185s] -- Installing: /media/nerglite/New Volume/coolyeah/URO/TUGAS 1/install/turtlesim/include/turtlesim/turtlesim/srv/detail/dds_fastrtps
[63.185s] -- Installing: /media/nerglite/New Volume/coolyeah/URO/TUGAS 1/install/turtlesim/include/turtlesim/turtlesim/srv/detail/kill__rosidl_typesupport_fastrtps_cpp.hpp
[63.185s] -- Installing: /media/nerglite/New Volume/coolyeah/URO/TUGAS 1/install/turtlesim/include/turtlesim/turtlesim/srv/detail/set_pen__rosidl_typesupport_fastrtps_cpp.hpp
[63.185s] -- Installing: /media/nerglite/New Volume/coolyeah/URO/TUGAS 1/install/turtlesim/include/turtlesim/turtlesim/srv/detail/spawn__rosidl_typesupport_fastrtps_cpp.hpp
[63.185s] -- Installing: /media/nerglite/New Volume/coolyeah/URO/TUGAS 1/install/turtlesim/include/turtlesim/turtlesim/srv/detail/teleport_absolute__rosidl_typesupport_fastrtps_cpp.hpp
[63.185s] -- Installing: /media/nerglite/New Volume/coolyeah/URO/TUGAS 1/install/turtlesim/include/turtlesim/turtlesim/srv/detail/teleport_relative__rosidl_typesupport_fastrtps_cpp.hpp
[63.186s] -- Installing: /media/nerglite/New Volume/coolyeah/URO/TUGAS 1/install/turtlesim/lib/libturtlesim__rosidl_typesupport_fastrtps_cpp.so
[63.187s] -- Set runtime path of "/media/nerglite/New Volume/coolyeah/URO/TUGAS 1/install/turtlesim/lib/libturtlesim__rosidl_typesupport_fastrtps_cpp.so" to ""
[63.187s] -- Up-to-date: /media/nerglite/New Volume/coolyeah/URO/TUGAS 1/install/turtlesim/include/turtlesim/turtlesim
[63.187s] -- Up-to-date: /media/nerglite/New Volume/coolyeah/URO/TUGAS 1/install/turtlesim/include/turtlesim/turtlesim/action
[63.187s] -- Up-to-date: /media/nerglite/New Volume/coolyeah/URO/TUGAS 1/install/turtlesim/include/turtlesim/turtlesim/action/detail
[63.187s] -- Installing: /media/nerglite/New Volume/coolyeah/URO/TUGAS 1/install/turtlesim/include/turtlesim/turtlesim/action/detail/rotate_absolute__rosidl_typesupport_introspection_c.h
[63.188s] -- Installing: /media/nerglite/New Volume/coolyeah/URO/TUGAS 1/install/turtlesim/include/turtlesim/turtlesim/action/detail/rotate_absolute__type_support.c
[63.188s] -- Up-to-date: /media/nerglite/New Volume/coolyeah/URO/TUGAS 1/install/turtlesim/include/turtlesim/turtlesim/msg
[63.188s] -- Up-to-date: /media/nerglite/New Volume/coolyeah/URO/TUGAS 1/install/turtlesim/include/turtlesim/turtlesim/msg/detail
[63.188s] -- Installing: /media/nerglite/New Volume/coolyeah/URO/TUGAS 1/install/turtlesim/include/turtlesim/turtlesim/msg/detail/color__rosidl_typesupport_introspection_c.h
[63.188s] -- Installing: /media/nerglite/New Volume/coolyeah/URO/TUGAS 1/install/turtlesim/include/turtlesim/turtlesim/msg/detail/color__type_support.c
[63.189s] -- Installing: /media/nerglite/New Volume/coolyeah/URO/TUGAS 1/install/turtlesim/include/turtlesim/turtlesim/msg/detail/pose__rosidl_typesupport_introspection_c.h
[63.189s] -- Installing: /media/nerglite/New Volume/coolyeah/URO/TUGAS 1/install/turtlesim/include/turtlesim/turtlesim/msg/detail/pose__type_support.c
[63.189s] -- Installing: /media/nerglite/New Volume/coolyeah/URO/TUGAS 1/install/turtlesim/include/turtlesim/turtlesim/msg/rosidl_typesupport_introspection_c__visibility_control.h
[63.189s] -- Up-to-date: /media/nerglite/New Volume/coolyeah/URO/TUGAS 1/install/turtlesim/include/turtlesim/turtlesim/srv
[63.189s] -- Up-to-date: /media/nerglite/New Volume/coolyeah/URO/TUGAS 1/install/turtlesim/include/turtlesim/turtlesim/srv/detail
[63.190s] -- Installing: /media/nerglite/New Volume/coolyeah/URO/TUGAS 1/install/turtlesim/include/turtlesim/turtlesim/srv/detail/kill__rosidl_typesupport_introspection_c.h
[63.190s] -- Installing: /media/nerglite/New Volume/coolyeah/URO/TUGAS 1/install/turtlesim/include/turtlesim/turtlesim/srv/detail/kill__type_support.c
[63.190s] -- Installing: /media/nerglite/New Volume/coolyeah/URO/TUGAS 1/install/turtlesim/include/turtlesim/turtlesim/srv/detail/set_pen__rosidl_typesupport_introspection_c.h
[63.190s] -- Installing: /media/nerglite/New Volume/coolyeah/URO/TUGAS 1/install/turtlesim/include/turtlesim/turtlesim/srv/detail/set_pen__type_support.c
[63.190s] -- Installing: /media/nerglite/New Volume/coolyeah/URO/TUGAS 1/install/turtlesim/include/turtlesim/turtlesim/srv/detail/spawn__rosidl_typesupport_introspection_c.h
[63.191s] -- Installing: /media/nerglite/New Volume/coolyeah/URO/TUGAS 1/install/turtlesim/include/turtlesim/turtlesim/srv/detail/spawn__type_support.c
[63.191s] -- Installing: /media/nerglite/New Volume/coolyeah/URO/TUGAS 1/install/turtlesim/include/turtlesim/turtlesim/srv/detail/teleport_absolute__rosidl_typesupport_introspection_c.h
[63.191s] -- Installing: /media/nerglite/New Volume/coolyeah/URO/TUGAS 1/install/turtlesim/include/turtlesim/turtlesim/srv/detail/teleport_absolute__type_support.c
[63.192s] -- Installing: /media/nerglite/New Volume/coolyeah/URO/TUGAS 1/install/turtlesim/include/turtlesim/turtlesim/srv/detail/teleport_relative__rosidl_typesupport_introspection_c.h
[63.192s] -- Installing: /media/nerglite/New Volume/coolyeah/URO/TUGAS 1/install/turtlesim/include/turtlesim/turtlesim/srv/detail/teleport_relative__type_support.c
[63.192s] -- Installing: /media/nerglite/New Volume/coolyeah/URO/TUGAS 1/install/turtlesim/lib/libturtlesim__rosidl_typesupport_introspection_c.so
[63.193s] -- Set runtime path of "/media/nerglite/New Volume/coolyeah/URO/TUGAS 1/install/turtlesim/lib/libturtlesim__rosidl_typesupport_introspection_c.so" to ""
[63.193s] -- Installing: /media/nerglite/New Volume/coolyeah/URO/TUGAS 1/install/turtlesim/lib/libturtlesim__rosidl_typesupport_c.so
[63.194s] -- Set runtime path of "/media/nerglite/New Volume/coolyeah/URO/TUGAS 1/install/turtlesim/lib/libturtlesim__rosidl_typesupport_c.so" to ""
[63.194s] -- Up-to-date: /media/nerglite/New Volume/coolyeah/URO/TUGAS 1/install/turtlesim/include/turtlesim/turtlesim
[63.195s] -- Up-to-date: /media/nerglite/New Volume/coolyeah/URO/TUGAS 1/install/turtlesim/include/turtlesim/turtlesim/action
[63.195s] -- Up-to-date: /media/nerglite/New Volume/coolyeah/URO/TUGAS 1/install/turtlesim/include/turtlesim/turtlesim/action/detail
[63.195s] -- Installing: /media/nerglite/New Volume/coolyeah/URO/TUGAS 1/install/turtlesim/include/turtlesim/turtlesim/action/detail/rotate_absolute__rosidl_typesupport_introspection_cpp.hpp
[63.195s] -- Installing: /media/nerglite/New Volume/coolyeah/URO/TUGAS 1/install/turtlesim/include/turtlesim/turtlesim/action/detail/rotate_absolute__type_support.cpp
[63.195s] -- Up-to-date: /media/nerglite/New Volume/coolyeah/URO/TUGAS 1/install/turtlesim/include/turtlesim/turtlesim/msg
[63.195s] -- Up-to-date: /media/nerglite/New Volume/coolyeah/URO/TUGAS 1/install/turtlesim/include/turtlesim/turtlesim/msg/detail
[63.195s] -- Installing: /media/nerglite/New Volume/coolyeah/URO/TUGAS 1/install/turtlesim/include/turtlesim/turtlesim/msg/detail/color__rosidl_typesupport_introspection_cpp.hpp
[63.196s] -- Installing: /media/nerglite/New Volume/coolyeah/URO/TUGAS 1/install/turtlesim/include/turtlesim/turtlesim/msg/detail/color__type_support.cpp
[63.196s] -- Installing: /media/nerglite/New Volume/coolyeah/URO/TUGAS 1/install/turtlesim/include/turtlesim/turtlesim/msg/detail/pose__rosidl_typesupport_introspection_cpp.hpp
[63.196s] -- Installing: /media/nerglite/New Volume/coolyeah/URO/TUGAS 1/install/turtlesim/include/turtlesim/turtlesim/msg/detail/pose__type_support.cpp
[63.196s] -- Up-to-date: /media/nerglite/New Volume/coolyeah/URO/TUGAS 1/install/turtlesim/include/turtlesim/turtlesim/srv
[63.196s] -- Up-to-date: /media/nerglite/New Volume/coolyeah/URO/TUGAS 1/install/turtlesim/include/turtlesim/turtlesim/srv/detail
[63.196s] -- Installing: /media/nerglite/New Volume/coolyeah/URO/TUGAS 1/install/turtlesim/include/turtlesim/turtlesim/srv/detail/kill__rosidl_typesupport_introspection_cpp.hpp
[63.196s] -- Installing: /media/nerglite/New Volume/coolyeah/URO/TUGAS 1/install/turtlesim/include/turtlesim/turtlesim/srv/detail/kill__type_support.cpp
[63.197s] -- Installing: /media/nerglite/New Volume/coolyeah/URO/TUGAS 1/install/turtlesim/include/turtlesim/turtlesim/srv/detail/set_pen__rosidl_typesupport_introspection_cpp.hpp
[63.197s] -- Installing: /media/nerglite/New Volume/coolyeah/URO/TUGAS 1/install/turtlesim/include/turtlesim/turtlesim/srv/detail/set_pen__type_support.cpp
[63.197s] -- Installing: /media/nerglite/New Volume/coolyeah/URO/TUGAS 1/install/turtlesim/include/turtlesim/turtlesim/srv/detail/spawn__rosidl_typesupport_introspection_cpp.hpp
[63.198s] -- Installing: /media/nerglite/New Volume/coolyeah/URO/TUGAS 1/install/turtlesim/include/turtlesim/turtlesim/srv/detail/spawn__type_support.cpp
[63.198s] -- Installing: /media/nerglite/New Volume/coolyeah/URO/TUGAS 1/install/turtlesim/include/turtlesim/turtlesim/srv/detail/teleport_absolute__rosidl_typesupport_introspection_cpp.hpp
[63.198s] -- Installing: /media/nerglite/New Volume/coolyeah/URO/TUGAS 1/install/turtlesim/include/turtlesim/turtlesim/srv/detail/teleport_absolute__type_support.cpp
[63.198s] -- Installing: /media/nerglite/New Volume/coolyeah/URO/TUGAS 1/install/turtlesim/include/turtlesim/turtlesim/srv/detail/teleport_relative__rosidl_typesupport_introspection_cpp.hpp
[63.199s] -- Installing: /media/nerglite/New Volume/coolyeah/URO/TUGAS 1/install/turtlesim/include/turtlesim/turtlesim/srv/detail/teleport_relative__type_support.cpp
[63.199s] -- Installing: /media/nerglite/New Volume/coolyeah/URO/TUGAS 1/install/turtlesim/lib/libturtlesim__rosidl_typesupport_introspection_cpp.so
[63.200s] -- Set runtime path of "/media/nerglite/New Volume/coolyeah/URO/TUGAS 1/install/turtlesim/lib/libturtlesim__rosidl_typesupport_introspection_cpp.so" to ""
[63.200s] -- Installing: /media/nerglite/New Volume/coolyeah/URO/TUGAS 1/install/turtlesim/lib/libturtlesim__rosidl_typesupport_cpp.so
[63.201s] -- Set runtime path of "/media/nerglite/New Volume/coolyeah/URO/TUGAS 1/install/turtlesim/lib/libturtlesim__rosidl_typesupport_cpp.so" to ""
[63.201s] -- Installing: /media/nerglite/New Volume/coolyeah/URO/TUGAS 1/install/turtlesim/share/turtlesim/environment/pythonpath.sh
[63.201s] -- Installing: /media/nerglite/New Volume/coolyeah/URO/TUGAS 1/install/turtlesim/share/turtlesim/environment/pythonpath.dsv
[63.202s] -- Installing: /media/nerglite/New Volume/coolyeah/URO/TUGAS 1/install/turtlesim/local/lib/python3.10/dist-packages/turtlesim-1.4.2-py3.10.egg-info
[63.202s] -- Installing: /media/nerglite/New Volume/coolyeah/URO/TUGAS 1/install/turtlesim/local/lib/python3.10/dist-packages/turtlesim-1.4.2-py3.10.egg-info/dependency_links.txt
[63.202s] -- Installing: /media/nerglite/New Volume/coolyeah/URO/TUGAS 1/install/turtlesim/local/lib/python3.10/dist-packages/turtlesim-1.4.2-py3.10.egg-info/PKG-INFO
[63.203s] -- Installing: /media/nerglite/New Volume/coolyeah/URO/TUGAS 1/install/turtlesim/local/lib/python3.10/dist-packages/turtlesim-1.4.2-py3.10.egg-info/SOURCES.txt
[63.203s] -- Installing: /media/nerglite/New Volume/coolyeah/URO/TUGAS 1/install/turtlesim/local/lib/python3.10/dist-packages/turtlesim-1.4.2-py3.10.egg-info/top_level.txt
[63.203s] -- Installing: /media/nerglite/New Volume/coolyeah/URO/TUGAS 1/install/turtlesim/local/lib/python3.10/dist-packages/turtlesim
[63.203s] -- Installing: /media/nerglite/New Volume/coolyeah/URO/TUGAS 1/install/turtlesim/local/lib/python3.10/dist-packages/turtlesim/action
[63.203s] -- Installing: /media/nerglite/New Volume/coolyeah/URO/TUGAS 1/install/turtlesim/local/lib/python3.10/dist-packages/turtlesim/action/_rotate_absolute.py
[63.204s] -- Installing: /media/nerglite/New Volume/coolyeah/URO/TUGAS 1/install/turtlesim/local/lib/python3.10/dist-packages/turtlesim/action/_rotate_absolute_s.c
[63.204s] -- Installing: /media/nerglite/New Volume/coolyeah/URO/TUGAS 1/install/turtlesim/local/lib/python3.10/dist-packages/turtlesim/action/__init__.py
[63.204s] -- Installing: /media/nerglite/New Volume/coolyeah/URO/TUGAS 1/install/turtlesim/local/lib/python3.10/dist-packages/turtlesim/libturtlesim__rosidl_generator_py.so
[63.204s] -- Installing: /media/nerglite/New Volume/coolyeah/URO/TUGAS 1/install/turtlesim/local/lib/python3.10/dist-packages/turtlesim/msg
[63.205s] -- Installing: /media/nerglite/New Volume/coolyeah/URO/TUGAS 1/install/turtlesim/local/lib/python3.10/dist-packages/turtlesim/msg/_color.py
[63.205s] -- Installing: /media/nerglite/New Volume/coolyeah/URO/TUGAS 1/install/turtlesim/local/lib/python3.10/dist-packages/turtlesim/msg/_color_s.c
[63.205s] -- Installing: /media/nerglite/New Volume/coolyeah/URO/TUGAS 1/install/turtlesim/local/lib/python3.10/dist-packages/turtlesim/msg/_pose.py
[63.205s] -- Installing: /media/nerglite/New Volume/coolyeah/URO/TUGAS 1/install/turtlesim/local/lib/python3.10/dist-packages/turtlesim/msg/_pose_s.c
[63.206s] -- Installing: /media/nerglite/New Volume/coolyeah/URO/TUGAS 1/install/turtlesim/local/lib/python3.10/dist-packages/turtlesim/msg/__init__.py
[63.206s] -- Installing: /media/nerglite/New Volume/coolyeah/URO/TUGAS 1/install/turtlesim/local/lib/python3.10/dist-packages/turtlesim/srv
[63.206s] -- Installing: /media/nerglite/New Volume/coolyeah/URO/TUGAS 1/install/turtlesim/local/lib/python3.10/dist-packages/turtlesim/srv/_kill.py
[63.206s] -- Installing: /media/nerglite/New Volume/coolyeah/URO/TUGAS 1/install/turtlesim/local/lib/python3.10/dist-packages/turtlesim/srv/_kill_s.c
[63.207s] -- Installing: /media/nerglite/New Volume/coolyeah/URO/TUGAS 1/install/turtlesim/local/lib/python3.10/dist-packages/turtlesim/srv/_set_pen.py
[63.207s] -- Installing: /media/nerglite/New Volume/coolyeah/URO/TUGAS 1/install/turtlesim/local/lib/python3.10/dist-packages/turtlesim/srv/_set_pen_s.c
[63.207s] -- Installing: /media/nerglite/New Volume/coolyeah/URO/TUGAS 1/install/turtlesim/local/lib/python3.10/dist-packages/turtlesim/srv/_spawn.py
[63.207s] -- Installing: /media/nerglite/New Volume/coolyeah/URO/TUGAS 1/install/turtlesim/local/lib/python3.10/dist-packages/turtlesim/srv/_spawn_s.c
[63.207s] -- Installing: /media/nerglite/New Volume/coolyeah/URO/TUGAS 1/install/turtlesim/local/lib/python3.10/dist-packages/turtlesim/srv/_teleport_absolute.py
[63.208s] -- Installing: /media/nerglite/New Volume/coolyeah/URO/TUGAS 1/install/turtlesim/local/lib/python3.10/dist-packages/turtlesim/srv/_teleport_absolute_s.c
[63.208s] -- Installing: /media/nerglite/New Volume/coolyeah/URO/TUGAS 1/install/turtlesim/local/lib/python3.10/dist-packages/turtlesim/srv/_teleport_relative.py
[63.208s] -- Installing: /media/nerglite/New Volume/coolyeah/URO/TUGAS 1/install/turtlesim/local/lib/python3.10/dist-packages/turtlesim/srv/_teleport_relative_s.c
[63.208s] -- Installing: /media/nerglite/New Volume/coolyeah/URO/TUGAS 1/install/turtlesim/local/lib/python3.10/dist-packages/turtlesim/srv/__init__.py
[63.209s] -- Installing: /media/nerglite/New Volume/coolyeah/URO/TUGAS 1/install/turtlesim/local/lib/python3.10/dist-packages/turtlesim/turtlesim_s__rosidl_typesupport_c.cpython-310-x86_64-linux-gnu.so
[63.209s] -- Installing: /media/nerglite/New Volume/coolyeah/URO/TUGAS 1/install/turtlesim/local/lib/python3.10/dist-packages/turtlesim/turtlesim_s__rosidl_typesupport_fastrtps_c.cpython-310-x86_64-linux-gnu.so
[63.209s] -- Installing: /media/nerglite/New Volume/coolyeah/URO/TUGAS 1/install/turtlesim/local/lib/python3.10/dist-packages/turtlesim/turtlesim_s__rosidl_typesupport_introspection_c.cpython-310-x86_64-linux-gnu.so
[63.210s] -- Installing: /media/nerglite/New Volume/coolyeah/URO/TUGAS 1/install/turtlesim/local/lib/python3.10/dist-packages/turtlesim/_turtlesim_s.ep.rosidl_typesupport_c.c
[63.210s] -- Installing: /media/nerglite/New Volume/coolyeah/URO/TUGAS 1/install/turtlesim/local/lib/python3.10/dist-packages/turtlesim/_turtlesim_s.ep.rosidl_typesupport_fastrtps_c.c
[63.210s] -- Installing: /media/nerglite/New Volume/coolyeah/URO/TUGAS 1/install/turtlesim/local/lib/python3.10/dist-packages/turtlesim/_turtlesim_s.ep.rosidl_typesupport_introspection_c.c
[63.211s] -- Installing: /media/nerglite/New Volume/coolyeah/URO/TUGAS 1/install/turtlesim/local/lib/python3.10/dist-packages/turtlesim/__init__.py
[63.318s] Listing '/media/nerglite/New Volume/coolyeah/URO/TUGAS 1/install/turtlesim/local/lib/python3.10/dist-packages/turtlesim'...
[63.318s] Compiling '/media/nerglite/New Volume/coolyeah/URO/TUGAS 1/install/turtlesim/local/lib/python3.10/dist-packages/turtlesim/__init__.py'...
[63.319s] Listing '/media/nerglite/New Volume/coolyeah/URO/TUGAS 1/install/turtlesim/local/lib/python3.10/dist-packages/turtlesim/action'...
[63.319s] Compiling '/media/nerglite/New Volume/coolyeah/URO/TUGAS 1/install/turtlesim/local/lib/python3.10/dist-packages/turtlesim/action/__init__.py'...
[63.319s] Compiling '/media/nerglite/New Volume/coolyeah/URO/TUGAS 1/install/turtlesim/local/lib/python3.10/dist-packages/turtlesim/action/_rotate_absolute.py'...
[63.319s] Listing '/media/nerglite/New Volume/coolyeah/URO/TUGAS 1/install/turtlesim/local/lib/python3.10/dist-packages/turtlesim/msg'...
[63.319s] Compiling '/media/nerglite/New Volume/coolyeah/URO/TUGAS 1/install/turtlesim/local/lib/python3.10/dist-packages/turtlesim/msg/__init__.py'...
[63.319s] Compiling '/media/nerglite/New Volume/coolyeah/URO/TUGAS 1/install/turtlesim/local/lib/python3.10/dist-packages/turtlesim/msg/_color.py'...
[63.319s] Compiling '/media/nerglite/New Volume/coolyeah/URO/TUGAS 1/install/turtlesim/local/lib/python3.10/dist-packages/turtlesim/msg/_pose.py'...
[63.319s] Listing '/media/nerglite/New Volume/coolyeah/URO/TUGAS 1/install/turtlesim/local/lib/python3.10/dist-packages/turtlesim/srv'...
[63.319s] Compiling '/media/nerglite/New Volume/coolyeah/URO/TUGAS 1/install/turtlesim/local/lib/python3.10/dist-packages/turtlesim/srv/__init__.py'...
[63.319s] Compiling '/media/nerglite/New Volume/coolyeah/URO/TUGAS 1/install/turtlesim/local/lib/python3.10/dist-packages/turtlesim/srv/_kill.py'...
[63.319s] Compiling '/media/nerglite/New Volume/coolyeah/URO/TUGAS 1/install/turtlesim/local/lib/python3.10/dist-packages/turtlesim/srv/_set_pen.py'...
[63.319s] Compiling '/media/nerglite/New Volume/coolyeah/URO/TUGAS 1/install/turtlesim/local/lib/python3.10/dist-packages/turtlesim/srv/_spawn.py'...
[63.320s] Compiling '/media/nerglite/New Volume/coolyeah/URO/TUGAS 1/install/turtlesim/local/lib/python3.10/dist-packages/turtlesim/srv/_teleport_absolute.py'...
[63.320s] Compiling '/media/nerglite/New Volume/coolyeah/URO/TUGAS 1/install/turtlesim/local/lib/python3.10/dist-packages/turtlesim/srv/_teleport_relative.py'...
[63.326s] -- Installing: /media/nerglite/New Volume/coolyeah/URO/TUGAS 1/install/turtlesim/local/lib/python3.10/dist-packages/turtlesim/turtlesim_s__rosidl_typesupport_fastrtps_c.cpython-310-x86_64-linux-gnu.so
[63.327s] -- Set runtime path of "/media/nerglite/New Volume/coolyeah/URO/TUGAS 1/install/turtlesim/local/lib/python3.10/dist-packages/turtlesim/turtlesim_s__rosidl_typesupport_fastrtps_c.cpython-310-x86_64-linux-gnu.so" to ""
[63.327s] -- Installing: /media/nerglite/New Volume/coolyeah/URO/TUGAS 1/install/turtlesim/local/lib/python3.10/dist-packages/turtlesim/turtlesim_s__rosidl_typesupport_introspection_c.cpython-310-x86_64-linux-gnu.so
[63.328s] -- Set runtime path of "/media/nerglite/New Volume/coolyeah/URO/TUGAS 1/install/turtlesim/local/lib/python3.10/dist-packages/turtlesim/turtlesim_s__rosidl_typesupport_introspection_c.cpython-310-x86_64-linux-gnu.so" to ""
[63.328s] -- Installing: /media/nerglite/New Volume/coolyeah/URO/TUGAS 1/install/turtlesim/local/lib/python3.10/dist-packages/turtlesim/turtlesim_s__rosidl_typesupport_c.cpython-310-x86_64-linux-gnu.so
[63.329s] -- Set runtime path of "/media/nerglite/New Volume/coolyeah/URO/TUGAS 1/install/turtlesim/local/lib/python3.10/dist-packages/turtlesim/turtlesim_s__rosidl_typesupport_c.cpython-310-x86_64-linux-gnu.so" to ""
[63.329s] -- Installing: /media/nerglite/New Volume/coolyeah/URO/TUGAS 1/install/turtlesim/lib/libturtlesim__rosidl_generator_py.so
[63.330s] -- Set runtime path of "/media/nerglite/New Volume/coolyeah/URO/TUGAS 1/install/turtlesim/lib/libturtlesim__rosidl_generator_py.so" to ""
[63.330s] -- Installing: /media/nerglite/New Volume/coolyeah/URO/TUGAS 1/install/turtlesim/share/turtlesim/action/RotateAbsolute.idl
[63.330s] -- Installing: /media/nerglite/New Volume/coolyeah/URO/TUGAS 1/install/turtlesim/share/turtlesim/msg/Color.idl
[63.331s] -- Installing: /media/nerglite/New Volume/coolyeah/URO/TUGAS 1/install/turtlesim/share/turtlesim/msg/Pose.idl
[63.331s] -- Installing: /media/nerglite/New Volume/coolyeah/URO/TUGAS 1/install/turtlesim/share/turtlesim/srv/Kill.idl
[63.331s] -- Installing: /media/nerglite/New Volume/coolyeah/URO/TUGAS 1/install/turtlesim/share/turtlesim/srv/SetPen.idl
[63.331s] -- Installing: /media/nerglite/New Volume/coolyeah/URO/TUGAS 1/install/turtlesim/share/turtlesim/srv/Spawn.idl
[63.332s] -- Installing: /media/nerglite/New Volume/coolyeah/URO/TUGAS 1/install/turtlesim/share/turtlesim/srv/TeleportAbsolute.idl
[63.332s] -- Installing: /media/nerglite/New Volume/coolyeah/URO/TUGAS 1/install/turtlesim/share/turtlesim/srv/TeleportRelative.idl
[63.332s] -- Installing: /media/nerglite/New Volume/coolyeah/URO/TUGAS 1/install/turtlesim/share/turtlesim/action/RotateAbsolute.action
[63.332s] -- Installing: /media/nerglite/New Volume/coolyeah/URO/TUGAS 1/install/turtlesim/share/turtlesim/msg/Color.msg
[63.333s] -- Installing: /media/nerglite/New Volume/coolyeah/URO/TUGAS 1/install/turtlesim/share/turtlesim/msg/Pose.msg
[63.333s] -- Installing: /media/nerglite/New Volume/coolyeah/URO/TUGAS 1/install/turtlesim/share/turtlesim/srv/Kill.srv
[63.333s] -- Installing: /media/nerglite/New Volume/coolyeah/URO/TUGAS 1/install/turtlesim/share/turtlesim/srv/Kill_Request.msg
[63.333s] -- Installing: /media/nerglite/New Volume/coolyeah/URO/TUGAS 1/install/turtlesim/share/turtlesim/srv/Kill_Response.msg
[63.334s] -- Installing: /media/nerglite/New Volume/coolyeah/URO/TUGAS 1/install/turtlesim/share/turtlesim/srv/SetPen.srv
[63.334s] -- Installing: /media/nerglite/New Volume/coolyeah/URO/TUGAS 1/install/turtlesim/share/turtlesim/srv/SetPen_Request.msg
[63.334s] -- Installing: /media/nerglite/New Volume/coolyeah/URO/TUGAS 1/install/turtlesim/share/turtlesim/srv/SetPen_Response.msg
[63.334s] -- Installing: /media/nerglite/New Volume/coolyeah/URO/TUGAS 1/install/turtlesim/share/turtlesim/srv/Spawn.srv
[63.335s] -- Installing: /media/nerglite/New Volume/coolyeah/URO/TUGAS 1/install/turtlesim/share/turtlesim/srv/Spawn_Request.msg
[63.335s] -- Installing: /media/nerglite/New Volume/coolyeah/URO/TUGAS 1/install/turtlesim/share/turtlesim/srv/Spawn_Response.msg
[63.335s] -- Installing: /media/nerglite/New Volume/coolyeah/URO/TUGAS 1/install/turtlesim/share/turtlesim/srv/TeleportAbsolute.srv
[63.335s] -- Installing: /media/nerglite/New Volume/coolyeah/URO/TUGAS 1/install/turtlesim/share/turtlesim/srv/TeleportAbsolute_Request.msg
[63.336s] -- Installing: /media/nerglite/New Volume/coolyeah/URO/TUGAS 1/install/turtlesim/share/turtlesim/srv/TeleportAbsolute_Response.msg
[63.336s] -- Installing: /media/nerglite/New Volume/coolyeah/URO/TUGAS 1/install/turtlesim/share/turtlesim/srv/TeleportRelative.srv
[63.336s] -- Installing: /media/nerglite/New Volume/coolyeah/URO/TUGAS 1/install/turtlesim/share/turtlesim/srv/TeleportRelative_Request.msg
[63.337s] -- Installing: /media/nerglite/New Volume/coolyeah/URO/TUGAS 1/install/turtlesim/share/turtlesim/srv/TeleportRelative_Response.msg
[63.337s] -- Installing: /media/nerglite/New Volume/coolyeah/URO/TUGAS 1/install/turtlesim/lib/turtlesim/turtlesim_node
[63.350s] -- Set runtime path of "/media/nerglite/New Volume/coolyeah/URO/TUGAS 1/install/turtlesim/lib/turtlesim/turtlesim_node" to ""
[63.350s] -- Installing: /media/nerglite/New Volume/coolyeah/URO/TUGAS 1/install/turtlesim/lib/turtlesim/turtle_teleop_key
[63.353s] -- Set runtime path of "/media/nerglite/New Volume/coolyeah/URO/TUGAS 1/install/turtlesim/lib/turtlesim/turtle_teleop_key" to ""
[63.353s] -- Installing: /media/nerglite/New Volume/coolyeah/URO/TUGAS 1/install/turtlesim/lib/turtlesim/draw_square
[63.360s] -- Set runtime path of "/media/nerglite/New Volume/coolyeah/URO/TUGAS 1/install/turtlesim/lib/turtlesim/draw_square" to ""
[63.360s] -- Installing: /media/nerglite/New Volume/coolyeah/URO/TUGAS 1/install/turtlesim/lib/turtlesim/mimic
[63.365s] -- Set runtime path of "/media/nerglite/New Volume/coolyeah/URO/TUGAS 1/install/turtlesim/lib/turtlesim/mimic" to ""
[63.365s] -- Installing: /media/nerglite/New Volume/coolyeah/URO/TUGAS 1/install/turtlesim/share/turtlesim/images
[63.365s] -- Installing: /media/nerglite/New Volume/coolyeah/URO/TUGAS 1/install/turtlesim/share/turtlesim/images/ardent.png
[63.366s] -- Installing: /media/nerglite/New Volume/coolyeah/URO/TUGAS 1/install/turtlesim/share/turtlesim/images/bouncy.png
[63.366s] -- Installing: /media/nerglite/New Volume/coolyeah/URO/TUGAS 1/install/turtlesim/share/turtlesim/images/crystal.png
[63.366s] -- Installing: /media/nerglite/New Volume/coolyeah/URO/TUGAS 1/install/turtlesim/share/turtlesim/images/dashing.png
[63.366s] -- Installing: /media/nerglite/New Volume/coolyeah/URO/TUGAS 1/install/turtlesim/share/turtlesim/images/eloquent.png
[63.367s] -- Installing: /media/nerglite/New Volume/coolyeah/URO/TUGAS 1/install/turtlesim/share/turtlesim/images/foxy.png
[63.367s] -- Installing: /media/nerglite/New Volume/coolyeah/URO/TUGAS 1/install/turtlesim/share/turtlesim/images/galactic.png
[63.367s] -- Installing: /media/nerglite/New Volume/coolyeah/URO/TUGAS 1/install/turtlesim/share/turtlesim/images/humble.png
[63.367s] -- Installing: /media/nerglite/New Volume/coolyeah/URO/TUGAS 1/install/turtlesim/share/turtlesim/images/rolling.png
[63.367s] -- Installing: /media/nerglite/New Volume/coolyeah/URO/TUGAS 1/install/turtlesim/share/turtlesim/launch
[63.368s] -- Installing: /media/nerglite/New Volume/coolyeah/URO/TUGAS 1/install/turtlesim/share/turtlesim/launch/multisim.launch.py
[63.368s] -- Installing: /media/nerglite/New Volume/coolyeah/URO/TUGAS 1/install/turtlesim/share/ament_index/resource_index/package_run_dependencies/turtlesim
[63.368s] -- Installing: /media/nerglite/New Volume/coolyeah/URO/TUGAS 1/install/turtlesim/share/ament_index/resource_index/parent_prefix_path/turtlesim
[63.368s] -- Installing: /media/nerglite/New Volume/coolyeah/URO/TUGAS 1/install/turtlesim/share/turtlesim/environment/ament_prefix_path.sh
[63.369s] -- Installing: /media/nerglite/New Volume/coolyeah/URO/TUGAS 1/install/turtlesim/share/turtlesim/environment/ament_prefix_path.dsv
[63.369s] -- Installing: /media/nerglite/New Volume/coolyeah/URO/TUGAS 1/install/turtlesim/share/turtlesim/environment/path.sh
[63.369s] -- Installing: /media/nerglite/New Volume/coolyeah/URO/TUGAS 1/install/turtlesim/share/turtlesim/environment/path.dsv
[63.370s] -- Installing: /media/nerglite/New Volume/coolyeah/URO/TUGAS 1/install/turtlesim/share/turtlesim/local_setup.bash
[63.370s] -- Installing: /media/nerglite/New Volume/coolyeah/URO/TUGAS 1/install/turtlesim/share/turtlesim/local_setup.sh
[63.371s] -- Installing: /media/nerglite/New Volume/coolyeah/URO/TUGAS 1/install/turtlesim/share/turtlesim/local_setup.zsh
[63.371s] -- Installing: /media/nerglite/New Volume/coolyeah/URO/TUGAS 1/install/turtlesim/share/turtlesim/local_setup.dsv
[63.371s] -- Installing: /media/nerglite/New Volume/coolyeah/URO/TUGAS 1/install/turtlesim/share/turtlesim/package.dsv
[63.372s] -- Installing: /media/nerglite/New Volume/coolyeah/URO/TUGAS 1/install/turtlesim/share/ament_index/resource_index/packages/turtlesim
[63.372s] -- Installing: /media/nerglite/New Volume/coolyeah/URO/TUGAS 1/install/turtlesim/share/turtlesim/cmake/export_turtlesim__rosidl_generator_cExport.cmake
[63.372s] -- Installing: /media/nerglite/New Volume/coolyeah/URO/TUGAS 1/install/turtlesim/share/turtlesim/cmake/export_turtlesim__rosidl_generator_cExport-noconfig.cmake
[63.373s] -- Installing: /media/nerglite/New Volume/coolyeah/URO/TUGAS 1/install/turtlesim/share/turtlesim/cmake/export_turtlesim__rosidl_typesupport_fastrtps_cExport.cmake
[63.373s] -- Installing: /media/nerglite/New Volume/coolyeah/URO/TUGAS 1/install/turtlesim/share/turtlesim/cmake/export_turtlesim__rosidl_typesupport_fastrtps_cExport-noconfig.cmake
[63.374s] -- Installing: /media/nerglite/New Volume/coolyeah/URO/TUGAS 1/install/turtlesim/share/turtlesim/cmake/export_turtlesim__rosidl_generator_cppExport.cmake
[63.374s] -- Installing: /media/nerglite/New Volume/coolyeah/URO/TUGAS 1/install/turtlesim/share/turtlesim/cmake/export_turtlesim__rosidl_typesupport_fastrtps_cppExport.cmake
[63.374s] -- Installing: /media/nerglite/New Volume/coolyeah/URO/TUGAS 1/install/turtlesim/share/turtlesim/cmake/export_turtlesim__rosidl_typesupport_fastrtps_cppExport-noconfig.cmake
[63.375s] -- Installing: /media/nerglite/New Volume/coolyeah/URO/TUGAS 1/install/turtlesim/share/turtlesim/cmake/turtlesim__rosidl_typesupport_introspection_cExport.cmake
[63.375s] -- Installing: /media/nerglite/New Volume/coolyeah/URO/TUGAS 1/install/turtlesim/share/turtlesim/cmake/turtlesim__rosidl_typesupport_introspection_cExport-noconfig.cmake
[63.375s] -- Installing: /media/nerglite/New Volume/coolyeah/URO/TUGAS 1/install/turtlesim/share/turtlesim/cmake/turtlesim__rosidl_typesupport_cExport.cmake
[63.376s] -- Installing: /media/nerglite/New Volume/coolyeah/URO/TUGAS 1/install/turtlesim/share/turtlesim/cmake/turtlesim__rosidl_typesupport_cExport-noconfig.cmake
[63.376s] -- Installing: /media/nerglite/New Volume/coolyeah/URO/TUGAS 1/install/turtlesim/share/turtlesim/cmake/turtlesim__rosidl_typesupport_introspection_cppExport.cmake
[63.377s] -- Installing: /media/nerglite/New Volume/coolyeah/URO/TUGAS 1/install/turtlesim/share/turtlesim/cmake/turtlesim__rosidl_typesupport_introspection_cppExport-noconfig.cmake
[63.377s] -- Installing: /media/nerglite/New Volume/coolyeah/URO/TUGAS 1/install/turtlesim/share/turtlesim/cmake/turtlesim__rosidl_typesupport_cppExport.cmake
[63.378s] -- Installing: /media/nerglite/New Volume/coolyeah/URO/TUGAS 1/install/turtlesim/share/turtlesim/cmake/turtlesim__rosidl_typesupport_cppExport-noconfig.cmake
[63.378s] -- Installing: /media/nerglite/New Volume/coolyeah/URO/TUGAS 1/install/turtlesim/share/turtlesim/cmake/export_turtlesim__rosidl_generator_pyExport.cmake
[63.378s] -- Installing: /media/nerglite/New Volume/coolyeah/URO/TUGAS 1/install/turtlesim/share/turtlesim/cmake/export_turtlesim__rosidl_generator_pyExport-noconfig.cmake
[63.378s] -- Installing: /media/nerglite/New Volume/coolyeah/URO/TUGAS 1/install/turtlesim/share/turtlesim/cmake/rosidl_cmake-extras.cmake
[63.379s] -- Installing: /media/nerglite/New Volume/coolyeah/URO/TUGAS 1/install/turtlesim/share/turtlesim/cmake/ament_cmake_export_dependencies-extras.cmake
[63.379s] -- Installing: /media/nerglite/New Volume/coolyeah/URO/TUGAS 1/install/turtlesim/share/turtlesim/cmake/ament_cmake_export_include_directories-extras.cmake
[63.380s] -- Installing: /media/nerglite/New Volume/coolyeah/URO/TUGAS 1/install/turtlesim/share/turtlesim/cmake/ament_cmake_export_libraries-extras.cmake
[63.380s] -- Installing: /media/nerglite/New Volume/coolyeah/URO/TUGAS 1/install/turtlesim/share/turtlesim/cmake/ament_cmake_export_targets-extras.cmake
[63.380s] -- Installing: /media/nerglite/New Volume/coolyeah/URO/TUGAS 1/install/turtlesim/share/turtlesim/cmake/rosidl_cmake_export_typesupport_targets-extras.cmake
[63.381s] -- Installing: /media/nerglite/New Volume/coolyeah/URO/TUGAS 1/install/turtlesim/share/turtlesim/cmake/rosidl_cmake_export_typesupport_libraries-extras.cmake
[63.381s] -- Installing: /media/nerglite/New Volume/coolyeah/URO/TUGAS 1/install/turtlesim/share/turtlesim/cmake/turtlesimConfig.cmake
[63.381s] -- Installing: /media/nerglite/New Volume/coolyeah/URO/TUGAS 1/install/turtlesim/share/turtlesim/cmake/turtlesimConfig-version.cmake
[63.382s] -- Installing: /media/nerglite/New Volume/coolyeah/URO/TUGAS 1/install/turtlesim/share/turtlesim/package.xml
[63.387s] Invoked command in '/media/nerglite/New Volume/coolyeah/URO/TUGAS 1/build/turtlesim' returned '0': CMAKE_PREFIX_PATH=/opt/ros/humble /usr/bin/cmake --install /media/nerglite/New Volume/coolyeah/URO/TUGAS 1/build/turtlesim
