[0.019s] Invoking command in '/media/nerglite/New Volume/coolyeah/URO/Tucil-ROS2-VLG/build/turtlesim': /usr/bin/cmake /media/nerglite/New Volume/coolyeah/URO/Tucil-ROS2-VLG/src/turtlesim -DCMAKE_INSTALL_PREFIX=/media/nerglite/New Volume/coolyeah/URO/Tucil-ROS2-VLG/install/turtlesim
[0.104s] -- The C compiler identification is GNU 11.4.0
[0.191s] -- The CXX compiler identification is GNU 11.4.0
[0.202s] -- Detecting C compiler ABI info
[0.305s] -- Detecting C compiler ABI info - done
[0.317s] -- Check for working C compiler: /usr/bin/cc - skipped
[0.317s] -- Detecting C compile features
[0.318s] -- Detecting C compile features - done
[0.322s] -- Detecting CXX compiler ABI info
[0.443s] -- Detecting CXX compiler ABI info - done
[0.454s] -- Check for working CXX compiler: /usr/bin/c++ - skipped
[0.455s] -- Detecting CXX compile features
[0.456s] -- Detecting CXX compile features - done
[0.458s] -- Found ament_cmake: 1.3.5 (/opt/ros/humble/share/ament_cmake/cmake)
[0.712s] -- Found Python3: /usr/bin/python3.10 (found version "3.10.12") found components: Interpreter 
[0.839s] -- Found ament_index_cpp: 1.4.0 (/opt/ros/humble/share/ament_index_cpp/cmake)
[0.841s] -- Found geometry_msgs: 4.2.3 (/opt/ros/humble/share/geometry_msgs/cmake)
[0.896s] -- Found rosidl_generator_c: 3.1.5 (/opt/ros/humble/share/rosidl_generator_c/cmake)
[0.903s] -- Found rosidl_adapter: 3.1.5 (/opt/ros/humble/share/rosidl_adapter/cmake)
[0.915s] -- Found rosidl_generator_cpp: 3.1.5 (/opt/ros/humble/share/rosidl_generator_cpp/cmake)
[0.936s] -- Using all available rosidl_typesupport_c: rosidl_typesupport_fastrtps_c;rosidl_typesupport_introspection_c
[0.966s] -- Using all available rosidl_typesupport_cpp: rosidl_typesupport_fastrtps_cpp;rosidl_typesupport_introspection_cpp
[1.178s] -- Found rclcpp: 16.0.5 (/opt/ros/humble/share/rclcpp/cmake)
[1.269s] -- Found rmw_implementation_cmake: 6.1.1 (/opt/ros/humble/share/rmw_implementation_cmake/cmake)
[1.273s] -- Found rmw_fastrtps_cpp: 6.2.3 (/opt/ros/humble/share/rmw_fastrtps_cpp/cmake)
[1.421s] -- Found OpenSSL: /usr/lib/x86_64-linux-gnu/libcrypto.so (found version "3.0.2")  
[1.464s] -- Found FastRTPS: /opt/ros/humble/include  
[1.539s] -- Using RMW implementation 'rmw_fastrtps_cpp' as default
[1.553s] -- Looking for pthread.h
[1.662s] -- Looking for pthread.h - found
[1.662s] -- Performing Test CMAKE_HAVE_LIBC_PTHREAD
[1.772s] -- Performing Test CMAKE_HAVE_LIBC_PTHREAD - Success
[1.773s] -- Found Threads: TRUE  
[1.996s] -- Found rclcpp_action: 16.0.5 (/opt/ros/humble/share/rclcpp_action/cmake)
[2.153s] -- Found rosidl_default_generators: 1.2.0 (/opt/ros/humble/share/rosidl_default_generators/cmake)
[2.167s] -- Found std_srvs: 4.2.3 (/opt/ros/humble/share/std_srvs/cmake)
[2.547s] Error parsing '/media/nerglite/New Volume/coolyeah/URO/Tucil-ROS2-VLG/src/turtlesim/package.xml':
[2.614s] Traceback (most recent call last):
[2.614s]   File "/opt/ros/humble/share/ament_cmake_core/cmake/core/package_xml_2_cmake.py", line 150, in <module>
[2.614s]     main()
[2.615s]   File "/opt/ros/humble/share/ament_cmake_core/cmake/core/package_xml_2_cmake.py", line 53, in main
[2.615s]     raise e
[2.615s]   File "/opt/ros/humble/share/ament_cmake_core/cmake/core/package_xml_2_cmake.py", line 49, in main
[2.615s]     package = parse_package_string(
[2.615s]   File "/usr/lib/python3/dist-packages/catkin_pkg/package.py", line 786, in parse_package_string
[2.616s]     raise InvalidPackage('Error(s):%s' % (''.join(['\n- %s' % e for e in errors])), filename)
[2.616s] catkin_pkg.package.InvalidPackage: Error(s) in package '/media/nerglite/New Volume/coolyeah/URO/Tucil-ROS2-VLG/src/turtlesim/package.xml':
[2.616s] Error(s):
[2.616s] - The generic dependency on 'geometry_msgs' is redundant with: build_depend, exec_depend
[2.616s] - The generic dependency on 'rclcpp' is redundant with: build_depend, exec_depend
[2.616s] - The generic dependency on 'rclcpp_action' is redundant with: build_depend, exec_depend
[2.617s] - The generic dependency on 'std_msgs' is redundant with: build_depend, exec_depend
[2.638s] [31mCMake Error at /opt/ros/humble/share/ament_cmake_core/cmake/core/ament_package_xml.cmake:95 (message):
[2.638s]   execute_process(/usr/bin/python3.10
[2.638s]   /opt/ros/humble/share/ament_cmake_core/cmake/core/package_xml_2_cmake.py
[2.638s]   /media/nerglite/New
[2.638s]   Volume/coolyeah/URO/Tucil-ROS2-VLG/src/turtlesim/package.xml
[2.638s]   /media/nerglite/New
[2.639s]   Volume/coolyeah/URO/Tucil-ROS2-VLG/build/turtlesim/ament_cmake_core/package.cmake)
[2.639s]   returned error code 1
[2.639s] Call Stack (most recent call first):
[2.639s]   /opt/ros/humble/share/ament_cmake_core/cmake/core/ament_package_xml.cmake:49 (_ament_package_xml)
[2.639s]   /opt/ros/humble/share/rosidl_cmake/cmake/rosidl_generate_interfaces.cmake:226 (ament_package_xml)
[2.640s]   CMakeLists.txt:24 (rosidl_generate_interfaces)
[2.640s] 
[2.640s] [0m
[2.640s] -- Configuring incomplete, errors occurred!
[2.640s] See also "/media/nerglite/New Volume/coolyeah/URO/Tucil-ROS2-VLG/build/turtlesim/CMakeFiles/CMakeOutput.log".
[2.655s] Invoked command in '/media/nerglite/New Volume/coolyeah/URO/Tucil-ROS2-VLG/build/turtlesim' returned '1': /usr/bin/cmake /media/nerglite/New Volume/coolyeah/URO/Tucil-ROS2-VLG/src/turtlesim -DCMAKE_INSTALL_PREFIX=/media/nerglite/New Volume/coolyeah/URO/Tucil-ROS2-VLG/install/turtlesim
