[0.022s] Invoking command in '/home/qika/Documents/ROS/Tucil-ROS2-VLG/src/turtlesim/build/turtlesim': CMAKE_PREFIX_PATH=/opt/ros/humble /usr/bin/cmake /home/qika/Documents/ROS/Tucil-ROS2-VLG/src/turtlesim -DCMAKE_INSTALL_PREFIX=/home/qika/Documents/ROS/Tucil-ROS2-VLG/src/turtlesim/install/turtlesim
[0.086s] -- The C compiler identification is GNU 11.4.0
[0.148s] -- The CXX compiler identification is GNU 11.4.0
[0.156s] -- Detecting C compiler ABI info
[0.231s] -- Detecting C compiler ABI info - done
[0.241s] -- Check for working C compiler: /usr/bin/cc - skipped
[0.241s] -- Detecting C compile features
[0.242s] -- Detecting C compile features - done
[0.245s] -- Detecting CXX compiler ABI info
[0.335s] -- Detecting CXX compiler ABI info - done
[0.346s] -- Check for working CXX compiler: /usr/bin/c++ - skipped
[0.347s] -- Detecting CXX compile features
[0.347s] -- Detecting CXX compile features - done
[0.349s] -- Found ament_cmake: 1.3.5 (/opt/ros/humble/share/ament_cmake/cmake)
[0.571s] -- Found Python3: /usr/bin/python3.10 (found version "3.10.12") found components: Interpreter 
[0.669s] -- Found ament_index_cpp: 1.4.0 (/opt/ros/humble/share/ament_index_cpp/cmake)
[0.670s] -- Found geometry_msgs: 4.2.3 (/opt/ros/humble/share/geometry_msgs/cmake)
[0.706s] -- Found rosidl_generator_c: 3.1.5 (/opt/ros/humble/share/rosidl_generator_c/cmake)
[0.711s] -- Found rosidl_adapter: 3.1.5 (/opt/ros/humble/share/rosidl_adapter/cmake)
[0.721s] -- Found rosidl_generator_cpp: 3.1.5 (/opt/ros/humble/share/rosidl_generator_cpp/cmake)
[0.736s] -- Using all available rosidl_typesupport_c: rosidl_typesupport_fastrtps_c;rosidl_typesupport_introspection_c
[0.757s] -- Using all available rosidl_typesupport_cpp: rosidl_typesupport_fastrtps_cpp;rosidl_typesupport_introspection_cpp
[0.914s] -- Found rclcpp: 16.0.5 (/opt/ros/humble/share/rclcpp/cmake)
[0.978s] -- Found rmw_implementation_cmake: 6.1.1 (/opt/ros/humble/share/rmw_implementation_cmake/cmake)
[0.980s] -- Found rmw_fastrtps_cpp: 6.2.3 (/opt/ros/humble/share/rmw_fastrtps_cpp/cmake)
[1.149s] -- Found OpenSSL: /usr/lib/x86_64-linux-gnu/libcrypto.so (found version "3.0.2")  
[1.179s] -- Found FastRTPS: /opt/ros/humble/include  
[1.231s] -- Using RMW implementation 'rmw_fastrtps_cpp' as default
[1.241s] -- Looking for pthread.h
[1.329s] -- Looking for pthread.h - found
[1.330s] -- Performing Test CMAKE_HAVE_LIBC_PTHREAD
[1.425s] -- Performing Test CMAKE_HAVE_LIBC_PTHREAD - Success
[1.427s] -- Found Threads: TRUE  
[1.581s] -- Found rclcpp_action: 16.0.5 (/opt/ros/humble/share/rclcpp_action/cmake)
[1.693s] -- Found rosidl_default_generators: 1.2.0 (/opt/ros/humble/share/rosidl_default_generators/cmake)
[1.702s] -- Found std_srvs: 4.2.3 (/opt/ros/humble/share/std_srvs/cmake)
[2.110s] -- Found ament_cmake_ros: 0.10.0 (/opt/ros/humble/share/ament_cmake_ros/cmake)
[2.556s] -- Using all available rosidl_typesupport_c: rosidl_typesupport_fastrtps_c;rosidl_typesupport_introspection_c
[2.728s] -- Using all available rosidl_typesupport_cpp: rosidl_typesupport_fastrtps_cpp;rosidl_typesupport_introspection_cpp
[2.756s] -- Found PythonInterp: /usr/bin/python3 (found suitable version "3.10.12", minimum required is "3.6") 
[2.758s] -- Found python_cmake_module: 0.10.0 (/opt/ros/humble/share/python_cmake_module/cmake)
[2.784s] -- Found PythonLibs: /usr/lib/x86_64-linux-gnu/libpython3.10.so (found suitable version "3.10.12", minimum required is "3.5") 
[2.784s] -- Using PYTHON_EXECUTABLE: /usr/bin/python3
[2.784s] -- Using PYTHON_INCLUDE_DIRS: /usr/include/python3.10
[2.784s] -- Using PYTHON_LIBRARIES: /usr/lib/x86_64-linux-gnu/libpython3.10.so
[2.806s] -- Found PythonExtra: .so  
[2.875s] -- Configuring done
[2.970s] -- Generating done
[2.974s] -- Build files have been written to: /home/qika/Documents/ROS/Tucil-ROS2-VLG/src/turtlesim/build/turtlesim
[2.990s] Invoked command in '/home/qika/Documents/ROS/Tucil-ROS2-VLG/src/turtlesim/build/turtlesim' returned '0': CMAKE_PREFIX_PATH=/opt/ros/humble /usr/bin/cmake /home/qika/Documents/ROS/Tucil-ROS2-VLG/src/turtlesim -DCMAKE_INSTALL_PREFIX=/home/qika/Documents/ROS/Tucil-ROS2-VLG/src/turtlesim/install/turtlesim
[2.995s] Invoking command in '/home/qika/Documents/ROS/Tucil-ROS2-VLG/src/turtlesim/build/turtlesim': CMAKE_PREFIX_PATH=/opt/ros/humble /usr/bin/cmake --build /home/qika/Documents/ROS/Tucil-ROS2-VLG/src/turtlesim/build/turtlesim -- -j8 -l8
[3.046s] [  1%] [34m[1mGenerating C code for ROS interfaces[0m
[3.057s] [  2%] [34m[1mGenerating C++ code for ROS interfaces[0m
[3.065s] [  2%] Built target ament_cmake_python_copy_turtlesim
[3.371s] running egg_info
[3.372s] creating turtlesim.egg-info
[3.373s] writing turtlesim.egg-info/PKG-INFO
[3.373s] writing dependency_links to turtlesim.egg-info/dependency_links.txt
[3.373s] writing top-level names to turtlesim.egg-info/top_level.txt
[3.374s] writing manifest file 'turtlesim.egg-info/SOURCES.txt'
[3.378s] reading manifest file 'turtlesim.egg-info/SOURCES.txt'
[3.379s] writing manifest file 'turtlesim.egg-info/SOURCES.txt'
[3.426s] [  2%] Built target ament_cmake_python_build_turtlesim_egg
[4.216s] [  2%] Built target turtlesim__cpp
[4.229s] [  3%] [34m[1mGenerating C++ type support dispatch for ROS interfaces[0m
[4.232s] [  5%] [34m[1mGenerating C++ type support for eProsima Fast-RTPS[0m
[4.232s] [  5%] [34m[1mGenerating C++ introspection for ROS interfaces[0m
[4.250s] [  6%] [32mBuilding C object CMakeFiles/turtlesim__rosidl_generator_c.dir/rosidl_generator_c/turtlesim/action/detail/rotate_absolute__functions.c.o[0m
[4.252s] [  7%] [32mBuilding C object CMakeFiles/turtlesim__rosidl_generator_c.dir/rosidl_generator_c/turtlesim/msg/detail/color__functions.c.o[0m
[4.252s] [  8%] [32mBuilding C object CMakeFiles/turtlesim__rosidl_generator_c.dir/rosidl_generator_c/turtlesim/msg/detail/pose__functions.c.o[0m
[4.264s] [  9%] [32mBuilding C object CMakeFiles/turtlesim__rosidl_generator_c.dir/rosidl_generator_c/turtlesim/srv/detail/set_pen__functions.c.o[0m
[4.268s] [ 10%] [32mBuilding C object CMakeFiles/turtlesim__rosidl_generator_c.dir/rosidl_generator_c/turtlesim/srv/detail/kill__functions.c.o[0m
[4.383s] [ 10%] [32mBuilding C object CMakeFiles/turtlesim__rosidl_generator_c.dir/rosidl_generator_c/turtlesim/srv/detail/teleport_absolute__functions.c.o[0m
[4.398s] [ 11%] [32mBuilding C object CMakeFiles/turtlesim__rosidl_generator_c.dir/rosidl_generator_c/turtlesim/srv/detail/spawn__functions.c.o[0m
[4.406s] [ 12%] [32mBuilding C object CMakeFiles/turtlesim__rosidl_generator_c.dir/rosidl_generator_c/turtlesim/srv/detail/teleport_relative__functions.c.o[0m
[4.589s] [ 13%] [32m[1mLinking C shared library libturtlesim__rosidl_generator_c.so[0m
[4.684s] [ 13%] Built target turtlesim__rosidl_generator_c
[4.699s] [ 15%] [34m[1mGenerating C type support for eProsima Fast-RTPS[0m
[4.700s] [ 16%] [34m[1mGenerating C introspection for ROS interfaces[0m
[4.700s] [ 15%] [34m[1mGenerating C type support dispatch for ROS interfaces[0m
[5.328s] [ 17%] [32mBuilding CXX object CMakeFiles/turtlesim__rosidl_typesupport_cpp.dir/rosidl_typesupport_cpp/turtlesim/action/rotate_absolute__type_support.cpp.o[0m
[5.329s] [ 18%] [32mBuilding CXX object CMakeFiles/turtlesim__rosidl_typesupport_cpp.dir/rosidl_typesupport_cpp/turtlesim/msg/color__type_support.cpp.o[0m
[5.346s] [ 19%] [32mBuilding CXX object CMakeFiles/turtlesim__rosidl_typesupport_cpp.dir/rosidl_typesupport_cpp/turtlesim/msg/pose__type_support.cpp.o[0m
[5.623s] [ 20%] [32mBuilding CXX object CMakeFiles/turtlesim__rosidl_typesupport_introspection_cpp.dir/rosidl_typesupport_introspection_cpp/turtlesim/action/detail/rotate_absolute__type_support.cpp.o[0m
[5.957s] [ 21%] [32mBuilding CXX object CMakeFiles/turtlesim__rosidl_typesupport_fastrtps_cpp.dir/rosidl_typesupport_fastrtps_cpp/turtlesim/action/detail/dds_fastrtps/rotate_absolute__type_support.cpp.o[0m
[6.063s] [ 22%] [32mBuilding CXX object CMakeFiles/turtlesim__rosidl_typesupport_cpp.dir/rosidl_typesupport_cpp/turtlesim/srv/kill__type_support.cpp.o[0m
[6.068s] [ 23%] [32mBuilding CXX object CMakeFiles/turtlesim__rosidl_typesupport_fastrtps_cpp.dir/rosidl_typesupport_fastrtps_cpp/turtlesim/msg/detail/dds_fastrtps/color__type_support.cpp.o[0m
[6.416s] [ 24%] [32mBuilding CXX object CMakeFiles/turtlesim__rosidl_typesupport_c.dir/rosidl_typesupport_c/turtlesim/action/rotate_absolute__type_support.cpp.o[0m
[6.497s] [ 25%] [32mBuilding CXX object CMakeFiles/turtlesim__rosidl_typesupport_introspection_cpp.dir/rosidl_typesupport_introspection_cpp/turtlesim/msg/detail/color__type_support.cpp.o[0m
[6.697s] [ 26%] [32mBuilding CXX object CMakeFiles/turtlesim__rosidl_typesupport_cpp.dir/rosidl_typesupport_cpp/turtlesim/srv/set_pen__type_support.cpp.o[0m
[6.733s] [ 27%] [32mBuilding CXX object CMakeFiles/turtlesim__rosidl_typesupport_c.dir/rosidl_typesupport_c/turtlesim/msg/color__type_support.cpp.o[0m
[6.946s] [ 28%] [32mBuilding CXX object CMakeFiles/turtlesim__rosidl_typesupport_c.dir/rosidl_typesupport_c/turtlesim/msg/pose__type_support.cpp.o[0m
[7.006s] [ 29%] [32mBuilding CXX object CMakeFiles/turtlesim__rosidl_typesupport_c.dir/rosidl_typesupport_c/turtlesim/srv/kill__type_support.cpp.o[0m
[7.027s] [ 30%] [32mBuilding CXX object CMakeFiles/turtlesim__rosidl_typesupport_c.dir/rosidl_typesupport_c/turtlesim/srv/set_pen__type_support.cpp.o[0m
[7.109s] [ 31%] [32mBuilding CXX object CMakeFiles/turtlesim__rosidl_typesupport_c.dir/rosidl_typesupport_c/turtlesim/srv/teleport_absolute__type_support.cpp.o[0m
[7.123s] [ 32%] [32mBuilding CXX object CMakeFiles/turtlesim__rosidl_typesupport_c.dir/rosidl_typesupport_c/turtlesim/srv/spawn__type_support.cpp.o[0m
[7.149s] [ 33%] [32mBuilding CXX object CMakeFiles/turtlesim__rosidl_typesupport_fastrtps_c.dir/rosidl_typesupport_fastrtps_c/turtlesim/action/detail/rotate_absolute__type_support_c.cpp.o[0m
[7.193s] [ 34%] [32mBuilding CXX object CMakeFiles/turtlesim__rosidl_typesupport_c.dir/rosidl_typesupport_c/turtlesim/srv/teleport_relative__type_support.cpp.o[0m
[7.250s] [ 35%] [32mBuilding CXX object CMakeFiles/turtlesim__rosidl_typesupport_cpp.dir/rosidl_typesupport_cpp/turtlesim/srv/spawn__type_support.cpp.o[0m
[7.278s] [ 35%] [32m[1mLinking CXX shared library libturtlesim__rosidl_typesupport_c.so[0m
[7.303s] [ 36%] [32mBuilding CXX object CMakeFiles/turtlesim__rosidl_typesupport_fastrtps_cpp.dir/rosidl_typesupport_fastrtps_cpp/turtlesim/msg/detail/dds_fastrtps/pose__type_support.cpp.o[0m
[7.304s] [ 37%] [32mBuilding CXX object CMakeFiles/turtlesim__rosidl_typesupport_cpp.dir/rosidl_typesupport_cpp/turtlesim/srv/teleport_absolute__type_support.cpp.o[0m
[7.329s] [ 38%] [32mBuilding CXX object CMakeFiles/turtlesim__rosidl_typesupport_introspection_cpp.dir/rosidl_typesupport_introspection_cpp/turtlesim/msg/detail/pose__type_support.cpp.o[0m
[7.344s] [ 39%] [32mBuilding CXX object CMakeFiles/turtlesim__rosidl_typesupport_fastrtps_cpp.dir/rosidl_typesupport_fastrtps_cpp/turtlesim/srv/detail/dds_fastrtps/kill__type_support.cpp.o[0m
[7.409s] [ 39%] Built target turtlesim__rosidl_typesupport_c
[7.502s] [ 40%] [32mBuilding CXX object CMakeFiles/turtlesim__rosidl_typesupport_cpp.dir/rosidl_typesupport_cpp/turtlesim/srv/teleport_relative__type_support.cpp.o[0m
[7.868s] [ 41%] [32mBuilding CXX object CMakeFiles/turtlesim__rosidl_typesupport_fastrtps_cpp.dir/rosidl_typesupport_fastrtps_cpp/turtlesim/srv/detail/dds_fastrtps/set_pen__type_support.cpp.o[0m
[7.918s] [ 42%] [32mBuilding C object CMakeFiles/turtlesim__rosidl_typesupport_introspection_c.dir/rosidl_typesupport_introspection_c/turtlesim/action/detail/rotate_absolute__type_support.c.o[0m
[7.958s] [ 43%] [32mBuilding CXX object CMakeFiles/turtlesim__rosidl_typesupport_introspection_cpp.dir/rosidl_typesupport_introspection_cpp/turtlesim/srv/detail/kill__type_support.cpp.o[0m
[8.111s] [ 44%] [32mBuilding CXX object CMakeFiles/turtlesim__rosidl_typesupport_fastrtps_c.dir/rosidl_typesupport_fastrtps_c/turtlesim/msg/detail/color__type_support_c.cpp.o[0m
[8.143s] [ 45%] [32mBuilding C object CMakeFiles/turtlesim__rosidl_typesupport_introspection_c.dir/rosidl_typesupport_introspection_c/turtlesim/msg/detail/color__type_support.c.o[0m
[8.222s] [ 46%] [32mBuilding CXX object CMakeFiles/turtlesim__rosidl_typesupport_fastrtps_cpp.dir/rosidl_typesupport_fastrtps_cpp/turtlesim/srv/detail/dds_fastrtps/spawn__type_support.cpp.o[0m
[8.227s] [ 47%] [32mBuilding CXX object CMakeFiles/turtlesim__rosidl_typesupport_introspection_cpp.dir/rosidl_typesupport_introspection_cpp/turtlesim/srv/detail/set_pen__type_support.cpp.o[0m
[8.235s] [ 48%] [32m[1mLinking CXX shared library libturtlesim__rosidl_typesupport_cpp.so[0m
[8.286s] [ 49%] [32mBuilding C object CMakeFiles/turtlesim__rosidl_typesupport_introspection_c.dir/rosidl_typesupport_introspection_c/turtlesim/msg/detail/pose__type_support.c.o[0m
[8.380s] [ 50%] [32mBuilding CXX object CMakeFiles/turtlesim__rosidl_typesupport_fastrtps_cpp.dir/rosidl_typesupport_fastrtps_cpp/turtlesim/srv/detail/dds_fastrtps/teleport_absolute__type_support.cpp.o[0m
[8.381s] [ 51%] [32mBuilding C object CMakeFiles/turtlesim__rosidl_typesupport_introspection_c.dir/rosidl_typesupport_introspection_c/turtlesim/srv/detail/kill__type_support.c.o[0m
[8.448s] [ 51%] Built target turtlesim__rosidl_typesupport_cpp
[8.459s] [ 52%] [32mBuilding C object CMakeFiles/turtlesim__rosidl_typesupport_introspection_c.dir/rosidl_typesupport_introspection_c/turtlesim/srv/detail/set_pen__type_support.c.o[0m
[8.481s] [ 53%] [32mBuilding C object CMakeFiles/turtlesim__rosidl_typesupport_introspection_c.dir/rosidl_typesupport_introspection_c/turtlesim/srv/detail/spawn__type_support.c.o[0m
[8.574s] [ 54%] [34m[1mGenerating include/turtlesim/moc_turtle_frame.cpp[0m
[8.593s] [ 54%] [32mBuilding C object CMakeFiles/turtlesim__rosidl_typesupport_introspection_c.dir/rosidl_typesupport_introspection_c/turtlesim/srv/detail/teleport_absolute__type_support.c.o[0m
[8.684s] [ 55%] [32mBuilding C object CMakeFiles/turtlesim__rosidl_typesupport_introspection_c.dir/rosidl_typesupport_introspection_c/turtlesim/srv/detail/teleport_relative__type_support.c.o[0m
[8.752s] [ 56%] [32mBuilding CXX object CMakeFiles/turtlesim__rosidl_typesupport_introspection_cpp.dir/rosidl_typesupport_introspection_cpp/turtlesim/srv/detail/spawn__type_support.cpp.o[0m
[8.761s] [ 57%] [32m[1mLinking C shared library libturtlesim__rosidl_typesupport_introspection_c.so[0m
[8.812s] [ 58%] [32mBuilding CXX object CMakeFiles/turtlesim_node.dir/src/turtlesim.cpp.o[0m
[8.819s] [ 59%] [32mBuilding CXX object CMakeFiles/turtle_go_here.dir/src/turtle_go_here.cpp.o[0m
[8.904s] [ 59%] Built target turtlesim__rosidl_typesupport_introspection_c
[8.944s] [ 60%] [32mBuilding CXX object CMakeFiles/turtlesim__rosidl_typesupport_fastrtps_cpp.dir/rosidl_typesupport_fastrtps_cpp/turtlesim/srv/detail/dds_fastrtps/teleport_relative__type_support.cpp.o[0m
[9.111s] [ 61%] [32mBuilding CXX object CMakeFiles/turtlesim__rosidl_typesupport_introspection_cpp.dir/rosidl_typesupport_introspection_cpp/turtlesim/srv/detail/teleport_absolute__type_support.cpp.o[0m
[9.229s] [ 62%] [32mBuilding CXX object CMakeFiles/turtlesim_node.dir/src/turtle.cpp.o[0m
[9.332s] [ 63%] [32mBuilding CXX object CMakeFiles/turtlesim_node.dir/src/turtle_frame.cpp.o[0m
[9.759s] [ 64%] [32mBuilding CXX object CMakeFiles/turtlesim__rosidl_typesupport_introspection_cpp.dir/rosidl_typesupport_introspection_cpp/turtlesim/srv/detail/teleport_relative__type_support.cpp.o[0m
[9.834s] [ 65%] [32mBuilding CXX object CMakeFiles/turtlesim__rosidl_typesupport_fastrtps_c.dir/rosidl_typesupport_fastrtps_c/turtlesim/msg/detail/pose__type_support_c.cpp.o[0m
[9.919s] [ 66%] [32mBuilding CXX object CMakeFiles/turtlesim_node.dir/include/turtlesim/moc_turtle_frame.cpp.o[0m
[9.967s] [ 67%] [32m[1mLinking CXX shared library libturtlesim__rosidl_typesupport_fastrtps_cpp.so[0m
[10.225s] [ 67%] Built target turtlesim__rosidl_typesupport_fastrtps_cpp
[10.390s] [ 68%] [32mBuilding CXX object CMakeFiles/turtle_angle.dir/src/turtle_angle.cpp.o[0m
[10.694s] [ 69%] [32m[1mLinking CXX shared library libturtlesim__rosidl_typesupport_introspection_cpp.so[0m
[11.011s] [ 69%] Built target turtlesim__rosidl_typesupport_introspection_cpp
[11.109s] [ 70%] [32mBuilding CXX object CMakeFiles/turtlesim__rosidl_typesupport_fastrtps_c.dir/rosidl_typesupport_fastrtps_c/turtlesim/srv/detail/kill__type_support_c.cpp.o[0m
[11.178s] [ 71%] [32mBuilding CXX object CMakeFiles/turtle_move.dir/src/turtle_move.cpp.o[0m
[12.023s] [ 72%] [32mBuilding CXX object CMakeFiles/turtlesim__rosidl_typesupport_fastrtps_c.dir/rosidl_typesupport_fastrtps_c/turtlesim/srv/detail/set_pen__type_support_c.cpp.o[0m
[12.821s] [ 73%] [32mBuilding CXX object CMakeFiles/turtlesim__rosidl_typesupport_fastrtps_c.dir/rosidl_typesupport_fastrtps_c/turtlesim/srv/detail/spawn__type_support_c.cpp.o[0m
[13.786s] [ 74%] [32mBuilding CXX object CMakeFiles/turtlesim__rosidl_typesupport_fastrtps_c.dir/rosidl_typesupport_fastrtps_c/turtlesim/srv/detail/teleport_absolute__type_support_c.cpp.o[0m
[14.578s] [ 74%] [32mBuilding CXX object CMakeFiles/turtlesim__rosidl_typesupport_fastrtps_c.dir/rosidl_typesupport_fastrtps_c/turtlesim/srv/detail/teleport_relative__type_support_c.cpp.o[0m
[15.437s] [ 75%] [32m[1mLinking CXX shared library libturtlesim__rosidl_typesupport_fastrtps_c.so[0m
[15.756s] [ 75%] Built target turtlesim__rosidl_typesupport_fastrtps_c
[15.893s] [ 76%] [32mBuilding CXX object CMakeFiles/turtle_teleop_key.dir/tutorials/teleop_turtle_key.cpp.o[0m
[19.602s] [ 76%] [32mBuilding CXX object CMakeFiles/draw_square.dir/tutorials/draw_square.cpp.o[0m
[20.032s] [ 77%] [32mBuilding CXX object CMakeFiles/mimic.dir/tutorials/mimic.cpp.o[0m
[22.008s] [ 78%] [32m[1mLinking CXX executable turtle_move[0m
[23.132s] [ 78%] Built target turtle_move
[23.171s] [ 78%] Built target turtlesim
[23.228s] [ 79%] [34m[1mGenerating Python code for ROS interfaces[0m
[29.807s] [ 79%] Built target turtlesim__py
[29.919s] [ 80%] [32mBuilding C object CMakeFiles/turtlesim__rosidl_generator_py.dir/rosidl_generator_py/turtlesim/action/_rotate_absolute_s.c.o[0m
[30.601s] [ 81%] [32mBuilding C object CMakeFiles/turtlesim__rosidl_generator_py.dir/rosidl_generator_py/turtlesim/msg/_color_s.c.o[0m
[30.798s] [ 82%] [32m[1mLinking CXX executable turtle_teleop_key[0m
[30.921s] [ 83%] [32mBuilding C object CMakeFiles/turtlesim__rosidl_generator_py.dir/rosidl_generator_py/turtlesim/msg/_pose_s.c.o[0m
[30.941s] [ 84%] [32m[1mLinking CXX executable turtle_go_here[0m
[31.340s] [ 85%] [32mBuilding C object CMakeFiles/turtlesim__rosidl_generator_py.dir/rosidl_generator_py/turtlesim/srv/_kill_s.c.o[0m
[31.676s] [ 85%] Built target turtle_teleop_key
[31.691s] [ 86%] [32mBuilding C object CMakeFiles/turtlesim__rosidl_generator_py.dir/rosidl_generator_py/turtlesim/srv/_set_pen_s.c.o[0m
[31.811s] [ 87%] [32mBuilding C object CMakeFiles/turtlesim__rosidl_generator_py.dir/rosidl_generator_py/turtlesim/srv/_spawn_s.c.o[0m
[31.884s] [ 88%] [32mBuilding C object CMakeFiles/turtlesim__rosidl_generator_py.dir/rosidl_generator_py/turtlesim/srv/_teleport_absolute_s.c.o[0m
[32.142s] [ 89%] [32mBuilding C object CMakeFiles/turtlesim__rosidl_generator_py.dir/rosidl_generator_py/turtlesim/srv/_teleport_relative_s.c.o[0m
[32.364s] [ 90%] [32m[1mLinking C shared library rosidl_generator_py/turtlesim/libturtlesim__rosidl_generator_py.so[0m
[32.425s] [ 90%] Built target turtle_go_here
[32.463s] [ 90%] Built target turtlesim__rosidl_generator_py
[32.518s] [ 91%] [32mBuilding C object CMakeFiles/turtlesim__rosidl_typesupport_introspection_c__pyext.dir/rosidl_generator_py/turtlesim/_turtlesim_s.ep.rosidl_typesupport_introspection_c.c.o[0m
[32.533s] [ 92%] [32mBuilding C object CMakeFiles/turtlesim__rosidl_typesupport_fastrtps_c__pyext.dir/rosidl_generator_py/turtlesim/_turtlesim_s.ep.rosidl_typesupport_fastrtps_c.c.o[0m
[32.577s] [ 93%] [32mBuilding C object CMakeFiles/turtlesim__rosidl_typesupport_c__pyext.dir/rosidl_generator_py/turtlesim/_turtlesim_s.ep.rosidl_typesupport_c.c.o[0m
[32.888s] [ 94%] [32m[1mLinking C shared library rosidl_generator_py/turtlesim/turtlesim_s__rosidl_typesupport_fastrtps_c.cpython-310-x86_64-linux-gnu.so[0m
[33.030s] [ 94%] Built target turtlesim__rosidl_typesupport_fastrtps_c__pyext
[33.041s] [ 95%] [32m[1mLinking C shared library rosidl_generator_py/turtlesim/turtlesim_s__rosidl_typesupport_c.cpython-310-x86_64-linux-gnu.so[0m
[33.121s] [ 95%] Built target turtlesim__rosidl_typesupport_c__pyext
[33.957s] [ 96%] [32m[1mLinking C shared library rosidl_generator_py/turtlesim/turtlesim_s__rosidl_typesupport_introspection_c.cpython-310-x86_64-linux-gnu.so[0m
[34.133s] [ 96%] Built target turtlesim__rosidl_typesupport_introspection_c__pyext
[35.228s] [ 97%] [32m[1mLinking CXX executable turtle_angle[0m
[36.035s] [ 97%] Built target turtle_angle
[38.001s] [ 98%] [32m[1mLinking CXX executable mimic[0m
[38.710s] [ 98%] Built target mimic
[39.813s] [ 99%] [32m[1mLinking CXX executable draw_square[0m
[40.109s] [100%] [32m[1mLinking CXX executable turtlesim_node[0m
[40.565s] [100%] Built target draw_square
[43.008s] [100%] Built target turtlesim_node
[43.034s] Invoked command in '/home/qika/Documents/ROS/Tucil-ROS2-VLG/src/turtlesim/build/turtlesim' returned '0': CMAKE_PREFIX_PATH=/opt/ros/humble /usr/bin/cmake --build /home/qika/Documents/ROS/Tucil-ROS2-VLG/src/turtlesim/build/turtlesim -- -j8 -l8
[43.229s] Invoking command in '/home/qika/Documents/ROS/Tucil-ROS2-VLG/src/turtlesim/build/turtlesim': CMAKE_PREFIX_PATH=/opt/ros/humble /usr/bin/cmake --install /home/qika/Documents/ROS/Tucil-ROS2-VLG/src/turtlesim/build/turtlesim
[43.239s] -- Install configuration: ""
[43.239s] -- Installing: /home/qika/Documents/ROS/Tucil-ROS2-VLG/src/turtlesim/install/turtlesim/share/ament_index/resource_index/rosidl_interfaces/turtlesim
[43.239s] -- Installing: /home/qika/Documents/ROS/Tucil-ROS2-VLG/src/turtlesim/install/turtlesim/include/turtlesim/turtlesim
[43.239s] -- Installing: /home/qika/Documents/ROS/Tucil-ROS2-VLG/src/turtlesim/install/turtlesim/include/turtlesim/turtlesim/msg
[43.239s] -- Installing: /home/qika/Documents/ROS/Tucil-ROS2-VLG/src/turtlesim/install/turtlesim/include/turtlesim/turtlesim/msg/rosidl_generator_c__visibility_control.h
[43.240s] -- Installing: /home/qika/Documents/ROS/Tucil-ROS2-VLG/src/turtlesim/install/turtlesim/include/turtlesim/turtlesim/msg/color.h
[43.240s] -- Installing: /home/qika/Documents/ROS/Tucil-ROS2-VLG/src/turtlesim/install/turtlesim/include/turtlesim/turtlesim/msg/pose.h
[43.240s] -- Installing: /home/qika/Documents/ROS/Tucil-ROS2-VLG/src/turtlesim/install/turtlesim/include/turtlesim/turtlesim/msg/detail
[43.240s] -- Installing: /home/qika/Documents/ROS/Tucil-ROS2-VLG/src/turtlesim/install/turtlesim/include/turtlesim/turtlesim/msg/detail/color__struct.h
[43.240s] -- Installing: /home/qika/Documents/ROS/Tucil-ROS2-VLG/src/turtlesim/install/turtlesim/include/turtlesim/turtlesim/msg/detail/color__functions.c
[43.240s] -- Installing: /home/qika/Documents/ROS/Tucil-ROS2-VLG/src/turtlesim/install/turtlesim/include/turtlesim/turtlesim/msg/detail/pose__functions.h
[43.240s] -- Installing: /home/qika/Documents/ROS/Tucil-ROS2-VLG/src/turtlesim/install/turtlesim/include/turtlesim/turtlesim/msg/detail/color__type_support.h
[43.241s] -- Installing: /home/qika/Documents/ROS/Tucil-ROS2-VLG/src/turtlesim/install/turtlesim/include/turtlesim/turtlesim/msg/detail/pose__functions.c
[43.241s] -- Installing: /home/qika/Documents/ROS/Tucil-ROS2-VLG/src/turtlesim/install/turtlesim/include/turtlesim/turtlesim/msg/detail/color__functions.h
[43.241s] -- Installing: /home/qika/Documents/ROS/Tucil-ROS2-VLG/src/turtlesim/install/turtlesim/include/turtlesim/turtlesim/msg/detail/pose__type_support.h
[43.241s] -- Installing: /home/qika/Documents/ROS/Tucil-ROS2-VLG/src/turtlesim/install/turtlesim/include/turtlesim/turtlesim/msg/detail/pose__struct.h
[43.241s] -- Installing: /home/qika/Documents/ROS/Tucil-ROS2-VLG/src/turtlesim/install/turtlesim/include/turtlesim/turtlesim/srv
[43.241s] -- Installing: /home/qika/Documents/ROS/Tucil-ROS2-VLG/src/turtlesim/install/turtlesim/include/turtlesim/turtlesim/srv/teleport_absolute.h
[43.241s] -- Installing: /home/qika/Documents/ROS/Tucil-ROS2-VLG/src/turtlesim/install/turtlesim/include/turtlesim/turtlesim/srv/spawn.h
[43.241s] -- Installing: /home/qika/Documents/ROS/Tucil-ROS2-VLG/src/turtlesim/install/turtlesim/include/turtlesim/turtlesim/srv/kill.h
[43.241s] -- Installing: /home/qika/Documents/ROS/Tucil-ROS2-VLG/src/turtlesim/install/turtlesim/include/turtlesim/turtlesim/srv/detail
[43.242s] -- Installing: /home/qika/Documents/ROS/Tucil-ROS2-VLG/src/turtlesim/install/turtlesim/include/turtlesim/turtlesim/srv/detail/spawn__functions.c
[43.242s] -- Installing: /home/qika/Documents/ROS/Tucil-ROS2-VLG/src/turtlesim/install/turtlesim/include/turtlesim/turtlesim/srv/detail/set_pen__struct.h
[43.242s] -- Installing: /home/qika/Documents/ROS/Tucil-ROS2-VLG/src/turtlesim/install/turtlesim/include/turtlesim/turtlesim/srv/detail/set_pen__type_support.h
[43.242s] -- Installing: /home/qika/Documents/ROS/Tucil-ROS2-VLG/src/turtlesim/install/turtlesim/include/turtlesim/turtlesim/srv/detail/kill__functions.c
[43.242s] -- Installing: /home/qika/Documents/ROS/Tucil-ROS2-VLG/src/turtlesim/install/turtlesim/include/turtlesim/turtlesim/srv/detail/teleport_relative__struct.h
[43.242s] -- Installing: /home/qika/Documents/ROS/Tucil-ROS2-VLG/src/turtlesim/install/turtlesim/include/turtlesim/turtlesim/srv/detail/teleport_absolute__struct.h
[43.242s] -- Installing: /home/qika/Documents/ROS/Tucil-ROS2-VLG/src/turtlesim/install/turtlesim/include/turtlesim/turtlesim/srv/detail/set_pen__functions.h
[43.243s] -- Installing: /home/qika/Documents/ROS/Tucil-ROS2-VLG/src/turtlesim/install/turtlesim/include/turtlesim/turtlesim/srv/detail/kill__struct.h
[43.243s] -- Installing: /home/qika/Documents/ROS/Tucil-ROS2-VLG/src/turtlesim/install/turtlesim/include/turtlesim/turtlesim/srv/detail/spawn__functions.h
[43.243s] -- Installing: /home/qika/Documents/ROS/Tucil-ROS2-VLG/src/turtlesim/install/turtlesim/include/turtlesim/turtlesim/srv/detail/teleport_relative__functions.c
[43.243s] -- Installing: /home/qika/Documents/ROS/Tucil-ROS2-VLG/src/turtlesim/install/turtlesim/include/turtlesim/turtlesim/srv/detail/kill__type_support.h
[43.243s] -- Installing: /home/qika/Documents/ROS/Tucil-ROS2-VLG/src/turtlesim/install/turtlesim/include/turtlesim/turtlesim/srv/detail/teleport_relative__functions.h
[43.243s] -- Installing: /home/qika/Documents/ROS/Tucil-ROS2-VLG/src/turtlesim/install/turtlesim/include/turtlesim/turtlesim/srv/detail/teleport_absolute__type_support.h
[43.243s] -- Installing: /home/qika/Documents/ROS/Tucil-ROS2-VLG/src/turtlesim/install/turtlesim/include/turtlesim/turtlesim/srv/detail/teleport_absolute__functions.h
[43.244s] -- Installing: /home/qika/Documents/ROS/Tucil-ROS2-VLG/src/turtlesim/install/turtlesim/include/turtlesim/turtlesim/srv/detail/teleport_relative__type_support.h
[43.244s] -- Installing: /home/qika/Documents/ROS/Tucil-ROS2-VLG/src/turtlesim/install/turtlesim/include/turtlesim/turtlesim/srv/detail/spawn__struct.h
[43.244s] -- Installing: /home/qika/Documents/ROS/Tucil-ROS2-VLG/src/turtlesim/install/turtlesim/include/turtlesim/turtlesim/srv/detail/spawn__type_support.h
[43.244s] -- Installing: /home/qika/Documents/ROS/Tucil-ROS2-VLG/src/turtlesim/install/turtlesim/include/turtlesim/turtlesim/srv/detail/teleport_absolute__functions.c
[43.244s] -- Installing: /home/qika/Documents/ROS/Tucil-ROS2-VLG/src/turtlesim/install/turtlesim/include/turtlesim/turtlesim/srv/detail/kill__functions.h
[43.244s] -- Installing: /home/qika/Documents/ROS/Tucil-ROS2-VLG/src/turtlesim/install/turtlesim/include/turtlesim/turtlesim/srv/detail/set_pen__functions.c
[43.244s] -- Installing: /home/qika/Documents/ROS/Tucil-ROS2-VLG/src/turtlesim/install/turtlesim/include/turtlesim/turtlesim/srv/set_pen.h
[43.245s] -- Installing: /home/qika/Documents/ROS/Tucil-ROS2-VLG/src/turtlesim/install/turtlesim/include/turtlesim/turtlesim/srv/teleport_relative.h
[43.245s] -- Installing: /home/qika/Documents/ROS/Tucil-ROS2-VLG/src/turtlesim/install/turtlesim/include/turtlesim/turtlesim/action
[43.245s] -- Installing: /home/qika/Documents/ROS/Tucil-ROS2-VLG/src/turtlesim/install/turtlesim/include/turtlesim/turtlesim/action/detail
[43.245s] -- Installing: /home/qika/Documents/ROS/Tucil-ROS2-VLG/src/turtlesim/install/turtlesim/include/turtlesim/turtlesim/action/detail/rotate_absolute__functions.h
[43.245s] -- Installing: /home/qika/Documents/ROS/Tucil-ROS2-VLG/src/turtlesim/install/turtlesim/include/turtlesim/turtlesim/action/detail/rotate_absolute__type_support.h
[43.245s] -- Installing: /home/qika/Documents/ROS/Tucil-ROS2-VLG/src/turtlesim/install/turtlesim/include/turtlesim/turtlesim/action/detail/rotate_absolute__functions.c
[43.245s] -- Installing: /home/qika/Documents/ROS/Tucil-ROS2-VLG/src/turtlesim/install/turtlesim/include/turtlesim/turtlesim/action/detail/rotate_absolute__struct.h
[43.246s] -- Installing: /home/qika/Documents/ROS/Tucil-ROS2-VLG/src/turtlesim/install/turtlesim/include/turtlesim/turtlesim/action/rotate_absolute.h
[43.246s] -- Installing: /home/qika/Documents/ROS/Tucil-ROS2-VLG/src/turtlesim/install/turtlesim/share/turtlesim/environment/library_path.sh
[43.246s] -- Installing: /home/qika/Documents/ROS/Tucil-ROS2-VLG/src/turtlesim/install/turtlesim/share/turtlesim/environment/library_path.dsv
[43.246s] -- Installing: /home/qika/Documents/ROS/Tucil-ROS2-VLG/src/turtlesim/install/turtlesim/lib/libturtlesim__rosidl_generator_c.so
[43.247s] -- Set runtime path of "/home/qika/Documents/ROS/Tucil-ROS2-VLG/src/turtlesim/install/turtlesim/lib/libturtlesim__rosidl_generator_c.so" to ""
[43.247s] -- Up-to-date: /home/qika/Documents/ROS/Tucil-ROS2-VLG/src/turtlesim/install/turtlesim/include/turtlesim/turtlesim
[43.247s] -- Up-to-date: /home/qika/Documents/ROS/Tucil-ROS2-VLG/src/turtlesim/install/turtlesim/include/turtlesim/turtlesim/msg
[43.247s] -- Installing: /home/qika/Documents/ROS/Tucil-ROS2-VLG/src/turtlesim/install/turtlesim/include/turtlesim/turtlesim/msg/rosidl_typesupport_fastrtps_c__visibility_control.h
[43.248s] -- Up-to-date: /home/qika/Documents/ROS/Tucil-ROS2-VLG/src/turtlesim/install/turtlesim/include/turtlesim/turtlesim/msg/detail
[43.248s] -- Installing: /home/qika/Documents/ROS/Tucil-ROS2-VLG/src/turtlesim/install/turtlesim/include/turtlesim/turtlesim/msg/detail/color__rosidl_typesupport_fastrtps_c.h
[43.248s] -- Installing: /home/qika/Documents/ROS/Tucil-ROS2-VLG/src/turtlesim/install/turtlesim/include/turtlesim/turtlesim/msg/detail/pose__rosidl_typesupport_fastrtps_c.h
[43.248s] -- Up-to-date: /home/qika/Documents/ROS/Tucil-ROS2-VLG/src/turtlesim/install/turtlesim/include/turtlesim/turtlesim/srv
[43.248s] -- Up-to-date: /home/qika/Documents/ROS/Tucil-ROS2-VLG/src/turtlesim/install/turtlesim/include/turtlesim/turtlesim/srv/detail
[43.248s] -- Installing: /home/qika/Documents/ROS/Tucil-ROS2-VLG/src/turtlesim/install/turtlesim/include/turtlesim/turtlesim/srv/detail/set_pen__rosidl_typesupport_fastrtps_c.h
[43.248s] -- Installing: /home/qika/Documents/ROS/Tucil-ROS2-VLG/src/turtlesim/install/turtlesim/include/turtlesim/turtlesim/srv/detail/teleport_absolute__rosidl_typesupport_fastrtps_c.h
[43.249s] -- Installing: /home/qika/Documents/ROS/Tucil-ROS2-VLG/src/turtlesim/install/turtlesim/include/turtlesim/turtlesim/srv/detail/teleport_relative__rosidl_typesupport_fastrtps_c.h
[43.249s] -- Installing: /home/qika/Documents/ROS/Tucil-ROS2-VLG/src/turtlesim/install/turtlesim/include/turtlesim/turtlesim/srv/detail/kill__rosidl_typesupport_fastrtps_c.h
[43.249s] -- Installing: /home/qika/Documents/ROS/Tucil-ROS2-VLG/src/turtlesim/install/turtlesim/include/turtlesim/turtlesim/srv/detail/spawn__rosidl_typesupport_fastrtps_c.h
[43.249s] -- Up-to-date: /home/qika/Documents/ROS/Tucil-ROS2-VLG/src/turtlesim/install/turtlesim/include/turtlesim/turtlesim/action
[43.249s] -- Up-to-date: /home/qika/Documents/ROS/Tucil-ROS2-VLG/src/turtlesim/install/turtlesim/include/turtlesim/turtlesim/action/detail
[43.249s] -- Installing: /home/qika/Documents/ROS/Tucil-ROS2-VLG/src/turtlesim/install/turtlesim/include/turtlesim/turtlesim/action/detail/rotate_absolute__rosidl_typesupport_fastrtps_c.h
[43.250s] -- Installing: /home/qika/Documents/ROS/Tucil-ROS2-VLG/src/turtlesim/install/turtlesim/lib/libturtlesim__rosidl_typesupport_fastrtps_c.so
[43.250s] -- Set runtime path of "/home/qika/Documents/ROS/Tucil-ROS2-VLG/src/turtlesim/install/turtlesim/lib/libturtlesim__rosidl_typesupport_fastrtps_c.so" to ""
[43.250s] -- Up-to-date: /home/qika/Documents/ROS/Tucil-ROS2-VLG/src/turtlesim/install/turtlesim/include/turtlesim/turtlesim
[43.250s] -- Up-to-date: /home/qika/Documents/ROS/Tucil-ROS2-VLG/src/turtlesim/install/turtlesim/include/turtlesim/turtlesim/msg
[43.250s] -- Installing: /home/qika/Documents/ROS/Tucil-ROS2-VLG/src/turtlesim/install/turtlesim/include/turtlesim/turtlesim/msg/color.hpp
[43.250s] -- Installing: /home/qika/Documents/ROS/Tucil-ROS2-VLG/src/turtlesim/install/turtlesim/include/turtlesim/turtlesim/msg/pose.hpp
[43.251s] -- Up-to-date: /home/qika/Documents/ROS/Tucil-ROS2-VLG/src/turtlesim/install/turtlesim/include/turtlesim/turtlesim/msg/detail
[43.251s] -- Installing: /home/qika/Documents/ROS/Tucil-ROS2-VLG/src/turtlesim/install/turtlesim/include/turtlesim/turtlesim/msg/detail/pose__traits.hpp
[43.251s] -- Installing: /home/qika/Documents/ROS/Tucil-ROS2-VLG/src/turtlesim/install/turtlesim/include/turtlesim/turtlesim/msg/detail/pose__builder.hpp
[43.251s] -- Installing: /home/qika/Documents/ROS/Tucil-ROS2-VLG/src/turtlesim/install/turtlesim/include/turtlesim/turtlesim/msg/detail/color__struct.hpp
[43.251s] -- Installing: /home/qika/Documents/ROS/Tucil-ROS2-VLG/src/turtlesim/install/turtlesim/include/turtlesim/turtlesim/msg/detail/color__builder.hpp
[43.251s] -- Installing: /home/qika/Documents/ROS/Tucil-ROS2-VLG/src/turtlesim/install/turtlesim/include/turtlesim/turtlesim/msg/detail/color__traits.hpp
[43.251s] -- Installing: /home/qika/Documents/ROS/Tucil-ROS2-VLG/src/turtlesim/install/turtlesim/include/turtlesim/turtlesim/msg/detail/pose__struct.hpp
[43.251s] -- Up-to-date: /home/qika/Documents/ROS/Tucil-ROS2-VLG/src/turtlesim/install/turtlesim/include/turtlesim/turtlesim/srv
[43.251s] -- Installing: /home/qika/Documents/ROS/Tucil-ROS2-VLG/src/turtlesim/install/turtlesim/include/turtlesim/turtlesim/srv/teleport_absolute.hpp
[43.252s] -- Installing: /home/qika/Documents/ROS/Tucil-ROS2-VLG/src/turtlesim/install/turtlesim/include/turtlesim/turtlesim/srv/spawn.hpp
[43.252s] -- Installing: /home/qika/Documents/ROS/Tucil-ROS2-VLG/src/turtlesim/install/turtlesim/include/turtlesim/turtlesim/srv/set_pen.hpp
[43.252s] -- Installing: /home/qika/Documents/ROS/Tucil-ROS2-VLG/src/turtlesim/install/turtlesim/include/turtlesim/turtlesim/srv/teleport_relative.hpp
[43.252s] -- Installing: /home/qika/Documents/ROS/Tucil-ROS2-VLG/src/turtlesim/install/turtlesim/include/turtlesim/turtlesim/srv/kill.hpp
[43.252s] -- Up-to-date: /home/qika/Documents/ROS/Tucil-ROS2-VLG/src/turtlesim/install/turtlesim/include/turtlesim/turtlesim/srv/detail
[43.252s] -- Installing: /home/qika/Documents/ROS/Tucil-ROS2-VLG/src/turtlesim/install/turtlesim/include/turtlesim/turtlesim/srv/detail/teleport_absolute__struct.hpp
[43.252s] -- Installing: /home/qika/Documents/ROS/Tucil-ROS2-VLG/src/turtlesim/install/turtlesim/include/turtlesim/turtlesim/srv/detail/spawn__builder.hpp
[43.252s] -- Installing: /home/qika/Documents/ROS/Tucil-ROS2-VLG/src/turtlesim/install/turtlesim/include/turtlesim/turtlesim/srv/detail/set_pen__builder.hpp
[43.253s] -- Installing: /home/qika/Documents/ROS/Tucil-ROS2-VLG/src/turtlesim/install/turtlesim/include/turtlesim/turtlesim/srv/detail/teleport_absolute__builder.hpp
[43.253s] -- Installing: /home/qika/Documents/ROS/Tucil-ROS2-VLG/src/turtlesim/install/turtlesim/include/turtlesim/turtlesim/srv/detail/set_pen__traits.hpp
[43.253s] -- Installing: /home/qika/Documents/ROS/Tucil-ROS2-VLG/src/turtlesim/install/turtlesim/include/turtlesim/turtlesim/srv/detail/kill__traits.hpp
[43.253s] -- Installing: /home/qika/Documents/ROS/Tucil-ROS2-VLG/src/turtlesim/install/turtlesim/include/turtlesim/turtlesim/srv/detail/teleport_relative__struct.hpp
[43.253s] -- Installing: /home/qika/Documents/ROS/Tucil-ROS2-VLG/src/turtlesim/install/turtlesim/include/turtlesim/turtlesim/srv/detail/teleport_relative__traits.hpp
[43.253s] -- Installing: /home/qika/Documents/ROS/Tucil-ROS2-VLG/src/turtlesim/install/turtlesim/include/turtlesim/turtlesim/srv/detail/teleport_relative__builder.hpp
[43.254s] -- Installing: /home/qika/Documents/ROS/Tucil-ROS2-VLG/src/turtlesim/install/turtlesim/include/turtlesim/turtlesim/srv/detail/kill__struct.hpp
[43.254s] -- Installing: /home/qika/Documents/ROS/Tucil-ROS2-VLG/src/turtlesim/install/turtlesim/include/turtlesim/turtlesim/srv/detail/kill__builder.hpp
[43.254s] -- Installing: /home/qika/Documents/ROS/Tucil-ROS2-VLG/src/turtlesim/install/turtlesim/include/turtlesim/turtlesim/srv/detail/spawn__struct.hpp
[43.254s] -- Installing: /home/qika/Documents/ROS/Tucil-ROS2-VLG/src/turtlesim/install/turtlesim/include/turtlesim/turtlesim/srv/detail/set_pen__struct.hpp
[43.254s] -- Installing: /home/qika/Documents/ROS/Tucil-ROS2-VLG/src/turtlesim/install/turtlesim/include/turtlesim/turtlesim/srv/detail/teleport_absolute__traits.hpp
[43.254s] -- Installing: /home/qika/Documents/ROS/Tucil-ROS2-VLG/src/turtlesim/install/turtlesim/include/turtlesim/turtlesim/srv/detail/spawn__traits.hpp
[43.254s] -- Up-to-date: /home/qika/Documents/ROS/Tucil-ROS2-VLG/src/turtlesim/install/turtlesim/include/turtlesim/turtlesim/action
[43.255s] -- Installing: /home/qika/Documents/ROS/Tucil-ROS2-VLG/src/turtlesim/install/turtlesim/include/turtlesim/turtlesim/action/rotate_absolute.hpp
[43.255s] -- Up-to-date: /home/qika/Documents/ROS/Tucil-ROS2-VLG/src/turtlesim/install/turtlesim/include/turtlesim/turtlesim/action/detail
[43.255s] -- Installing: /home/qika/Documents/ROS/Tucil-ROS2-VLG/src/turtlesim/install/turtlesim/include/turtlesim/turtlesim/action/detail/rotate_absolute__builder.hpp
[43.255s] -- Installing: /home/qika/Documents/ROS/Tucil-ROS2-VLG/src/turtlesim/install/turtlesim/include/turtlesim/turtlesim/action/detail/rotate_absolute__struct.hpp
[43.255s] -- Installing: /home/qika/Documents/ROS/Tucil-ROS2-VLG/src/turtlesim/install/turtlesim/include/turtlesim/turtlesim/action/detail/rotate_absolute__traits.hpp
[43.255s] -- Up-to-date: /home/qika/Documents/ROS/Tucil-ROS2-VLG/src/turtlesim/install/turtlesim/include/turtlesim/turtlesim
[43.255s] -- Up-to-date: /home/qika/Documents/ROS/Tucil-ROS2-VLG/src/turtlesim/install/turtlesim/include/turtlesim/turtlesim/msg
[43.255s] -- Installing: /home/qika/Documents/ROS/Tucil-ROS2-VLG/src/turtlesim/install/turtlesim/include/turtlesim/turtlesim/msg/rosidl_typesupport_fastrtps_cpp__visibility_control.h
[43.256s] -- Up-to-date: /home/qika/Documents/ROS/Tucil-ROS2-VLG/src/turtlesim/install/turtlesim/include/turtlesim/turtlesim/msg/detail
[43.256s] -- Installing: /home/qika/Documents/ROS/Tucil-ROS2-VLG/src/turtlesim/install/turtlesim/include/turtlesim/turtlesim/msg/detail/pose__rosidl_typesupport_fastrtps_cpp.hpp
[43.256s] -- Installing: /home/qika/Documents/ROS/Tucil-ROS2-VLG/src/turtlesim/install/turtlesim/include/turtlesim/turtlesim/msg/detail/color__rosidl_typesupport_fastrtps_cpp.hpp
[43.256s] -- Installing: /home/qika/Documents/ROS/Tucil-ROS2-VLG/src/turtlesim/install/turtlesim/include/turtlesim/turtlesim/msg/detail/dds_fastrtps
[43.256s] -- Up-to-date: /home/qika/Documents/ROS/Tucil-ROS2-VLG/src/turtlesim/install/turtlesim/include/turtlesim/turtlesim/srv
[43.256s] -- Up-to-date: /home/qika/Documents/ROS/Tucil-ROS2-VLG/src/turtlesim/install/turtlesim/include/turtlesim/turtlesim/srv/detail
[43.256s] -- Installing: /home/qika/Documents/ROS/Tucil-ROS2-VLG/src/turtlesim/install/turtlesim/include/turtlesim/turtlesim/srv/detail/teleport_relative__rosidl_typesupport_fastrtps_cpp.hpp
[43.256s] -- Installing: /home/qika/Documents/ROS/Tucil-ROS2-VLG/src/turtlesim/install/turtlesim/include/turtlesim/turtlesim/srv/detail/spawn__rosidl_typesupport_fastrtps_cpp.hpp
[43.256s] -- Installing: /home/qika/Documents/ROS/Tucil-ROS2-VLG/src/turtlesim/install/turtlesim/include/turtlesim/turtlesim/srv/detail/set_pen__rosidl_typesupport_fastrtps_cpp.hpp
[43.256s] -- Installing: /home/qika/Documents/ROS/Tucil-ROS2-VLG/src/turtlesim/install/turtlesim/include/turtlesim/turtlesim/srv/detail/dds_fastrtps
[43.257s] -- Installing: /home/qika/Documents/ROS/Tucil-ROS2-VLG/src/turtlesim/install/turtlesim/include/turtlesim/turtlesim/srv/detail/kill__rosidl_typesupport_fastrtps_cpp.hpp
[43.257s] -- Installing: /home/qika/Documents/ROS/Tucil-ROS2-VLG/src/turtlesim/install/turtlesim/include/turtlesim/turtlesim/srv/detail/teleport_absolute__rosidl_typesupport_fastrtps_cpp.hpp
[43.257s] -- Up-to-date: /home/qika/Documents/ROS/Tucil-ROS2-VLG/src/turtlesim/install/turtlesim/include/turtlesim/turtlesim/action
[43.257s] -- Up-to-date: /home/qika/Documents/ROS/Tucil-ROS2-VLG/src/turtlesim/install/turtlesim/include/turtlesim/turtlesim/action/detail
[43.257s] -- Installing: /home/qika/Documents/ROS/Tucil-ROS2-VLG/src/turtlesim/install/turtlesim/include/turtlesim/turtlesim/action/detail/rotate_absolute__rosidl_typesupport_fastrtps_cpp.hpp
[43.257s] -- Installing: /home/qika/Documents/ROS/Tucil-ROS2-VLG/src/turtlesim/install/turtlesim/include/turtlesim/turtlesim/action/detail/dds_fastrtps
[43.257s] -- Installing: /home/qika/Documents/ROS/Tucil-ROS2-VLG/src/turtlesim/install/turtlesim/lib/libturtlesim__rosidl_typesupport_fastrtps_cpp.so
[43.258s] -- Set runtime path of "/home/qika/Documents/ROS/Tucil-ROS2-VLG/src/turtlesim/install/turtlesim/lib/libturtlesim__rosidl_typesupport_fastrtps_cpp.so" to ""
[43.258s] -- Up-to-date: /home/qika/Documents/ROS/Tucil-ROS2-VLG/src/turtlesim/install/turtlesim/include/turtlesim/turtlesim
[43.258s] -- Up-to-date: /home/qika/Documents/ROS/Tucil-ROS2-VLG/src/turtlesim/install/turtlesim/include/turtlesim/turtlesim/msg
[43.258s] -- Up-to-date: /home/qika/Documents/ROS/Tucil-ROS2-VLG/src/turtlesim/install/turtlesim/include/turtlesim/turtlesim/msg/detail
[43.258s] -- Installing: /home/qika/Documents/ROS/Tucil-ROS2-VLG/src/turtlesim/install/turtlesim/include/turtlesim/turtlesim/msg/detail/color__rosidl_typesupport_introspection_c.h
[43.258s] -- Installing: /home/qika/Documents/ROS/Tucil-ROS2-VLG/src/turtlesim/install/turtlesim/include/turtlesim/turtlesim/msg/detail/color__type_support.c
[43.258s] -- Installing: /home/qika/Documents/ROS/Tucil-ROS2-VLG/src/turtlesim/install/turtlesim/include/turtlesim/turtlesim/msg/detail/pose__type_support.c
[43.258s] -- Installing: /home/qika/Documents/ROS/Tucil-ROS2-VLG/src/turtlesim/install/turtlesim/include/turtlesim/turtlesim/msg/detail/pose__rosidl_typesupport_introspection_c.h
[43.259s] -- Installing: /home/qika/Documents/ROS/Tucil-ROS2-VLG/src/turtlesim/install/turtlesim/include/turtlesim/turtlesim/msg/rosidl_typesupport_introspection_c__visibility_control.h
[43.259s] -- Up-to-date: /home/qika/Documents/ROS/Tucil-ROS2-VLG/src/turtlesim/install/turtlesim/include/turtlesim/turtlesim/srv
[43.259s] -- Up-to-date: /home/qika/Documents/ROS/Tucil-ROS2-VLG/src/turtlesim/install/turtlesim/include/turtlesim/turtlesim/srv/detail
[43.259s] -- Installing: /home/qika/Documents/ROS/Tucil-ROS2-VLG/src/turtlesim/install/turtlesim/include/turtlesim/turtlesim/srv/detail/teleport_absolute__type_support.c
[43.259s] -- Installing: /home/qika/Documents/ROS/Tucil-ROS2-VLG/src/turtlesim/install/turtlesim/include/turtlesim/turtlesim/srv/detail/set_pen__rosidl_typesupport_introspection_c.h
[43.259s] -- Installing: /home/qika/Documents/ROS/Tucil-ROS2-VLG/src/turtlesim/install/turtlesim/include/turtlesim/turtlesim/srv/detail/kill__rosidl_typesupport_introspection_c.h
[43.259s] -- Installing: /home/qika/Documents/ROS/Tucil-ROS2-VLG/src/turtlesim/install/turtlesim/include/turtlesim/turtlesim/srv/detail/spawn__rosidl_typesupport_introspection_c.h
[43.259s] -- Installing: /home/qika/Documents/ROS/Tucil-ROS2-VLG/src/turtlesim/install/turtlesim/include/turtlesim/turtlesim/srv/detail/teleport_relative__rosidl_typesupport_introspection_c.h
[43.260s] -- Installing: /home/qika/Documents/ROS/Tucil-ROS2-VLG/src/turtlesim/install/turtlesim/include/turtlesim/turtlesim/srv/detail/teleport_relative__type_support.c
[43.260s] -- Installing: /home/qika/Documents/ROS/Tucil-ROS2-VLG/src/turtlesim/install/turtlesim/include/turtlesim/turtlesim/srv/detail/set_pen__type_support.c
[43.260s] -- Installing: /home/qika/Documents/ROS/Tucil-ROS2-VLG/src/turtlesim/install/turtlesim/include/turtlesim/turtlesim/srv/detail/spawn__type_support.c
[43.260s] -- Installing: /home/qika/Documents/ROS/Tucil-ROS2-VLG/src/turtlesim/install/turtlesim/include/turtlesim/turtlesim/srv/detail/kill__type_support.c
[43.260s] -- Installing: /home/qika/Documents/ROS/Tucil-ROS2-VLG/src/turtlesim/install/turtlesim/include/turtlesim/turtlesim/srv/detail/teleport_absolute__rosidl_typesupport_introspection_c.h
[43.261s] -- Up-to-date: /home/qika/Documents/ROS/Tucil-ROS2-VLG/src/turtlesim/install/turtlesim/include/turtlesim/turtlesim/action
[43.261s] -- Up-to-date: /home/qika/Documents/ROS/Tucil-ROS2-VLG/src/turtlesim/install/turtlesim/include/turtlesim/turtlesim/action/detail
[43.261s] -- Installing: /home/qika/Documents/ROS/Tucil-ROS2-VLG/src/turtlesim/install/turtlesim/include/turtlesim/turtlesim/action/detail/rotate_absolute__rosidl_typesupport_introspection_c.h
[43.261s] -- Installing: /home/qika/Documents/ROS/Tucil-ROS2-VLG/src/turtlesim/install/turtlesim/include/turtlesim/turtlesim/action/detail/rotate_absolute__type_support.c
[43.261s] -- Installing: /home/qika/Documents/ROS/Tucil-ROS2-VLG/src/turtlesim/install/turtlesim/lib/libturtlesim__rosidl_typesupport_introspection_c.so
[43.262s] -- Set runtime path of "/home/qika/Documents/ROS/Tucil-ROS2-VLG/src/turtlesim/install/turtlesim/lib/libturtlesim__rosidl_typesupport_introspection_c.so" to ""
[43.262s] -- Installing: /home/qika/Documents/ROS/Tucil-ROS2-VLG/src/turtlesim/install/turtlesim/lib/libturtlesim__rosidl_typesupport_c.so
[43.262s] -- Set runtime path of "/home/qika/Documents/ROS/Tucil-ROS2-VLG/src/turtlesim/install/turtlesim/lib/libturtlesim__rosidl_typesupport_c.so" to ""
[43.262s] -- Up-to-date: /home/qika/Documents/ROS/Tucil-ROS2-VLG/src/turtlesim/install/turtlesim/include/turtlesim/turtlesim
[43.262s] -- Up-to-date: /home/qika/Documents/ROS/Tucil-ROS2-VLG/src/turtlesim/install/turtlesim/include/turtlesim/turtlesim/msg
[43.263s] -- Up-to-date: /home/qika/Documents/ROS/Tucil-ROS2-VLG/src/turtlesim/install/turtlesim/include/turtlesim/turtlesim/msg/detail
[43.263s] -- Installing: /home/qika/Documents/ROS/Tucil-ROS2-VLG/src/turtlesim/install/turtlesim/include/turtlesim/turtlesim/msg/detail/pose__type_support.cpp
[43.263s] -- Installing: /home/qika/Documents/ROS/Tucil-ROS2-VLG/src/turtlesim/install/turtlesim/include/turtlesim/turtlesim/msg/detail/pose__rosidl_typesupport_introspection_cpp.hpp
[43.263s] -- Installing: /home/qika/Documents/ROS/Tucil-ROS2-VLG/src/turtlesim/install/turtlesim/include/turtlesim/turtlesim/msg/detail/color__type_support.cpp
[43.263s] -- Installing: /home/qika/Documents/ROS/Tucil-ROS2-VLG/src/turtlesim/install/turtlesim/include/turtlesim/turtlesim/msg/detail/color__rosidl_typesupport_introspection_cpp.hpp
[43.263s] -- Up-to-date: /home/qika/Documents/ROS/Tucil-ROS2-VLG/src/turtlesim/install/turtlesim/include/turtlesim/turtlesim/srv
[43.263s] -- Up-to-date: /home/qika/Documents/ROS/Tucil-ROS2-VLG/src/turtlesim/install/turtlesim/include/turtlesim/turtlesim/srv/detail
[43.263s] -- Installing: /home/qika/Documents/ROS/Tucil-ROS2-VLG/src/turtlesim/install/turtlesim/include/turtlesim/turtlesim/srv/detail/kill__type_support.cpp
[43.263s] -- Installing: /home/qika/Documents/ROS/Tucil-ROS2-VLG/src/turtlesim/install/turtlesim/include/turtlesim/turtlesim/srv/detail/spawn__rosidl_typesupport_introspection_cpp.hpp
[43.263s] -- Installing: /home/qika/Documents/ROS/Tucil-ROS2-VLG/src/turtlesim/install/turtlesim/include/turtlesim/turtlesim/srv/detail/kill__rosidl_typesupport_introspection_cpp.hpp
[43.264s] -- Installing: /home/qika/Documents/ROS/Tucil-ROS2-VLG/src/turtlesim/install/turtlesim/include/turtlesim/turtlesim/srv/detail/set_pen__type_support.cpp
[43.264s] -- Installing: /home/qika/Documents/ROS/Tucil-ROS2-VLG/src/turtlesim/install/turtlesim/include/turtlesim/turtlesim/srv/detail/teleport_relative__rosidl_typesupport_introspection_cpp.hpp
[43.264s] -- Installing: /home/qika/Documents/ROS/Tucil-ROS2-VLG/src/turtlesim/install/turtlesim/include/turtlesim/turtlesim/srv/detail/spawn__type_support.cpp
[43.264s] -- Installing: /home/qika/Documents/ROS/Tucil-ROS2-VLG/src/turtlesim/install/turtlesim/include/turtlesim/turtlesim/srv/detail/teleport_relative__type_support.cpp
[43.264s] -- Installing: /home/qika/Documents/ROS/Tucil-ROS2-VLG/src/turtlesim/install/turtlesim/include/turtlesim/turtlesim/srv/detail/teleport_absolute__type_support.cpp
[43.264s] -- Installing: /home/qika/Documents/ROS/Tucil-ROS2-VLG/src/turtlesim/install/turtlesim/include/turtlesim/turtlesim/srv/detail/set_pen__rosidl_typesupport_introspection_cpp.hpp
[43.264s] -- Installing: /home/qika/Documents/ROS/Tucil-ROS2-VLG/src/turtlesim/install/turtlesim/include/turtlesim/turtlesim/srv/detail/teleport_absolute__rosidl_typesupport_introspection_cpp.hpp
[43.265s] -- Up-to-date: /home/qika/Documents/ROS/Tucil-ROS2-VLG/src/turtlesim/install/turtlesim/include/turtlesim/turtlesim/action
[43.265s] -- Up-to-date: /home/qika/Documents/ROS/Tucil-ROS2-VLG/src/turtlesim/install/turtlesim/include/turtlesim/turtlesim/action/detail
[43.265s] -- Installing: /home/qika/Documents/ROS/Tucil-ROS2-VLG/src/turtlesim/install/turtlesim/include/turtlesim/turtlesim/action/detail/rotate_absolute__rosidl_typesupport_introspection_cpp.hpp
[43.265s] -- Installing: /home/qika/Documents/ROS/Tucil-ROS2-VLG/src/turtlesim/install/turtlesim/include/turtlesim/turtlesim/action/detail/rotate_absolute__type_support.cpp
[43.265s] -- Installing: /home/qika/Documents/ROS/Tucil-ROS2-VLG/src/turtlesim/install/turtlesim/lib/libturtlesim__rosidl_typesupport_introspection_cpp.so
[43.266s] -- Set runtime path of "/home/qika/Documents/ROS/Tucil-ROS2-VLG/src/turtlesim/install/turtlesim/lib/libturtlesim__rosidl_typesupport_introspection_cpp.so" to ""
[43.266s] -- Installing: /home/qika/Documents/ROS/Tucil-ROS2-VLG/src/turtlesim/install/turtlesim/lib/libturtlesim__rosidl_typesupport_cpp.so
[43.266s] -- Set runtime path of "/home/qika/Documents/ROS/Tucil-ROS2-VLG/src/turtlesim/install/turtlesim/lib/libturtlesim__rosidl_typesupport_cpp.so" to ""
[43.266s] -- Installing: /home/qika/Documents/ROS/Tucil-ROS2-VLG/src/turtlesim/install/turtlesim/share/turtlesim/environment/pythonpath.sh
[43.266s] -- Installing: /home/qika/Documents/ROS/Tucil-ROS2-VLG/src/turtlesim/install/turtlesim/share/turtlesim/environment/pythonpath.dsv
[43.267s] -- Installing: /home/qika/Documents/ROS/Tucil-ROS2-VLG/src/turtlesim/install/turtlesim/local/lib/python3.10/dist-packages/turtlesim-1.4.2-py3.10.egg-info
[43.267s] -- Installing: /home/qika/Documents/ROS/Tucil-ROS2-VLG/src/turtlesim/install/turtlesim/local/lib/python3.10/dist-packages/turtlesim-1.4.2-py3.10.egg-info/top_level.txt
[43.267s] -- Installing: /home/qika/Documents/ROS/Tucil-ROS2-VLG/src/turtlesim/install/turtlesim/local/lib/python3.10/dist-packages/turtlesim-1.4.2-py3.10.egg-info/PKG-INFO
[43.267s] -- Installing: /home/qika/Documents/ROS/Tucil-ROS2-VLG/src/turtlesim/install/turtlesim/local/lib/python3.10/dist-packages/turtlesim-1.4.2-py3.10.egg-info/dependency_links.txt
[43.267s] -- Installing: /home/qika/Documents/ROS/Tucil-ROS2-VLG/src/turtlesim/install/turtlesim/local/lib/python3.10/dist-packages/turtlesim-1.4.2-py3.10.egg-info/SOURCES.txt
[43.267s] -- Installing: /home/qika/Documents/ROS/Tucil-ROS2-VLG/src/turtlesim/install/turtlesim/local/lib/python3.10/dist-packages/turtlesim
[43.268s] -- Installing: /home/qika/Documents/ROS/Tucil-ROS2-VLG/src/turtlesim/install/turtlesim/local/lib/python3.10/dist-packages/turtlesim/msg
[43.268s] -- Installing: /home/qika/Documents/ROS/Tucil-ROS2-VLG/src/turtlesim/install/turtlesim/local/lib/python3.10/dist-packages/turtlesim/msg/_color_s.c
[43.268s] -- Installing: /home/qika/Documents/ROS/Tucil-ROS2-VLG/src/turtlesim/install/turtlesim/local/lib/python3.10/dist-packages/turtlesim/msg/_color.py
[43.268s] -- Installing: /home/qika/Documents/ROS/Tucil-ROS2-VLG/src/turtlesim/install/turtlesim/local/lib/python3.10/dist-packages/turtlesim/msg/__init__.py
[43.268s] -- Installing: /home/qika/Documents/ROS/Tucil-ROS2-VLG/src/turtlesim/install/turtlesim/local/lib/python3.10/dist-packages/turtlesim/msg/_pose_s.c
[43.268s] -- Installing: /home/qika/Documents/ROS/Tucil-ROS2-VLG/src/turtlesim/install/turtlesim/local/lib/python3.10/dist-packages/turtlesim/msg/_pose.py
[43.268s] -- Installing: /home/qika/Documents/ROS/Tucil-ROS2-VLG/src/turtlesim/install/turtlesim/local/lib/python3.10/dist-packages/turtlesim/_turtlesim_s.ep.rosidl_typesupport_fastrtps_c.c
[43.269s] -- Installing: /home/qika/Documents/ROS/Tucil-ROS2-VLG/src/turtlesim/install/turtlesim/local/lib/python3.10/dist-packages/turtlesim/turtlesim_s__rosidl_typesupport_c.cpython-310-x86_64-linux-gnu.so
[43.269s] -- Installing: /home/qika/Documents/ROS/Tucil-ROS2-VLG/src/turtlesim/install/turtlesim/local/lib/python3.10/dist-packages/turtlesim/srv
[43.269s] -- Installing: /home/qika/Documents/ROS/Tucil-ROS2-VLG/src/turtlesim/install/turtlesim/local/lib/python3.10/dist-packages/turtlesim/srv/_kill_s.c
[43.269s] -- Installing: /home/qika/Documents/ROS/Tucil-ROS2-VLG/src/turtlesim/install/turtlesim/local/lib/python3.10/dist-packages/turtlesim/srv/_teleport_relative_s.c
[43.269s] -- Installing: /home/qika/Documents/ROS/Tucil-ROS2-VLG/src/turtlesim/install/turtlesim/local/lib/python3.10/dist-packages/turtlesim/srv/_kill.py
[43.269s] -- Installing: /home/qika/Documents/ROS/Tucil-ROS2-VLG/src/turtlesim/install/turtlesim/local/lib/python3.10/dist-packages/turtlesim/srv/_spawn.py
[43.270s] -- Installing: /home/qika/Documents/ROS/Tucil-ROS2-VLG/src/turtlesim/install/turtlesim/local/lib/python3.10/dist-packages/turtlesim/srv/_spawn_s.c
[43.270s] -- Installing: /home/qika/Documents/ROS/Tucil-ROS2-VLG/src/turtlesim/install/turtlesim/local/lib/python3.10/dist-packages/turtlesim/srv/__init__.py
[43.270s] -- Installing: /home/qika/Documents/ROS/Tucil-ROS2-VLG/src/turtlesim/install/turtlesim/local/lib/python3.10/dist-packages/turtlesim/srv/_set_pen_s.c
[43.270s] -- Installing: /home/qika/Documents/ROS/Tucil-ROS2-VLG/src/turtlesim/install/turtlesim/local/lib/python3.10/dist-packages/turtlesim/srv/_set_pen.py
[43.270s] -- Installing: /home/qika/Documents/ROS/Tucil-ROS2-VLG/src/turtlesim/install/turtlesim/local/lib/python3.10/dist-packages/turtlesim/srv/_teleport_absolute_s.c
[43.270s] -- Installing: /home/qika/Documents/ROS/Tucil-ROS2-VLG/src/turtlesim/install/turtlesim/local/lib/python3.10/dist-packages/turtlesim/srv/_teleport_absolute.py
[43.270s] -- Installing: /home/qika/Documents/ROS/Tucil-ROS2-VLG/src/turtlesim/install/turtlesim/local/lib/python3.10/dist-packages/turtlesim/srv/_teleport_relative.py
[43.271s] -- Installing: /home/qika/Documents/ROS/Tucil-ROS2-VLG/src/turtlesim/install/turtlesim/local/lib/python3.10/dist-packages/turtlesim/_turtlesim_s.ep.rosidl_typesupport_introspection_c.c
[43.271s] -- Installing: /home/qika/Documents/ROS/Tucil-ROS2-VLG/src/turtlesim/install/turtlesim/local/lib/python3.10/dist-packages/turtlesim/__init__.py
[43.271s] -- Installing: /home/qika/Documents/ROS/Tucil-ROS2-VLG/src/turtlesim/install/turtlesim/local/lib/python3.10/dist-packages/turtlesim/libturtlesim__rosidl_generator_py.so
[43.271s] -- Installing: /home/qika/Documents/ROS/Tucil-ROS2-VLG/src/turtlesim/install/turtlesim/local/lib/python3.10/dist-packages/turtlesim/turtlesim_s__rosidl_typesupport_fastrtps_c.cpython-310-x86_64-linux-gnu.so
[43.272s] -- Installing: /home/qika/Documents/ROS/Tucil-ROS2-VLG/src/turtlesim/install/turtlesim/local/lib/python3.10/dist-packages/turtlesim/turtlesim_s__rosidl_typesupport_introspection_c.cpython-310-x86_64-linux-gnu.so
[43.272s] -- Installing: /home/qika/Documents/ROS/Tucil-ROS2-VLG/src/turtlesim/install/turtlesim/local/lib/python3.10/dist-packages/turtlesim/action
[43.272s] -- Installing: /home/qika/Documents/ROS/Tucil-ROS2-VLG/src/turtlesim/install/turtlesim/local/lib/python3.10/dist-packages/turtlesim/action/_rotate_absolute.py
[43.272s] -- Installing: /home/qika/Documents/ROS/Tucil-ROS2-VLG/src/turtlesim/install/turtlesim/local/lib/python3.10/dist-packages/turtlesim/action/__init__.py
[43.272s] -- Installing: /home/qika/Documents/ROS/Tucil-ROS2-VLG/src/turtlesim/install/turtlesim/local/lib/python3.10/dist-packages/turtlesim/action/_rotate_absolute_s.c
[43.272s] -- Installing: /home/qika/Documents/ROS/Tucil-ROS2-VLG/src/turtlesim/install/turtlesim/local/lib/python3.10/dist-packages/turtlesim/_turtlesim_s.ep.rosidl_typesupport_c.c
[43.329s] Listing '/home/qika/Documents/ROS/Tucil-ROS2-VLG/src/turtlesim/install/turtlesim/local/lib/python3.10/dist-packages/turtlesim'...
[43.329s] Compiling '/home/qika/Documents/ROS/Tucil-ROS2-VLG/src/turtlesim/install/turtlesim/local/lib/python3.10/dist-packages/turtlesim/__init__.py'...
[43.329s] Listing '/home/qika/Documents/ROS/Tucil-ROS2-VLG/src/turtlesim/install/turtlesim/local/lib/python3.10/dist-packages/turtlesim/action'...
[43.329s] Compiling '/home/qika/Documents/ROS/Tucil-ROS2-VLG/src/turtlesim/install/turtlesim/local/lib/python3.10/dist-packages/turtlesim/action/__init__.py'...
[43.329s] Compiling '/home/qika/Documents/ROS/Tucil-ROS2-VLG/src/turtlesim/install/turtlesim/local/lib/python3.10/dist-packages/turtlesim/action/_rotate_absolute.py'...
[43.329s] Listing '/home/qika/Documents/ROS/Tucil-ROS2-VLG/src/turtlesim/install/turtlesim/local/lib/python3.10/dist-packages/turtlesim/msg'...
[43.329s] Compiling '/home/qika/Documents/ROS/Tucil-ROS2-VLG/src/turtlesim/install/turtlesim/local/lib/python3.10/dist-packages/turtlesim/msg/__init__.py'...
[43.330s] Compiling '/home/qika/Documents/ROS/Tucil-ROS2-VLG/src/turtlesim/install/turtlesim/local/lib/python3.10/dist-packages/turtlesim/msg/_color.py'...
[43.330s] Compiling '/home/qika/Documents/ROS/Tucil-ROS2-VLG/src/turtlesim/install/turtlesim/local/lib/python3.10/dist-packages/turtlesim/msg/_pose.py'...
[43.330s] Listing '/home/qika/Documents/ROS/Tucil-ROS2-VLG/src/turtlesim/install/turtlesim/local/lib/python3.10/dist-packages/turtlesim/srv'...
[43.330s] Compiling '/home/qika/Documents/ROS/Tucil-ROS2-VLG/src/turtlesim/install/turtlesim/local/lib/python3.10/dist-packages/turtlesim/srv/__init__.py'...
[43.330s] Compiling '/home/qika/Documents/ROS/Tucil-ROS2-VLG/src/turtlesim/install/turtlesim/local/lib/python3.10/dist-packages/turtlesim/srv/_kill.py'...
[43.330s] Compiling '/home/qika/Documents/ROS/Tucil-ROS2-VLG/src/turtlesim/install/turtlesim/local/lib/python3.10/dist-packages/turtlesim/srv/_set_pen.py'...
[43.330s] Compiling '/home/qika/Documents/ROS/Tucil-ROS2-VLG/src/turtlesim/install/turtlesim/local/lib/python3.10/dist-packages/turtlesim/srv/_spawn.py'...
[43.330s] Compiling '/home/qika/Documents/ROS/Tucil-ROS2-VLG/src/turtlesim/install/turtlesim/local/lib/python3.10/dist-packages/turtlesim/srv/_teleport_absolute.py'...
[43.330s] Compiling '/home/qika/Documents/ROS/Tucil-ROS2-VLG/src/turtlesim/install/turtlesim/local/lib/python3.10/dist-packages/turtlesim/srv/_teleport_relative.py'...
[43.336s] -- Installing: /home/qika/Documents/ROS/Tucil-ROS2-VLG/src/turtlesim/install/turtlesim/local/lib/python3.10/dist-packages/turtlesim/turtlesim_s__rosidl_typesupport_fastrtps_c.cpython-310-x86_64-linux-gnu.so
[43.336s] -- Set runtime path of "/home/qika/Documents/ROS/Tucil-ROS2-VLG/src/turtlesim/install/turtlesim/local/lib/python3.10/dist-packages/turtlesim/turtlesim_s__rosidl_typesupport_fastrtps_c.cpython-310-x86_64-linux-gnu.so" to ""
[43.337s] -- Installing: /home/qika/Documents/ROS/Tucil-ROS2-VLG/src/turtlesim/install/turtlesim/local/lib/python3.10/dist-packages/turtlesim/turtlesim_s__rosidl_typesupport_introspection_c.cpython-310-x86_64-linux-gnu.so
[43.337s] -- Set runtime path of "/home/qika/Documents/ROS/Tucil-ROS2-VLG/src/turtlesim/install/turtlesim/local/lib/python3.10/dist-packages/turtlesim/turtlesim_s__rosidl_typesupport_introspection_c.cpython-310-x86_64-linux-gnu.so" to ""
[43.338s] -- Installing: /home/qika/Documents/ROS/Tucil-ROS2-VLG/src/turtlesim/install/turtlesim/local/lib/python3.10/dist-packages/turtlesim/turtlesim_s__rosidl_typesupport_c.cpython-310-x86_64-linux-gnu.so
[43.338s] -- Set runtime path of "/home/qika/Documents/ROS/Tucil-ROS2-VLG/src/turtlesim/install/turtlesim/local/lib/python3.10/dist-packages/turtlesim/turtlesim_s__rosidl_typesupport_c.cpython-310-x86_64-linux-gnu.so" to ""
[43.339s] -- Installing: /home/qika/Documents/ROS/Tucil-ROS2-VLG/src/turtlesim/install/turtlesim/lib/libturtlesim__rosidl_generator_py.so
[43.339s] -- Set runtime path of "/home/qika/Documents/ROS/Tucil-ROS2-VLG/src/turtlesim/install/turtlesim/lib/libturtlesim__rosidl_generator_py.so" to ""
[43.340s] -- Installing: /home/qika/Documents/ROS/Tucil-ROS2-VLG/src/turtlesim/install/turtlesim/share/turtlesim/action/RotateAbsolute.idl
[43.340s] -- Installing: /home/qika/Documents/ROS/Tucil-ROS2-VLG/src/turtlesim/install/turtlesim/share/turtlesim/msg/Color.idl
[43.340s] -- Installing: /home/qika/Documents/ROS/Tucil-ROS2-VLG/src/turtlesim/install/turtlesim/share/turtlesim/msg/Pose.idl
[43.341s] -- Installing: /home/qika/Documents/ROS/Tucil-ROS2-VLG/src/turtlesim/install/turtlesim/share/turtlesim/srv/Kill.idl
[43.341s] -- Installing: /home/qika/Documents/ROS/Tucil-ROS2-VLG/src/turtlesim/install/turtlesim/share/turtlesim/srv/SetPen.idl
[43.341s] -- Installing: /home/qika/Documents/ROS/Tucil-ROS2-VLG/src/turtlesim/install/turtlesim/share/turtlesim/srv/Spawn.idl
[43.341s] -- Installing: /home/qika/Documents/ROS/Tucil-ROS2-VLG/src/turtlesim/install/turtlesim/share/turtlesim/srv/TeleportAbsolute.idl
[43.342s] -- Installing: /home/qika/Documents/ROS/Tucil-ROS2-VLG/src/turtlesim/install/turtlesim/share/turtlesim/srv/TeleportRelative.idl
[43.342s] -- Installing: /home/qika/Documents/ROS/Tucil-ROS2-VLG/src/turtlesim/install/turtlesim/share/turtlesim/action/RotateAbsolute.action
[43.342s] -- Installing: /home/qika/Documents/ROS/Tucil-ROS2-VLG/src/turtlesim/install/turtlesim/share/turtlesim/msg/Color.msg
[43.342s] -- Installing: /home/qika/Documents/ROS/Tucil-ROS2-VLG/src/turtlesim/install/turtlesim/share/turtlesim/msg/Pose.msg
[43.342s] -- Installing: /home/qika/Documents/ROS/Tucil-ROS2-VLG/src/turtlesim/install/turtlesim/share/turtlesim/srv/Kill.srv
[43.342s] -- Installing: /home/qika/Documents/ROS/Tucil-ROS2-VLG/src/turtlesim/install/turtlesim/share/turtlesim/srv/Kill_Request.msg
[43.342s] -- Installing: /home/qika/Documents/ROS/Tucil-ROS2-VLG/src/turtlesim/install/turtlesim/share/turtlesim/srv/Kill_Response.msg
[43.342s] -- Installing: /home/qika/Documents/ROS/Tucil-ROS2-VLG/src/turtlesim/install/turtlesim/share/turtlesim/srv/SetPen.srv
[43.342s] -- Installing: /home/qika/Documents/ROS/Tucil-ROS2-VLG/src/turtlesim/install/turtlesim/share/turtlesim/srv/SetPen_Request.msg
[43.342s] -- Installing: /home/qika/Documents/ROS/Tucil-ROS2-VLG/src/turtlesim/install/turtlesim/share/turtlesim/srv/SetPen_Response.msg
[43.342s] -- Installing: /home/qika/Documents/ROS/Tucil-ROS2-VLG/src/turtlesim/install/turtlesim/share/turtlesim/srv/Spawn.srv
[43.343s] -- Installing: /home/qika/Documents/ROS/Tucil-ROS2-VLG/src/turtlesim/install/turtlesim/share/turtlesim/srv/Spawn_Request.msg
[43.343s] -- Installing: /home/qika/Documents/ROS/Tucil-ROS2-VLG/src/turtlesim/install/turtlesim/share/turtlesim/srv/Spawn_Response.msg
[43.343s] -- Installing: /home/qika/Documents/ROS/Tucil-ROS2-VLG/src/turtlesim/install/turtlesim/share/turtlesim/srv/TeleportAbsolute.srv
[43.343s] -- Installing: /home/qika/Documents/ROS/Tucil-ROS2-VLG/src/turtlesim/install/turtlesim/share/turtlesim/srv/TeleportAbsolute_Request.msg
[43.343s] -- Installing: /home/qika/Documents/ROS/Tucil-ROS2-VLG/src/turtlesim/install/turtlesim/share/turtlesim/srv/TeleportAbsolute_Response.msg
[43.343s] -- Installing: /home/qika/Documents/ROS/Tucil-ROS2-VLG/src/turtlesim/install/turtlesim/share/turtlesim/srv/TeleportRelative.srv
[43.343s] -- Installing: /home/qika/Documents/ROS/Tucil-ROS2-VLG/src/turtlesim/install/turtlesim/share/turtlesim/srv/TeleportRelative_Request.msg
[43.344s] -- Installing: /home/qika/Documents/ROS/Tucil-ROS2-VLG/src/turtlesim/install/turtlesim/share/turtlesim/srv/TeleportRelative_Response.msg
[43.344s] -- Installing: /home/qika/Documents/ROS/Tucil-ROS2-VLG/src/turtlesim/install/turtlesim/lib/turtlesim/turtlesim_node
[43.354s] -- Set runtime path of "/home/qika/Documents/ROS/Tucil-ROS2-VLG/src/turtlesim/install/turtlesim/lib/turtlesim/turtlesim_node" to ""
[43.354s] -- Installing: /home/qika/Documents/ROS/Tucil-ROS2-VLG/src/turtlesim/install/turtlesim/lib/turtlesim/turtle_teleop_key
[43.356s] -- Set runtime path of "/home/qika/Documents/ROS/Tucil-ROS2-VLG/src/turtlesim/install/turtlesim/lib/turtlesim/turtle_teleop_key" to ""
[43.357s] -- Installing: /home/qika/Documents/ROS/Tucil-ROS2-VLG/src/turtlesim/install/turtlesim/lib/turtlesim/turtle_move
[43.358s] -- Set runtime path of "/home/qika/Documents/ROS/Tucil-ROS2-VLG/src/turtlesim/install/turtlesim/lib/turtlesim/turtle_move" to ""
[43.358s] -- Installing: /home/qika/Documents/ROS/Tucil-ROS2-VLG/src/turtlesim/install/turtlesim/lib/turtlesim/turtle_angle
[43.363s] -- Set runtime path of "/home/qika/Documents/ROS/Tucil-ROS2-VLG/src/turtlesim/install/turtlesim/lib/turtlesim/turtle_angle" to ""
[43.363s] -- Installing: /home/qika/Documents/ROS/Tucil-ROS2-VLG/src/turtlesim/install/turtlesim/lib/turtlesim/turtle_go_here
[43.367s] -- Set runtime path of "/home/qika/Documents/ROS/Tucil-ROS2-VLG/src/turtlesim/install/turtlesim/lib/turtlesim/turtle_go_here" to ""
[43.367s] -- Installing: /home/qika/Documents/ROS/Tucil-ROS2-VLG/src/turtlesim/install/turtlesim/lib/turtlesim/draw_square
[43.373s] -- Set runtime path of "/home/qika/Documents/ROS/Tucil-ROS2-VLG/src/turtlesim/install/turtlesim/lib/turtlesim/draw_square" to ""
[43.373s] -- Installing: /home/qika/Documents/ROS/Tucil-ROS2-VLG/src/turtlesim/install/turtlesim/lib/turtlesim/mimic
[43.377s] -- Set runtime path of "/home/qika/Documents/ROS/Tucil-ROS2-VLG/src/turtlesim/install/turtlesim/lib/turtlesim/mimic" to ""
[43.377s] -- Installing: /home/qika/Documents/ROS/Tucil-ROS2-VLG/src/turtlesim/install/turtlesim/share/turtlesim/images
[43.378s] -- Installing: /home/qika/Documents/ROS/Tucil-ROS2-VLG/src/turtlesim/install/turtlesim/share/turtlesim/images/foxy.png
[43.378s] -- Installing: /home/qika/Documents/ROS/Tucil-ROS2-VLG/src/turtlesim/install/turtlesim/share/turtlesim/images/rolling.png
[43.378s] -- Installing: /home/qika/Documents/ROS/Tucil-ROS2-VLG/src/turtlesim/install/turtlesim/share/turtlesim/images/galactic.png
[43.378s] -- Installing: /home/qika/Documents/ROS/Tucil-ROS2-VLG/src/turtlesim/install/turtlesim/share/turtlesim/images/humble.png
[43.378s] -- Installing: /home/qika/Documents/ROS/Tucil-ROS2-VLG/src/turtlesim/install/turtlesim/share/turtlesim/images/dashing.png
[43.378s] -- Installing: /home/qika/Documents/ROS/Tucil-ROS2-VLG/src/turtlesim/install/turtlesim/share/turtlesim/images/eloquent.png
[43.378s] -- Installing: /home/qika/Documents/ROS/Tucil-ROS2-VLG/src/turtlesim/install/turtlesim/share/turtlesim/images/bouncy.png
[43.379s] -- Installing: /home/qika/Documents/ROS/Tucil-ROS2-VLG/src/turtlesim/install/turtlesim/share/turtlesim/images/crystal.png
[43.379s] -- Installing: /home/qika/Documents/ROS/Tucil-ROS2-VLG/src/turtlesim/install/turtlesim/share/turtlesim/images/ardent.png
[43.379s] -- Installing: /home/qika/Documents/ROS/Tucil-ROS2-VLG/src/turtlesim/install/turtlesim/share/turtlesim/launch
[43.379s] -- Installing: /home/qika/Documents/ROS/Tucil-ROS2-VLG/src/turtlesim/install/turtlesim/share/turtlesim/launch/multisim.launch.py
[43.379s] -- Installing: /home/qika/Documents/ROS/Tucil-ROS2-VLG/src/turtlesim/install/turtlesim/share/ament_index/resource_index/package_run_dependencies/turtlesim
[43.379s] -- Installing: /home/qika/Documents/ROS/Tucil-ROS2-VLG/src/turtlesim/install/turtlesim/share/ament_index/resource_index/parent_prefix_path/turtlesim
[43.379s] -- Installing: /home/qika/Documents/ROS/Tucil-ROS2-VLG/src/turtlesim/install/turtlesim/share/turtlesim/environment/ament_prefix_path.sh
[43.379s] -- Installing: /home/qika/Documents/ROS/Tucil-ROS2-VLG/src/turtlesim/install/turtlesim/share/turtlesim/environment/ament_prefix_path.dsv
[43.380s] -- Installing: /home/qika/Documents/ROS/Tucil-ROS2-VLG/src/turtlesim/install/turtlesim/share/turtlesim/environment/path.sh
[43.380s] -- Installing: /home/qika/Documents/ROS/Tucil-ROS2-VLG/src/turtlesim/install/turtlesim/share/turtlesim/environment/path.dsv
[43.380s] -- Installing: /home/qika/Documents/ROS/Tucil-ROS2-VLG/src/turtlesim/install/turtlesim/share/turtlesim/local_setup.bash
[43.380s] -- Installing: /home/qika/Documents/ROS/Tucil-ROS2-VLG/src/turtlesim/install/turtlesim/share/turtlesim/local_setup.sh
[43.380s] -- Installing: /home/qika/Documents/ROS/Tucil-ROS2-VLG/src/turtlesim/install/turtlesim/share/turtlesim/local_setup.zsh
[43.381s] -- Installing: /home/qika/Documents/ROS/Tucil-ROS2-VLG/src/turtlesim/install/turtlesim/share/turtlesim/local_setup.dsv
[43.381s] -- Installing: /home/qika/Documents/ROS/Tucil-ROS2-VLG/src/turtlesim/install/turtlesim/share/turtlesim/package.dsv
[43.381s] -- Installing: /home/qika/Documents/ROS/Tucil-ROS2-VLG/src/turtlesim/install/turtlesim/share/ament_index/resource_index/packages/turtlesim
[43.381s] -- Installing: /home/qika/Documents/ROS/Tucil-ROS2-VLG/src/turtlesim/install/turtlesim/share/turtlesim/cmake/export_turtlesim__rosidl_generator_cExport.cmake
[43.381s] -- Installing: /home/qika/Documents/ROS/Tucil-ROS2-VLG/src/turtlesim/install/turtlesim/share/turtlesim/cmake/export_turtlesim__rosidl_generator_cExport-noconfig.cmake
[43.382s] -- Installing: /home/qika/Documents/ROS/Tucil-ROS2-VLG/src/turtlesim/install/turtlesim/share/turtlesim/cmake/export_turtlesim__rosidl_typesupport_fastrtps_cExport.cmake
[43.382s] -- Installing: /home/qika/Documents/ROS/Tucil-ROS2-VLG/src/turtlesim/install/turtlesim/share/turtlesim/cmake/export_turtlesim__rosidl_typesupport_fastrtps_cExport-noconfig.cmake
[43.382s] -- Installing: /home/qika/Documents/ROS/Tucil-ROS2-VLG/src/turtlesim/install/turtlesim/share/turtlesim/cmake/export_turtlesim__rosidl_generator_cppExport.cmake
[43.382s] -- Installing: /home/qika/Documents/ROS/Tucil-ROS2-VLG/src/turtlesim/install/turtlesim/share/turtlesim/cmake/export_turtlesim__rosidl_typesupport_fastrtps_cppExport.cmake
[43.382s] -- Installing: /home/qika/Documents/ROS/Tucil-ROS2-VLG/src/turtlesim/install/turtlesim/share/turtlesim/cmake/export_turtlesim__rosidl_typesupport_fastrtps_cppExport-noconfig.cmake
[43.382s] -- Installing: /home/qika/Documents/ROS/Tucil-ROS2-VLG/src/turtlesim/install/turtlesim/share/turtlesim/cmake/turtlesim__rosidl_typesupport_introspection_cExport.cmake
[43.383s] -- Installing: /home/qika/Documents/ROS/Tucil-ROS2-VLG/src/turtlesim/install/turtlesim/share/turtlesim/cmake/turtlesim__rosidl_typesupport_introspection_cExport-noconfig.cmake
[43.383s] -- Installing: /home/qika/Documents/ROS/Tucil-ROS2-VLG/src/turtlesim/install/turtlesim/share/turtlesim/cmake/turtlesim__rosidl_typesupport_cExport.cmake
[43.383s] -- Installing: /home/qika/Documents/ROS/Tucil-ROS2-VLG/src/turtlesim/install/turtlesim/share/turtlesim/cmake/turtlesim__rosidl_typesupport_cExport-noconfig.cmake
[43.383s] -- Installing: /home/qika/Documents/ROS/Tucil-ROS2-VLG/src/turtlesim/install/turtlesim/share/turtlesim/cmake/turtlesim__rosidl_typesupport_introspection_cppExport.cmake
[43.383s] -- Installing: /home/qika/Documents/ROS/Tucil-ROS2-VLG/src/turtlesim/install/turtlesim/share/turtlesim/cmake/turtlesim__rosidl_typesupport_introspection_cppExport-noconfig.cmake
[43.384s] -- Installing: /home/qika/Documents/ROS/Tucil-ROS2-VLG/src/turtlesim/install/turtlesim/share/turtlesim/cmake/turtlesim__rosidl_typesupport_cppExport.cmake
[43.384s] -- Installing: /home/qika/Documents/ROS/Tucil-ROS2-VLG/src/turtlesim/install/turtlesim/share/turtlesim/cmake/turtlesim__rosidl_typesupport_cppExport-noconfig.cmake
[43.384s] -- Installing: /home/qika/Documents/ROS/Tucil-ROS2-VLG/src/turtlesim/install/turtlesim/share/turtlesim/cmake/export_turtlesim__rosidl_generator_pyExport.cmake
[43.384s] -- Installing: /home/qika/Documents/ROS/Tucil-ROS2-VLG/src/turtlesim/install/turtlesim/share/turtlesim/cmake/export_turtlesim__rosidl_generator_pyExport-noconfig.cmake
[43.384s] -- Installing: /home/qika/Documents/ROS/Tucil-ROS2-VLG/src/turtlesim/install/turtlesim/share/turtlesim/cmake/rosidl_cmake-extras.cmake
[43.385s] -- Installing: /home/qika/Documents/ROS/Tucil-ROS2-VLG/src/turtlesim/install/turtlesim/share/turtlesim/cmake/ament_cmake_export_dependencies-extras.cmake
[43.385s] -- Installing: /home/qika/Documents/ROS/Tucil-ROS2-VLG/src/turtlesim/install/turtlesim/share/turtlesim/cmake/ament_cmake_export_include_directories-extras.cmake
[43.385s] -- Installing: /home/qika/Documents/ROS/Tucil-ROS2-VLG/src/turtlesim/install/turtlesim/share/turtlesim/cmake/ament_cmake_export_libraries-extras.cmake
[43.385s] -- Installing: /home/qika/Documents/ROS/Tucil-ROS2-VLG/src/turtlesim/install/turtlesim/share/turtlesim/cmake/ament_cmake_export_targets-extras.cmake
[43.385s] -- Installing: /home/qika/Documents/ROS/Tucil-ROS2-VLG/src/turtlesim/install/turtlesim/share/turtlesim/cmake/rosidl_cmake_export_typesupport_targets-extras.cmake
[43.385s] -- Installing: /home/qika/Documents/ROS/Tucil-ROS2-VLG/src/turtlesim/install/turtlesim/share/turtlesim/cmake/rosidl_cmake_export_typesupport_libraries-extras.cmake
[43.386s] -- Installing: /home/qika/Documents/ROS/Tucil-ROS2-VLG/src/turtlesim/install/turtlesim/share/turtlesim/cmake/turtlesimConfig.cmake
[43.386s] -- Installing: /home/qika/Documents/ROS/Tucil-ROS2-VLG/src/turtlesim/install/turtlesim/share/turtlesim/cmake/turtlesimConfig-version.cmake
[43.386s] -- Installing: /home/qika/Documents/ROS/Tucil-ROS2-VLG/src/turtlesim/install/turtlesim/share/turtlesim/package.xml
[43.390s] Invoked command in '/home/qika/Documents/ROS/Tucil-ROS2-VLG/src/turtlesim/build/turtlesim' returned '0': CMAKE_PREFIX_PATH=/opt/ros/humble /usr/bin/cmake --install /home/qika/Documents/ROS/Tucil-ROS2-VLG/src/turtlesim/build/turtlesim
