[0.021s] Invoking command in '/media/nerglite/New Volume/coolyeah/URO/TUGAS 1/build/turtlesim': CMAKE_PREFIX_PATH=/opt/ros/humble /usr/bin/cmake --build /media/nerglite/New Volume/coolyeah/URO/TUGAS 1/build/turtlesim -- -j4 -l4
[0.095s] [35m[1mConsolidate compiler generated dependencies of target turtlesim__rosidl_generator_c[0m
[0.106s] [  1%] Built target turtlesim__cpp
[0.122s] [ 11%] Built target turtlesim__rosidl_generator_c
[0.134s] [35m[1mConsolidate compiler generated dependencies of target turtlesim__rosidl_typesupport_cpp[0m
[0.141s] [35m[1mConsolidate compiler generated dependencies of target turtlesim__rosidl_typesupport_fastrtps_cpp[0m
[0.142s] [ 11%] Built target ament_cmake_python_copy_turtlesim
[0.157s] [35m[1mConsolidate compiler generated dependencies of target turtlesim__rosidl_typesupport_introspection_cpp[0m
[0.172s] [35m[1mConsolidate compiler generated dependencies of target turtlesim__rosidl_typesupport_fastrtps_c[0m
[0.177s] [ 21%] Built target turtlesim__rosidl_typesupport_cpp
[0.189s] [ 31%] Built target turtlesim__rosidl_typesupport_fastrtps_cpp
[0.199s] [ 41%] Built target turtlesim__rosidl_typesupport_introspection_cpp
[0.203s] [35m[1mConsolidate compiler generated dependencies of target turtlesim__rosidl_typesupport_introspection_c[0m
[0.214s] [35m[1mConsolidate compiler generated dependencies of target turtlesim__rosidl_typesupport_c[0m
[0.216s] [ 51%] Built target turtlesim__rosidl_typesupport_fastrtps_c
[0.236s] [ 61%] Built target turtlesim__rosidl_typesupport_introspection_c
[0.244s] [ 71%] Built target turtlesim__rosidl_typesupport_c
[0.250s] [35m[1mConsolidate compiler generated dependencies of target turtlesim_node[0m
[0.259s] [35m[1mConsolidate compiler generated dependencies of target turtle_teleop_key[0m
[0.268s] [35m[1mConsolidate compiler generated dependencies of target draw_square[0m
[0.302s] [ 73%] Built target turtle_teleop_key
[0.306s] [ 75%] Built target draw_square
[0.324s] [ 76%] [32mBuilding CXX object CMakeFiles/turtlesim_node.dir/src/turtle_frame.cpp.o[0m
[0.327s] [35m[1mConsolidate compiler generated dependencies of target mimic[0m
[0.350s] [ 76%] Built target turtlesim
[0.366s] [ 78%] Built target mimic
[0.396s] [ 79%] Built target turtlesim__py
[0.426s] [35m[1mConsolidate compiler generated dependencies of target turtlesim__rosidl_generator_py[0m
[0.469s] [ 88%] Built target turtlesim__rosidl_generator_py
[0.492s] [35m[1mConsolidate compiler generated dependencies of target turtlesim__rosidl_typesupport_introspection_c__pyext[0m
[0.492s] [35m[1mConsolidate compiler generated dependencies of target turtlesim__rosidl_typesupport_fastrtps_c__pyext[0m
[0.521s] [ 90%] Built target turtlesim__rosidl_typesupport_introspection_c__pyext
[0.524s] [ 92%] Built target turtlesim__rosidl_typesupport_fastrtps_c__pyext
[0.545s] [35m[1mConsolidate compiler generated dependencies of target turtlesim__rosidl_typesupport_c__pyext[0m
[0.593s] [ 94%] Built target turtlesim__rosidl_typesupport_c__pyext
[0.747s] running egg_info
[0.748s] writing turtlesim.egg-info/PKG-INFO
[0.749s] writing dependency_links to turtlesim.egg-info/dependency_links.txt
[0.749s] writing top-level names to turtlesim.egg-info/top_level.txt
[0.753s] reading manifest file 'turtlesim.egg-info/SOURCES.txt'
[0.754s] writing manifest file 'turtlesim.egg-info/SOURCES.txt'
[0.793s] [ 94%] Built target ament_cmake_python_build_turtlesim_egg
[17.258s] [ 95%] [32m[1mLinking CXX executable turtlesim_node[0m
[20.021s] [100%] Built target turtlesim_node
[20.040s] Invoked command in '/media/nerglite/New Volume/coolyeah/URO/TUGAS 1/build/turtlesim' returned '0': CMAKE_PREFIX_PATH=/opt/ros/humble /usr/bin/cmake --build /media/nerglite/New Volume/coolyeah/URO/TUGAS 1/build/turtlesim -- -j4 -l4
[20.366s] Invoking command in '/media/nerglite/New Volume/coolyeah/URO/TUGAS 1/build/turtlesim': CMAKE_PREFIX_PATH=/opt/ros/humble /usr/bin/cmake --install /media/nerglite/New Volume/coolyeah/URO/TUGAS 1/build/turtlesim
[20.378s] -- Install configuration: ""
[20.379s] -- Up-to-date: /media/nerglite/New Volume/coolyeah/URO/TUGAS 1/install/turtlesim/share/ament_index/resource_index/rosidl_interfaces/turtlesim
[20.379s] -- Up-to-date: /media/nerglite/New Volume/coolyeah/URO/TUGAS 1/install/turtlesim/include/turtlesim/turtlesim
[20.379s] -- Up-to-date: /media/nerglite/New Volume/coolyeah/URO/TUGAS 1/install/turtlesim/include/turtlesim/turtlesim/action
[20.379s] -- Up-to-date: /media/nerglite/New Volume/coolyeah/URO/TUGAS 1/install/turtlesim/include/turtlesim/turtlesim/action/detail
[20.379s] -- Up-to-date: /media/nerglite/New Volume/coolyeah/URO/TUGAS 1/install/turtlesim/include/turtlesim/turtlesim/action/detail/rotate_absolute__functions.c
[20.380s] -- Up-to-date: /media/nerglite/New Volume/coolyeah/URO/TUGAS 1/install/turtlesim/include/turtlesim/turtlesim/action/detail/rotate_absolute__functions.h
[20.380s] -- Up-to-date: /media/nerglite/New Volume/coolyeah/URO/TUGAS 1/install/turtlesim/include/turtlesim/turtlesim/action/detail/rotate_absolute__struct.h
[20.380s] -- Up-to-date: /media/nerglite/New Volume/coolyeah/URO/TUGAS 1/install/turtlesim/include/turtlesim/turtlesim/action/detail/rotate_absolute__type_support.h
[20.380s] -- Up-to-date: /media/nerglite/New Volume/coolyeah/URO/TUGAS 1/install/turtlesim/include/turtlesim/turtlesim/action/rotate_absolute.h
[20.381s] -- Up-to-date: /media/nerglite/New Volume/coolyeah/URO/TUGAS 1/install/turtlesim/include/turtlesim/turtlesim/msg
[20.381s] -- Up-to-date: /media/nerglite/New Volume/coolyeah/URO/TUGAS 1/install/turtlesim/include/turtlesim/turtlesim/msg/color.h
[20.381s] -- Up-to-date: /media/nerglite/New Volume/coolyeah/URO/TUGAS 1/install/turtlesim/include/turtlesim/turtlesim/msg/detail
[20.381s] -- Up-to-date: /media/nerglite/New Volume/coolyeah/URO/TUGAS 1/install/turtlesim/include/turtlesim/turtlesim/msg/detail/color__functions.c
[20.381s] -- Up-to-date: /media/nerglite/New Volume/coolyeah/URO/TUGAS 1/install/turtlesim/include/turtlesim/turtlesim/msg/detail/color__functions.h
[20.381s] -- Up-to-date: /media/nerglite/New Volume/coolyeah/URO/TUGAS 1/install/turtlesim/include/turtlesim/turtlesim/msg/detail/color__struct.h
[20.382s] -- Up-to-date: /media/nerglite/New Volume/coolyeah/URO/TUGAS 1/install/turtlesim/include/turtlesim/turtlesim/msg/detail/color__type_support.h
[20.382s] -- Up-to-date: /media/nerglite/New Volume/coolyeah/URO/TUGAS 1/install/turtlesim/include/turtlesim/turtlesim/msg/detail/pose__functions.c
[20.382s] -- Up-to-date: /media/nerglite/New Volume/coolyeah/URO/TUGAS 1/install/turtlesim/include/turtlesim/turtlesim/msg/detail/pose__functions.h
[20.382s] -- Up-to-date: /media/nerglite/New Volume/coolyeah/URO/TUGAS 1/install/turtlesim/include/turtlesim/turtlesim/msg/detail/pose__struct.h
[20.382s] -- Up-to-date: /media/nerglite/New Volume/coolyeah/URO/TUGAS 1/install/turtlesim/include/turtlesim/turtlesim/msg/detail/pose__type_support.h
[20.383s] -- Up-to-date: /media/nerglite/New Volume/coolyeah/URO/TUGAS 1/install/turtlesim/include/turtlesim/turtlesim/msg/pose.h
[20.383s] -- Up-to-date: /media/nerglite/New Volume/coolyeah/URO/TUGAS 1/install/turtlesim/include/turtlesim/turtlesim/msg/rosidl_generator_c__visibility_control.h
[20.383s] -- Up-to-date: /media/nerglite/New Volume/coolyeah/URO/TUGAS 1/install/turtlesim/include/turtlesim/turtlesim/srv
[20.383s] -- Up-to-date: /media/nerglite/New Volume/coolyeah/URO/TUGAS 1/install/turtlesim/include/turtlesim/turtlesim/srv/detail
[20.383s] -- Up-to-date: /media/nerglite/New Volume/coolyeah/URO/TUGAS 1/install/turtlesim/include/turtlesim/turtlesim/srv/detail/kill__functions.c
[20.383s] -- Up-to-date: /media/nerglite/New Volume/coolyeah/URO/TUGAS 1/install/turtlesim/include/turtlesim/turtlesim/srv/detail/kill__functions.h
[20.384s] -- Up-to-date: /media/nerglite/New Volume/coolyeah/URO/TUGAS 1/install/turtlesim/include/turtlesim/turtlesim/srv/detail/kill__struct.h
[20.384s] -- Up-to-date: /media/nerglite/New Volume/coolyeah/URO/TUGAS 1/install/turtlesim/include/turtlesim/turtlesim/srv/detail/kill__type_support.h
[20.384s] -- Up-to-date: /media/nerglite/New Volume/coolyeah/URO/TUGAS 1/install/turtlesim/include/turtlesim/turtlesim/srv/detail/set_pen__functions.c
[20.384s] -- Up-to-date: /media/nerglite/New Volume/coolyeah/URO/TUGAS 1/install/turtlesim/include/turtlesim/turtlesim/srv/detail/set_pen__functions.h
[20.384s] -- Up-to-date: /media/nerglite/New Volume/coolyeah/URO/TUGAS 1/install/turtlesim/include/turtlesim/turtlesim/srv/detail/set_pen__struct.h
[20.385s] -- Up-to-date: /media/nerglite/New Volume/coolyeah/URO/TUGAS 1/install/turtlesim/include/turtlesim/turtlesim/srv/detail/set_pen__type_support.h
[20.385s] -- Up-to-date: /media/nerglite/New Volume/coolyeah/URO/TUGAS 1/install/turtlesim/include/turtlesim/turtlesim/srv/detail/spawn__functions.c
[20.385s] -- Up-to-date: /media/nerglite/New Volume/coolyeah/URO/TUGAS 1/install/turtlesim/include/turtlesim/turtlesim/srv/detail/spawn__functions.h
[20.385s] -- Up-to-date: /media/nerglite/New Volume/coolyeah/URO/TUGAS 1/install/turtlesim/include/turtlesim/turtlesim/srv/detail/spawn__struct.h
[20.386s] -- Up-to-date: /media/nerglite/New Volume/coolyeah/URO/TUGAS 1/install/turtlesim/include/turtlesim/turtlesim/srv/detail/spawn__type_support.h
[20.386s] -- Up-to-date: /media/nerglite/New Volume/coolyeah/URO/TUGAS 1/install/turtlesim/include/turtlesim/turtlesim/srv/detail/teleport_absolute__functions.c
[20.386s] -- Up-to-date: /media/nerglite/New Volume/coolyeah/URO/TUGAS 1/install/turtlesim/include/turtlesim/turtlesim/srv/detail/teleport_absolute__functions.h
[20.386s] -- Up-to-date: /media/nerglite/New Volume/coolyeah/URO/TUGAS 1/install/turtlesim/include/turtlesim/turtlesim/srv/detail/teleport_absolute__struct.h
[20.387s] -- Up-to-date: /media/nerglite/New Volume/coolyeah/URO/TUGAS 1/install/turtlesim/include/turtlesim/turtlesim/srv/detail/teleport_absolute__type_support.h
[20.387s] -- Up-to-date: /media/nerglite/New Volume/coolyeah/URO/TUGAS 1/install/turtlesim/include/turtlesim/turtlesim/srv/detail/teleport_relative__functions.c
[20.387s] -- Up-to-date: /media/nerglite/New Volume/coolyeah/URO/TUGAS 1/install/turtlesim/include/turtlesim/turtlesim/srv/detail/teleport_relative__functions.h
[20.387s] -- Up-to-date: /media/nerglite/New Volume/coolyeah/URO/TUGAS 1/install/turtlesim/include/turtlesim/turtlesim/srv/detail/teleport_relative__struct.h
[20.387s] -- Up-to-date: /media/nerglite/New Volume/coolyeah/URO/TUGAS 1/install/turtlesim/include/turtlesim/turtlesim/srv/detail/teleport_relative__type_support.h
[20.388s] -- Up-to-date: /media/nerglite/New Volume/coolyeah/URO/TUGAS 1/install/turtlesim/include/turtlesim/turtlesim/srv/kill.h
[20.388s] -- Up-to-date: /media/nerglite/New Volume/coolyeah/URO/TUGAS 1/install/turtlesim/include/turtlesim/turtlesim/srv/set_pen.h
[20.388s] -- Up-to-date: /media/nerglite/New Volume/coolyeah/URO/TUGAS 1/install/turtlesim/include/turtlesim/turtlesim/srv/spawn.h
[20.388s] -- Up-to-date: /media/nerglite/New Volume/coolyeah/URO/TUGAS 1/install/turtlesim/include/turtlesim/turtlesim/srv/teleport_absolute.h
[20.388s] -- Up-to-date: /media/nerglite/New Volume/coolyeah/URO/TUGAS 1/install/turtlesim/include/turtlesim/turtlesim/srv/teleport_relative.h
[20.388s] -- Up-to-date: /media/nerglite/New Volume/coolyeah/URO/TUGAS 1/install/turtlesim/share/turtlesim/environment/library_path.sh
[20.389s] -- Up-to-date: /media/nerglite/New Volume/coolyeah/URO/TUGAS 1/install/turtlesim/share/turtlesim/environment/library_path.dsv
[20.389s] -- Up-to-date: /media/nerglite/New Volume/coolyeah/URO/TUGAS 1/install/turtlesim/lib/libturtlesim__rosidl_generator_c.so
[20.389s] -- Up-to-date: /media/nerglite/New Volume/coolyeah/URO/TUGAS 1/install/turtlesim/include/turtlesim/turtlesim
[20.389s] -- Up-to-date: /media/nerglite/New Volume/coolyeah/URO/TUGAS 1/install/turtlesim/include/turtlesim/turtlesim/action
[20.389s] -- Up-to-date: /media/nerglite/New Volume/coolyeah/URO/TUGAS 1/install/turtlesim/include/turtlesim/turtlesim/action/detail
[20.389s] -- Up-to-date: /media/nerglite/New Volume/coolyeah/URO/TUGAS 1/install/turtlesim/include/turtlesim/turtlesim/action/detail/rotate_absolute__rosidl_typesupport_fastrtps_c.h
[20.390s] -- Up-to-date: /media/nerglite/New Volume/coolyeah/URO/TUGAS 1/install/turtlesim/include/turtlesim/turtlesim/msg
[20.390s] -- Up-to-date: /media/nerglite/New Volume/coolyeah/URO/TUGAS 1/install/turtlesim/include/turtlesim/turtlesim/msg/detail
[20.390s] -- Up-to-date: /media/nerglite/New Volume/coolyeah/URO/TUGAS 1/install/turtlesim/include/turtlesim/turtlesim/msg/detail/color__rosidl_typesupport_fastrtps_c.h
[20.390s] -- Up-to-date: /media/nerglite/New Volume/coolyeah/URO/TUGAS 1/install/turtlesim/include/turtlesim/turtlesim/msg/detail/pose__rosidl_typesupport_fastrtps_c.h
[20.390s] -- Up-to-date: /media/nerglite/New Volume/coolyeah/URO/TUGAS 1/install/turtlesim/include/turtlesim/turtlesim/msg/rosidl_typesupport_fastrtps_c__visibility_control.h
[20.390s] -- Up-to-date: /media/nerglite/New Volume/coolyeah/URO/TUGAS 1/install/turtlesim/include/turtlesim/turtlesim/srv
[20.391s] -- Up-to-date: /media/nerglite/New Volume/coolyeah/URO/TUGAS 1/install/turtlesim/include/turtlesim/turtlesim/srv/detail
[20.391s] -- Up-to-date: /media/nerglite/New Volume/coolyeah/URO/TUGAS 1/install/turtlesim/include/turtlesim/turtlesim/srv/detail/kill__rosidl_typesupport_fastrtps_c.h
[20.391s] -- Up-to-date: /media/nerglite/New Volume/coolyeah/URO/TUGAS 1/install/turtlesim/include/turtlesim/turtlesim/srv/detail/set_pen__rosidl_typesupport_fastrtps_c.h
[20.391s] -- Up-to-date: /media/nerglite/New Volume/coolyeah/URO/TUGAS 1/install/turtlesim/include/turtlesim/turtlesim/srv/detail/spawn__rosidl_typesupport_fastrtps_c.h
[20.392s] -- Up-to-date: /media/nerglite/New Volume/coolyeah/URO/TUGAS 1/install/turtlesim/include/turtlesim/turtlesim/srv/detail/teleport_absolute__rosidl_typesupport_fastrtps_c.h
[20.392s] -- Up-to-date: /media/nerglite/New Volume/coolyeah/URO/TUGAS 1/install/turtlesim/include/turtlesim/turtlesim/srv/detail/teleport_relative__rosidl_typesupport_fastrtps_c.h
[20.392s] -- Up-to-date: /media/nerglite/New Volume/coolyeah/URO/TUGAS 1/install/turtlesim/lib/libturtlesim__rosidl_typesupport_fastrtps_c.so
[20.392s] -- Up-to-date: /media/nerglite/New Volume/coolyeah/URO/TUGAS 1/install/turtlesim/include/turtlesim/turtlesim
[20.392s] -- Up-to-date: /media/nerglite/New Volume/coolyeah/URO/TUGAS 1/install/turtlesim/include/turtlesim/turtlesim/action
[20.393s] -- Up-to-date: /media/nerglite/New Volume/coolyeah/URO/TUGAS 1/install/turtlesim/include/turtlesim/turtlesim/action/detail
[20.393s] -- Up-to-date: /media/nerglite/New Volume/coolyeah/URO/TUGAS 1/install/turtlesim/include/turtlesim/turtlesim/action/detail/rotate_absolute__builder.hpp
[20.393s] -- Up-to-date: /media/nerglite/New Volume/coolyeah/URO/TUGAS 1/install/turtlesim/include/turtlesim/turtlesim/action/detail/rotate_absolute__struct.hpp
[20.393s] -- Up-to-date: /media/nerglite/New Volume/coolyeah/URO/TUGAS 1/install/turtlesim/include/turtlesim/turtlesim/action/detail/rotate_absolute__traits.hpp
[20.393s] -- Up-to-date: /media/nerglite/New Volume/coolyeah/URO/TUGAS 1/install/turtlesim/include/turtlesim/turtlesim/action/rotate_absolute.hpp
[20.393s] -- Up-to-date: /media/nerglite/New Volume/coolyeah/URO/TUGAS 1/install/turtlesim/include/turtlesim/turtlesim/msg
[20.394s] -- Up-to-date: /media/nerglite/New Volume/coolyeah/URO/TUGAS 1/install/turtlesim/include/turtlesim/turtlesim/msg/color.hpp
[20.394s] -- Up-to-date: /media/nerglite/New Volume/coolyeah/URO/TUGAS 1/install/turtlesim/include/turtlesim/turtlesim/msg/detail
[20.394s] -- Up-to-date: /media/nerglite/New Volume/coolyeah/URO/TUGAS 1/install/turtlesim/include/turtlesim/turtlesim/msg/detail/color__builder.hpp
[20.394s] -- Up-to-date: /media/nerglite/New Volume/coolyeah/URO/TUGAS 1/install/turtlesim/include/turtlesim/turtlesim/msg/detail/color__struct.hpp
[20.394s] -- Up-to-date: /media/nerglite/New Volume/coolyeah/URO/TUGAS 1/install/turtlesim/include/turtlesim/turtlesim/msg/detail/color__traits.hpp
[20.395s] -- Up-to-date: /media/nerglite/New Volume/coolyeah/URO/TUGAS 1/install/turtlesim/include/turtlesim/turtlesim/msg/detail/pose__builder.hpp
[20.395s] -- Up-to-date: /media/nerglite/New Volume/coolyeah/URO/TUGAS 1/install/turtlesim/include/turtlesim/turtlesim/msg/detail/pose__struct.hpp
[20.395s] -- Up-to-date: /media/nerglite/New Volume/coolyeah/URO/TUGAS 1/install/turtlesim/include/turtlesim/turtlesim/msg/detail/pose__traits.hpp
[20.395s] -- Up-to-date: /media/nerglite/New Volume/coolyeah/URO/TUGAS 1/install/turtlesim/include/turtlesim/turtlesim/msg/pose.hpp
[20.395s] -- Up-to-date: /media/nerglite/New Volume/coolyeah/URO/TUGAS 1/install/turtlesim/include/turtlesim/turtlesim/srv
[20.396s] -- Up-to-date: /media/nerglite/New Volume/coolyeah/URO/TUGAS 1/install/turtlesim/include/turtlesim/turtlesim/srv/detail
[20.396s] -- Up-to-date: /media/nerglite/New Volume/coolyeah/URO/TUGAS 1/install/turtlesim/include/turtlesim/turtlesim/srv/detail/kill__builder.hpp
[20.396s] -- Up-to-date: /media/nerglite/New Volume/coolyeah/URO/TUGAS 1/install/turtlesim/include/turtlesim/turtlesim/srv/detail/kill__struct.hpp
[20.396s] -- Up-to-date: /media/nerglite/New Volume/coolyeah/URO/TUGAS 1/install/turtlesim/include/turtlesim/turtlesim/srv/detail/kill__traits.hpp
[20.396s] -- Up-to-date: /media/nerglite/New Volume/coolyeah/URO/TUGAS 1/install/turtlesim/include/turtlesim/turtlesim/srv/detail/set_pen__builder.hpp
[20.397s] -- Up-to-date: /media/nerglite/New Volume/coolyeah/URO/TUGAS 1/install/turtlesim/include/turtlesim/turtlesim/srv/detail/set_pen__struct.hpp
[20.397s] -- Up-to-date: /media/nerglite/New Volume/coolyeah/URO/TUGAS 1/install/turtlesim/include/turtlesim/turtlesim/srv/detail/set_pen__traits.hpp
[20.397s] -- Up-to-date: /media/nerglite/New Volume/coolyeah/URO/TUGAS 1/install/turtlesim/include/turtlesim/turtlesim/srv/detail/spawn__builder.hpp
[20.397s] -- Up-to-date: /media/nerglite/New Volume/coolyeah/URO/TUGAS 1/install/turtlesim/include/turtlesim/turtlesim/srv/detail/spawn__struct.hpp
[20.397s] -- Up-to-date: /media/nerglite/New Volume/coolyeah/URO/TUGAS 1/install/turtlesim/include/turtlesim/turtlesim/srv/detail/spawn__traits.hpp
[20.397s] -- Up-to-date: /media/nerglite/New Volume/coolyeah/URO/TUGAS 1/install/turtlesim/include/turtlesim/turtlesim/srv/detail/teleport_absolute__builder.hpp
[20.398s] -- Up-to-date: /media/nerglite/New Volume/coolyeah/URO/TUGAS 1/install/turtlesim/include/turtlesim/turtlesim/srv/detail/teleport_absolute__struct.hpp
[20.398s] -- Up-to-date: /media/nerglite/New Volume/coolyeah/URO/TUGAS 1/install/turtlesim/include/turtlesim/turtlesim/srv/detail/teleport_absolute__traits.hpp
[20.398s] -- Up-to-date: /media/nerglite/New Volume/coolyeah/URO/TUGAS 1/install/turtlesim/include/turtlesim/turtlesim/srv/detail/teleport_relative__builder.hpp
[20.398s] -- Up-to-date: /media/nerglite/New Volume/coolyeah/URO/TUGAS 1/install/turtlesim/include/turtlesim/turtlesim/srv/detail/teleport_relative__struct.hpp
[20.398s] -- Up-to-date: /media/nerglite/New Volume/coolyeah/URO/TUGAS 1/install/turtlesim/include/turtlesim/turtlesim/srv/detail/teleport_relative__traits.hpp
[20.398s] -- Up-to-date: /media/nerglite/New Volume/coolyeah/URO/TUGAS 1/install/turtlesim/include/turtlesim/turtlesim/srv/kill.hpp
[20.399s] -- Up-to-date: /media/nerglite/New Volume/coolyeah/URO/TUGAS 1/install/turtlesim/include/turtlesim/turtlesim/srv/set_pen.hpp
[20.399s] -- Up-to-date: /media/nerglite/New Volume/coolyeah/URO/TUGAS 1/install/turtlesim/include/turtlesim/turtlesim/srv/spawn.hpp
[20.399s] -- Up-to-date: /media/nerglite/New Volume/coolyeah/URO/TUGAS 1/install/turtlesim/include/turtlesim/turtlesim/srv/teleport_absolute.hpp
[20.399s] -- Up-to-date: /media/nerglite/New Volume/coolyeah/URO/TUGAS 1/install/turtlesim/include/turtlesim/turtlesim/srv/teleport_relative.hpp
[20.399s] -- Up-to-date: /media/nerglite/New Volume/coolyeah/URO/TUGAS 1/install/turtlesim/include/turtlesim/turtlesim
[20.399s] -- Up-to-date: /media/nerglite/New Volume/coolyeah/URO/TUGAS 1/install/turtlesim/include/turtlesim/turtlesim/action
[20.399s] -- Up-to-date: /media/nerglite/New Volume/coolyeah/URO/TUGAS 1/install/turtlesim/include/turtlesim/turtlesim/action/detail
[20.400s] -- Up-to-date: /media/nerglite/New Volume/coolyeah/URO/TUGAS 1/install/turtlesim/include/turtlesim/turtlesim/action/detail/dds_fastrtps
[20.400s] -- Up-to-date: /media/nerglite/New Volume/coolyeah/URO/TUGAS 1/install/turtlesim/include/turtlesim/turtlesim/action/detail/rotate_absolute__rosidl_typesupport_fastrtps_cpp.hpp
[20.400s] -- Up-to-date: /media/nerglite/New Volume/coolyeah/URO/TUGAS 1/install/turtlesim/include/turtlesim/turtlesim/msg
[20.400s] -- Up-to-date: /media/nerglite/New Volume/coolyeah/URO/TUGAS 1/install/turtlesim/include/turtlesim/turtlesim/msg/detail
[20.400s] -- Up-to-date: /media/nerglite/New Volume/coolyeah/URO/TUGAS 1/install/turtlesim/include/turtlesim/turtlesim/msg/detail/color__rosidl_typesupport_fastrtps_cpp.hpp
[20.400s] -- Up-to-date: /media/nerglite/New Volume/coolyeah/URO/TUGAS 1/install/turtlesim/include/turtlesim/turtlesim/msg/detail/dds_fastrtps
[20.400s] -- Up-to-date: /media/nerglite/New Volume/coolyeah/URO/TUGAS 1/install/turtlesim/include/turtlesim/turtlesim/msg/detail/pose__rosidl_typesupport_fastrtps_cpp.hpp
[20.401s] -- Up-to-date: /media/nerglite/New Volume/coolyeah/URO/TUGAS 1/install/turtlesim/include/turtlesim/turtlesim/msg/rosidl_typesupport_fastrtps_cpp__visibility_control.h
[20.401s] -- Up-to-date: /media/nerglite/New Volume/coolyeah/URO/TUGAS 1/install/turtlesim/include/turtlesim/turtlesim/srv
[20.401s] -- Up-to-date: /media/nerglite/New Volume/coolyeah/URO/TUGAS 1/install/turtlesim/include/turtlesim/turtlesim/srv/detail
[20.401s] -- Up-to-date: /media/nerglite/New Volume/coolyeah/URO/TUGAS 1/install/turtlesim/include/turtlesim/turtlesim/srv/detail/dds_fastrtps
[20.401s] -- Up-to-date: /media/nerglite/New Volume/coolyeah/URO/TUGAS 1/install/turtlesim/include/turtlesim/turtlesim/srv/detail/kill__rosidl_typesupport_fastrtps_cpp.hpp
[20.401s] -- Up-to-date: /media/nerglite/New Volume/coolyeah/URO/TUGAS 1/install/turtlesim/include/turtlesim/turtlesim/srv/detail/set_pen__rosidl_typesupport_fastrtps_cpp.hpp
[20.401s] -- Up-to-date: /media/nerglite/New Volume/coolyeah/URO/TUGAS 1/install/turtlesim/include/turtlesim/turtlesim/srv/detail/spawn__rosidl_typesupport_fastrtps_cpp.hpp
[20.402s] -- Up-to-date: /media/nerglite/New Volume/coolyeah/URO/TUGAS 1/install/turtlesim/include/turtlesim/turtlesim/srv/detail/teleport_absolute__rosidl_typesupport_fastrtps_cpp.hpp
[20.402s] -- Up-to-date: /media/nerglite/New Volume/coolyeah/URO/TUGAS 1/install/turtlesim/include/turtlesim/turtlesim/srv/detail/teleport_relative__rosidl_typesupport_fastrtps_cpp.hpp
[20.402s] -- Up-to-date: /media/nerglite/New Volume/coolyeah/URO/TUGAS 1/install/turtlesim/lib/libturtlesim__rosidl_typesupport_fastrtps_cpp.so
[20.402s] -- Up-to-date: /media/nerglite/New Volume/coolyeah/URO/TUGAS 1/install/turtlesim/include/turtlesim/turtlesim
[20.402s] -- Up-to-date: /media/nerglite/New Volume/coolyeah/URO/TUGAS 1/install/turtlesim/include/turtlesim/turtlesim/action
[20.402s] -- Up-to-date: /media/nerglite/New Volume/coolyeah/URO/TUGAS 1/install/turtlesim/include/turtlesim/turtlesim/action/detail
[20.402s] -- Up-to-date: /media/nerglite/New Volume/coolyeah/URO/TUGAS 1/install/turtlesim/include/turtlesim/turtlesim/action/detail/rotate_absolute__rosidl_typesupport_introspection_c.h
[20.403s] -- Up-to-date: /media/nerglite/New Volume/coolyeah/URO/TUGAS 1/install/turtlesim/include/turtlesim/turtlesim/action/detail/rotate_absolute__type_support.c
[20.403s] -- Up-to-date: /media/nerglite/New Volume/coolyeah/URO/TUGAS 1/install/turtlesim/include/turtlesim/turtlesim/msg
[20.403s] -- Up-to-date: /media/nerglite/New Volume/coolyeah/URO/TUGAS 1/install/turtlesim/include/turtlesim/turtlesim/msg/detail
[20.403s] -- Up-to-date: /media/nerglite/New Volume/coolyeah/URO/TUGAS 1/install/turtlesim/include/turtlesim/turtlesim/msg/detail/color__rosidl_typesupport_introspection_c.h
[20.403s] -- Up-to-date: /media/nerglite/New Volume/coolyeah/URO/TUGAS 1/install/turtlesim/include/turtlesim/turtlesim/msg/detail/color__type_support.c
[20.403s] -- Up-to-date: /media/nerglite/New Volume/coolyeah/URO/TUGAS 1/install/turtlesim/include/turtlesim/turtlesim/msg/detail/pose__rosidl_typesupport_introspection_c.h
[20.404s] -- Up-to-date: /media/nerglite/New Volume/coolyeah/URO/TUGAS 1/install/turtlesim/include/turtlesim/turtlesim/msg/detail/pose__type_support.c
[20.404s] -- Up-to-date: /media/nerglite/New Volume/coolyeah/URO/TUGAS 1/install/turtlesim/include/turtlesim/turtlesim/msg/rosidl_typesupport_introspection_c__visibility_control.h
[20.404s] -- Up-to-date: /media/nerglite/New Volume/coolyeah/URO/TUGAS 1/install/turtlesim/include/turtlesim/turtlesim/srv
[20.404s] -- Up-to-date: /media/nerglite/New Volume/coolyeah/URO/TUGAS 1/install/turtlesim/include/turtlesim/turtlesim/srv/detail
[20.404s] -- Up-to-date: /media/nerglite/New Volume/coolyeah/URO/TUGAS 1/install/turtlesim/include/turtlesim/turtlesim/srv/detail/kill__rosidl_typesupport_introspection_c.h
[20.404s] -- Up-to-date: /media/nerglite/New Volume/coolyeah/URO/TUGAS 1/install/turtlesim/include/turtlesim/turtlesim/srv/detail/kill__type_support.c
[20.404s] -- Up-to-date: /media/nerglite/New Volume/coolyeah/URO/TUGAS 1/install/turtlesim/include/turtlesim/turtlesim/srv/detail/set_pen__rosidl_typesupport_introspection_c.h
[20.405s] -- Up-to-date: /media/nerglite/New Volume/coolyeah/URO/TUGAS 1/install/turtlesim/include/turtlesim/turtlesim/srv/detail/set_pen__type_support.c
[20.405s] -- Up-to-date: /media/nerglite/New Volume/coolyeah/URO/TUGAS 1/install/turtlesim/include/turtlesim/turtlesim/srv/detail/spawn__rosidl_typesupport_introspection_c.h
[20.405s] -- Up-to-date: /media/nerglite/New Volume/coolyeah/URO/TUGAS 1/install/turtlesim/include/turtlesim/turtlesim/srv/detail/spawn__type_support.c
[20.405s] -- Up-to-date: /media/nerglite/New Volume/coolyeah/URO/TUGAS 1/install/turtlesim/include/turtlesim/turtlesim/srv/detail/teleport_absolute__rosidl_typesupport_introspection_c.h
[20.405s] -- Up-to-date: /media/nerglite/New Volume/coolyeah/URO/TUGAS 1/install/turtlesim/include/turtlesim/turtlesim/srv/detail/teleport_absolute__type_support.c
[20.405s] -- Up-to-date: /media/nerglite/New Volume/coolyeah/URO/TUGAS 1/install/turtlesim/include/turtlesim/turtlesim/srv/detail/teleport_relative__rosidl_typesupport_introspection_c.h
[20.405s] -- Up-to-date: /media/nerglite/New Volume/coolyeah/URO/TUGAS 1/install/turtlesim/include/turtlesim/turtlesim/srv/detail/teleport_relative__type_support.c
[20.406s] -- Up-to-date: /media/nerglite/New Volume/coolyeah/URO/TUGAS 1/install/turtlesim/lib/libturtlesim__rosidl_typesupport_introspection_c.so
[20.406s] -- Up-to-date: /media/nerglite/New Volume/coolyeah/URO/TUGAS 1/install/turtlesim/lib/libturtlesim__rosidl_typesupport_c.so
[20.406s] -- Up-to-date: /media/nerglite/New Volume/coolyeah/URO/TUGAS 1/install/turtlesim/include/turtlesim/turtlesim
[20.406s] -- Up-to-date: /media/nerglite/New Volume/coolyeah/URO/TUGAS 1/install/turtlesim/include/turtlesim/turtlesim/action
[20.406s] -- Up-to-date: /media/nerglite/New Volume/coolyeah/URO/TUGAS 1/install/turtlesim/include/turtlesim/turtlesim/action/detail
[20.406s] -- Up-to-date: /media/nerglite/New Volume/coolyeah/URO/TUGAS 1/install/turtlesim/include/turtlesim/turtlesim/action/detail/rotate_absolute__rosidl_typesupport_introspection_cpp.hpp
[20.406s] -- Up-to-date: /media/nerglite/New Volume/coolyeah/URO/TUGAS 1/install/turtlesim/include/turtlesim/turtlesim/action/detail/rotate_absolute__type_support.cpp
[20.407s] -- Up-to-date: /media/nerglite/New Volume/coolyeah/URO/TUGAS 1/install/turtlesim/include/turtlesim/turtlesim/msg
[20.407s] -- Up-to-date: /media/nerglite/New Volume/coolyeah/URO/TUGAS 1/install/turtlesim/include/turtlesim/turtlesim/msg/detail
[20.407s] -- Up-to-date: /media/nerglite/New Volume/coolyeah/URO/TUGAS 1/install/turtlesim/include/turtlesim/turtlesim/msg/detail/color__rosidl_typesupport_introspection_cpp.hpp
[20.407s] -- Up-to-date: /media/nerglite/New Volume/coolyeah/URO/TUGAS 1/install/turtlesim/include/turtlesim/turtlesim/msg/detail/color__type_support.cpp
[20.407s] -- Up-to-date: /media/nerglite/New Volume/coolyeah/URO/TUGAS 1/install/turtlesim/include/turtlesim/turtlesim/msg/detail/pose__rosidl_typesupport_introspection_cpp.hpp
[20.407s] -- Up-to-date: /media/nerglite/New Volume/coolyeah/URO/TUGAS 1/install/turtlesim/include/turtlesim/turtlesim/msg/detail/pose__type_support.cpp
[20.407s] -- Up-to-date: /media/nerglite/New Volume/coolyeah/URO/TUGAS 1/install/turtlesim/include/turtlesim/turtlesim/srv
[20.407s] -- Up-to-date: /media/nerglite/New Volume/coolyeah/URO/TUGAS 1/install/turtlesim/include/turtlesim/turtlesim/srv/detail
[20.407s] -- Up-to-date: /media/nerglite/New Volume/coolyeah/URO/TUGAS 1/install/turtlesim/include/turtlesim/turtlesim/srv/detail/kill__rosidl_typesupport_introspection_cpp.hpp
[20.408s] -- Up-to-date: /media/nerglite/New Volume/coolyeah/URO/TUGAS 1/install/turtlesim/include/turtlesim/turtlesim/srv/detail/kill__type_support.cpp
[20.408s] -- Up-to-date: /media/nerglite/New Volume/coolyeah/URO/TUGAS 1/install/turtlesim/include/turtlesim/turtlesim/srv/detail/set_pen__rosidl_typesupport_introspection_cpp.hpp
[20.408s] -- Up-to-date: /media/nerglite/New Volume/coolyeah/URO/TUGAS 1/install/turtlesim/include/turtlesim/turtlesim/srv/detail/set_pen__type_support.cpp
[20.408s] -- Up-to-date: /media/nerglite/New Volume/coolyeah/URO/TUGAS 1/install/turtlesim/include/turtlesim/turtlesim/srv/detail/spawn__rosidl_typesupport_introspection_cpp.hpp
[20.408s] -- Up-to-date: /media/nerglite/New Volume/coolyeah/URO/TUGAS 1/install/turtlesim/include/turtlesim/turtlesim/srv/detail/spawn__type_support.cpp
[20.408s] -- Up-to-date: /media/nerglite/New Volume/coolyeah/URO/TUGAS 1/install/turtlesim/include/turtlesim/turtlesim/srv/detail/teleport_absolute__rosidl_typesupport_introspection_cpp.hpp
[20.408s] -- Up-to-date: /media/nerglite/New Volume/coolyeah/URO/TUGAS 1/install/turtlesim/include/turtlesim/turtlesim/srv/detail/teleport_absolute__type_support.cpp
[20.408s] -- Up-to-date: /media/nerglite/New Volume/coolyeah/URO/TUGAS 1/install/turtlesim/include/turtlesim/turtlesim/srv/detail/teleport_relative__rosidl_typesupport_introspection_cpp.hpp
[20.408s] -- Up-to-date: /media/nerglite/New Volume/coolyeah/URO/TUGAS 1/install/turtlesim/include/turtlesim/turtlesim/srv/detail/teleport_relative__type_support.cpp
[20.408s] -- Up-to-date: /media/nerglite/New Volume/coolyeah/URO/TUGAS 1/install/turtlesim/lib/libturtlesim__rosidl_typesupport_introspection_cpp.so
[20.408s] -- Up-to-date: /media/nerglite/New Volume/coolyeah/URO/TUGAS 1/install/turtlesim/lib/libturtlesim__rosidl_typesupport_cpp.so
[20.408s] -- Up-to-date: /media/nerglite/New Volume/coolyeah/URO/TUGAS 1/install/turtlesim/share/turtlesim/environment/pythonpath.sh
[20.408s] -- Up-to-date: /media/nerglite/New Volume/coolyeah/URO/TUGAS 1/install/turtlesim/share/turtlesim/environment/pythonpath.dsv
[20.409s] -- Up-to-date: /media/nerglite/New Volume/coolyeah/URO/TUGAS 1/install/turtlesim/local/lib/python3.10/dist-packages/turtlesim-1.4.2-py3.10.egg-info
[20.409s] -- Installing: /media/nerglite/New Volume/coolyeah/URO/TUGAS 1/install/turtlesim/local/lib/python3.10/dist-packages/turtlesim-1.4.2-py3.10.egg-info/dependency_links.txt
[20.409s] -- Installing: /media/nerglite/New Volume/coolyeah/URO/TUGAS 1/install/turtlesim/local/lib/python3.10/dist-packages/turtlesim-1.4.2-py3.10.egg-info/PKG-INFO
[20.409s] -- Installing: /media/nerglite/New Volume/coolyeah/URO/TUGAS 1/install/turtlesim/local/lib/python3.10/dist-packages/turtlesim-1.4.2-py3.10.egg-info/SOURCES.txt
[20.409s] -- Installing: /media/nerglite/New Volume/coolyeah/URO/TUGAS 1/install/turtlesim/local/lib/python3.10/dist-packages/turtlesim-1.4.2-py3.10.egg-info/top_level.txt
[20.409s] -- Up-to-date: /media/nerglite/New Volume/coolyeah/URO/TUGAS 1/install/turtlesim/local/lib/python3.10/dist-packages/turtlesim
[20.409s] -- Up-to-date: /media/nerglite/New Volume/coolyeah/URO/TUGAS 1/install/turtlesim/local/lib/python3.10/dist-packages/turtlesim/action
[20.409s] -- Up-to-date: /media/nerglite/New Volume/coolyeah/URO/TUGAS 1/install/turtlesim/local/lib/python3.10/dist-packages/turtlesim/action/_rotate_absolute.py
[20.409s] -- Up-to-date: /media/nerglite/New Volume/coolyeah/URO/TUGAS 1/install/turtlesim/local/lib/python3.10/dist-packages/turtlesim/action/_rotate_absolute_s.c
[20.409s] -- Up-to-date: /media/nerglite/New Volume/coolyeah/URO/TUGAS 1/install/turtlesim/local/lib/python3.10/dist-packages/turtlesim/action/__init__.py
[20.409s] -- Up-to-date: /media/nerglite/New Volume/coolyeah/URO/TUGAS 1/install/turtlesim/local/lib/python3.10/dist-packages/turtlesim/libturtlesim__rosidl_generator_py.so
[20.409s] -- Up-to-date: /media/nerglite/New Volume/coolyeah/URO/TUGAS 1/install/turtlesim/local/lib/python3.10/dist-packages/turtlesim/msg
[20.410s] -- Up-to-date: /media/nerglite/New Volume/coolyeah/URO/TUGAS 1/install/turtlesim/local/lib/python3.10/dist-packages/turtlesim/msg/_color.py
[20.410s] -- Up-to-date: /media/nerglite/New Volume/coolyeah/URO/TUGAS 1/install/turtlesim/local/lib/python3.10/dist-packages/turtlesim/msg/_color_s.c
[20.410s] -- Up-to-date: /media/nerglite/New Volume/coolyeah/URO/TUGAS 1/install/turtlesim/local/lib/python3.10/dist-packages/turtlesim/msg/_pose.py
[20.410s] -- Up-to-date: /media/nerglite/New Volume/coolyeah/URO/TUGAS 1/install/turtlesim/local/lib/python3.10/dist-packages/turtlesim/msg/_pose_s.c
[20.410s] -- Up-to-date: /media/nerglite/New Volume/coolyeah/URO/TUGAS 1/install/turtlesim/local/lib/python3.10/dist-packages/turtlesim/msg/__init__.py
[20.410s] -- Up-to-date: /media/nerglite/New Volume/coolyeah/URO/TUGAS 1/install/turtlesim/local/lib/python3.10/dist-packages/turtlesim/srv
[20.410s] -- Up-to-date: /media/nerglite/New Volume/coolyeah/URO/TUGAS 1/install/turtlesim/local/lib/python3.10/dist-packages/turtlesim/srv/_kill.py
[20.410s] -- Up-to-date: /media/nerglite/New Volume/coolyeah/URO/TUGAS 1/install/turtlesim/local/lib/python3.10/dist-packages/turtlesim/srv/_kill_s.c
[20.410s] -- Up-to-date: /media/nerglite/New Volume/coolyeah/URO/TUGAS 1/install/turtlesim/local/lib/python3.10/dist-packages/turtlesim/srv/_set_pen.py
[20.410s] -- Up-to-date: /media/nerglite/New Volume/coolyeah/URO/TUGAS 1/install/turtlesim/local/lib/python3.10/dist-packages/turtlesim/srv/_set_pen_s.c
[20.410s] -- Up-to-date: /media/nerglite/New Volume/coolyeah/URO/TUGAS 1/install/turtlesim/local/lib/python3.10/dist-packages/turtlesim/srv/_spawn.py
[20.410s] -- Up-to-date: /media/nerglite/New Volume/coolyeah/URO/TUGAS 1/install/turtlesim/local/lib/python3.10/dist-packages/turtlesim/srv/_spawn_s.c
[20.411s] -- Up-to-date: /media/nerglite/New Volume/coolyeah/URO/TUGAS 1/install/turtlesim/local/lib/python3.10/dist-packages/turtlesim/srv/_teleport_absolute.py
[20.411s] -- Up-to-date: /media/nerglite/New Volume/coolyeah/URO/TUGAS 1/install/turtlesim/local/lib/python3.10/dist-packages/turtlesim/srv/_teleport_absolute_s.c
[20.411s] -- Up-to-date: /media/nerglite/New Volume/coolyeah/URO/TUGAS 1/install/turtlesim/local/lib/python3.10/dist-packages/turtlesim/srv/_teleport_relative.py
[20.411s] -- Up-to-date: /media/nerglite/New Volume/coolyeah/URO/TUGAS 1/install/turtlesim/local/lib/python3.10/dist-packages/turtlesim/srv/_teleport_relative_s.c
[20.411s] -- Up-to-date: /media/nerglite/New Volume/coolyeah/URO/TUGAS 1/install/turtlesim/local/lib/python3.10/dist-packages/turtlesim/srv/__init__.py
[20.411s] -- Up-to-date: /media/nerglite/New Volume/coolyeah/URO/TUGAS 1/install/turtlesim/local/lib/python3.10/dist-packages/turtlesim/turtlesim_s__rosidl_typesupport_c.cpython-310-x86_64-linux-gnu.so
[20.411s] -- Up-to-date: /media/nerglite/New Volume/coolyeah/URO/TUGAS 1/install/turtlesim/local/lib/python3.10/dist-packages/turtlesim/turtlesim_s__rosidl_typesupport_fastrtps_c.cpython-310-x86_64-linux-gnu.so
[20.411s] -- Up-to-date: /media/nerglite/New Volume/coolyeah/URO/TUGAS 1/install/turtlesim/local/lib/python3.10/dist-packages/turtlesim/turtlesim_s__rosidl_typesupport_introspection_c.cpython-310-x86_64-linux-gnu.so
[20.411s] -- Up-to-date: /media/nerglite/New Volume/coolyeah/URO/TUGAS 1/install/turtlesim/local/lib/python3.10/dist-packages/turtlesim/_turtlesim_s.ep.rosidl_typesupport_c.c
[20.411s] -- Up-to-date: /media/nerglite/New Volume/coolyeah/URO/TUGAS 1/install/turtlesim/local/lib/python3.10/dist-packages/turtlesim/_turtlesim_s.ep.rosidl_typesupport_fastrtps_c.c
[20.411s] -- Up-to-date: /media/nerglite/New Volume/coolyeah/URO/TUGAS 1/install/turtlesim/local/lib/python3.10/dist-packages/turtlesim/_turtlesim_s.ep.rosidl_typesupport_introspection_c.c
[20.411s] -- Up-to-date: /media/nerglite/New Volume/coolyeah/URO/TUGAS 1/install/turtlesim/local/lib/python3.10/dist-packages/turtlesim/__init__.py
[20.442s] Listing '/media/nerglite/New Volume/coolyeah/URO/TUGAS 1/install/turtlesim/local/lib/python3.10/dist-packages/turtlesim'...
[20.442s] Listing '/media/nerglite/New Volume/coolyeah/URO/TUGAS 1/install/turtlesim/local/lib/python3.10/dist-packages/turtlesim/action'...
[20.442s] Listing '/media/nerglite/New Volume/coolyeah/URO/TUGAS 1/install/turtlesim/local/lib/python3.10/dist-packages/turtlesim/msg'...
[20.443s] Listing '/media/nerglite/New Volume/coolyeah/URO/TUGAS 1/install/turtlesim/local/lib/python3.10/dist-packages/turtlesim/srv'...
[20.449s] -- Up-to-date: /media/nerglite/New Volume/coolyeah/URO/TUGAS 1/install/turtlesim/local/lib/python3.10/dist-packages/turtlesim/turtlesim_s__rosidl_typesupport_fastrtps_c.cpython-310-x86_64-linux-gnu.so
[20.450s] -- Up-to-date: /media/nerglite/New Volume/coolyeah/URO/TUGAS 1/install/turtlesim/local/lib/python3.10/dist-packages/turtlesim/turtlesim_s__rosidl_typesupport_introspection_c.cpython-310-x86_64-linux-gnu.so
[20.450s] -- Up-to-date: /media/nerglite/New Volume/coolyeah/URO/TUGAS 1/install/turtlesim/local/lib/python3.10/dist-packages/turtlesim/turtlesim_s__rosidl_typesupport_c.cpython-310-x86_64-linux-gnu.so
[20.451s] -- Up-to-date: /media/nerglite/New Volume/coolyeah/URO/TUGAS 1/install/turtlesim/lib/libturtlesim__rosidl_generator_py.so
[20.451s] -- Up-to-date: /media/nerglite/New Volume/coolyeah/URO/TUGAS 1/install/turtlesim/share/turtlesim/action/RotateAbsolute.idl
[20.452s] -- Up-to-date: /media/nerglite/New Volume/coolyeah/URO/TUGAS 1/install/turtlesim/share/turtlesim/msg/Color.idl
[20.452s] -- Up-to-date: /media/nerglite/New Volume/coolyeah/URO/TUGAS 1/install/turtlesim/share/turtlesim/msg/Pose.idl
[20.452s] -- Up-to-date: /media/nerglite/New Volume/coolyeah/URO/TUGAS 1/install/turtlesim/share/turtlesim/srv/Kill.idl
[20.452s] -- Up-to-date: /media/nerglite/New Volume/coolyeah/URO/TUGAS 1/install/turtlesim/share/turtlesim/srv/SetPen.idl
[20.452s] -- Up-to-date: /media/nerglite/New Volume/coolyeah/URO/TUGAS 1/install/turtlesim/share/turtlesim/srv/Spawn.idl
[20.452s] -- Up-to-date: /media/nerglite/New Volume/coolyeah/URO/TUGAS 1/install/turtlesim/share/turtlesim/srv/TeleportAbsolute.idl
[20.453s] -- Up-to-date: /media/nerglite/New Volume/coolyeah/URO/TUGAS 1/install/turtlesim/share/turtlesim/srv/TeleportRelative.idl
[20.453s] -- Up-to-date: /media/nerglite/New Volume/coolyeah/URO/TUGAS 1/install/turtlesim/share/turtlesim/action/RotateAbsolute.action
[20.453s] -- Up-to-date: /media/nerglite/New Volume/coolyeah/URO/TUGAS 1/install/turtlesim/share/turtlesim/msg/Color.msg
[20.453s] -- Up-to-date: /media/nerglite/New Volume/coolyeah/URO/TUGAS 1/install/turtlesim/share/turtlesim/msg/Pose.msg
[20.453s] -- Up-to-date: /media/nerglite/New Volume/coolyeah/URO/TUGAS 1/install/turtlesim/share/turtlesim/srv/Kill.srv
[20.453s] -- Up-to-date: /media/nerglite/New Volume/coolyeah/URO/TUGAS 1/install/turtlesim/share/turtlesim/srv/Kill_Request.msg
[20.453s] -- Up-to-date: /media/nerglite/New Volume/coolyeah/URO/TUGAS 1/install/turtlesim/share/turtlesim/srv/Kill_Response.msg
[20.454s] -- Up-to-date: /media/nerglite/New Volume/coolyeah/URO/TUGAS 1/install/turtlesim/share/turtlesim/srv/SetPen.srv
[20.454s] -- Up-to-date: /media/nerglite/New Volume/coolyeah/URO/TUGAS 1/install/turtlesim/share/turtlesim/srv/SetPen_Request.msg
[20.454s] -- Up-to-date: /media/nerglite/New Volume/coolyeah/URO/TUGAS 1/install/turtlesim/share/turtlesim/srv/SetPen_Response.msg
[20.454s] -- Up-to-date: /media/nerglite/New Volume/coolyeah/URO/TUGAS 1/install/turtlesim/share/turtlesim/srv/Spawn.srv
[20.454s] -- Up-to-date: /media/nerglite/New Volume/coolyeah/URO/TUGAS 1/install/turtlesim/share/turtlesim/srv/Spawn_Request.msg
[20.455s] -- Up-to-date: /media/nerglite/New Volume/coolyeah/URO/TUGAS 1/install/turtlesim/share/turtlesim/srv/Spawn_Response.msg
[20.455s] -- Up-to-date: /media/nerglite/New Volume/coolyeah/URO/TUGAS 1/install/turtlesim/share/turtlesim/srv/TeleportAbsolute.srv
[20.455s] -- Up-to-date: /media/nerglite/New Volume/coolyeah/URO/TUGAS 1/install/turtlesim/share/turtlesim/srv/TeleportAbsolute_Request.msg
[20.455s] -- Up-to-date: /media/nerglite/New Volume/coolyeah/URO/TUGAS 1/install/turtlesim/share/turtlesim/srv/TeleportAbsolute_Response.msg
[20.455s] -- Up-to-date: /media/nerglite/New Volume/coolyeah/URO/TUGAS 1/install/turtlesim/share/turtlesim/srv/TeleportRelative.srv
[20.455s] -- Up-to-date: /media/nerglite/New Volume/coolyeah/URO/TUGAS 1/install/turtlesim/share/turtlesim/srv/TeleportRelative_Request.msg
[20.456s] -- Up-to-date: /media/nerglite/New Volume/coolyeah/URO/TUGAS 1/install/turtlesim/share/turtlesim/srv/TeleportRelative_Response.msg
[20.456s] -- Installing: /media/nerglite/New Volume/coolyeah/URO/TUGAS 1/install/turtlesim/lib/turtlesim/turtlesim_node
[20.469s] -- Set runtime path of "/media/nerglite/New Volume/coolyeah/URO/TUGAS 1/install/turtlesim/lib/turtlesim/turtlesim_node" to ""
[20.469s] -- Up-to-date: /media/nerglite/New Volume/coolyeah/URO/TUGAS 1/install/turtlesim/lib/turtlesim/turtle_teleop_key
[20.469s] -- Up-to-date: /media/nerglite/New Volume/coolyeah/URO/TUGAS 1/install/turtlesim/lib/turtlesim/draw_square
[20.470s] -- Up-to-date: /media/nerglite/New Volume/coolyeah/URO/TUGAS 1/install/turtlesim/lib/turtlesim/mimic
[20.470s] -- Up-to-date: /media/nerglite/New Volume/coolyeah/URO/TUGAS 1/install/turtlesim/share/turtlesim/images
[20.471s] -- Up-to-date: /media/nerglite/New Volume/coolyeah/URO/TUGAS 1/install/turtlesim/share/turtlesim/images/ardent.png
[20.471s] -- Up-to-date: /media/nerglite/New Volume/coolyeah/URO/TUGAS 1/install/turtlesim/share/turtlesim/images/bouncy.png
[20.471s] -- Up-to-date: /media/nerglite/New Volume/coolyeah/URO/TUGAS 1/install/turtlesim/share/turtlesim/images/crystal.png
[20.471s] -- Up-to-date: /media/nerglite/New Volume/coolyeah/URO/TUGAS 1/install/turtlesim/share/turtlesim/images/dashing.png
[20.471s] -- Up-to-date: /media/nerglite/New Volume/coolyeah/URO/TUGAS 1/install/turtlesim/share/turtlesim/images/eloquent.png
[20.472s] -- Up-to-date: /media/nerglite/New Volume/coolyeah/URO/TUGAS 1/install/turtlesim/share/turtlesim/images/foxy.png
[20.472s] -- Up-to-date: /media/nerglite/New Volume/coolyeah/URO/TUGAS 1/install/turtlesim/share/turtlesim/images/galactic.png
[20.472s] -- Up-to-date: /media/nerglite/New Volume/coolyeah/URO/TUGAS 1/install/turtlesim/share/turtlesim/images/humble.png
[20.472s] -- Up-to-date: /media/nerglite/New Volume/coolyeah/URO/TUGAS 1/install/turtlesim/share/turtlesim/images/rolling.png
[20.472s] -- Up-to-date: /media/nerglite/New Volume/coolyeah/URO/TUGAS 1/install/turtlesim/share/turtlesim/launch
[20.472s] -- Up-to-date: /media/nerglite/New Volume/coolyeah/URO/TUGAS 1/install/turtlesim/share/turtlesim/launch/multisim.launch.py
[20.472s] -- Up-to-date: /media/nerglite/New Volume/coolyeah/URO/TUGAS 1/install/turtlesim/share/ament_index/resource_index/package_run_dependencies/turtlesim
[20.473s] -- Up-to-date: /media/nerglite/New Volume/coolyeah/URO/TUGAS 1/install/turtlesim/share/ament_index/resource_index/parent_prefix_path/turtlesim
[20.473s] -- Up-to-date: /media/nerglite/New Volume/coolyeah/URO/TUGAS 1/install/turtlesim/share/turtlesim/environment/ament_prefix_path.sh
[20.473s] -- Up-to-date: /media/nerglite/New Volume/coolyeah/URO/TUGAS 1/install/turtlesim/share/turtlesim/environment/ament_prefix_path.dsv
[20.473s] -- Up-to-date: /media/nerglite/New Volume/coolyeah/URO/TUGAS 1/install/turtlesim/share/turtlesim/environment/path.sh
[20.473s] -- Up-to-date: /media/nerglite/New Volume/coolyeah/URO/TUGAS 1/install/turtlesim/share/turtlesim/environment/path.dsv
[20.473s] -- Up-to-date: /media/nerglite/New Volume/coolyeah/URO/TUGAS 1/install/turtlesim/share/turtlesim/local_setup.bash
[20.474s] -- Up-to-date: /media/nerglite/New Volume/coolyeah/URO/TUGAS 1/install/turtlesim/share/turtlesim/local_setup.sh
[20.474s] -- Up-to-date: /media/nerglite/New Volume/coolyeah/URO/TUGAS 1/install/turtlesim/share/turtlesim/local_setup.zsh
[20.474s] -- Up-to-date: /media/nerglite/New Volume/coolyeah/URO/TUGAS 1/install/turtlesim/share/turtlesim/local_setup.dsv
[20.474s] -- Installing: /media/nerglite/New Volume/coolyeah/URO/TUGAS 1/install/turtlesim/share/turtlesim/package.dsv
[20.474s] -- Up-to-date: /media/nerglite/New Volume/coolyeah/URO/TUGAS 1/install/turtlesim/share/ament_index/resource_index/packages/turtlesim
[20.474s] -- Up-to-date: /media/nerglite/New Volume/coolyeah/URO/TUGAS 1/install/turtlesim/share/turtlesim/cmake/export_turtlesim__rosidl_generator_cExport.cmake
[20.474s] -- Up-to-date: /media/nerglite/New Volume/coolyeah/URO/TUGAS 1/install/turtlesim/share/turtlesim/cmake/export_turtlesim__rosidl_generator_cExport-noconfig.cmake
[20.475s] -- Up-to-date: /media/nerglite/New Volume/coolyeah/URO/TUGAS 1/install/turtlesim/share/turtlesim/cmake/export_turtlesim__rosidl_typesupport_fastrtps_cExport.cmake
[20.475s] -- Up-to-date: /media/nerglite/New Volume/coolyeah/URO/TUGAS 1/install/turtlesim/share/turtlesim/cmake/export_turtlesim__rosidl_typesupport_fastrtps_cExport-noconfig.cmake
[20.475s] -- Up-to-date: /media/nerglite/New Volume/coolyeah/URO/TUGAS 1/install/turtlesim/share/turtlesim/cmake/export_turtlesim__rosidl_generator_cppExport.cmake
[20.475s] -- Up-to-date: /media/nerglite/New Volume/coolyeah/URO/TUGAS 1/install/turtlesim/share/turtlesim/cmake/export_turtlesim__rosidl_typesupport_fastrtps_cppExport.cmake
[20.475s] -- Up-to-date: /media/nerglite/New Volume/coolyeah/URO/TUGAS 1/install/turtlesim/share/turtlesim/cmake/export_turtlesim__rosidl_typesupport_fastrtps_cppExport-noconfig.cmake
[20.475s] -- Up-to-date: /media/nerglite/New Volume/coolyeah/URO/TUGAS 1/install/turtlesim/share/turtlesim/cmake/turtlesim__rosidl_typesupport_introspection_cExport.cmake
[20.475s] -- Up-to-date: /media/nerglite/New Volume/coolyeah/URO/TUGAS 1/install/turtlesim/share/turtlesim/cmake/turtlesim__rosidl_typesupport_introspection_cExport-noconfig.cmake
[20.475s] -- Up-to-date: /media/nerglite/New Volume/coolyeah/URO/TUGAS 1/install/turtlesim/share/turtlesim/cmake/turtlesim__rosidl_typesupport_cExport.cmake
[20.476s] -- Up-to-date: /media/nerglite/New Volume/coolyeah/URO/TUGAS 1/install/turtlesim/share/turtlesim/cmake/turtlesim__rosidl_typesupport_cExport-noconfig.cmake
[20.476s] -- Up-to-date: /media/nerglite/New Volume/coolyeah/URO/TUGAS 1/install/turtlesim/share/turtlesim/cmake/turtlesim__rosidl_typesupport_introspection_cppExport.cmake
[20.476s] -- Up-to-date: /media/nerglite/New Volume/coolyeah/URO/TUGAS 1/install/turtlesim/share/turtlesim/cmake/turtlesim__rosidl_typesupport_introspection_cppExport-noconfig.cmake
[20.476s] -- Up-to-date: /media/nerglite/New Volume/coolyeah/URO/TUGAS 1/install/turtlesim/share/turtlesim/cmake/turtlesim__rosidl_typesupport_cppExport.cmake
[20.476s] -- Up-to-date: /media/nerglite/New Volume/coolyeah/URO/TUGAS 1/install/turtlesim/share/turtlesim/cmake/turtlesim__rosidl_typesupport_cppExport-noconfig.cmake
[20.476s] -- Up-to-date: /media/nerglite/New Volume/coolyeah/URO/TUGAS 1/install/turtlesim/share/turtlesim/cmake/export_turtlesim__rosidl_generator_pyExport.cmake
[20.476s] -- Up-to-date: /media/nerglite/New Volume/coolyeah/URO/TUGAS 1/install/turtlesim/share/turtlesim/cmake/export_turtlesim__rosidl_generator_pyExport-noconfig.cmake
[20.477s] -- Up-to-date: /media/nerglite/New Volume/coolyeah/URO/TUGAS 1/install/turtlesim/share/turtlesim/cmake/rosidl_cmake-extras.cmake
[20.477s] -- Up-to-date: /media/nerglite/New Volume/coolyeah/URO/TUGAS 1/install/turtlesim/share/turtlesim/cmake/ament_cmake_export_dependencies-extras.cmake
[20.477s] -- Up-to-date: /media/nerglite/New Volume/coolyeah/URO/TUGAS 1/install/turtlesim/share/turtlesim/cmake/ament_cmake_export_include_directories-extras.cmake
[20.477s] -- Up-to-date: /media/nerglite/New Volume/coolyeah/URO/TUGAS 1/install/turtlesim/share/turtlesim/cmake/ament_cmake_export_libraries-extras.cmake
[20.477s] -- Up-to-date: /media/nerglite/New Volume/coolyeah/URO/TUGAS 1/install/turtlesim/share/turtlesim/cmake/ament_cmake_export_targets-extras.cmake
[20.477s] -- Up-to-date: /media/nerglite/New Volume/coolyeah/URO/TUGAS 1/install/turtlesim/share/turtlesim/cmake/rosidl_cmake_export_typesupport_targets-extras.cmake
[20.477s] -- Up-to-date: /media/nerglite/New Volume/coolyeah/URO/TUGAS 1/install/turtlesim/share/turtlesim/cmake/rosidl_cmake_export_typesupport_libraries-extras.cmake
[20.477s] -- Up-to-date: /media/nerglite/New Volume/coolyeah/URO/TUGAS 1/install/turtlesim/share/turtlesim/cmake/turtlesimConfig.cmake
[20.478s] -- Up-to-date: /media/nerglite/New Volume/coolyeah/URO/TUGAS 1/install/turtlesim/share/turtlesim/cmake/turtlesimConfig-version.cmake
[20.478s] -- Up-to-date: /media/nerglite/New Volume/coolyeah/URO/TUGAS 1/install/turtlesim/share/turtlesim/package.xml
[20.481s] Invoked command in '/media/nerglite/New Volume/coolyeah/URO/TUGAS 1/build/turtlesim' returned '0': CMAKE_PREFIX_PATH=/opt/ros/humble /usr/bin/cmake --install /media/nerglite/New Volume/coolyeah/URO/TUGAS 1/build/turtlesim
