[0.023s] Invoking command in '/media/nerglite/New Volume/coolyeah/URO/Tucil-ROS2-VLG/build/turtlesim': CMAKE_PREFIX_PATH=/opt/ros/humble /usr/bin/cmake --build /media/nerglite/New Volume/coolyeah/URO/Tucil-ROS2-VLG/build/turtlesim -- -j4 -l4
[0.100s] [35m[1mConsolidate compiler generated dependencies of target turtlesim__rosidl_generator_c[0m
[0.113s] [  1%] Built target turtlesim__cpp
[0.132s] [ 11%] Built target turtlesim__rosidl_generator_c
[0.141s] [35m[1mConsolidate compiler generated dependencies of target turtlesim__rosidl_typesupport_cpp[0m
[0.143s] [35m[1mConsolidate compiler generated dependencies of target turtlesim__rosidl_typesupport_fastrtps_cpp[0m
[0.146s] [ 11%] Built target ament_cmake_python_copy_turtlesim
[0.161s] [35m[1mConsolidate compiler generated dependencies of target turtlesim__rosidl_typesupport_introspection_cpp[0m
[0.176s] [35m[1mConsolidate compiler generated dependencies of target turtlesim__rosidl_typesupport_fastrtps_c[0m
[0.182s] [ 21%] Built target turtlesim__rosidl_typesupport_cpp
[0.192s] [ 31%] Built target turtlesim__rosidl_typesupport_fastrtps_cpp
[0.206s] [ 41%] Built target turtlesim__rosidl_typesupport_introspection_cpp
[0.208s] [35m[1mConsolidate compiler generated dependencies of target turtlesim__rosidl_typesupport_introspection_c[0m
[0.216s] [35m[1mConsolidate compiler generated dependencies of target turtlesim__rosidl_typesupport_c[0m
[0.224s] [ 51%] Built target turtlesim__rosidl_typesupport_fastrtps_c
[0.240s] [ 61%] Built target turtlesim__rosidl_typesupport_introspection_c
[0.245s] [ 71%] Built target turtlesim__rosidl_typesupport_c
[0.257s] [35m[1mConsolidate compiler generated dependencies of target turtlesim_node[0m
[0.264s] [35m[1mConsolidate compiler generated dependencies of target turtle_move[0m
[0.268s] [35m[1mConsolidate compiler generated dependencies of target turtle_teleop_key[0m
[0.303s] [ 72%] [32mBuilding CXX object CMakeFiles/turtle_move.dir/src/turtle_move.cpp.o[0m
[0.312s] [ 74%] Built target turtle_teleop_key
[0.326s] [ 80%] Built target turtlesim_node
[0.336s] [35m[1mConsolidate compiler generated dependencies of target draw_square[0m
[0.372s] [ 81%] [32mBuilding CXX object CMakeFiles/mimic.dir/tutorials/mimic.cpp.o[0m
[0.377s] [ 82%] Built target draw_square
[0.424s] [ 82%] Built target turtlesim
[0.473s] [ 83%] [34m[1mGenerating Python code for ROS interfaces[0m
[1.006s] running egg_info
[1.008s] writing turtlesim.egg-info/PKG-INFO
[1.009s] writing dependency_links to turtlesim.egg-info/dependency_links.txt
[1.009s] writing top-level names to turtlesim.egg-info/top_level.txt
[1.015s] reading manifest file 'turtlesim.egg-info/SOURCES.txt'
[1.016s] writing manifest file 'turtlesim.egg-info/SOURCES.txt'
[1.076s] [ 83%] Built target ament_cmake_python_build_turtlesim_egg
[4.162s] [ 83%] Built target turtlesim__py
[4.199s] [ 85%] [32mBuilding C object CMakeFiles/turtlesim__rosidl_generator_py.dir/rosidl_generator_py/turtlesim/msg/_color_s.c.o[0m
[4.199s] [ 85%] [32mBuilding C object CMakeFiles/turtlesim__rosidl_generator_py.dir/rosidl_generator_py/turtlesim/action/_rotate_absolute_s.c.o[0m
[4.485s] [ 86%] [32mBuilding C object CMakeFiles/turtlesim__rosidl_generator_py.dir/rosidl_generator_py/turtlesim/msg/_pose_s.c.o[0m
[4.593s] [ 87%] [32mBuilding C object CMakeFiles/turtlesim__rosidl_generator_py.dir/rosidl_generator_py/turtlesim/srv/_kill_s.c.o[0m
[4.778s] [ 88%] [32mBuilding C object CMakeFiles/turtlesim__rosidl_generator_py.dir/rosidl_generator_py/turtlesim/srv/_set_pen_s.c.o[0m
[4.886s] [ 89%] [32mBuilding C object CMakeFiles/turtlesim__rosidl_generator_py.dir/rosidl_generator_py/turtlesim/srv/_spawn_s.c.o[0m
[5.083s] [ 90%] [32mBuilding C object CMakeFiles/turtlesim__rosidl_generator_py.dir/rosidl_generator_py/turtlesim/srv/_teleport_absolute_s.c.o[0m
[5.193s] [ 91%] [32mBuilding C object CMakeFiles/turtlesim__rosidl_generator_py.dir/rosidl_generator_py/turtlesim/srv/_teleport_relative_s.c.o[0m
[5.438s] [ 92%] [32m[1mLinking C shared library rosidl_generator_py/turtlesim/libturtlesim__rosidl_generator_py.so[0m
[5.539s] [ 92%] Built target turtlesim__rosidl_generator_py
[5.582s] [ 94%] [32mBuilding C object CMakeFiles/turtlesim__rosidl_typesupport_introspection_c__pyext.dir/rosidl_generator_py/turtlesim/_turtlesim_s.ep.rosidl_typesupport_introspection_c.c.o[0m
[5.582s] [ 94%] [32mBuilding C object CMakeFiles/turtlesim__rosidl_typesupport_fastrtps_c__pyext.dir/rosidl_generator_py/turtlesim/_turtlesim_s.ep.rosidl_typesupport_fastrtps_c.c.o[0m
[6.004s] [ 95%] [32m[1mLinking C shared library rosidl_generator_py/turtlesim/turtlesim_s__rosidl_typesupport_introspection_c.cpython-310-x86_64-linux-gnu.so[0m
[6.019s] [ 96%] [32m[1mLinking C shared library rosidl_generator_py/turtlesim/turtlesim_s__rosidl_typesupport_fastrtps_c.cpython-310-x86_64-linux-gnu.so[0m
[6.104s] [ 96%] Built target turtlesim__rosidl_typesupport_introspection_c__pyext
[6.117s] [ 96%] Built target turtlesim__rosidl_typesupport_fastrtps_c__pyext
[6.147s] [ 97%] [32mBuilding C object CMakeFiles/turtlesim__rosidl_typesupport_c__pyext.dir/rosidl_generator_py/turtlesim/_turtlesim_s.ep.rosidl_typesupport_c.c.o[0m
[6.578s] [ 98%] [32m[1mLinking C shared library rosidl_generator_py/turtlesim/turtlesim_s__rosidl_typesupport_c.cpython-310-x86_64-linux-gnu.so[0m
[6.675s] [ 98%] Built target turtlesim__rosidl_typesupport_c__pyext
[9.193s] [ 99%] [32m[1mLinking CXX executable turtle_move[0m
[9.509s] [ 99%] Built target turtle_move
[15.062s] [100%] [32m[1mLinking CXX executable mimic[0m
[15.705s] [100%] Built target mimic
[15.724s] Invoked command in '/media/nerglite/New Volume/coolyeah/URO/Tucil-ROS2-VLG/build/turtlesim' returned '0': CMAKE_PREFIX_PATH=/opt/ros/humble /usr/bin/cmake --build /media/nerglite/New Volume/coolyeah/URO/Tucil-ROS2-VLG/build/turtlesim -- -j4 -l4
[16.054s] Invoking command in '/media/nerglite/New Volume/coolyeah/URO/Tucil-ROS2-VLG/build/turtlesim': CMAKE_PREFIX_PATH=/opt/ros/humble /usr/bin/cmake --install /media/nerglite/New Volume/coolyeah/URO/Tucil-ROS2-VLG/build/turtlesim
[16.068s] -- Install configuration: ""
[16.068s] -- Installing: /media/nerglite/New Volume/coolyeah/URO/Tucil-ROS2-VLG/install/turtlesim/share/ament_index/resource_index/rosidl_interfaces/turtlesim
[16.069s] -- Installing: /media/nerglite/New Volume/coolyeah/URO/Tucil-ROS2-VLG/install/turtlesim/include/turtlesim/turtlesim
[16.069s] -- Installing: /media/nerglite/New Volume/coolyeah/URO/Tucil-ROS2-VLG/install/turtlesim/include/turtlesim/turtlesim/action
[16.070s] -- Installing: /media/nerglite/New Volume/coolyeah/URO/Tucil-ROS2-VLG/install/turtlesim/include/turtlesim/turtlesim/action/detail
[16.070s] -- Installing: /media/nerglite/New Volume/coolyeah/URO/Tucil-ROS2-VLG/install/turtlesim/include/turtlesim/turtlesim/action/detail/rotate_absolute__functions.c
[16.070s] -- Installing: /media/nerglite/New Volume/coolyeah/URO/Tucil-ROS2-VLG/install/turtlesim/include/turtlesim/turtlesim/action/detail/rotate_absolute__functions.h
[16.070s] -- Installing: /media/nerglite/New Volume/coolyeah/URO/Tucil-ROS2-VLG/install/turtlesim/include/turtlesim/turtlesim/action/detail/rotate_absolute__struct.h
[16.071s] -- Installing: /media/nerglite/New Volume/coolyeah/URO/Tucil-ROS2-VLG/install/turtlesim/include/turtlesim/turtlesim/action/detail/rotate_absolute__type_support.h
[16.071s] -- Installing: /media/nerglite/New Volume/coolyeah/URO/Tucil-ROS2-VLG/install/turtlesim/include/turtlesim/turtlesim/action/rotate_absolute.h
[16.071s] -- Installing: /media/nerglite/New Volume/coolyeah/URO/Tucil-ROS2-VLG/install/turtlesim/include/turtlesim/turtlesim/msg
[16.072s] -- Installing: /media/nerglite/New Volume/coolyeah/URO/Tucil-ROS2-VLG/install/turtlesim/include/turtlesim/turtlesim/msg/color.h
[16.072s] -- Installing: /media/nerglite/New Volume/coolyeah/URO/Tucil-ROS2-VLG/install/turtlesim/include/turtlesim/turtlesim/msg/detail
[16.072s] -- Installing: /media/nerglite/New Volume/coolyeah/URO/Tucil-ROS2-VLG/install/turtlesim/include/turtlesim/turtlesim/msg/detail/color__functions.c
[16.072s] -- Installing: /media/nerglite/New Volume/coolyeah/URO/Tucil-ROS2-VLG/install/turtlesim/include/turtlesim/turtlesim/msg/detail/color__functions.h
[16.072s] -- Installing: /media/nerglite/New Volume/coolyeah/URO/Tucil-ROS2-VLG/install/turtlesim/include/turtlesim/turtlesim/msg/detail/color__struct.h
[16.073s] -- Installing: /media/nerglite/New Volume/coolyeah/URO/Tucil-ROS2-VLG/install/turtlesim/include/turtlesim/turtlesim/msg/detail/color__type_support.h
[16.073s] -- Installing: /media/nerglite/New Volume/coolyeah/URO/Tucil-ROS2-VLG/install/turtlesim/include/turtlesim/turtlesim/msg/detail/pose__functions.c
[16.073s] -- Installing: /media/nerglite/New Volume/coolyeah/URO/Tucil-ROS2-VLG/install/turtlesim/include/turtlesim/turtlesim/msg/detail/pose__functions.h
[16.073s] -- Installing: /media/nerglite/New Volume/coolyeah/URO/Tucil-ROS2-VLG/install/turtlesim/include/turtlesim/turtlesim/msg/detail/pose__struct.h
[16.074s] -- Installing: /media/nerglite/New Volume/coolyeah/URO/Tucil-ROS2-VLG/install/turtlesim/include/turtlesim/turtlesim/msg/detail/pose__type_support.h
[16.074s] -- Installing: /media/nerglite/New Volume/coolyeah/URO/Tucil-ROS2-VLG/install/turtlesim/include/turtlesim/turtlesim/msg/pose.h
[16.074s] -- Installing: /media/nerglite/New Volume/coolyeah/URO/Tucil-ROS2-VLG/install/turtlesim/include/turtlesim/turtlesim/msg/rosidl_generator_c__visibility_control.h
[16.074s] -- Installing: /media/nerglite/New Volume/coolyeah/URO/Tucil-ROS2-VLG/install/turtlesim/include/turtlesim/turtlesim/srv
[16.075s] -- Installing: /media/nerglite/New Volume/coolyeah/URO/Tucil-ROS2-VLG/install/turtlesim/include/turtlesim/turtlesim/srv/detail
[16.075s] -- Installing: /media/nerglite/New Volume/coolyeah/URO/Tucil-ROS2-VLG/install/turtlesim/include/turtlesim/turtlesim/srv/detail/kill__functions.c
[16.075s] -- Installing: /media/nerglite/New Volume/coolyeah/URO/Tucil-ROS2-VLG/install/turtlesim/include/turtlesim/turtlesim/srv/detail/kill__functions.h
[16.075s] -- Installing: /media/nerglite/New Volume/coolyeah/URO/Tucil-ROS2-VLG/install/turtlesim/include/turtlesim/turtlesim/srv/detail/kill__struct.h
[16.075s] -- Installing: /media/nerglite/New Volume/coolyeah/URO/Tucil-ROS2-VLG/install/turtlesim/include/turtlesim/turtlesim/srv/detail/kill__type_support.h
[16.076s] -- Installing: /media/nerglite/New Volume/coolyeah/URO/Tucil-ROS2-VLG/install/turtlesim/include/turtlesim/turtlesim/srv/detail/set_pen__functions.c
[16.076s] -- Installing: /media/nerglite/New Volume/coolyeah/URO/Tucil-ROS2-VLG/install/turtlesim/include/turtlesim/turtlesim/srv/detail/set_pen__functions.h
[16.076s] -- Installing: /media/nerglite/New Volume/coolyeah/URO/Tucil-ROS2-VLG/install/turtlesim/include/turtlesim/turtlesim/srv/detail/set_pen__struct.h
[16.076s] -- Installing: /media/nerglite/New Volume/coolyeah/URO/Tucil-ROS2-VLG/install/turtlesim/include/turtlesim/turtlesim/srv/detail/set_pen__type_support.h
[16.076s] -- Installing: /media/nerglite/New Volume/coolyeah/URO/Tucil-ROS2-VLG/install/turtlesim/include/turtlesim/turtlesim/srv/detail/spawn__functions.c
[16.077s] -- Installing: /media/nerglite/New Volume/coolyeah/URO/Tucil-ROS2-VLG/install/turtlesim/include/turtlesim/turtlesim/srv/detail/spawn__functions.h
[16.077s] -- Installing: /media/nerglite/New Volume/coolyeah/URO/Tucil-ROS2-VLG/install/turtlesim/include/turtlesim/turtlesim/srv/detail/spawn__struct.h
[16.077s] -- Installing: /media/nerglite/New Volume/coolyeah/URO/Tucil-ROS2-VLG/install/turtlesim/include/turtlesim/turtlesim/srv/detail/spawn__type_support.h
[16.077s] -- Installing: /media/nerglite/New Volume/coolyeah/URO/Tucil-ROS2-VLG/install/turtlesim/include/turtlesim/turtlesim/srv/detail/teleport_absolute__functions.c
[16.078s] -- Installing: /media/nerglite/New Volume/coolyeah/URO/Tucil-ROS2-VLG/install/turtlesim/include/turtlesim/turtlesim/srv/detail/teleport_absolute__functions.h
[16.078s] -- Installing: /media/nerglite/New Volume/coolyeah/URO/Tucil-ROS2-VLG/install/turtlesim/include/turtlesim/turtlesim/srv/detail/teleport_absolute__struct.h
[16.078s] -- Installing: /media/nerglite/New Volume/coolyeah/URO/Tucil-ROS2-VLG/install/turtlesim/include/turtlesim/turtlesim/srv/detail/teleport_absolute__type_support.h
[16.078s] -- Installing: /media/nerglite/New Volume/coolyeah/URO/Tucil-ROS2-VLG/install/turtlesim/include/turtlesim/turtlesim/srv/detail/teleport_relative__functions.c
[16.078s] -- Installing: /media/nerglite/New Volume/coolyeah/URO/Tucil-ROS2-VLG/install/turtlesim/include/turtlesim/turtlesim/srv/detail/teleport_relative__functions.h
[16.079s] -- Installing: /media/nerglite/New Volume/coolyeah/URO/Tucil-ROS2-VLG/install/turtlesim/include/turtlesim/turtlesim/srv/detail/teleport_relative__struct.h
[16.079s] -- Installing: /media/nerglite/New Volume/coolyeah/URO/Tucil-ROS2-VLG/install/turtlesim/include/turtlesim/turtlesim/srv/detail/teleport_relative__type_support.h
[16.079s] -- Installing: /media/nerglite/New Volume/coolyeah/URO/Tucil-ROS2-VLG/install/turtlesim/include/turtlesim/turtlesim/srv/kill.h
[16.079s] -- Installing: /media/nerglite/New Volume/coolyeah/URO/Tucil-ROS2-VLG/install/turtlesim/include/turtlesim/turtlesim/srv/set_pen.h
[16.080s] -- Installing: /media/nerglite/New Volume/coolyeah/URO/Tucil-ROS2-VLG/install/turtlesim/include/turtlesim/turtlesim/srv/spawn.h
[16.080s] -- Installing: /media/nerglite/New Volume/coolyeah/URO/Tucil-ROS2-VLG/install/turtlesim/include/turtlesim/turtlesim/srv/teleport_absolute.h
[16.080s] -- Installing: /media/nerglite/New Volume/coolyeah/URO/Tucil-ROS2-VLG/install/turtlesim/include/turtlesim/turtlesim/srv/teleport_relative.h
[16.080s] -- Installing: /media/nerglite/New Volume/coolyeah/URO/Tucil-ROS2-VLG/install/turtlesim/share/turtlesim/environment/library_path.sh
[16.081s] -- Installing: /media/nerglite/New Volume/coolyeah/URO/Tucil-ROS2-VLG/install/turtlesim/share/turtlesim/environment/library_path.dsv
[16.081s] -- Installing: /media/nerglite/New Volume/coolyeah/URO/Tucil-ROS2-VLG/install/turtlesim/lib/libturtlesim__rosidl_generator_c.so
[16.082s] -- Set runtime path of "/media/nerglite/New Volume/coolyeah/URO/Tucil-ROS2-VLG/install/turtlesim/lib/libturtlesim__rosidl_generator_c.so" to ""
[16.083s] -- Up-to-date: /media/nerglite/New Volume/coolyeah/URO/Tucil-ROS2-VLG/install/turtlesim/include/turtlesim/turtlesim
[16.083s] -- Up-to-date: /media/nerglite/New Volume/coolyeah/URO/Tucil-ROS2-VLG/install/turtlesim/include/turtlesim/turtlesim/action
[16.083s] -- Up-to-date: /media/nerglite/New Volume/coolyeah/URO/Tucil-ROS2-VLG/install/turtlesim/include/turtlesim/turtlesim/action/detail
[16.083s] -- Installing: /media/nerglite/New Volume/coolyeah/URO/Tucil-ROS2-VLG/install/turtlesim/include/turtlesim/turtlesim/action/detail/rotate_absolute__rosidl_typesupport_fastrtps_c.h
[16.084s] -- Up-to-date: /media/nerglite/New Volume/coolyeah/URO/Tucil-ROS2-VLG/install/turtlesim/include/turtlesim/turtlesim/msg
[16.084s] -- Up-to-date: /media/nerglite/New Volume/coolyeah/URO/Tucil-ROS2-VLG/install/turtlesim/include/turtlesim/turtlesim/msg/detail
[16.084s] -- Installing: /media/nerglite/New Volume/coolyeah/URO/Tucil-ROS2-VLG/install/turtlesim/include/turtlesim/turtlesim/msg/detail/color__rosidl_typesupport_fastrtps_c.h
[16.084s] -- Installing: /media/nerglite/New Volume/coolyeah/URO/Tucil-ROS2-VLG/install/turtlesim/include/turtlesim/turtlesim/msg/detail/pose__rosidl_typesupport_fastrtps_c.h
[16.085s] -- Installing: /media/nerglite/New Volume/coolyeah/URO/Tucil-ROS2-VLG/install/turtlesim/include/turtlesim/turtlesim/msg/rosidl_typesupport_fastrtps_c__visibility_control.h
[16.085s] -- Up-to-date: /media/nerglite/New Volume/coolyeah/URO/Tucil-ROS2-VLG/install/turtlesim/include/turtlesim/turtlesim/srv
[16.085s] -- Up-to-date: /media/nerglite/New Volume/coolyeah/URO/Tucil-ROS2-VLG/install/turtlesim/include/turtlesim/turtlesim/srv/detail
[16.085s] -- Installing: /media/nerglite/New Volume/coolyeah/URO/Tucil-ROS2-VLG/install/turtlesim/include/turtlesim/turtlesim/srv/detail/kill__rosidl_typesupport_fastrtps_c.h
[16.085s] -- Installing: /media/nerglite/New Volume/coolyeah/URO/Tucil-ROS2-VLG/install/turtlesim/include/turtlesim/turtlesim/srv/detail/set_pen__rosidl_typesupport_fastrtps_c.h
[16.086s] -- Installing: /media/nerglite/New Volume/coolyeah/URO/Tucil-ROS2-VLG/install/turtlesim/include/turtlesim/turtlesim/srv/detail/spawn__rosidl_typesupport_fastrtps_c.h
[16.086s] -- Installing: /media/nerglite/New Volume/coolyeah/URO/Tucil-ROS2-VLG/install/turtlesim/include/turtlesim/turtlesim/srv/detail/teleport_absolute__rosidl_typesupport_fastrtps_c.h
[16.086s] -- Installing: /media/nerglite/New Volume/coolyeah/URO/Tucil-ROS2-VLG/install/turtlesim/include/turtlesim/turtlesim/srv/detail/teleport_relative__rosidl_typesupport_fastrtps_c.h
[16.086s] -- Installing: /media/nerglite/New Volume/coolyeah/URO/Tucil-ROS2-VLG/install/turtlesim/lib/libturtlesim__rosidl_typesupport_fastrtps_c.so
[16.086s] -- Set runtime path of "/media/nerglite/New Volume/coolyeah/URO/Tucil-ROS2-VLG/install/turtlesim/lib/libturtlesim__rosidl_typesupport_fastrtps_c.so" to ""
[16.087s] -- Up-to-date: /media/nerglite/New Volume/coolyeah/URO/Tucil-ROS2-VLG/install/turtlesim/include/turtlesim/turtlesim
[16.087s] -- Up-to-date: /media/nerglite/New Volume/coolyeah/URO/Tucil-ROS2-VLG/install/turtlesim/include/turtlesim/turtlesim/action
[16.087s] -- Up-to-date: /media/nerglite/New Volume/coolyeah/URO/Tucil-ROS2-VLG/install/turtlesim/include/turtlesim/turtlesim/action/detail
[16.087s] -- Installing: /media/nerglite/New Volume/coolyeah/URO/Tucil-ROS2-VLG/install/turtlesim/include/turtlesim/turtlesim/action/detail/rotate_absolute__builder.hpp
[16.087s] -- Installing: /media/nerglite/New Volume/coolyeah/URO/Tucil-ROS2-VLG/install/turtlesim/include/turtlesim/turtlesim/action/detail/rotate_absolute__struct.hpp
[16.088s] -- Installing: /media/nerglite/New Volume/coolyeah/URO/Tucil-ROS2-VLG/install/turtlesim/include/turtlesim/turtlesim/action/detail/rotate_absolute__traits.hpp
[16.088s] -- Installing: /media/nerglite/New Volume/coolyeah/URO/Tucil-ROS2-VLG/install/turtlesim/include/turtlesim/turtlesim/action/rotate_absolute.hpp
[16.088s] -- Up-to-date: /media/nerglite/New Volume/coolyeah/URO/Tucil-ROS2-VLG/install/turtlesim/include/turtlesim/turtlesim/msg
[16.088s] -- Installing: /media/nerglite/New Volume/coolyeah/URO/Tucil-ROS2-VLG/install/turtlesim/include/turtlesim/turtlesim/msg/color.hpp
[16.088s] -- Up-to-date: /media/nerglite/New Volume/coolyeah/URO/Tucil-ROS2-VLG/install/turtlesim/include/turtlesim/turtlesim/msg/detail
[16.089s] -- Installing: /media/nerglite/New Volume/coolyeah/URO/Tucil-ROS2-VLG/install/turtlesim/include/turtlesim/turtlesim/msg/detail/color__builder.hpp
[16.089s] -- Installing: /media/nerglite/New Volume/coolyeah/URO/Tucil-ROS2-VLG/install/turtlesim/include/turtlesim/turtlesim/msg/detail/color__struct.hpp
[16.089s] -- Installing: /media/nerglite/New Volume/coolyeah/URO/Tucil-ROS2-VLG/install/turtlesim/include/turtlesim/turtlesim/msg/detail/color__traits.hpp
[16.089s] -- Installing: /media/nerglite/New Volume/coolyeah/URO/Tucil-ROS2-VLG/install/turtlesim/include/turtlesim/turtlesim/msg/detail/pose__builder.hpp
[16.089s] -- Installing: /media/nerglite/New Volume/coolyeah/URO/Tucil-ROS2-VLG/install/turtlesim/include/turtlesim/turtlesim/msg/detail/pose__struct.hpp
[16.090s] -- Installing: /media/nerglite/New Volume/coolyeah/URO/Tucil-ROS2-VLG/install/turtlesim/include/turtlesim/turtlesim/msg/detail/pose__traits.hpp
[16.090s] -- Installing: /media/nerglite/New Volume/coolyeah/URO/Tucil-ROS2-VLG/install/turtlesim/include/turtlesim/turtlesim/msg/pose.hpp
[16.090s] -- Up-to-date: /media/nerglite/New Volume/coolyeah/URO/Tucil-ROS2-VLG/install/turtlesim/include/turtlesim/turtlesim/srv
[16.090s] -- Up-to-date: /media/nerglite/New Volume/coolyeah/URO/Tucil-ROS2-VLG/install/turtlesim/include/turtlesim/turtlesim/srv/detail
[16.090s] -- Installing: /media/nerglite/New Volume/coolyeah/URO/Tucil-ROS2-VLG/install/turtlesim/include/turtlesim/turtlesim/srv/detail/kill__builder.hpp
[16.091s] -- Installing: /media/nerglite/New Volume/coolyeah/URO/Tucil-ROS2-VLG/install/turtlesim/include/turtlesim/turtlesim/srv/detail/kill__struct.hpp
[16.091s] -- Installing: /media/nerglite/New Volume/coolyeah/URO/Tucil-ROS2-VLG/install/turtlesim/include/turtlesim/turtlesim/srv/detail/kill__traits.hpp
[16.091s] -- Installing: /media/nerglite/New Volume/coolyeah/URO/Tucil-ROS2-VLG/install/turtlesim/include/turtlesim/turtlesim/srv/detail/set_pen__builder.hpp
[16.091s] -- Installing: /media/nerglite/New Volume/coolyeah/URO/Tucil-ROS2-VLG/install/turtlesim/include/turtlesim/turtlesim/srv/detail/set_pen__struct.hpp
[16.091s] -- Installing: /media/nerglite/New Volume/coolyeah/URO/Tucil-ROS2-VLG/install/turtlesim/include/turtlesim/turtlesim/srv/detail/set_pen__traits.hpp
[16.092s] -- Installing: /media/nerglite/New Volume/coolyeah/URO/Tucil-ROS2-VLG/install/turtlesim/include/turtlesim/turtlesim/srv/detail/spawn__builder.hpp
[16.092s] -- Installing: /media/nerglite/New Volume/coolyeah/URO/Tucil-ROS2-VLG/install/turtlesim/include/turtlesim/turtlesim/srv/detail/spawn__struct.hpp
[16.092s] -- Installing: /media/nerglite/New Volume/coolyeah/URO/Tucil-ROS2-VLG/install/turtlesim/include/turtlesim/turtlesim/srv/detail/spawn__traits.hpp
[16.092s] -- Installing: /media/nerglite/New Volume/coolyeah/URO/Tucil-ROS2-VLG/install/turtlesim/include/turtlesim/turtlesim/srv/detail/teleport_absolute__builder.hpp
[16.092s] -- Installing: /media/nerglite/New Volume/coolyeah/URO/Tucil-ROS2-VLG/install/turtlesim/include/turtlesim/turtlesim/srv/detail/teleport_absolute__struct.hpp
[16.093s] -- Installing: /media/nerglite/New Volume/coolyeah/URO/Tucil-ROS2-VLG/install/turtlesim/include/turtlesim/turtlesim/srv/detail/teleport_absolute__traits.hpp
[16.093s] -- Installing: /media/nerglite/New Volume/coolyeah/URO/Tucil-ROS2-VLG/install/turtlesim/include/turtlesim/turtlesim/srv/detail/teleport_relative__builder.hpp
[16.093s] -- Installing: /media/nerglite/New Volume/coolyeah/URO/Tucil-ROS2-VLG/install/turtlesim/include/turtlesim/turtlesim/srv/detail/teleport_relative__struct.hpp
[16.093s] -- Installing: /media/nerglite/New Volume/coolyeah/URO/Tucil-ROS2-VLG/install/turtlesim/include/turtlesim/turtlesim/srv/detail/teleport_relative__traits.hpp
[16.094s] -- Installing: /media/nerglite/New Volume/coolyeah/URO/Tucil-ROS2-VLG/install/turtlesim/include/turtlesim/turtlesim/srv/kill.hpp
[16.094s] -- Installing: /media/nerglite/New Volume/coolyeah/URO/Tucil-ROS2-VLG/install/turtlesim/include/turtlesim/turtlesim/srv/set_pen.hpp
[16.094s] -- Installing: /media/nerglite/New Volume/coolyeah/URO/Tucil-ROS2-VLG/install/turtlesim/include/turtlesim/turtlesim/srv/spawn.hpp
[16.094s] -- Installing: /media/nerglite/New Volume/coolyeah/URO/Tucil-ROS2-VLG/install/turtlesim/include/turtlesim/turtlesim/srv/teleport_absolute.hpp
[16.094s] -- Installing: /media/nerglite/New Volume/coolyeah/URO/Tucil-ROS2-VLG/install/turtlesim/include/turtlesim/turtlesim/srv/teleport_relative.hpp
[16.095s] -- Up-to-date: /media/nerglite/New Volume/coolyeah/URO/Tucil-ROS2-VLG/install/turtlesim/include/turtlesim/turtlesim
[16.095s] -- Up-to-date: /media/nerglite/New Volume/coolyeah/URO/Tucil-ROS2-VLG/install/turtlesim/include/turtlesim/turtlesim/action
[16.095s] -- Up-to-date: /media/nerglite/New Volume/coolyeah/URO/Tucil-ROS2-VLG/install/turtlesim/include/turtlesim/turtlesim/action/detail
[16.095s] -- Installing: /media/nerglite/New Volume/coolyeah/URO/Tucil-ROS2-VLG/install/turtlesim/include/turtlesim/turtlesim/action/detail/dds_fastrtps
[16.095s] -- Installing: /media/nerglite/New Volume/coolyeah/URO/Tucil-ROS2-VLG/install/turtlesim/include/turtlesim/turtlesim/action/detail/rotate_absolute__rosidl_typesupport_fastrtps_cpp.hpp
[16.096s] -- Up-to-date: /media/nerglite/New Volume/coolyeah/URO/Tucil-ROS2-VLG/install/turtlesim/include/turtlesim/turtlesim/msg
[16.096s] -- Up-to-date: /media/nerglite/New Volume/coolyeah/URO/Tucil-ROS2-VLG/install/turtlesim/include/turtlesim/turtlesim/msg/detail
[16.096s] -- Installing: /media/nerglite/New Volume/coolyeah/URO/Tucil-ROS2-VLG/install/turtlesim/include/turtlesim/turtlesim/msg/detail/color__rosidl_typesupport_fastrtps_cpp.hpp
[16.096s] -- Installing: /media/nerglite/New Volume/coolyeah/URO/Tucil-ROS2-VLG/install/turtlesim/include/turtlesim/turtlesim/msg/detail/dds_fastrtps
[16.096s] -- Installing: /media/nerglite/New Volume/coolyeah/URO/Tucil-ROS2-VLG/install/turtlesim/include/turtlesim/turtlesim/msg/detail/pose__rosidl_typesupport_fastrtps_cpp.hpp
[16.097s] -- Installing: /media/nerglite/New Volume/coolyeah/URO/Tucil-ROS2-VLG/install/turtlesim/include/turtlesim/turtlesim/msg/rosidl_typesupport_fastrtps_cpp__visibility_control.h
[16.097s] -- Up-to-date: /media/nerglite/New Volume/coolyeah/URO/Tucil-ROS2-VLG/install/turtlesim/include/turtlesim/turtlesim/srv
[16.097s] -- Up-to-date: /media/nerglite/New Volume/coolyeah/URO/Tucil-ROS2-VLG/install/turtlesim/include/turtlesim/turtlesim/srv/detail
[16.097s] -- Installing: /media/nerglite/New Volume/coolyeah/URO/Tucil-ROS2-VLG/install/turtlesim/include/turtlesim/turtlesim/srv/detail/dds_fastrtps
[16.097s] -- Installing: /media/nerglite/New Volume/coolyeah/URO/Tucil-ROS2-VLG/install/turtlesim/include/turtlesim/turtlesim/srv/detail/kill__rosidl_typesupport_fastrtps_cpp.hpp
[16.098s] -- Installing: /media/nerglite/New Volume/coolyeah/URO/Tucil-ROS2-VLG/install/turtlesim/include/turtlesim/turtlesim/srv/detail/set_pen__rosidl_typesupport_fastrtps_cpp.hpp
[16.098s] -- Installing: /media/nerglite/New Volume/coolyeah/URO/Tucil-ROS2-VLG/install/turtlesim/include/turtlesim/turtlesim/srv/detail/spawn__rosidl_typesupport_fastrtps_cpp.hpp
[16.098s] -- Installing: /media/nerglite/New Volume/coolyeah/URO/Tucil-ROS2-VLG/install/turtlesim/include/turtlesim/turtlesim/srv/detail/teleport_absolute__rosidl_typesupport_fastrtps_cpp.hpp
[16.098s] -- Installing: /media/nerglite/New Volume/coolyeah/URO/Tucil-ROS2-VLG/install/turtlesim/include/turtlesim/turtlesim/srv/detail/teleport_relative__rosidl_typesupport_fastrtps_cpp.hpp
[16.098s] -- Installing: /media/nerglite/New Volume/coolyeah/URO/Tucil-ROS2-VLG/install/turtlesim/lib/libturtlesim__rosidl_typesupport_fastrtps_cpp.so
[16.099s] -- Set runtime path of "/media/nerglite/New Volume/coolyeah/URO/Tucil-ROS2-VLG/install/turtlesim/lib/libturtlesim__rosidl_typesupport_fastrtps_cpp.so" to ""
[16.099s] -- Up-to-date: /media/nerglite/New Volume/coolyeah/URO/Tucil-ROS2-VLG/install/turtlesim/include/turtlesim/turtlesim
[16.099s] -- Up-to-date: /media/nerglite/New Volume/coolyeah/URO/Tucil-ROS2-VLG/install/turtlesim/include/turtlesim/turtlesim/action
[16.099s] -- Up-to-date: /media/nerglite/New Volume/coolyeah/URO/Tucil-ROS2-VLG/install/turtlesim/include/turtlesim/turtlesim/action/detail
[16.099s] -- Installing: /media/nerglite/New Volume/coolyeah/URO/Tucil-ROS2-VLG/install/turtlesim/include/turtlesim/turtlesim/action/detail/rotate_absolute__rosidl_typesupport_introspection_c.h
[16.100s] -- Installing: /media/nerglite/New Volume/coolyeah/URO/Tucil-ROS2-VLG/install/turtlesim/include/turtlesim/turtlesim/action/detail/rotate_absolute__type_support.c
[16.100s] -- Up-to-date: /media/nerglite/New Volume/coolyeah/URO/Tucil-ROS2-VLG/install/turtlesim/include/turtlesim/turtlesim/msg
[16.100s] -- Up-to-date: /media/nerglite/New Volume/coolyeah/URO/Tucil-ROS2-VLG/install/turtlesim/include/turtlesim/turtlesim/msg/detail
[16.100s] -- Installing: /media/nerglite/New Volume/coolyeah/URO/Tucil-ROS2-VLG/install/turtlesim/include/turtlesim/turtlesim/msg/detail/color__rosidl_typesupport_introspection_c.h
[16.100s] -- Installing: /media/nerglite/New Volume/coolyeah/URO/Tucil-ROS2-VLG/install/turtlesim/include/turtlesim/turtlesim/msg/detail/color__type_support.c
[16.101s] -- Installing: /media/nerglite/New Volume/coolyeah/URO/Tucil-ROS2-VLG/install/turtlesim/include/turtlesim/turtlesim/msg/detail/pose__rosidl_typesupport_introspection_c.h
[16.101s] -- Installing: /media/nerglite/New Volume/coolyeah/URO/Tucil-ROS2-VLG/install/turtlesim/include/turtlesim/turtlesim/msg/detail/pose__type_support.c
[16.101s] -- Installing: /media/nerglite/New Volume/coolyeah/URO/Tucil-ROS2-VLG/install/turtlesim/include/turtlesim/turtlesim/msg/rosidl_typesupport_introspection_c__visibility_control.h
[16.101s] -- Up-to-date: /media/nerglite/New Volume/coolyeah/URO/Tucil-ROS2-VLG/install/turtlesim/include/turtlesim/turtlesim/srv
[16.101s] -- Up-to-date: /media/nerglite/New Volume/coolyeah/URO/Tucil-ROS2-VLG/install/turtlesim/include/turtlesim/turtlesim/srv/detail
[16.102s] -- Installing: /media/nerglite/New Volume/coolyeah/URO/Tucil-ROS2-VLG/install/turtlesim/include/turtlesim/turtlesim/srv/detail/kill__rosidl_typesupport_introspection_c.h
[16.102s] -- Installing: /media/nerglite/New Volume/coolyeah/URO/Tucil-ROS2-VLG/install/turtlesim/include/turtlesim/turtlesim/srv/detail/kill__type_support.c
[16.102s] -- Installing: /media/nerglite/New Volume/coolyeah/URO/Tucil-ROS2-VLG/install/turtlesim/include/turtlesim/turtlesim/srv/detail/set_pen__rosidl_typesupport_introspection_c.h
[16.102s] -- Installing: /media/nerglite/New Volume/coolyeah/URO/Tucil-ROS2-VLG/install/turtlesim/include/turtlesim/turtlesim/srv/detail/set_pen__type_support.c
[16.102s] -- Installing: /media/nerglite/New Volume/coolyeah/URO/Tucil-ROS2-VLG/install/turtlesim/include/turtlesim/turtlesim/srv/detail/spawn__rosidl_typesupport_introspection_c.h
[16.103s] -- Installing: /media/nerglite/New Volume/coolyeah/URO/Tucil-ROS2-VLG/install/turtlesim/include/turtlesim/turtlesim/srv/detail/spawn__type_support.c
[16.103s] -- Installing: /media/nerglite/New Volume/coolyeah/URO/Tucil-ROS2-VLG/install/turtlesim/include/turtlesim/turtlesim/srv/detail/teleport_absolute__rosidl_typesupport_introspection_c.h
[16.103s] -- Installing: /media/nerglite/New Volume/coolyeah/URO/Tucil-ROS2-VLG/install/turtlesim/include/turtlesim/turtlesim/srv/detail/teleport_absolute__type_support.c
[16.103s] -- Installing: /media/nerglite/New Volume/coolyeah/URO/Tucil-ROS2-VLG/install/turtlesim/include/turtlesim/turtlesim/srv/detail/teleport_relative__rosidl_typesupport_introspection_c.h
[16.103s] -- Installing: /media/nerglite/New Volume/coolyeah/URO/Tucil-ROS2-VLG/install/turtlesim/include/turtlesim/turtlesim/srv/detail/teleport_relative__type_support.c
[16.103s] -- Installing: /media/nerglite/New Volume/coolyeah/URO/Tucil-ROS2-VLG/install/turtlesim/lib/libturtlesim__rosidl_typesupport_introspection_c.so
[16.104s] -- Set runtime path of "/media/nerglite/New Volume/coolyeah/URO/Tucil-ROS2-VLG/install/turtlesim/lib/libturtlesim__rosidl_typesupport_introspection_c.so" to ""
[16.104s] -- Installing: /media/nerglite/New Volume/coolyeah/URO/Tucil-ROS2-VLG/install/turtlesim/lib/libturtlesim__rosidl_typesupport_c.so
[16.104s] -- Set runtime path of "/media/nerglite/New Volume/coolyeah/URO/Tucil-ROS2-VLG/install/turtlesim/lib/libturtlesim__rosidl_typesupport_c.so" to ""
[16.105s] -- Up-to-date: /media/nerglite/New Volume/coolyeah/URO/Tucil-ROS2-VLG/install/turtlesim/include/turtlesim/turtlesim
[16.105s] -- Up-to-date: /media/nerglite/New Volume/coolyeah/URO/Tucil-ROS2-VLG/install/turtlesim/include/turtlesim/turtlesim/action
[16.105s] -- Up-to-date: /media/nerglite/New Volume/coolyeah/URO/Tucil-ROS2-VLG/install/turtlesim/include/turtlesim/turtlesim/action/detail
[16.105s] -- Installing: /media/nerglite/New Volume/coolyeah/URO/Tucil-ROS2-VLG/install/turtlesim/include/turtlesim/turtlesim/action/detail/rotate_absolute__rosidl_typesupport_introspection_cpp.hpp
[16.106s] -- Installing: /media/nerglite/New Volume/coolyeah/URO/Tucil-ROS2-VLG/install/turtlesim/include/turtlesim/turtlesim/action/detail/rotate_absolute__type_support.cpp
[16.106s] -- Up-to-date: /media/nerglite/New Volume/coolyeah/URO/Tucil-ROS2-VLG/install/turtlesim/include/turtlesim/turtlesim/msg
[16.106s] -- Up-to-date: /media/nerglite/New Volume/coolyeah/URO/Tucil-ROS2-VLG/install/turtlesim/include/turtlesim/turtlesim/msg/detail
[16.106s] -- Installing: /media/nerglite/New Volume/coolyeah/URO/Tucil-ROS2-VLG/install/turtlesim/include/turtlesim/turtlesim/msg/detail/color__rosidl_typesupport_introspection_cpp.hpp
[16.106s] -- Installing: /media/nerglite/New Volume/coolyeah/URO/Tucil-ROS2-VLG/install/turtlesim/include/turtlesim/turtlesim/msg/detail/color__type_support.cpp
[16.107s] -- Installing: /media/nerglite/New Volume/coolyeah/URO/Tucil-ROS2-VLG/install/turtlesim/include/turtlesim/turtlesim/msg/detail/pose__rosidl_typesupport_introspection_cpp.hpp
[16.107s] -- Installing: /media/nerglite/New Volume/coolyeah/URO/Tucil-ROS2-VLG/install/turtlesim/include/turtlesim/turtlesim/msg/detail/pose__type_support.cpp
[16.107s] -- Up-to-date: /media/nerglite/New Volume/coolyeah/URO/Tucil-ROS2-VLG/install/turtlesim/include/turtlesim/turtlesim/srv
[16.107s] -- Up-to-date: /media/nerglite/New Volume/coolyeah/URO/Tucil-ROS2-VLG/install/turtlesim/include/turtlesim/turtlesim/srv/detail
[16.107s] -- Installing: /media/nerglite/New Volume/coolyeah/URO/Tucil-ROS2-VLG/install/turtlesim/include/turtlesim/turtlesim/srv/detail/kill__rosidl_typesupport_introspection_cpp.hpp
[16.108s] -- Installing: /media/nerglite/New Volume/coolyeah/URO/Tucil-ROS2-VLG/install/turtlesim/include/turtlesim/turtlesim/srv/detail/kill__type_support.cpp
[16.108s] -- Installing: /media/nerglite/New Volume/coolyeah/URO/Tucil-ROS2-VLG/install/turtlesim/include/turtlesim/turtlesim/srv/detail/set_pen__rosidl_typesupport_introspection_cpp.hpp
[16.108s] -- Installing: /media/nerglite/New Volume/coolyeah/URO/Tucil-ROS2-VLG/install/turtlesim/include/turtlesim/turtlesim/srv/detail/set_pen__type_support.cpp
[16.108s] -- Installing: /media/nerglite/New Volume/coolyeah/URO/Tucil-ROS2-VLG/install/turtlesim/include/turtlesim/turtlesim/srv/detail/spawn__rosidl_typesupport_introspection_cpp.hpp
[16.108s] -- Installing: /media/nerglite/New Volume/coolyeah/URO/Tucil-ROS2-VLG/install/turtlesim/include/turtlesim/turtlesim/srv/detail/spawn__type_support.cpp
[16.108s] -- Installing: /media/nerglite/New Volume/coolyeah/URO/Tucil-ROS2-VLG/install/turtlesim/include/turtlesim/turtlesim/srv/detail/teleport_absolute__rosidl_typesupport_introspection_cpp.hpp
[16.109s] -- Installing: /media/nerglite/New Volume/coolyeah/URO/Tucil-ROS2-VLG/install/turtlesim/include/turtlesim/turtlesim/srv/detail/teleport_absolute__type_support.cpp
[16.109s] -- Installing: /media/nerglite/New Volume/coolyeah/URO/Tucil-ROS2-VLG/install/turtlesim/include/turtlesim/turtlesim/srv/detail/teleport_relative__rosidl_typesupport_introspection_cpp.hpp
[16.109s] -- Installing: /media/nerglite/New Volume/coolyeah/URO/Tucil-ROS2-VLG/install/turtlesim/include/turtlesim/turtlesim/srv/detail/teleport_relative__type_support.cpp
[16.109s] -- Installing: /media/nerglite/New Volume/coolyeah/URO/Tucil-ROS2-VLG/install/turtlesim/lib/libturtlesim__rosidl_typesupport_introspection_cpp.so
[16.110s] -- Set runtime path of "/media/nerglite/New Volume/coolyeah/URO/Tucil-ROS2-VLG/install/turtlesim/lib/libturtlesim__rosidl_typesupport_introspection_cpp.so" to ""
[16.110s] -- Installing: /media/nerglite/New Volume/coolyeah/URO/Tucil-ROS2-VLG/install/turtlesim/lib/libturtlesim__rosidl_typesupport_cpp.so
[16.111s] -- Set runtime path of "/media/nerglite/New Volume/coolyeah/URO/Tucil-ROS2-VLG/install/turtlesim/lib/libturtlesim__rosidl_typesupport_cpp.so" to ""
[16.111s] -- Installing: /media/nerglite/New Volume/coolyeah/URO/Tucil-ROS2-VLG/install/turtlesim/share/turtlesim/environment/pythonpath.sh
[16.111s] -- Installing: /media/nerglite/New Volume/coolyeah/URO/Tucil-ROS2-VLG/install/turtlesim/share/turtlesim/environment/pythonpath.dsv
[16.111s] -- Installing: /media/nerglite/New Volume/coolyeah/URO/Tucil-ROS2-VLG/install/turtlesim/local/lib/python3.10/dist-packages/turtlesim-1.4.2-py3.10.egg-info
[16.112s] -- Installing: /media/nerglite/New Volume/coolyeah/URO/Tucil-ROS2-VLG/install/turtlesim/local/lib/python3.10/dist-packages/turtlesim-1.4.2-py3.10.egg-info/dependency_links.txt
[16.112s] -- Installing: /media/nerglite/New Volume/coolyeah/URO/Tucil-ROS2-VLG/install/turtlesim/local/lib/python3.10/dist-packages/turtlesim-1.4.2-py3.10.egg-info/PKG-INFO
[16.112s] -- Installing: /media/nerglite/New Volume/coolyeah/URO/Tucil-ROS2-VLG/install/turtlesim/local/lib/python3.10/dist-packages/turtlesim-1.4.2-py3.10.egg-info/SOURCES.txt
[16.112s] -- Installing: /media/nerglite/New Volume/coolyeah/URO/Tucil-ROS2-VLG/install/turtlesim/local/lib/python3.10/dist-packages/turtlesim-1.4.2-py3.10.egg-info/top_level.txt
[16.112s] -- Installing: /media/nerglite/New Volume/coolyeah/URO/Tucil-ROS2-VLG/install/turtlesim/local/lib/python3.10/dist-packages/turtlesim
[16.113s] -- Installing: /media/nerglite/New Volume/coolyeah/URO/Tucil-ROS2-VLG/install/turtlesim/local/lib/python3.10/dist-packages/turtlesim/action
[16.113s] -- Installing: /media/nerglite/New Volume/coolyeah/URO/Tucil-ROS2-VLG/install/turtlesim/local/lib/python3.10/dist-packages/turtlesim/action/_rotate_absolute.py
[16.113s] -- Installing: /media/nerglite/New Volume/coolyeah/URO/Tucil-ROS2-VLG/install/turtlesim/local/lib/python3.10/dist-packages/turtlesim/action/_rotate_absolute_s.c
[16.113s] -- Installing: /media/nerglite/New Volume/coolyeah/URO/Tucil-ROS2-VLG/install/turtlesim/local/lib/python3.10/dist-packages/turtlesim/action/__init__.py
[16.113s] -- Installing: /media/nerglite/New Volume/coolyeah/URO/Tucil-ROS2-VLG/install/turtlesim/local/lib/python3.10/dist-packages/turtlesim/libturtlesim__rosidl_generator_py.so
[16.114s] -- Installing: /media/nerglite/New Volume/coolyeah/URO/Tucil-ROS2-VLG/install/turtlesim/local/lib/python3.10/dist-packages/turtlesim/msg
[16.114s] -- Installing: /media/nerglite/New Volume/coolyeah/URO/Tucil-ROS2-VLG/install/turtlesim/local/lib/python3.10/dist-packages/turtlesim/msg/_color.py
[16.114s] -- Installing: /media/nerglite/New Volume/coolyeah/URO/Tucil-ROS2-VLG/install/turtlesim/local/lib/python3.10/dist-packages/turtlesim/msg/_color_s.c
[16.114s] -- Installing: /media/nerglite/New Volume/coolyeah/URO/Tucil-ROS2-VLG/install/turtlesim/local/lib/python3.10/dist-packages/turtlesim/msg/_pose.py
[16.115s] -- Installing: /media/nerglite/New Volume/coolyeah/URO/Tucil-ROS2-VLG/install/turtlesim/local/lib/python3.10/dist-packages/turtlesim/msg/_pose_s.c
[16.115s] -- Installing: /media/nerglite/New Volume/coolyeah/URO/Tucil-ROS2-VLG/install/turtlesim/local/lib/python3.10/dist-packages/turtlesim/msg/__init__.py
[16.115s] -- Installing: /media/nerglite/New Volume/coolyeah/URO/Tucil-ROS2-VLG/install/turtlesim/local/lib/python3.10/dist-packages/turtlesim/srv
[16.115s] -- Installing: /media/nerglite/New Volume/coolyeah/URO/Tucil-ROS2-VLG/install/turtlesim/local/lib/python3.10/dist-packages/turtlesim/srv/_kill.py
[16.116s] -- Installing: /media/nerglite/New Volume/coolyeah/URO/Tucil-ROS2-VLG/install/turtlesim/local/lib/python3.10/dist-packages/turtlesim/srv/_kill_s.c
[16.116s] -- Installing: /media/nerglite/New Volume/coolyeah/URO/Tucil-ROS2-VLG/install/turtlesim/local/lib/python3.10/dist-packages/turtlesim/srv/_set_pen.py
[16.116s] -- Installing: /media/nerglite/New Volume/coolyeah/URO/Tucil-ROS2-VLG/install/turtlesim/local/lib/python3.10/dist-packages/turtlesim/srv/_set_pen_s.c
[16.116s] -- Installing: /media/nerglite/New Volume/coolyeah/URO/Tucil-ROS2-VLG/install/turtlesim/local/lib/python3.10/dist-packages/turtlesim/srv/_spawn.py
[16.116s] -- Installing: /media/nerglite/New Volume/coolyeah/URO/Tucil-ROS2-VLG/install/turtlesim/local/lib/python3.10/dist-packages/turtlesim/srv/_spawn_s.c
[16.116s] -- Installing: /media/nerglite/New Volume/coolyeah/URO/Tucil-ROS2-VLG/install/turtlesim/local/lib/python3.10/dist-packages/turtlesim/srv/_teleport_absolute.py
[16.117s] -- Installing: /media/nerglite/New Volume/coolyeah/URO/Tucil-ROS2-VLG/install/turtlesim/local/lib/python3.10/dist-packages/turtlesim/srv/_teleport_absolute_s.c
[16.117s] -- Installing: /media/nerglite/New Volume/coolyeah/URO/Tucil-ROS2-VLG/install/turtlesim/local/lib/python3.10/dist-packages/turtlesim/srv/_teleport_relative.py
[16.117s] -- Installing: /media/nerglite/New Volume/coolyeah/URO/Tucil-ROS2-VLG/install/turtlesim/local/lib/python3.10/dist-packages/turtlesim/srv/_teleport_relative_s.c
[16.118s] -- Installing: /media/nerglite/New Volume/coolyeah/URO/Tucil-ROS2-VLG/install/turtlesim/local/lib/python3.10/dist-packages/turtlesim/srv/__init__.py
[16.118s] -- Installing: /media/nerglite/New Volume/coolyeah/URO/Tucil-ROS2-VLG/install/turtlesim/local/lib/python3.10/dist-packages/turtlesim/turtlesim_s__rosidl_typesupport_c.cpython-310-x86_64-linux-gnu.so
[16.118s] -- Installing: /media/nerglite/New Volume/coolyeah/URO/Tucil-ROS2-VLG/install/turtlesim/local/lib/python3.10/dist-packages/turtlesim/turtlesim_s__rosidl_typesupport_fastrtps_c.cpython-310-x86_64-linux-gnu.so
[16.118s] -- Installing: /media/nerglite/New Volume/coolyeah/URO/Tucil-ROS2-VLG/install/turtlesim/local/lib/python3.10/dist-packages/turtlesim/turtlesim_s__rosidl_typesupport_introspection_c.cpython-310-x86_64-linux-gnu.so
[16.119s] -- Installing: /media/nerglite/New Volume/coolyeah/URO/Tucil-ROS2-VLG/install/turtlesim/local/lib/python3.10/dist-packages/turtlesim/_turtlesim_s.ep.rosidl_typesupport_c.c
[16.119s] -- Installing: /media/nerglite/New Volume/coolyeah/URO/Tucil-ROS2-VLG/install/turtlesim/local/lib/python3.10/dist-packages/turtlesim/_turtlesim_s.ep.rosidl_typesupport_fastrtps_c.c
[16.120s] -- Installing: /media/nerglite/New Volume/coolyeah/URO/Tucil-ROS2-VLG/install/turtlesim/local/lib/python3.10/dist-packages/turtlesim/_turtlesim_s.ep.rosidl_typesupport_introspection_c.c
[16.120s] -- Installing: /media/nerglite/New Volume/coolyeah/URO/Tucil-ROS2-VLG/install/turtlesim/local/lib/python3.10/dist-packages/turtlesim/__init__.py
[16.194s] Listing '/media/nerglite/New Volume/coolyeah/URO/Tucil-ROS2-VLG/install/turtlesim/local/lib/python3.10/dist-packages/turtlesim'...
[16.194s] Compiling '/media/nerglite/New Volume/coolyeah/URO/Tucil-ROS2-VLG/install/turtlesim/local/lib/python3.10/dist-packages/turtlesim/__init__.py'...
[16.194s] Listing '/media/nerglite/New Volume/coolyeah/URO/Tucil-ROS2-VLG/install/turtlesim/local/lib/python3.10/dist-packages/turtlesim/action'...
[16.195s] Compiling '/media/nerglite/New Volume/coolyeah/URO/Tucil-ROS2-VLG/install/turtlesim/local/lib/python3.10/dist-packages/turtlesim/action/__init__.py'...
[16.195s] Compiling '/media/nerglite/New Volume/coolyeah/URO/Tucil-ROS2-VLG/install/turtlesim/local/lib/python3.10/dist-packages/turtlesim/action/_rotate_absolute.py'...
[16.195s] Listing '/media/nerglite/New Volume/coolyeah/URO/Tucil-ROS2-VLG/install/turtlesim/local/lib/python3.10/dist-packages/turtlesim/msg'...
[16.195s] Compiling '/media/nerglite/New Volume/coolyeah/URO/Tucil-ROS2-VLG/install/turtlesim/local/lib/python3.10/dist-packages/turtlesim/msg/__init__.py'...
[16.195s] Compiling '/media/nerglite/New Volume/coolyeah/URO/Tucil-ROS2-VLG/install/turtlesim/local/lib/python3.10/dist-packages/turtlesim/msg/_color.py'...
[16.195s] Compiling '/media/nerglite/New Volume/coolyeah/URO/Tucil-ROS2-VLG/install/turtlesim/local/lib/python3.10/dist-packages/turtlesim/msg/_pose.py'...
[16.195s] Listing '/media/nerglite/New Volume/coolyeah/URO/Tucil-ROS2-VLG/install/turtlesim/local/lib/python3.10/dist-packages/turtlesim/srv'...
[16.195s] Compiling '/media/nerglite/New Volume/coolyeah/URO/Tucil-ROS2-VLG/install/turtlesim/local/lib/python3.10/dist-packages/turtlesim/srv/__init__.py'...
[16.195s] Compiling '/media/nerglite/New Volume/coolyeah/URO/Tucil-ROS2-VLG/install/turtlesim/local/lib/python3.10/dist-packages/turtlesim/srv/_kill.py'...
[16.195s] Compiling '/media/nerglite/New Volume/coolyeah/URO/Tucil-ROS2-VLG/install/turtlesim/local/lib/python3.10/dist-packages/turtlesim/srv/_set_pen.py'...
[16.195s] Compiling '/media/nerglite/New Volume/coolyeah/URO/Tucil-ROS2-VLG/install/turtlesim/local/lib/python3.10/dist-packages/turtlesim/srv/_spawn.py'...
[16.195s] Compiling '/media/nerglite/New Volume/coolyeah/URO/Tucil-ROS2-VLG/install/turtlesim/local/lib/python3.10/dist-packages/turtlesim/srv/_teleport_absolute.py'...
[16.196s] Compiling '/media/nerglite/New Volume/coolyeah/URO/Tucil-ROS2-VLG/install/turtlesim/local/lib/python3.10/dist-packages/turtlesim/srv/_teleport_relative.py'...
[16.202s] -- Installing: /media/nerglite/New Volume/coolyeah/URO/Tucil-ROS2-VLG/install/turtlesim/local/lib/python3.10/dist-packages/turtlesim/turtlesim_s__rosidl_typesupport_fastrtps_c.cpython-310-x86_64-linux-gnu.so
[16.203s] -- Set runtime path of "/media/nerglite/New Volume/coolyeah/URO/Tucil-ROS2-VLG/install/turtlesim/local/lib/python3.10/dist-packages/turtlesim/turtlesim_s__rosidl_typesupport_fastrtps_c.cpython-310-x86_64-linux-gnu.so" to ""
[16.203s] -- Installing: /media/nerglite/New Volume/coolyeah/URO/Tucil-ROS2-VLG/install/turtlesim/local/lib/python3.10/dist-packages/turtlesim/turtlesim_s__rosidl_typesupport_introspection_c.cpython-310-x86_64-linux-gnu.so
[16.204s] -- Set runtime path of "/media/nerglite/New Volume/coolyeah/URO/Tucil-ROS2-VLG/install/turtlesim/local/lib/python3.10/dist-packages/turtlesim/turtlesim_s__rosidl_typesupport_introspection_c.cpython-310-x86_64-linux-gnu.so" to ""
[16.205s] -- Installing: /media/nerglite/New Volume/coolyeah/URO/Tucil-ROS2-VLG/install/turtlesim/local/lib/python3.10/dist-packages/turtlesim/turtlesim_s__rosidl_typesupport_c.cpython-310-x86_64-linux-gnu.so
[16.205s] -- Set runtime path of "/media/nerglite/New Volume/coolyeah/URO/Tucil-ROS2-VLG/install/turtlesim/local/lib/python3.10/dist-packages/turtlesim/turtlesim_s__rosidl_typesupport_c.cpython-310-x86_64-linux-gnu.so" to ""
[16.206s] -- Installing: /media/nerglite/New Volume/coolyeah/URO/Tucil-ROS2-VLG/install/turtlesim/lib/libturtlesim__rosidl_generator_py.so
[16.206s] -- Set runtime path of "/media/nerglite/New Volume/coolyeah/URO/Tucil-ROS2-VLG/install/turtlesim/lib/libturtlesim__rosidl_generator_py.so" to ""
[16.207s] -- Installing: /media/nerglite/New Volume/coolyeah/URO/Tucil-ROS2-VLG/install/turtlesim/share/turtlesim/action/RotateAbsolute.idl
[16.207s] -- Installing: /media/nerglite/New Volume/coolyeah/URO/Tucil-ROS2-VLG/install/turtlesim/share/turtlesim/msg/Color.idl
[16.207s] -- Installing: /media/nerglite/New Volume/coolyeah/URO/Tucil-ROS2-VLG/install/turtlesim/share/turtlesim/msg/Pose.idl
[16.208s] -- Installing: /media/nerglite/New Volume/coolyeah/URO/Tucil-ROS2-VLG/install/turtlesim/share/turtlesim/srv/Kill.idl
[16.208s] -- Installing: /media/nerglite/New Volume/coolyeah/URO/Tucil-ROS2-VLG/install/turtlesim/share/turtlesim/srv/SetPen.idl
[16.209s] -- Installing: /media/nerglite/New Volume/coolyeah/URO/Tucil-ROS2-VLG/install/turtlesim/share/turtlesim/srv/Spawn.idl
[16.209s] -- Installing: /media/nerglite/New Volume/coolyeah/URO/Tucil-ROS2-VLG/install/turtlesim/share/turtlesim/srv/TeleportAbsolute.idl
[16.209s] -- Installing: /media/nerglite/New Volume/coolyeah/URO/Tucil-ROS2-VLG/install/turtlesim/share/turtlesim/srv/TeleportRelative.idl
[16.210s] -- Installing: /media/nerglite/New Volume/coolyeah/URO/Tucil-ROS2-VLG/install/turtlesim/share/turtlesim/action/RotateAbsolute.action
[16.210s] -- Installing: /media/nerglite/New Volume/coolyeah/URO/Tucil-ROS2-VLG/install/turtlesim/share/turtlesim/msg/Color.msg
[16.210s] -- Installing: /media/nerglite/New Volume/coolyeah/URO/Tucil-ROS2-VLG/install/turtlesim/share/turtlesim/msg/Pose.msg
[16.211s] -- Installing: /media/nerglite/New Volume/coolyeah/URO/Tucil-ROS2-VLG/install/turtlesim/share/turtlesim/srv/Kill.srv
[16.211s] -- Installing: /media/nerglite/New Volume/coolyeah/URO/Tucil-ROS2-VLG/install/turtlesim/share/turtlesim/srv/Kill_Request.msg
[16.211s] -- Installing: /media/nerglite/New Volume/coolyeah/URO/Tucil-ROS2-VLG/install/turtlesim/share/turtlesim/srv/Kill_Response.msg
[16.212s] -- Installing: /media/nerglite/New Volume/coolyeah/URO/Tucil-ROS2-VLG/install/turtlesim/share/turtlesim/srv/SetPen.srv
[16.212s] -- Installing: /media/nerglite/New Volume/coolyeah/URO/Tucil-ROS2-VLG/install/turtlesim/share/turtlesim/srv/SetPen_Request.msg
[16.212s] -- Installing: /media/nerglite/New Volume/coolyeah/URO/Tucil-ROS2-VLG/install/turtlesim/share/turtlesim/srv/SetPen_Response.msg
[16.213s] -- Installing: /media/nerglite/New Volume/coolyeah/URO/Tucil-ROS2-VLG/install/turtlesim/share/turtlesim/srv/Spawn.srv
[16.213s] -- Installing: /media/nerglite/New Volume/coolyeah/URO/Tucil-ROS2-VLG/install/turtlesim/share/turtlesim/srv/Spawn_Request.msg
[16.213s] -- Installing: /media/nerglite/New Volume/coolyeah/URO/Tucil-ROS2-VLG/install/turtlesim/share/turtlesim/srv/Spawn_Response.msg
[16.214s] -- Installing: /media/nerglite/New Volume/coolyeah/URO/Tucil-ROS2-VLG/install/turtlesim/share/turtlesim/srv/TeleportAbsolute.srv
[16.214s] -- Installing: /media/nerglite/New Volume/coolyeah/URO/Tucil-ROS2-VLG/install/turtlesim/share/turtlesim/srv/TeleportAbsolute_Request.msg
[16.214s] -- Installing: /media/nerglite/New Volume/coolyeah/URO/Tucil-ROS2-VLG/install/turtlesim/share/turtlesim/srv/TeleportAbsolute_Response.msg
[16.215s] -- Installing: /media/nerglite/New Volume/coolyeah/URO/Tucil-ROS2-VLG/install/turtlesim/share/turtlesim/srv/TeleportRelative.srv
[16.215s] -- Installing: /media/nerglite/New Volume/coolyeah/URO/Tucil-ROS2-VLG/install/turtlesim/share/turtlesim/srv/TeleportRelative_Request.msg
[16.215s] -- Installing: /media/nerglite/New Volume/coolyeah/URO/Tucil-ROS2-VLG/install/turtlesim/share/turtlesim/srv/TeleportRelative_Response.msg
[16.216s] -- Installing: /media/nerglite/New Volume/coolyeah/URO/Tucil-ROS2-VLG/install/turtlesim/lib/turtlesim/turtlesim_node
[16.228s] -- Set runtime path of "/media/nerglite/New Volume/coolyeah/URO/Tucil-ROS2-VLG/install/turtlesim/lib/turtlesim/turtlesim_node" to ""
[16.229s] -- Installing: /media/nerglite/New Volume/coolyeah/URO/Tucil-ROS2-VLG/install/turtlesim/lib/turtlesim/turtle_teleop_key
[16.231s] -- Set runtime path of "/media/nerglite/New Volume/coolyeah/URO/Tucil-ROS2-VLG/install/turtlesim/lib/turtlesim/turtle_teleop_key" to ""
[16.232s] -- Installing: /media/nerglite/New Volume/coolyeah/URO/Tucil-ROS2-VLG/install/turtlesim/lib/turtlesim/turtle_move
[16.234s] -- Set runtime path of "/media/nerglite/New Volume/coolyeah/URO/Tucil-ROS2-VLG/install/turtlesim/lib/turtlesim/turtle_move" to ""
[16.234s] -- Installing: /media/nerglite/New Volume/coolyeah/URO/Tucil-ROS2-VLG/install/turtlesim/lib/turtlesim/draw_square
[16.240s] -- Set runtime path of "/media/nerglite/New Volume/coolyeah/URO/Tucil-ROS2-VLG/install/turtlesim/lib/turtlesim/draw_square" to ""
[16.240s] -- Installing: /media/nerglite/New Volume/coolyeah/URO/Tucil-ROS2-VLG/install/turtlesim/lib/turtlesim/mimic
[16.246s] -- Set runtime path of "/media/nerglite/New Volume/coolyeah/URO/Tucil-ROS2-VLG/install/turtlesim/lib/turtlesim/mimic" to ""
[16.246s] -- Installing: /media/nerglite/New Volume/coolyeah/URO/Tucil-ROS2-VLG/install/turtlesim/share/turtlesim/images
[16.246s] -- Installing: /media/nerglite/New Volume/coolyeah/URO/Tucil-ROS2-VLG/install/turtlesim/share/turtlesim/images/ardent.png
[16.247s] -- Installing: /media/nerglite/New Volume/coolyeah/URO/Tucil-ROS2-VLG/install/turtlesim/share/turtlesim/images/bouncy.png
[16.247s] -- Installing: /media/nerglite/New Volume/coolyeah/URO/Tucil-ROS2-VLG/install/turtlesim/share/turtlesim/images/crystal.png
[16.247s] -- Installing: /media/nerglite/New Volume/coolyeah/URO/Tucil-ROS2-VLG/install/turtlesim/share/turtlesim/images/dashing.png
[16.247s] -- Installing: /media/nerglite/New Volume/coolyeah/URO/Tucil-ROS2-VLG/install/turtlesim/share/turtlesim/images/eloquent.png
[16.248s] -- Installing: /media/nerglite/New Volume/coolyeah/URO/Tucil-ROS2-VLG/install/turtlesim/share/turtlesim/images/foxy.png
[16.248s] -- Installing: /media/nerglite/New Volume/coolyeah/URO/Tucil-ROS2-VLG/install/turtlesim/share/turtlesim/images/galactic.png
[16.248s] -- Installing: /media/nerglite/New Volume/coolyeah/URO/Tucil-ROS2-VLG/install/turtlesim/share/turtlesim/images/humble.png
[16.248s] -- Installing: /media/nerglite/New Volume/coolyeah/URO/Tucil-ROS2-VLG/install/turtlesim/share/turtlesim/images/rolling.png
[16.249s] -- Installing: /media/nerglite/New Volume/coolyeah/URO/Tucil-ROS2-VLG/install/turtlesim/share/turtlesim/launch
[16.249s] -- Installing: /media/nerglite/New Volume/coolyeah/URO/Tucil-ROS2-VLG/install/turtlesim/share/turtlesim/launch/multisim.launch.py
[16.249s] -- Installing: /media/nerglite/New Volume/coolyeah/URO/Tucil-ROS2-VLG/install/turtlesim/share/ament_index/resource_index/package_run_dependencies/turtlesim
[16.250s] -- Installing: /media/nerglite/New Volume/coolyeah/URO/Tucil-ROS2-VLG/install/turtlesim/share/ament_index/resource_index/parent_prefix_path/turtlesim
[16.250s] -- Installing: /media/nerglite/New Volume/coolyeah/URO/Tucil-ROS2-VLG/install/turtlesim/share/turtlesim/environment/ament_prefix_path.sh
[16.250s] -- Installing: /media/nerglite/New Volume/coolyeah/URO/Tucil-ROS2-VLG/install/turtlesim/share/turtlesim/environment/ament_prefix_path.dsv
[16.251s] -- Installing: /media/nerglite/New Volume/coolyeah/URO/Tucil-ROS2-VLG/install/turtlesim/share/turtlesim/environment/path.sh
[16.251s] -- Installing: /media/nerglite/New Volume/coolyeah/URO/Tucil-ROS2-VLG/install/turtlesim/share/turtlesim/environment/path.dsv
[16.252s] -- Installing: /media/nerglite/New Volume/coolyeah/URO/Tucil-ROS2-VLG/install/turtlesim/share/turtlesim/local_setup.bash
[16.252s] -- Installing: /media/nerglite/New Volume/coolyeah/URO/Tucil-ROS2-VLG/install/turtlesim/share/turtlesim/local_setup.sh
[16.252s] -- Installing: /media/nerglite/New Volume/coolyeah/URO/Tucil-ROS2-VLG/install/turtlesim/share/turtlesim/local_setup.zsh
[16.253s] -- Installing: /media/nerglite/New Volume/coolyeah/URO/Tucil-ROS2-VLG/install/turtlesim/share/turtlesim/local_setup.dsv
[16.253s] -- Installing: /media/nerglite/New Volume/coolyeah/URO/Tucil-ROS2-VLG/install/turtlesim/share/turtlesim/package.dsv
[16.253s] -- Installing: /media/nerglite/New Volume/coolyeah/URO/Tucil-ROS2-VLG/install/turtlesim/share/ament_index/resource_index/packages/turtlesim
[16.254s] -- Installing: /media/nerglite/New Volume/coolyeah/URO/Tucil-ROS2-VLG/install/turtlesim/share/turtlesim/cmake/export_turtlesim__rosidl_generator_cExport.cmake
[16.254s] -- Installing: /media/nerglite/New Volume/coolyeah/URO/Tucil-ROS2-VLG/install/turtlesim/share/turtlesim/cmake/export_turtlesim__rosidl_generator_cExport-noconfig.cmake
[16.255s] -- Installing: /media/nerglite/New Volume/coolyeah/URO/Tucil-ROS2-VLG/install/turtlesim/share/turtlesim/cmake/export_turtlesim__rosidl_typesupport_fastrtps_cExport.cmake
[16.255s] -- Installing: /media/nerglite/New Volume/coolyeah/URO/Tucil-ROS2-VLG/install/turtlesim/share/turtlesim/cmake/export_turtlesim__rosidl_typesupport_fastrtps_cExport-noconfig.cmake
[16.255s] -- Installing: /media/nerglite/New Volume/coolyeah/URO/Tucil-ROS2-VLG/install/turtlesim/share/turtlesim/cmake/export_turtlesim__rosidl_generator_cppExport.cmake
[16.256s] -- Installing: /media/nerglite/New Volume/coolyeah/URO/Tucil-ROS2-VLG/install/turtlesim/share/turtlesim/cmake/export_turtlesim__rosidl_typesupport_fastrtps_cppExport.cmake
[16.256s] -- Installing: /media/nerglite/New Volume/coolyeah/URO/Tucil-ROS2-VLG/install/turtlesim/share/turtlesim/cmake/export_turtlesim__rosidl_typesupport_fastrtps_cppExport-noconfig.cmake
[16.257s] -- Installing: /media/nerglite/New Volume/coolyeah/URO/Tucil-ROS2-VLG/install/turtlesim/share/turtlesim/cmake/turtlesim__rosidl_typesupport_introspection_cExport.cmake
[16.257s] -- Installing: /media/nerglite/New Volume/coolyeah/URO/Tucil-ROS2-VLG/install/turtlesim/share/turtlesim/cmake/turtlesim__rosidl_typesupport_introspection_cExport-noconfig.cmake
[16.257s] -- Installing: /media/nerglite/New Volume/coolyeah/URO/Tucil-ROS2-VLG/install/turtlesim/share/turtlesim/cmake/turtlesim__rosidl_typesupport_cExport.cmake
[16.258s] -- Installing: /media/nerglite/New Volume/coolyeah/URO/Tucil-ROS2-VLG/install/turtlesim/share/turtlesim/cmake/turtlesim__rosidl_typesupport_cExport-noconfig.cmake
[16.258s] -- Installing: /media/nerglite/New Volume/coolyeah/URO/Tucil-ROS2-VLG/install/turtlesim/share/turtlesim/cmake/turtlesim__rosidl_typesupport_introspection_cppExport.cmake
[16.258s] -- Installing: /media/nerglite/New Volume/coolyeah/URO/Tucil-ROS2-VLG/install/turtlesim/share/turtlesim/cmake/turtlesim__rosidl_typesupport_introspection_cppExport-noconfig.cmake
[16.259s] -- Installing: /media/nerglite/New Volume/coolyeah/URO/Tucil-ROS2-VLG/install/turtlesim/share/turtlesim/cmake/turtlesim__rosidl_typesupport_cppExport.cmake
[16.259s] -- Installing: /media/nerglite/New Volume/coolyeah/URO/Tucil-ROS2-VLG/install/turtlesim/share/turtlesim/cmake/turtlesim__rosidl_typesupport_cppExport-noconfig.cmake
[16.260s] -- Installing: /media/nerglite/New Volume/coolyeah/URO/Tucil-ROS2-VLG/install/turtlesim/share/turtlesim/cmake/export_turtlesim__rosidl_generator_pyExport.cmake
[16.260s] -- Installing: /media/nerglite/New Volume/coolyeah/URO/Tucil-ROS2-VLG/install/turtlesim/share/turtlesim/cmake/export_turtlesim__rosidl_generator_pyExport-noconfig.cmake
[16.260s] -- Installing: /media/nerglite/New Volume/coolyeah/URO/Tucil-ROS2-VLG/install/turtlesim/share/turtlesim/cmake/rosidl_cmake-extras.cmake
[16.261s] -- Installing: /media/nerglite/New Volume/coolyeah/URO/Tucil-ROS2-VLG/install/turtlesim/share/turtlesim/cmake/ament_cmake_export_dependencies-extras.cmake
[16.261s] -- Installing: /media/nerglite/New Volume/coolyeah/URO/Tucil-ROS2-VLG/install/turtlesim/share/turtlesim/cmake/ament_cmake_export_include_directories-extras.cmake
[16.261s] -- Installing: /media/nerglite/New Volume/coolyeah/URO/Tucil-ROS2-VLG/install/turtlesim/share/turtlesim/cmake/ament_cmake_export_libraries-extras.cmake
[16.262s] -- Installing: /media/nerglite/New Volume/coolyeah/URO/Tucil-ROS2-VLG/install/turtlesim/share/turtlesim/cmake/ament_cmake_export_targets-extras.cmake
[16.262s] -- Installing: /media/nerglite/New Volume/coolyeah/URO/Tucil-ROS2-VLG/install/turtlesim/share/turtlesim/cmake/rosidl_cmake_export_typesupport_targets-extras.cmake
[16.262s] -- Installing: /media/nerglite/New Volume/coolyeah/URO/Tucil-ROS2-VLG/install/turtlesim/share/turtlesim/cmake/rosidl_cmake_export_typesupport_libraries-extras.cmake
[16.263s] -- Installing: /media/nerglite/New Volume/coolyeah/URO/Tucil-ROS2-VLG/install/turtlesim/share/turtlesim/cmake/turtlesimConfig.cmake
[16.263s] -- Installing: /media/nerglite/New Volume/coolyeah/URO/Tucil-ROS2-VLG/install/turtlesim/share/turtlesim/cmake/turtlesimConfig-version.cmake
[16.264s] -- Installing: /media/nerglite/New Volume/coolyeah/URO/Tucil-ROS2-VLG/install/turtlesim/share/turtlesim/package.xml
[16.268s] Invoked command in '/media/nerglite/New Volume/coolyeah/URO/Tucil-ROS2-VLG/build/turtlesim' returned '0': CMAKE_PREFIX_PATH=/opt/ros/humble /usr/bin/cmake --install /media/nerglite/New Volume/coolyeah/URO/Tucil-ROS2-VLG/build/turtlesim
