[0.560s] DEBUG:colcon:Command line arguments: ['/usr/bin/colcon', 'build']
[0.560s] DEBUG:colcon:Parsed command line arguments: Namespace(log_base=None, log_level=None, verb_name='build', build_base='build', install_base='install', merge_install=False, symlink_install=False, test_result_base=None, continue_on_error=False, executor='parallel', parallel_workers=4, event_handlers=None, ignore_user_meta=False, metas=['./colcon.meta'], base_paths=['.'], packages_ignore=None, packages_ignore_regex=None, paths=None, packages_up_to=None, packages_up_to_regex=None, packages_above=None, packages_above_and_dependencies=None, packages_above_depth=None, packages_select_by_dep=None, packages_skip_by_dep=None, packages_skip_up_to=None, packages_select_build_failed=False, packages_skip_build_finished=False, packages_select_test_failures=False, packages_skip_test_passed=False, packages_select=None, packages_skip=None, packages_select_regex=None, packages_skip_regex=None, packages_start=None, packages_end=None, allow_overriding=[], cmake_args=None, cmake_target=None, cmake_target_skip_unavailable=False, cmake_clean_cache=False, cmake_clean_first=False, cmake_force_configure=False, ament_cmake_args=None, catkin_cmake_args=None, catkin_skip_building_tests=False, verb_parser=<colcon_defaults.argument_parser.defaults.DefaultArgumentsDecorator object at 0x7fa944b0d8d0>, verb_extension=<colcon_core.verb.build.BuildVerb object at 0x7fa944c71840>, main=<bound method BuildVerb.main of <colcon_core.verb.build.BuildVerb object at 0x7fa944c71840>>)
[0.597s] Level 1:colcon.colcon_core.package_discovery:discover_packages(colcon_meta) check parameters
[0.597s] Level 1:colcon.colcon_core.package_discovery:discover_packages(recursive) check parameters
[0.597s] Level 1:colcon.colcon_core.package_discovery:discover_packages(ignore) check parameters
[0.597s] Level 1:colcon.colcon_core.package_discovery:discover_packages(path) check parameters
[0.597s] Level 1:colcon.colcon_core.package_discovery:discover_packages(colcon_meta) discover
[0.597s] Level 1:colcon.colcon_core.package_discovery:discover_packages(recursive) discover
[0.598s] INFO:colcon.colcon_core.package_discovery:Crawling recursively for packages in '/media/nerglite/New Volume/coolyeah/URO/TUGAS 1'
[0.598s] Level 1:colcon.colcon_core.package_identification:_identify(.) by extensions ['ignore', 'ignore_ament_install']
[0.598s] Level 1:colcon.colcon_core.package_identification:_identify(.) by extension 'ignore'
[0.598s] Level 1:colcon.colcon_core.package_identification:_identify(.) by extension 'ignore_ament_install'
[0.598s] Level 1:colcon.colcon_core.package_identification:_identify(.) by extensions ['colcon_pkg']
[0.598s] Level 1:colcon.colcon_core.package_identification:_identify(.) by extension 'colcon_pkg'
[0.598s] Level 1:colcon.colcon_core.package_identification:_identify(.) by extensions ['colcon_meta']
[0.598s] Level 1:colcon.colcon_core.package_identification:_identify(.) by extension 'colcon_meta'
[0.598s] Level 1:colcon.colcon_core.package_identification:_identify(.) by extensions ['ros']
[0.598s] Level 1:colcon.colcon_core.package_identification:_identify(.) by extension 'ros'
[0.616s] Level 1:colcon.colcon_core.package_identification:_identify(.) by extensions ['cmake', 'python']
[0.616s] Level 1:colcon.colcon_core.package_identification:_identify(.) by extension 'cmake'
[0.616s] Level 1:colcon.colcon_core.package_identification:_identify(.) by extension 'python'
[0.616s] Level 1:colcon.colcon_core.package_identification:_identify(.) by extensions ['python_setup_py']
[0.616s] Level 1:colcon.colcon_core.package_identification:_identify(.) by extension 'python_setup_py'
[0.616s] Level 1:colcon.colcon_core.package_identification:_identify(build) by extensions ['ignore', 'ignore_ament_install']
[0.617s] Level 1:colcon.colcon_core.package_identification:_identify(build) by extension 'ignore'
[0.617s] Level 1:colcon.colcon_core.package_identification:_identify(build) ignored
[0.617s] Level 1:colcon.colcon_core.package_identification:_identify(install) by extensions ['ignore', 'ignore_ament_install']
[0.617s] Level 1:colcon.colcon_core.package_identification:_identify(install) by extension 'ignore'
[0.617s] Level 1:colcon.colcon_core.package_identification:_identify(install) ignored
[0.617s] Level 1:colcon.colcon_core.package_identification:_identify(log) by extensions ['ignore', 'ignore_ament_install']
[0.617s] Level 1:colcon.colcon_core.package_identification:_identify(log) by extension 'ignore'
[0.617s] Level 1:colcon.colcon_core.package_identification:_identify(log) ignored
[0.617s] Level 1:colcon.colcon_core.package_identification:_identify(src) by extensions ['ignore', 'ignore_ament_install']
[0.617s] Level 1:colcon.colcon_core.package_identification:_identify(src) by extension 'ignore'
[0.618s] Level 1:colcon.colcon_core.package_identification:_identify(src) by extension 'ignore_ament_install'
[0.618s] Level 1:colcon.colcon_core.package_identification:_identify(src) by extensions ['colcon_pkg']
[0.618s] Level 1:colcon.colcon_core.package_identification:_identify(src) by extension 'colcon_pkg'
[0.618s] Level 1:colcon.colcon_core.package_identification:_identify(src) by extensions ['colcon_meta']
[0.618s] Level 1:colcon.colcon_core.package_identification:_identify(src) by extension 'colcon_meta'
[0.618s] Level 1:colcon.colcon_core.package_identification:_identify(src) by extensions ['ros']
[0.618s] Level 1:colcon.colcon_core.package_identification:_identify(src) by extension 'ros'
[0.618s] Level 1:colcon.colcon_core.package_identification:_identify(src) by extensions ['cmake', 'python']
[0.618s] Level 1:colcon.colcon_core.package_identification:_identify(src) by extension 'cmake'
[0.618s] Level 1:colcon.colcon_core.package_identification:_identify(src) by extension 'python'
[0.618s] Level 1:colcon.colcon_core.package_identification:_identify(src) by extensions ['python_setup_py']
[0.618s] Level 1:colcon.colcon_core.package_identification:_identify(src) by extension 'python_setup_py'
[0.618s] Level 1:colcon.colcon_core.package_identification:_identify(src/turtlesim) by extensions ['ignore', 'ignore_ament_install']
[0.619s] Level 1:colcon.colcon_core.package_identification:_identify(src/turtlesim) by extension 'ignore'
[0.619s] Level 1:colcon.colcon_core.package_identification:_identify(src/turtlesim) by extension 'ignore_ament_install'
[0.619s] Level 1:colcon.colcon_core.package_identification:_identify(src/turtlesim) by extensions ['colcon_pkg']
[0.619s] Level 1:colcon.colcon_core.package_identification:_identify(src/turtlesim) by extension 'colcon_pkg'
[0.619s] Level 1:colcon.colcon_core.package_identification:_identify(src/turtlesim) by extensions ['colcon_meta']
[0.619s] Level 1:colcon.colcon_core.package_identification:_identify(src/turtlesim) by extension 'colcon_meta'
[0.619s] Level 1:colcon.colcon_core.package_identification:_identify(src/turtlesim) by extensions ['ros']
[0.619s] Level 1:colcon.colcon_core.package_identification:_identify(src/turtlesim) by extension 'ros'
[0.623s] DEBUG:colcon.colcon_core.package_identification:Package 'src/turtlesim' with type 'ros.ament_cmake' and name 'turtlesim'
[0.624s] Level 1:colcon.colcon_core.package_discovery:discover_packages(recursive) using defaults
[0.624s] Level 1:colcon.colcon_core.package_discovery:discover_packages(ignore) discover
[0.624s] Level 1:colcon.colcon_core.package_discovery:discover_packages(ignore) using defaults
[0.624s] Level 1:colcon.colcon_core.package_discovery:discover_packages(path) discover
[0.624s] Level 1:colcon.colcon_core.package_discovery:discover_packages(path) using defaults
[0.658s] Level 1:colcon.colcon_core.package_discovery:discover_packages(prefix_path) check parameters
[0.658s] Level 1:colcon.colcon_core.package_discovery:discover_packages(prefix_path) discover
[0.664s] DEBUG:colcon.colcon_installed_package_information.package_discovery:Found 284 installed packages in /opt/ros/humble
[0.666s] Level 1:colcon.colcon_core.package_discovery:discover_packages(prefix_path) using defaults
[0.761s] WARNING:colcon.colcon_core.package_selection:Some selected packages are already built in one or more underlay workspaces:
	'turtlesim' is in: /opt/ros/humble
If a package in a merged underlay workspace is overridden and it installs headers, then all packages in the overlay must sort their include directories by workspace order. Failure to do so may result in build failures or undefined behavior at run time.
If the overridden package is used by another package in any underlay, then the overriding package in the overlay must be API and ABI compatible or undefined behavior at run time may occur.

If you understand the risks and want to override a package anyways, add the following to the command line:
	--allow-overriding turtlesim

This may be promoted to an error in a future release of colcon-override-check.
[0.763s] Level 5:colcon.colcon_core.verb:set package 'turtlesim' build argument 'cmake_args' from command line to 'None'
[0.763s] Level 5:colcon.colcon_core.verb:set package 'turtlesim' build argument 'cmake_target' from command line to 'None'
[0.763s] Level 5:colcon.colcon_core.verb:set package 'turtlesim' build argument 'cmake_target_skip_unavailable' from command line to 'False'
[0.763s] Level 5:colcon.colcon_core.verb:set package 'turtlesim' build argument 'cmake_clean_cache' from command line to 'False'
[0.763s] Level 5:colcon.colcon_core.verb:set package 'turtlesim' build argument 'cmake_clean_first' from command line to 'False'
[0.763s] Level 5:colcon.colcon_core.verb:set package 'turtlesim' build argument 'cmake_force_configure' from command line to 'False'
[0.763s] Level 5:colcon.colcon_core.verb:set package 'turtlesim' build argument 'ament_cmake_args' from command line to 'None'
[0.763s] Level 5:colcon.colcon_core.verb:set package 'turtlesim' build argument 'catkin_cmake_args' from command line to 'None'
[0.763s] Level 5:colcon.colcon_core.verb:set package 'turtlesim' build argument 'catkin_skip_building_tests' from command line to 'False'
[0.763s] DEBUG:colcon.colcon_core.verb:Building package 'turtlesim' with the following arguments: {'ament_cmake_args': None, 'build_base': '/media/nerglite/New Volume/coolyeah/URO/TUGAS 1/build/turtlesim', 'catkin_cmake_args': None, 'catkin_skip_building_tests': False, 'cmake_args': None, 'cmake_clean_cache': False, 'cmake_clean_first': False, 'cmake_force_configure': False, 'cmake_target': None, 'cmake_target_skip_unavailable': False, 'install_base': '/media/nerglite/New Volume/coolyeah/URO/TUGAS 1/install/turtlesim', 'merge_install': False, 'path': '/media/nerglite/New Volume/coolyeah/URO/TUGAS 1/src/turtlesim', 'symlink_install': False, 'test_result_base': None}
[0.765s] INFO:colcon.colcon_core.executor:Executing jobs using 'parallel' executor
[0.769s] DEBUG:colcon.colcon_parallel_executor.executor.parallel:run_until_complete
[0.769s] INFO:colcon.colcon_ros.task.ament_cmake.build:Building ROS package in '/media/nerglite/New Volume/coolyeah/URO/TUGAS 1/src/turtlesim' with build type 'ament_cmake'
[0.769s] INFO:colcon.colcon_cmake.task.cmake.build:Building CMake package in '/media/nerglite/New Volume/coolyeah/URO/TUGAS 1/src/turtlesim'
[0.776s] INFO:colcon.colcon_core.plugin_system:Skipping extension 'colcon_core.shell.bat': Not used on non-Windows systems
[0.777s] INFO:colcon.colcon_core.shell:Skip shell extension 'powershell' for command environment: Not usable outside of PowerShell
[0.777s] DEBUG:colcon.colcon_core.shell:Skip shell extension 'dsv' for command environment
[0.792s] DEBUG:colcon.colcon_core.event_handler.log_command:Invoking command in '/media/nerglite/New Volume/coolyeah/URO/TUGAS 1/build/turtlesim': CMAKE_PREFIX_PATH=/opt/ros/humble /usr/bin/cmake --build /media/nerglite/New Volume/coolyeah/URO/TUGAS 1/build/turtlesim -- -j4 -l4
[20.811s] DEBUG:colcon.colcon_core.event_handler.log_command:Invoked command in '/media/nerglite/New Volume/coolyeah/URO/TUGAS 1/build/turtlesim' returned '0': CMAKE_PREFIX_PATH=/opt/ros/humble /usr/bin/cmake --build /media/nerglite/New Volume/coolyeah/URO/TUGAS 1/build/turtlesim -- -j4 -l4
[21.137s] DEBUG:colcon.colcon_core.event_handler.log_command:Invoking command in '/media/nerglite/New Volume/coolyeah/URO/TUGAS 1/build/turtlesim': CMAKE_PREFIX_PATH=/opt/ros/humble /usr/bin/cmake --install /media/nerglite/New Volume/coolyeah/URO/TUGAS 1/build/turtlesim
[21.251s] Level 1:colcon.colcon_core.environment:create_environment_scripts_only(turtlesim)
[21.252s] DEBUG:colcon.colcon_core.event_handler.log_command:Invoked command in '/media/nerglite/New Volume/coolyeah/URO/TUGAS 1/build/turtlesim' returned '0': CMAKE_PREFIX_PATH=/opt/ros/humble /usr/bin/cmake --install /media/nerglite/New Volume/coolyeah/URO/TUGAS 1/build/turtlesim
[21.259s] Level 1:colcon.colcon_core.environment:checking '/media/nerglite/New Volume/coolyeah/URO/TUGAS 1/install/turtlesim' for CMake module files
[21.260s] Level 1:colcon.colcon_core.environment:checking '/media/nerglite/New Volume/coolyeah/URO/TUGAS 1/install/turtlesim' for CMake config files
[21.261s] Level 1:colcon.colcon_core.shell:create_environment_hook('turtlesim', 'cmake_prefix_path')
[21.263s] INFO:colcon.colcon_core.shell:Creating environment hook '/media/nerglite/New Volume/coolyeah/URO/TUGAS 1/install/turtlesim/share/turtlesim/hook/cmake_prefix_path.ps1'
[21.264s] INFO:colcon.colcon_core.shell:Creating environment descriptor '/media/nerglite/New Volume/coolyeah/URO/TUGAS 1/install/turtlesim/share/turtlesim/hook/cmake_prefix_path.dsv'
[21.264s] INFO:colcon.colcon_core.shell:Creating environment hook '/media/nerglite/New Volume/coolyeah/URO/TUGAS 1/install/turtlesim/share/turtlesim/hook/cmake_prefix_path.sh'
[21.266s] Level 1:colcon.colcon_core.environment:checking '/media/nerglite/New Volume/coolyeah/URO/TUGAS 1/install/turtlesim/lib'
[21.266s] Level 1:colcon.colcon_core.shell:create_environment_hook('turtlesim', 'ld_library_path_lib')
[21.268s] INFO:colcon.colcon_core.shell:Creating environment hook '/media/nerglite/New Volume/coolyeah/URO/TUGAS 1/install/turtlesim/share/turtlesim/hook/ld_library_path_lib.ps1'
[21.268s] INFO:colcon.colcon_core.shell:Creating environment descriptor '/media/nerglite/New Volume/coolyeah/URO/TUGAS 1/install/turtlesim/share/turtlesim/hook/ld_library_path_lib.dsv'
[21.269s] INFO:colcon.colcon_core.shell:Creating environment hook '/media/nerglite/New Volume/coolyeah/URO/TUGAS 1/install/turtlesim/share/turtlesim/hook/ld_library_path_lib.sh'
[21.269s] Level 1:colcon.colcon_core.environment:checking '/media/nerglite/New Volume/coolyeah/URO/TUGAS 1/install/turtlesim/bin'
[21.269s] Level 1:colcon.colcon_core.environment:checking '/media/nerglite/New Volume/coolyeah/URO/TUGAS 1/install/turtlesim/lib/pkgconfig/turtlesim.pc'
[21.270s] Level 1:colcon.colcon_core.environment:checking '/media/nerglite/New Volume/coolyeah/URO/TUGAS 1/install/turtlesim/lib/python3.10/site-packages'
[21.270s] Level 1:colcon.colcon_core.environment:checking '/media/nerglite/New Volume/coolyeah/URO/TUGAS 1/install/turtlesim/bin'
[21.272s] INFO:colcon.colcon_core.shell:Creating package script '/media/nerglite/New Volume/coolyeah/URO/TUGAS 1/install/turtlesim/share/turtlesim/package.ps1'
[21.273s] INFO:colcon.colcon_core.shell:Creating package descriptor '/media/nerglite/New Volume/coolyeah/URO/TUGAS 1/install/turtlesim/share/turtlesim/package.dsv'
[21.274s] INFO:colcon.colcon_core.shell:Creating package script '/media/nerglite/New Volume/coolyeah/URO/TUGAS 1/install/turtlesim/share/turtlesim/package.sh'
[21.275s] INFO:colcon.colcon_core.shell:Creating package script '/media/nerglite/New Volume/coolyeah/URO/TUGAS 1/install/turtlesim/share/turtlesim/package.bash'
[21.276s] INFO:colcon.colcon_core.shell:Creating package script '/media/nerglite/New Volume/coolyeah/URO/TUGAS 1/install/turtlesim/share/turtlesim/package.zsh'
[21.276s] Level 1:colcon.colcon_core.environment:create_file_with_runtime_dependencies(/media/nerglite/New Volume/coolyeah/URO/TUGAS 1/install/turtlesim/share/colcon-core/packages/turtlesim)
[21.590s] Level 1:colcon.colcon_core.environment:create_environment_scripts_only(turtlesim)
[21.592s] Level 1:colcon.colcon_core.environment:checking '/media/nerglite/New Volume/coolyeah/URO/TUGAS 1/install/turtlesim' for CMake module files
[21.593s] Level 1:colcon.colcon_core.environment:checking '/media/nerglite/New Volume/coolyeah/URO/TUGAS 1/install/turtlesim' for CMake config files
[21.595s] Level 1:colcon.colcon_core.shell:create_environment_hook('turtlesim', 'cmake_prefix_path')
[21.596s] INFO:colcon.colcon_core.shell:Creating environment hook '/media/nerglite/New Volume/coolyeah/URO/TUGAS 1/install/turtlesim/share/turtlesim/hook/cmake_prefix_path.ps1'
[21.597s] INFO:colcon.colcon_core.shell:Creating environment descriptor '/media/nerglite/New Volume/coolyeah/URO/TUGAS 1/install/turtlesim/share/turtlesim/hook/cmake_prefix_path.dsv'
[21.597s] INFO:colcon.colcon_core.shell:Creating environment hook '/media/nerglite/New Volume/coolyeah/URO/TUGAS 1/install/turtlesim/share/turtlesim/hook/cmake_prefix_path.sh'
[21.598s] Level 1:colcon.colcon_core.environment:checking '/media/nerglite/New Volume/coolyeah/URO/TUGAS 1/install/turtlesim/lib'
[21.598s] Level 1:colcon.colcon_core.shell:create_environment_hook('turtlesim', 'ld_library_path_lib')
[21.600s] INFO:colcon.colcon_core.shell:Creating environment hook '/media/nerglite/New Volume/coolyeah/URO/TUGAS 1/install/turtlesim/share/turtlesim/hook/ld_library_path_lib.ps1'
[21.600s] INFO:colcon.colcon_core.shell:Creating environment descriptor '/media/nerglite/New Volume/coolyeah/URO/TUGAS 1/install/turtlesim/share/turtlesim/hook/ld_library_path_lib.dsv'
[21.601s] INFO:colcon.colcon_core.shell:Creating environment hook '/media/nerglite/New Volume/coolyeah/URO/TUGAS 1/install/turtlesim/share/turtlesim/hook/ld_library_path_lib.sh'
[21.601s] Level 1:colcon.colcon_core.environment:checking '/media/nerglite/New Volume/coolyeah/URO/TUGAS 1/install/turtlesim/bin'
[21.601s] Level 1:colcon.colcon_core.environment:checking '/media/nerglite/New Volume/coolyeah/URO/TUGAS 1/install/turtlesim/lib/pkgconfig/turtlesim.pc'
[21.602s] Level 1:colcon.colcon_core.environment:checking '/media/nerglite/New Volume/coolyeah/URO/TUGAS 1/install/turtlesim/lib/python3.10/site-packages'
[21.602s] Level 1:colcon.colcon_core.environment:checking '/media/nerglite/New Volume/coolyeah/URO/TUGAS 1/install/turtlesim/bin'
[21.604s] INFO:colcon.colcon_core.shell:Creating package script '/media/nerglite/New Volume/coolyeah/URO/TUGAS 1/install/turtlesim/share/turtlesim/package.ps1'
[21.605s] INFO:colcon.colcon_core.shell:Creating package descriptor '/media/nerglite/New Volume/coolyeah/URO/TUGAS 1/install/turtlesim/share/turtlesim/package.dsv'
[21.605s] INFO:colcon.colcon_core.shell:Creating package script '/media/nerglite/New Volume/coolyeah/URO/TUGAS 1/install/turtlesim/share/turtlesim/package.sh'
[21.606s] INFO:colcon.colcon_core.shell:Creating package script '/media/nerglite/New Volume/coolyeah/URO/TUGAS 1/install/turtlesim/share/turtlesim/package.bash'
[21.606s] INFO:colcon.colcon_core.shell:Creating package script '/media/nerglite/New Volume/coolyeah/URO/TUGAS 1/install/turtlesim/share/turtlesim/package.zsh'
[21.607s] Level 1:colcon.colcon_core.environment:create_file_with_runtime_dependencies(/media/nerglite/New Volume/coolyeah/URO/TUGAS 1/install/turtlesim/share/colcon-core/packages/turtlesim)
[21.607s] DEBUG:colcon.colcon_parallel_executor.executor.parallel:closing loop
[21.607s] DEBUG:colcon.colcon_parallel_executor.executor.parallel:loop closed
[21.608s] DEBUG:colcon.colcon_parallel_executor.executor.parallel:run_until_complete finished with '0'
[21.608s] DEBUG:colcon.colcon_core.event_reactor:joining thread
[21.615s] INFO:colcon.colcon_core.plugin_system:Skipping extension 'colcon_notification.desktop_notification.terminal_notifier': Not used on non-Darwin systems
[21.615s] INFO:colcon.colcon_core.plugin_system:Skipping extension 'colcon_notification.desktop_notification.win32': Not used on non-Windows systems
[21.616s] INFO:colcon.colcon_notification.desktop_notification:Sending desktop notification using 'notify2'
[21.620s] DEBUG:colcon.colcon_core.event_reactor:joined thread
[21.623s] INFO:colcon.colcon_core.shell:Creating prefix script '/media/nerglite/New Volume/coolyeah/URO/TUGAS 1/install/local_setup.ps1'
[21.624s] INFO:colcon.colcon_core.shell:Creating prefix util module '/media/nerglite/New Volume/coolyeah/URO/TUGAS 1/install/_local_setup_util_ps1.py'
[21.626s] INFO:colcon.colcon_core.shell:Creating prefix chain script '/media/nerglite/New Volume/coolyeah/URO/TUGAS 1/install/setup.ps1'
[21.628s] INFO:colcon.colcon_core.shell:Creating prefix script '/media/nerglite/New Volume/coolyeah/URO/TUGAS 1/install/local_setup.sh'
[21.628s] INFO:colcon.colcon_core.shell:Creating prefix util module '/media/nerglite/New Volume/coolyeah/URO/TUGAS 1/install/_local_setup_util_sh.py'
[21.629s] INFO:colcon.colcon_core.shell:Creating prefix chain script '/media/nerglite/New Volume/coolyeah/URO/TUGAS 1/install/setup.sh'
[21.632s] INFO:colcon.colcon_core.shell:Creating prefix script '/media/nerglite/New Volume/coolyeah/URO/TUGAS 1/install/local_setup.bash'
[21.633s] INFO:colcon.colcon_core.shell:Creating prefix chain script '/media/nerglite/New Volume/coolyeah/URO/TUGAS 1/install/setup.bash'
[21.636s] INFO:colcon.colcon_core.shell:Creating prefix script '/media/nerglite/New Volume/coolyeah/URO/TUGAS 1/install/local_setup.zsh'
[21.637s] INFO:colcon.colcon_core.shell:Creating prefix chain script '/media/nerglite/New Volume/coolyeah/URO/TUGAS 1/install/setup.zsh'
